2024-03-29T15:40:01.740Z [INFO]  Terraform version: 1.7.5
2024-03-29T15:40:01.740Z [INFO]  Go runtime version: go1.21.8
2024-03-29T15:40:01.740Z [INFO]  CLI args: []string{"terraform", "init", "-upgrade", "-backend-config=bucket=gcp-yyz-prd-inf-cloudautomation-sbuc-01", "-backend-config=prefix=organization/state-file"}
2024-03-29T15:40:01.741Z [INFO]  CLI command args: []string{"init", "-upgrade", "-backend-config=bucket=gcp-yyz-prd-inf-cloudautomation-sbuc-01", "-backend-config=prefix=organization/state-file"}
2024-03-29T15:40:15.314Z [INFO]  Terraform version: 1.7.5
2024-03-29T15:40:15.314Z [INFO]  Go runtime version: go1.21.8
2024-03-29T15:40:15.314Z [INFO]  CLI args: []string{"terraform", "plan", "-var=access_token=ya29.c.c0AY_VpZjMz_PqxIC6IWC2bkmDg1gCvYwKRRXon_YPuSZddlKOSN46C7OzoLdOuIGT9U9FCFWRQp5xywq3yoqtMzg9gIfDsEdnABDmRXTOIn72M9ZLUdCJDcan7KLXIqoI5YL1XgGuu40WMYF6EF2W7K9FmJVyxRzBimys3LsDHT76sHp7an26_FFIyedq_1qB4Z3uyH-x0cL6_7KGboJELRtzyimof20cmsFmskek94VXg9m_VxX2SYwThcln3jcfKHfRT88Vwbgmoe1rKY3pOvnkOVCO8FKk39u4rY6S8XlO62PayK4KLGNjbiRWW97kDNXJasZQOFXj3Dd1bjVnEImztDGXB6ErupFberhaY-kiH_wUT_uI3ApLPqiKBDOzzzQZBkgiQcX8JYIBZGZPP-o7R_c0dvgfIcvrHl86mOOE2zHGyBiNXvWbSEIypEhiogsRYuUDhoSwd5O0xxVAfPHsOgiyWwMGSUe5ic-sUB3QVz0CV05SGf9qQRQIS-X6EJSEZ-g7WhZ6YMsPkcPgQCBc5v5byJIYxFXHnkHLz-8mAzDbSC66dSseIqwvFaHE8IgWuKz83ofDgFW4ER5YQGzz61T5_kwHpXlIqCfoahez_V9lciPNMPyS18FCUqFt3sx0nmww7C4wu660BPkQuSLIDrHgYBou4Jb7q7yvL689PY87owo_WJYd-qz0F-bihW4b69UdyIWU7f3nRZgwFFypwYfQr-Y-ozxZuS0Fwjmz8SRv60MFbfru4Z0m84BeM1MeygcjFYRVz7cz6nz56aZ4mBBguy_lYZR-w2bsqsdWXesv2Zqy8eJXpbabFFibcy2IOFd1fYk1gzt6zn63U5YkZw1U3V8vWs14qMgrZQtOr2bVbMqsVjIb0r-WWikSnIJz4oS4Un_JyMtU-gZVaa_YQVOmfodJba1eYueyIr6a6XxmSy-Oo31X7Og2jV_VejauUOBtk4Woz3YozyiyIX05n3Zes_1JVXF1qdhBhyzyi_6hFZv8J06", "-var=project_id=gcp-prj-inf-automation-prd-01", "-var-file=../input-file/folder.tfvars", "-var-file=../input-file/policy.tfvars", "-var-file=../input-file/host-svc.tfvars", "-out=../plan-file/org-tf-plan.json"}
2024-03-29T15:40:15.315Z [INFO]  CLI command args: []string{"plan", "-var=access_token=ya29.c.c0AY_VpZjMz_PqxIC6IWC2bkmDg1gCvYwKRRXon_YPuSZddlKOSN46C7OzoLdOuIGT9U9FCFWRQp5xywq3yoqtMzg9gIfDsEdnABDmRXTOIn72M9ZLUdCJDcan7KLXIqoI5YL1XgGuu40WMYF6EF2W7K9FmJVyxRzBimys3LsDHT76sHp7an26_FFIyedq_1qB4Z3uyH-x0cL6_7KGboJELRtzyimof20cmsFmskek94VXg9m_VxX2SYwThcln3jcfKHfRT88Vwbgmoe1rKY3pOvnkOVCO8FKk39u4rY6S8XlO62PayK4KLGNjbiRWW97kDNXJasZQOFXj3Dd1bjVnEImztDGXB6ErupFberhaY-kiH_wUT_uI3ApLPqiKBDOzzzQZBkgiQcX8JYIBZGZPP-o7R_c0dvgfIcvrHl86mOOE2zHGyBiNXvWbSEIypEhiogsRYuUDhoSwd5O0xxVAfPHsOgiyWwMGSUe5ic-sUB3QVz0CV05SGf9qQRQIS-X6EJSEZ-g7WhZ6YMsPkcPgQCBc5v5byJIYxFXHnkHLz-8mAzDbSC66dSseIqwvFaHE8IgWuKz83ofDgFW4ER5YQGzz61T5_kwHpXlIqCfoahez_V9lciPNMPyS18FCUqFt3sx0nmww7C4wu660BPkQuSLIDrHgYBou4Jb7q7yvL689PY87owo_WJYd-qz0F-bihW4b69UdyIWU7f3nRZgwFFypwYfQr-Y-ozxZuS0Fwjmz8SRv60MFbfru4Z0m84BeM1MeygcjFYRVz7cz6nz56aZ4mBBguy_lYZR-w2bsqsdWXesv2Zqy8eJXpbabFFibcy2IOFd1fYk1gzt6zn63U5YkZw1U3V8vWs14qMgrZQtOr2bVbMqsVjIb0r-WWikSnIJz4oS4Un_JyMtU-gZVaa_YQVOmfodJba1eYueyIr6a6XxmSy-Oo31X7Og2jV_VejauUOBtk4Woz3YozyiyIX05n3Zes_1JVXF1qdhBhyzyi_6hFZv8J06", "-var=project_id=gcp-prj-inf-automation-prd-01", "-var-file=../input-file/folder.tfvars", "-var-file=../input-file/policy.tfvars", "-var-file=../input-file/host-svc.tfvars", "-out=../plan-file/org-tf-plan.json"}
2024-03-29T15:40:16.057Z [INFO]  backend/local: starting Plan operation
2024-03-29T15:40:18.487Z [INFO]  provider: configuring client automatic mTLS
2024-03-29T15:40:18.562Z [INFO]  provider.terraform-provider-google_v5.22.0_x5: configuring server automatic mTLS: timestamp=2024-03-29T15:40:18.562Z
2024-03-29T15:40:18.911Z [INFO]  provider: configuring client automatic mTLS
2024-03-29T15:40:18.987Z [INFO]  provider.terraform-provider-google-beta_v5.22.0_x5: configuring server automatic mTLS: timestamp=2024-03-29T15:40:18.987Z
2024-03-29T15:40:19.419Z [INFO]  provider: configuring client automatic mTLS
2024-03-29T15:40:19.488Z [INFO]  provider.terraform-provider-google-beta_v5.22.0_x5: configuring server automatic mTLS: timestamp=2024-03-29T15:40:19.488Z
2024-03-29T15:40:19.519Z [INFO]  provider: configuring client automatic mTLS
2024-03-29T15:40:19.654Z [INFO]  provider.terraform-provider-google_v5.22.0_x5: configuring server automatic mTLS: timestamp=2024-03-29T15:40:19.654Z
2024-03-29T15:40:19.826Z [INFO]  backend/local: plan calling Plan
2024-03-29T15:40:19.873Z [INFO]  provider: configuring client automatic mTLS
2024-03-29T15:40:19.945Z [INFO]  provider.terraform-provider-google-beta_v5.22.0_x5: configuring server automatic mTLS: timestamp=2024-03-29T15:40:19.945Z
2024-03-29T15:40:19.976Z [INFO]  provider: configuring client automatic mTLS
2024-03-29T15:40:20.115Z [INFO]  provider.terraform-provider-google_v5.22.0_x5: configuring server automatic mTLS: timestamp=2024-03-29T15:40:20.114Z
2024-03-29T15:40:20.153Z [INFO]  provider.terraform-provider-google-beta_v5.22.0_x5: Authenticating using configured Google JSON 'access_token'...: tf_mux_provider="*proto5server.Server" tf_rpc=ConfigureProvider @caller=github.com/hashicorp/terraform-provider-google-beta/google-beta/fwtransport/framework_config.go:1860 @module=google_beta tf_provider_addr=registry.terraform.io/hashicorp/google-beta tf_req_id=547ef240-22f1-36c8-9187-3e47b55c18bf timestamp=2024-03-29T15:40:20.153Z
2024-03-29T15:40:20.153Z [INFO]  provider.terraform-provider-google-beta_v5.22.0_x5:   -- Scopes: [https://www.googleapis.com/auth/cloud-platform https://www.googleapis.com/auth/userinfo.email]: @module=google_beta tf_provider_addr=registry.terraform.io/hashicorp/google-beta tf_req_id=547ef240-22f1-36c8-9187-3e47b55c18bf @caller=github.com/hashicorp/terraform-provider-google-beta/google-beta/fwtransport/framework_config.go:1861 tf_rpc=ConfigureProvider tf_mux_provider="*proto5server.Server" timestamp=2024-03-29T15:40:20.153Z
2024-03-29T15:40:20.154Z [INFO]  provider.terraform-provider-google-beta_v5.22.0_x5: Authenticating using configured Google JSON 'access_token'...: tf_provider_addr=registry.terraform.io/hashicorp/google-beta tf_rpc=ConfigureProvider @caller=github.com/hashicorp/terraform-provider-google-beta/google-beta/fwtransport/framework_config.go:1860 @module=google_beta tf_mux_provider="*proto5server.Server" tf_req_id=547ef240-22f1-36c8-9187-3e47b55c18bf timestamp=2024-03-29T15:40:20.154Z
2024-03-29T15:40:20.154Z [INFO]  provider.terraform-provider-google-beta_v5.22.0_x5:   -- Scopes: [https://www.googleapis.com/auth/cloud-platform https://www.googleapis.com/auth/userinfo.email]: @module=google_beta tf_mux_provider="*proto5server.Server" tf_req_id=547ef240-22f1-36c8-9187-3e47b55c18bf tf_rpc=ConfigureProvider @caller=github.com/hashicorp/terraform-provider-google-beta/google-beta/fwtransport/framework_config.go:1861 tf_provider_addr=registry.terraform.io/hashicorp/google-beta timestamp=2024-03-29T15:40:20.154Z
2024-03-29T15:40:20.238Z [INFO]  provider.terraform-provider-google_v5.22.0_x5: Authenticating using configured Google JSON 'access_token'...: @caller=github.com/hashicorp/terraform-provider-google/google/fwtransport/framework_config.go:1721 tf_provider_addr=registry.terraform.io/hashicorp/google tf_req_id=973877a9-48e2-b649-4172-8abb0b38630e @module=google tf_mux_provider="*proto5server.Server" tf_rpc=ConfigureProvider timestamp=2024-03-29T15:40:20.238Z
2024-03-29T15:40:20.239Z [INFO]  provider.terraform-provider-google_v5.22.0_x5:   -- Scopes: [https://www.googleapis.com/auth/cloud-platform https://www.googleapis.com/auth/userinfo.email]: @module=google tf_mux_provider="*proto5server.Server" tf_rpc=ConfigureProvider @caller=github.com/hashicorp/terraform-provider-google/google/fwtransport/framework_config.go:1722 tf_provider_addr=registry.terraform.io/hashicorp/google tf_req_id=973877a9-48e2-b649-4172-8abb0b38630e timestamp=2024-03-29T15:40:20.238Z
2024-03-29T15:40:20.239Z [INFO]  provider.terraform-provider-google_v5.22.0_x5: Authenticating using configured Google JSON 'access_token'...: @caller=github.com/hashicorp/terraform-provider-google/google/fwtransport/framework_config.go:1721 tf_mux_provider="*proto5server.Server" tf_rpc=ConfigureProvider @module=google tf_provider_addr=registry.terraform.io/hashicorp/google tf_req_id=973877a9-48e2-b649-4172-8abb0b38630e timestamp=2024-03-29T15:40:20.239Z
2024-03-29T15:40:20.239Z [INFO]  provider.terraform-provider-google_v5.22.0_x5:   -- Scopes: [https://www.googleapis.com/auth/cloud-platform https://www.googleapis.com/auth/userinfo.email]: tf_mux_provider="*proto5server.Server" tf_provider_addr=registry.terraform.io/hashicorp/google tf_req_id=973877a9-48e2-b649-4172-8abb0b38630e tf_rpc=ConfigureProvider @caller=github.com/hashicorp/terraform-provider-google/google/fwtransport/framework_config.go:1722 @module=google timestamp=2024-03-29T15:40:20.239Z
2024-03-29T15:40:20.280Z [INFO]  provider.terraform-provider-google-beta_v5.22.0_x5: Terraform is using this identity: svc-cloudautomation@gcp-prj-inf-automation-prd-01.iam.gserviceaccount.com: tf_req_id=547ef240-22f1-36c8-9187-3e47b55c18bf tf_rpc=ConfigureProvider @caller=github.com/hashicorp/terraform-provider-google-beta/google-beta/fwtransport/framework_config.go:1780 @module=google_beta tf_mux_provider="*proto5server.Server" tf_provider_addr=registry.terraform.io/hashicorp/google-beta timestamp=2024-03-29T15:40:20.280Z
2024-03-29T15:40:20.298Z [INFO]  provider.terraform-provider-google_v5.22.0_x5: Terraform is using this identity: svc-cloudautomation@gcp-prj-inf-automation-prd-01.iam.gserviceaccount.com: tf_provider_addr=registry.terraform.io/hashicorp/google tf_rpc=ConfigureProvider tf_mux_provider="*proto5server.Server" tf_req_id=973877a9-48e2-b649-4172-8abb0b38630e @caller=github.com/hashicorp/terraform-provider-google/google/fwtransport/framework_config.go:1641 @module=google timestamp=2024-03-29T15:40:20.298Z
2024-03-29T15:40:20.604Z [INFO]  backend/local: plan operation completed
2024-03-29T15:40:20.604Z [INFO]  backend/local: writing plan output to: ../plan-file/org-tf-plan.json
2024-03-29T15:40:24.415Z [INFO]  Terraform version: 1.7.5
2024-03-29T15:40:24.416Z [INFO]  Go runtime version: go1.21.8
2024-03-29T15:40:24.416Z [INFO]  CLI args: []string{"terraform", "apply", "../plan-file/org-tf-plan.json"}
2024-03-29T15:40:24.416Z [INFO]  CLI command args: []string{"apply", "../plan-file/org-tf-plan.json"}
2024-03-29T15:40:25.176Z [INFO]  backend/local: starting Apply operation
2024-03-29T15:40:27.896Z [INFO]  provider: configuring client automatic mTLS
2024-03-29T15:40:27.974Z [INFO]  provider.terraform-provider-google_v5.22.0_x5: configuring server automatic mTLS: timestamp=2024-03-29T15:40:27.974Z
2024-03-29T15:40:28.342Z [INFO]  provider: configuring client automatic mTLS
2024-03-29T15:40:28.417Z [INFO]  provider.terraform-provider-google-beta_v5.22.0_x5: configuring server automatic mTLS: timestamp=2024-03-29T15:40:28.415Z
2024-03-29T15:40:28.792Z [INFO]  backend/local: apply calling Apply
2024-03-29T15:40:28.896Z [INFO]  provider: configuring client automatic mTLS
2024-03-29T15:40:28.967Z [INFO]  provider.terraform-provider-google-beta_v5.22.0_x5: configuring server automatic mTLS: timestamp=2024-03-29T15:40:28.967Z
2024-03-29T15:40:28.998Z [INFO]  provider: configuring client automatic mTLS
2024-03-29T15:40:29.137Z [INFO]  provider.terraform-provider-google_v5.22.0_x5: configuring server automatic mTLS: timestamp=2024-03-29T15:40:29.137Z
2024-03-29T15:40:29.186Z [INFO]  provider.terraform-provider-google-beta_v5.22.0_x5: Authenticating using configured Google JSON 'access_token'...: @caller=github.com/hashicorp/terraform-provider-google-beta/google-beta/fwtransport/framework_config.go:1860 @module=google_beta tf_mux_provider="*proto5server.Server" tf_req_id=26c7776d-6baf-856f-7e61-284cb74f026d tf_provider_addr=registry.terraform.io/hashicorp/google-beta tf_rpc=ConfigureProvider timestamp=2024-03-29T15:40:29.185Z
2024-03-29T15:40:29.188Z [INFO]  provider.terraform-provider-google-beta_v5.22.0_x5:   -- Scopes: [https://www.googleapis.com/auth/cloud-platform https://www.googleapis.com/auth/userinfo.email]: tf_mux_provider="*proto5server.Server" tf_req_id=26c7776d-6baf-856f-7e61-284cb74f026d @module=google_beta tf_rpc=ConfigureProvider @caller=github.com/hashicorp/terraform-provider-google-beta/google-beta/fwtransport/framework_config.go:1861 tf_provider_addr=registry.terraform.io/hashicorp/google-beta timestamp=2024-03-29T15:40:29.187Z
2024-03-29T15:40:29.189Z [INFO]  provider.terraform-provider-google-beta_v5.22.0_x5: Authenticating using configured Google JSON 'access_token'...: tf_rpc=ConfigureProvider @caller=github.com/hashicorp/terraform-provider-google-beta/google-beta/fwtransport/framework_config.go:1860 tf_req_id=26c7776d-6baf-856f-7e61-284cb74f026d tf_mux_provider="*proto5server.Server" tf_provider_addr=registry.terraform.io/hashicorp/google-beta @module=google_beta timestamp=2024-03-29T15:40:29.188Z
2024-03-29T15:40:29.189Z [INFO]  provider.terraform-provider-google-beta_v5.22.0_x5:   -- Scopes: [https://www.googleapis.com/auth/cloud-platform https://www.googleapis.com/auth/userinfo.email]: tf_mux_provider="*proto5server.Server" tf_req_id=26c7776d-6baf-856f-7e61-284cb74f026d tf_rpc=ConfigureProvider @caller=github.com/hashicorp/terraform-provider-google-beta/google-beta/fwtransport/framework_config.go:1861 @module=google_beta tf_provider_addr=registry.terraform.io/hashicorp/google-beta timestamp=2024-03-29T15:40:29.189Z
2024-03-29T15:40:29.262Z [INFO]  provider.terraform-provider-google_v5.22.0_x5: Authenticating using configured Google JSON 'access_token'...: @caller=github.com/hashicorp/terraform-provider-google/google/fwtransport/framework_config.go:1721 tf_provider_addr=registry.terraform.io/hashicorp/google tf_rpc=ConfigureProvider @module=google tf_mux_provider="*proto5server.Server" tf_req_id=d429dedd-6174-0caf-fa3a-35426cac28d6 timestamp=2024-03-29T15:40:29.262Z
2024-03-29T15:40:29.262Z [INFO]  provider.terraform-provider-google_v5.22.0_x5:   -- Scopes: [https://www.googleapis.com/auth/cloud-platform https://www.googleapis.com/auth/userinfo.email]: @caller=github.com/hashicorp/terraform-provider-google/google/fwtransport/framework_config.go:1722 @module=google tf_mux_provider="*proto5server.Server" tf_provider_addr=registry.terraform.io/hashicorp/google tf_req_id=d429dedd-6174-0caf-fa3a-35426cac28d6 tf_rpc=ConfigureProvider timestamp=2024-03-29T15:40:29.262Z
2024-03-29T15:40:29.262Z [INFO]  provider.terraform-provider-google_v5.22.0_x5: Authenticating using configured Google JSON 'access_token'...: tf_provider_addr=registry.terraform.io/hashicorp/google tf_rpc=ConfigureProvider @module=google tf_mux_provider="*proto5server.Server" tf_req_id=d429dedd-6174-0caf-fa3a-35426cac28d6 @caller=github.com/hashicorp/terraform-provider-google/google/fwtransport/framework_config.go:1721 timestamp=2024-03-29T15:40:29.262Z
2024-03-29T15:40:29.262Z [INFO]  provider.terraform-provider-google_v5.22.0_x5:   -- Scopes: [https://www.googleapis.com/auth/cloud-platform https://www.googleapis.com/auth/userinfo.email]: tf_req_id=d429dedd-6174-0caf-fa3a-35426cac28d6 @caller=github.com/hashicorp/terraform-provider-google/google/fwtransport/framework_config.go:1722 @module=google tf_mux_provider="*proto5server.Server" tf_provider_addr=registry.terraform.io/hashicorp/google tf_rpc=ConfigureProvider timestamp=2024-03-29T15:40:29.262Z
2024-03-29T15:40:29.280Z [INFO]  provider.terraform-provider-google-beta_v5.22.0_x5: Terraform is using this identity: svc-cloudautomation@gcp-prj-inf-automation-prd-01.iam.gserviceaccount.com: tf_req_id=26c7776d-6baf-856f-7e61-284cb74f026d tf_rpc=ConfigureProvider @module=google_beta tf_mux_provider="*proto5server.Server" tf_provider_addr=registry.terraform.io/hashicorp/google-beta @caller=github.com/hashicorp/terraform-provider-google-beta/google-beta/fwtransport/framework_config.go:1780 timestamp=2024-03-29T15:40:29.280Z
2024-03-29T15:40:29.310Z [INFO]  provider.terraform-provider-google_v5.22.0_x5: Terraform is using this identity: svc-cloudautomation@gcp-prj-inf-automation-prd-01.iam.gserviceaccount.com: tf_mux_provider="*proto5server.Server" tf_provider_addr=registry.terraform.io/hashicorp/google tf_req_id=d429dedd-6174-0caf-fa3a-35426cac28d6 @caller=github.com/hashicorp/terraform-provider-google/google/fwtransport/framework_config.go:1641 @module=google tf_rpc=ConfigureProvider timestamp=2024-03-29T15:40:29.310Z
2024-03-29T15:40:29.350Z [INFO]  Starting apply for module.Level_2_BU_Folders["Digital"].google_folder.folder
2024-03-29T15:40:29.355Z [INFO]  Starting apply for module.Level_2_BU_Folders["INF"].google_folder.folder
2024-03-29T15:40:29.358Z [INFO]  Starting apply for module.Level_2_BU_Folders["ICSU"].google_folder.folder
2024-03-29T15:40:29.362Z [INFO]  Starting apply for module.Level_2_BU_Folders["Media"].google_folder.folder
2024-03-29T15:40:45.942Z [INFO]  Starting apply for module.Level_3_Digital_BU_Folders["SharedServices"].google_folder.folder
2024-03-29T15:40:45.944Z [INFO]  Starting apply for module.Level_3_Digital_BU_Folders["NPE"].google_folder.folder
2024-03-29T15:40:45.945Z [INFO]  Starting apply for module.Level_3_Digital_BU_Folders["PROD"].google_folder.folder
2024-03-29T15:40:45.949Z [INFO]  Starting apply for module.Level_3_Digital_BU_Folders["Sandbox"].google_folder.folder
2024-03-29T15:41:01.492Z [INFO]  Starting apply for module.Level_3_Media_BU_Folders["NPE"].google_folder.folder
2024-03-29T15:41:01.493Z [INFO]  Starting apply for module.Level_3_Media_BU_Folders["PROD"].google_folder.folder
2024-03-29T15:41:01.494Z [INFO]  Starting apply for module.Level_3_Media_BU_Folders["Sandbox"].google_folder.folder
2024-03-29T15:41:01.499Z [INFO]  Starting apply for module.Level_3_Media_BU_Folders["SharedServices"].google_folder.folder
2024-03-29T15:41:44.516Z [INFO]  Starting apply for module.Level_3_ICSU_BU_Folders["SharedServices"].google_folder.folder
2024-03-29T15:41:44.518Z [INFO]  Starting apply for module.Level_3_ICSU_BU_Folders["PROD"].google_folder.folder
2024-03-29T15:41:44.518Z [INFO]  Starting apply for module.Level_3_ICSU_BU_Folders["Sandbox"].google_folder.folder
2024-03-29T15:41:44.519Z [INFO]  Starting apply for module.Level_3_ICSU_BU_Folders["NPE"].google_folder.folder
2024-03-29T15:41:59.433Z [INFO]  Starting apply for module.Level_4_Digital_NPE_ENV_Folders["STG"].google_folder.folder
2024-03-29T15:41:59.435Z [INFO]  Starting apply for module.Level_4_Digital_NPE_ENV_Folders["DEV"].google_folder.folder
2024-03-29T15:41:59.438Z [INFO]  Starting apply for module.Level_4_Digital_NPE_ENV_Folders["QA"].google_folder.folder
2024-03-29T15:41:59.441Z [INFO]  Starting apply for module.Level_4_Digital_NPE_ENV_Folders["UAT"].google_folder.folder
2024-03-29T15:42:14.840Z [INFO]  Starting apply for module.Level_4_Digital_PROD_ENV_Folders["PRE-PRD"].google_folder.folder
2024-03-29T15:42:14.841Z [INFO]  Starting apply for module.Level_4_Digital_PROD_ENV_Folders["PRD"].google_folder.folder
2024-03-29T15:42:28.798Z [INFO]  Starting apply for module.Level_4_Media_NPE_ENV_Folders["QA"].google_folder.folder
2024-03-29T15:42:28.800Z [INFO]  Starting apply for module.Level_4_Media_NPE_ENV_Folders["UAT"].google_folder.folder
2024-03-29T15:42:28.801Z [INFO]  Starting apply for module.Level_4_Media_NPE_ENV_Folders["DEV"].google_folder.folder
2024-03-29T15:42:28.802Z [INFO]  Starting apply for module.Level_4_Media_NPE_ENV_Folders["STG"].google_folder.folder
2024-03-29T15:42:44.276Z [INFO]  Starting apply for module.Level_4_Media_PROD_ENV_Folders["PRD"].google_folder.folder
2024-03-29T15:42:44.277Z [INFO]  Starting apply for module.Level_4_Media_PROD_ENV_Folders["PRE-PRD"].google_folder.folder
2024-03-29T15:42:57.857Z [INFO]  Starting apply for module.Level_4_ICSU_NPE_ENV_Folders["QA"].google_folder.folder
2024-03-29T15:42:57.858Z [INFO]  Starting apply for module.Level_4_ICSU_NPE_ENV_Folders["STG"].google_folder.folder
2024-03-29T15:42:57.858Z [INFO]  Starting apply for module.Level_4_ICSU_NPE_ENV_Folders["UAT"].google_folder.folder
2024-03-29T15:42:57.859Z [INFO]  Starting apply for module.Level_4_ICSU_NPE_ENV_Folders["DEV"].google_folder.folder
2024-03-29T15:43:11.593Z [INFO]  Starting apply for module.Level_4_ICSU_PROD_ENV_Folders["PRD"].google_folder.folder
2024-03-29T15:43:11.593Z [INFO]  Starting apply for module.Level_4_ICSU_PROD_ENV_Folders["PRE-PRD"].google_folder.folder
2024-03-29T15:43:52.544Z [INFO]  Starting apply for module.Level_5_INF_Folders["Security"].google_folder.folder
2024-03-29T15:43:52.546Z [INFO]  Starting apply for module.Level_5_INF_Folders["Platform"].google_folder.folder
2024-03-29T15:43:52.550Z [INFO]  Starting apply for module.Level_5_INF_Folders["Network"].google_folder.folder
2024-03-29T15:43:52.551Z [INFO]  Starting apply for module.Level_5_INF_Folders["POC"].google_folder.folder
2024-03-29T15:43:52.555Z [INFO]  Starting apply for module.Level_5_INF_Folders["Monitoring"].google_folder.folder
2024-03-29T15:43:52.560Z [INFO]  Starting apply for module.Level_5_INF_Folders["Billing"].google_folder.folder
2024-03-29T15:44:06.443Z [INFO]  Starting apply for module.Level_5_Digital_NPE_DEV_Folders["TSI"].google_folder.folder
2024-03-29T15:44:06.445Z [INFO]  Starting apply for module.Level_5_Digital_NPE_DEV_Folders["Captcha"].google_folder.folder
2024-03-29T15:44:20.796Z [INFO]  Starting apply for module.Level_5_Digital_NPE_QA_Folders["TSI"].google_folder.folder
2024-03-29T15:44:20.800Z [INFO]  Starting apply for module.Level_5_Digital_NPE_QA_Folders["Captcha"].google_folder.folder
2024-03-29T15:44:35.751Z [INFO]  Starting apply for module.Level_5_Digital_NPE_UAT_Folders["Captcha"].google_folder.folder
2024-03-29T15:44:35.751Z [INFO]  Starting apply for module.Level_5_Digital_NPE_UAT_Folders["TSI"].google_folder.folder
2024-03-29T15:44:50.224Z [INFO]  Starting apply for module.Level_5_Digital_NPE_STG_Folders["TSI"].google_folder.folder
2024-03-29T15:44:50.227Z [INFO]  Starting apply for module.Level_5_Digital_NPE_STG_Folders["Captcha"].google_folder.folder
2024-03-29T15:45:04.793Z [INFO]  Terraform version: 1.7.5
2024-03-29T15:45:04.793Z [INFO]  Go runtime version: go1.21.8
2024-03-29T15:45:04.793Z [INFO]  CLI args: []string{"terraform", "output", "-json"}
2024-03-29T15:45:04.794Z [INFO]  CLI command args: []string{"output", "-json"}
