2023-12-04T11:09:15.952Z [INFO]  Terraform version: 1.6.4
2023-12-04T11:09:15.952Z [INFO]  Go runtime version: go1.21.3
2023-12-04T11:09:15.952Z [INFO]  CLI args: []string{"terraform", "init", "-upgrade"}
2023-12-04T11:09:15.954Z [INFO]  CLI command args: []string{"init", "-upgrade"}
2023-12-04T11:09:28.392Z [INFO]  Terraform version: 1.6.4
2023-12-04T11:09:28.392Z [INFO]  Go runtime version: go1.21.3
2023-12-04T11:09:28.393Z [INFO]  CLI args: []string{"terraform", "plan", "-var", "access_token=ya29.a0AfB_byBt0yB0T-_GfK5ey4dj8SCmUkXaFWCPrwPV_310qM1BVWqcMe6fuezzW9y9FxnxsynT3GuYSRqceVqgonsuLlviShmYmh_OpAMWJ9lCCvBWS0ASddECJGumxv4hTDvq1UrrlRXKJ-5zUt8U6n9FaAYsIqDZzh2kcvRublE6MEaj5S0HiU4wEi9lnxXjc1ALk5zjcwFXiY-Q6NXqIhbCI1Eb0Zh5o4Bl60b8jThyzvEgAGnWom14aLgY_nxxW0GHoKt6FZ70W0NQTe9fmx_A7qmE2k4OvqU-9wY_MKVJg2zu8pizu3ETW69Q5gl-SQXzBN21EvV1xkC88EHp7KfpziXlXZSRCSGU78RDOSl_tfJrxUcBOInBAiZWcs-gPu2ggfKlRUnKVXLQwxuAJkBcMcV0oXRaaCgYKAeQSARESFQHGX2MiCmtTYpx_2-xFyFUW2ZkZuw0423", "-var-file=../input-json-file/nlb.tfvars.json", "-out=../plan-file/nlb-tf-plan.json"}
2023-12-04T11:09:28.393Z [INFO]  CLI command args: []string{"plan", "-var", "access_token=ya29.a0AfB_byBt0yB0T-_GfK5ey4dj8SCmUkXaFWCPrwPV_310qM1BVWqcMe6fuezzW9y9FxnxsynT3GuYSRqceVqgonsuLlviShmYmh_OpAMWJ9lCCvBWS0ASddECJGumxv4hTDvq1UrrlRXKJ-5zUt8U6n9FaAYsIqDZzh2kcvRublE6MEaj5S0HiU4wEi9lnxXjc1ALk5zjcwFXiY-Q6NXqIhbCI1Eb0Zh5o4Bl60b8jThyzvEgAGnWom14aLgY_nxxW0GHoKt6FZ70W0NQTe9fmx_A7qmE2k4OvqU-9wY_MKVJg2zu8pizu3ETW69Q5gl-SQXzBN21EvV1xkC88EHp7KfpziXlXZSRCSGU78RDOSl_tfJrxUcBOInBAiZWcs-gPu2ggfKlRUnKVXLQwxuAJkBcMcV0oXRaaCgYKAeQSARESFQHGX2MiCmtTYpx_2-xFyFUW2ZkZuw0423", "-var-file=../input-json-file/nlb.tfvars.json", "-out=../plan-file/nlb-tf-plan.json"}
2023-12-04T11:09:29.090Z [INFO]  backend/local: starting Plan operation
2023-12-04T11:09:30.342Z [INFO]  provider: configuring client automatic mTLS
2023-12-04T11:09:30.455Z [INFO]  provider.terraform-provider-google_v5.7.0_x5: configuring server automatic mTLS: timestamp=2023-12-04T11:09:30.455Z
2023-12-04T11:09:30.677Z [INFO]  provider: configuring client automatic mTLS
2023-12-04T11:09:30.800Z [INFO]  provider.terraform-provider-google-beta_v5.7.0_x5: configuring server automatic mTLS: timestamp=2023-12-04T11:09:30.799Z
2023-12-04T11:09:31.043Z [INFO]  provider: configuring client automatic mTLS
2023-12-04T11:09:31.169Z [INFO]  provider.terraform-provider-google_v5.7.0_x5: configuring server automatic mTLS: timestamp=2023-12-04T11:09:31.169Z
2023-12-04T11:09:31.510Z [INFO]  backend/local: plan calling Plan
2023-12-04T11:09:31.535Z [INFO]  provider: configuring client automatic mTLS
2023-12-04T11:09:31.663Z [INFO]  provider.terraform-provider-google_v5.7.0_x5: configuring server automatic mTLS: timestamp=2023-12-04T11:09:31.663Z
2023-12-04T11:09:31.958Z [INFO]  provider.terraform-provider-google_v5.7.0_x5: Authenticating using configured Google JSON 'access_token'...: tf_mux_provider="*proto5server.Server" tf_req_id=fe5ca4b4-5901-2837-4a95-87892311dbca @caller=github.com/hashicorp/terraform-provider-google/google/fwtransport/framework_config.go:1600 @module=google tf_provider_addr=registry.terraform.io/hashicorp/google tf_rpc=ConfigureProvider timestamp=2023-12-04T11:09:31.957Z
2023-12-04T11:09:31.958Z [INFO]  provider.terraform-provider-google_v5.7.0_x5:   -- Scopes: [https://www.googleapis.com/auth/cloud-platform https://www.googleapis.com/auth/userinfo.email]: tf_rpc=ConfigureProvider @caller=github.com/hashicorp/terraform-provider-google/google/fwtransport/framework_config.go:1601 @module=google tf_mux_provider="*proto5server.Server" tf_provider_addr=registry.terraform.io/hashicorp/google tf_req_id=fe5ca4b4-5901-2837-4a95-87892311dbca timestamp=2023-12-04T11:09:31.957Z
2023-12-04T11:09:31.958Z [INFO]  provider.terraform-provider-google_v5.7.0_x5: Authenticating using configured Google JSON 'access_token'...: tf_rpc=ConfigureProvider @module=google tf_mux_provider="*proto5server.Server" tf_req_id=fe5ca4b4-5901-2837-4a95-87892311dbca @caller=github.com/hashicorp/terraform-provider-google/google/fwtransport/framework_config.go:1600 tf_provider_addr=registry.terraform.io/hashicorp/google timestamp=2023-12-04T11:09:31.957Z
2023-12-04T11:09:31.958Z [INFO]  provider.terraform-provider-google_v5.7.0_x5:   -- Scopes: [https://www.googleapis.com/auth/cloud-platform https://www.googleapis.com/auth/userinfo.email]: @module=google tf_req_id=fe5ca4b4-5901-2837-4a95-87892311dbca tf_rpc=ConfigureProvider @caller=github.com/hashicorp/terraform-provider-google/google/fwtransport/framework_config.go:1601 tf_mux_provider="*proto5server.Server" tf_provider_addr=registry.terraform.io/hashicorp/google timestamp=2023-12-04T11:09:31.957Z
2023-12-04T11:09:32.016Z [INFO]  provider.terraform-provider-google_v5.7.0_x5: Terraform is using this identity: ayush.shukla@hcl.com: tf_req_id=fe5ca4b4-5901-2837-4a95-87892311dbca tf_rpc=ConfigureProvider @caller=github.com/hashicorp/terraform-provider-google/google/fwtransport/framework_config.go:1520 @module=google tf_mux_provider="*proto5server.Server" tf_provider_addr=registry.terraform.io/hashicorp/google timestamp=2023-12-04T11:09:32.016Z
2023-12-04T11:09:33.779Z [WARN]  Provider "registry.terraform.io/hashicorp/google" produced an invalid plan for module.target_pool["1"].google_compute_instance.default, but we are tolerating it because it is using the legacy plugin SDK.
    The following problems may be the cause of any confusing errors from downstream operations:
      - .enable_display: planned value cty.False for a non-computed attribute
      - .resource_policies: planned value cty.ListValEmpty(cty.String) for a non-computed attribute
      - .description: planned value cty.StringVal("") for a non-computed attribute
      - .can_ip_forward: planned value cty.False for a non-computed attribute
      - .hostname: planned value cty.StringVal("") for a non-computed attribute
      - .shielded_instance_config: block count in plan (1) disagrees with count in config (0)
      - .scheduling: block count in plan (1) disagrees with count in config (0)
      - .boot_disk[0].disk_encryption_key_raw: sensitive planned value for a non-computed attribute
      - .boot_disk[0].mode: planned value cty.StringVal("READ_WRITE") for a non-computed attribute
      - .boot_disk[0].auto_delete: planned value cty.True for a non-computed attribute
      - .boot_disk[0].initialize_params[0].resource_manager_tags: planned value cty.MapValEmpty(cty.String) for a non-computed attribute
      - .network_interface[0].nic_type: planned value cty.StringVal("") for a non-computed attribute
      - .network_interface[0].queue_count: planned value cty.NumberIntVal(0) for a non-computed attribute
2023-12-04T11:09:34.780Z [WARN]  Provider "registry.terraform.io/hashicorp/google" produced an invalid plan for module.target_pool["2"].google_compute_instance.default, but we are tolerating it because it is using the legacy plugin SDK.
    The following problems may be the cause of any confusing errors from downstream operations:
      - .resource_policies: planned value cty.ListValEmpty(cty.String) for a non-computed attribute
      - .description: planned value cty.StringVal("") for a non-computed attribute
      - .can_ip_forward: planned value cty.False for a non-computed attribute
      - .hostname: planned value cty.StringVal("") for a non-computed attribute
      - .enable_display: planned value cty.False for a non-computed attribute
      - .shielded_instance_config: block count in plan (1) disagrees with count in config (0)
      - .scheduling: block count in plan (1) disagrees with count in config (0)
      - .boot_disk[0].mode: planned value cty.StringVal("READ_WRITE") for a non-computed attribute
      - .boot_disk[0].auto_delete: planned value cty.True for a non-computed attribute
      - .boot_disk[0].disk_encryption_key_raw: sensitive planned value for a non-computed attribute
      - .boot_disk[0].initialize_params[0].resource_manager_tags: planned value cty.MapValEmpty(cty.String) for a non-computed attribute
      - .network_interface[0].nic_type: planned value cty.StringVal("") for a non-computed attribute
      - .network_interface[0].queue_count: planned value cty.NumberIntVal(0) for a non-computed attribute
2023-12-04T11:09:34.791Z [WARN]  Provider "registry.terraform.io/hashicorp/google" produced an invalid plan for module.target_pool["0"].google_compute_instance.default, but we are tolerating it because it is using the legacy plugin SDK.
    The following problems may be the cause of any confusing errors from downstream operations:
      - .can_ip_forward: planned value cty.False for a non-computed attribute
      - .hostname: planned value cty.StringVal("") for a non-computed attribute
      - .enable_display: planned value cty.False for a non-computed attribute
      - .resource_policies: planned value cty.ListValEmpty(cty.String) for a non-computed attribute
      - .description: planned value cty.StringVal("") for a non-computed attribute
      - .shielded_instance_config: block count in plan (1) disagrees with count in config (0)
      - .boot_disk[0].auto_delete: planned value cty.True for a non-computed attribute
      - .boot_disk[0].disk_encryption_key_raw: sensitive planned value for a non-computed attribute
      - .boot_disk[0].mode: planned value cty.StringVal("READ_WRITE") for a non-computed attribute
      - .boot_disk[0].initialize_params[0].resource_manager_tags: planned value cty.MapValEmpty(cty.String) for a non-computed attribute
      - .scheduling: block count in plan (1) disagrees with count in config (0)
      - .network_interface[0].nic_type: planned value cty.StringVal("") for a non-computed attribute
      - .network_interface[0].queue_count: planned value cty.NumberIntVal(0) for a non-computed attribute
2023-12-04T11:09:35.234Z [WARN]  Provider "registry.terraform.io/hashicorp/google" produced an invalid plan for module.health_check["0"].google_compute_http_health_check.healthcheck[0], but we are tolerating it because it is using the legacy plugin SDK.
    The following problems may be the cause of any confusing errors from downstream operations:
      - .request_path: planned value cty.StringVal("/") for a non-computed attribute
      - .host: planned value cty.StringVal("") for a non-computed attribute
2023-12-04T11:09:36.606Z [WARN]  Provider "registry.terraform.io/hashicorp/google" produced an invalid plan for module.nlb["0"].google_compute_target_pool.pool[0], but we are tolerating it because it is using the legacy plugin SDK.
    The following problems may be the cause of any confusing errors from downstream operations:
      - .failover_ratio: planned value cty.NumberIntVal(0) for a non-computed attribute
      - .session_affinity: planned value cty.StringVal("NONE") for a non-computed attribute
      - .backup_pool: planned value cty.StringVal("") for a non-computed attribute
2023-12-04T11:09:37.925Z [WARN]  Provider "registry.terraform.io/hashicorp/google" produced an unexpected new value for module.nlb["0"].google_compute_forwarding_rule.rule during refresh.
      - .labels: was null, but now cty.MapValEmpty(cty.String)
      - .source_ip_ranges: was null, but now cty.ListValEmpty(cty.String)
      - .ports: was null, but now cty.SetValEmpty(cty.String)
2023-12-04T11:09:37.931Z [WARN]  Provider "registry.terraform.io/hashicorp/google" produced an invalid plan for module.nlb["0"].google_compute_forwarding_rule.rule, but we are tolerating it because it is using the legacy plugin SDK.
    The following problems may be the cause of any confusing errors from downstream operations:
      - .recreate_closed_psc: planned value cty.False for a non-computed attribute
      - .source_ip_ranges: planned value cty.ListValEmpty(cty.String) for a non-computed attribute
      - .is_mirroring_collector: planned value cty.False for a non-computed attribute
      - .ports: planned value cty.SetValEmpty(cty.String) for a non-computed attribute
      - .service_label: planned value cty.StringVal("") for a non-computed attribute
      - .allow_global_access: planned value cty.False for a non-computed attribute
      - .allow_psc_global_access: planned value cty.False for a non-computed attribute
      - .labels: planned value cty.MapValEmpty(cty.String) for a non-computed attribute
      - .backend_service: planned value cty.StringVal("") for a non-computed attribute
2023-12-04T11:09:37.947Z [INFO]  backend/local: plan operation completed
2023-12-04T11:09:37.947Z [INFO]  backend/local: writing plan output to: ../plan-file/nlb-tf-plan.json
2023-12-04T11:09:41.951Z [INFO]  Terraform version: 1.6.4
2023-12-04T11:09:41.951Z [INFO]  Go runtime version: go1.21.3
2023-12-04T11:09:41.952Z [INFO]  CLI args: []string{"terraform", "apply", "../plan-file/nlb-tf-plan.json"}
2023-12-04T11:09:41.952Z [INFO]  CLI command args: []string{"apply", "../plan-file/nlb-tf-plan.json"}
2023-12-04T11:09:42.635Z [INFO]  backend/local: starting Apply operation
2023-12-04T11:09:45.371Z [INFO]  provider: configuring client automatic mTLS
2023-12-04T11:09:45.492Z [INFO]  provider.terraform-provider-google_v5.7.0_x5: configuring server automatic mTLS: timestamp=2023-12-04T11:09:45.492Z
2023-12-04T11:09:45.696Z [INFO]  provider: configuring client automatic mTLS
2023-12-04T11:09:45.816Z [INFO]  provider.terraform-provider-google-beta_v5.7.0_x5: configuring server automatic mTLS: timestamp=2023-12-04T11:09:45.816Z
2023-12-04T11:09:46.011Z [INFO]  backend/local: apply calling Apply
2023-12-04T11:09:46.037Z [INFO]  provider: configuring client automatic mTLS
2023-12-04T11:09:46.153Z [INFO]  provider.terraform-provider-google_v5.7.0_x5: configuring server automatic mTLS: timestamp=2023-12-04T11:09:46.153Z
2023-12-04T11:09:46.378Z [INFO]  provider.terraform-provider-google_v5.7.0_x5: Authenticating using configured Google JSON 'access_token'...: @module=google tf_mux_provider="*proto5server.Server" tf_req_id=598128de-188d-3d85-24e4-6135ac99915d @caller=github.com/hashicorp/terraform-provider-google/google/fwtransport/framework_config.go:1600 tf_provider_addr=registry.terraform.io/hashicorp/google tf_rpc=ConfigureProvider timestamp=2023-12-04T11:09:46.378Z
2023-12-04T11:09:46.378Z [INFO]  provider.terraform-provider-google_v5.7.0_x5:   -- Scopes: [https://www.googleapis.com/auth/cloud-platform https://www.googleapis.com/auth/userinfo.email]: tf_mux_provider="*proto5server.Server" tf_provider_addr=registry.terraform.io/hashicorp/google tf_rpc=ConfigureProvider @caller=github.com/hashicorp/terraform-provider-google/google/fwtransport/framework_config.go:1601 @module=google tf_req_id=598128de-188d-3d85-24e4-6135ac99915d timestamp=2023-12-04T11:09:46.378Z
2023-12-04T11:09:46.378Z [INFO]  provider.terraform-provider-google_v5.7.0_x5: Authenticating using configured Google JSON 'access_token'...: @module=google tf_rpc=ConfigureProvider @caller=github.com/hashicorp/terraform-provider-google/google/fwtransport/framework_config.go:1600 tf_mux_provider="*proto5server.Server" tf_provider_addr=registry.terraform.io/hashicorp/google tf_req_id=598128de-188d-3d85-24e4-6135ac99915d timestamp=2023-12-04T11:09:46.378Z
2023-12-04T11:09:46.379Z [INFO]  provider.terraform-provider-google_v5.7.0_x5:   -- Scopes: [https://www.googleapis.com/auth/cloud-platform https://www.googleapis.com/auth/userinfo.email]: @caller=github.com/hashicorp/terraform-provider-google/google/fwtransport/framework_config.go:1601 tf_mux_provider="*proto5server.Server" @module=google tf_provider_addr=registry.terraform.io/hashicorp/google tf_req_id=598128de-188d-3d85-24e4-6135ac99915d tf_rpc=ConfigureProvider timestamp=2023-12-04T11:09:46.378Z
2023-12-04T11:09:46.430Z [INFO]  provider.terraform-provider-google_v5.7.0_x5: Terraform is using this identity: ayush.shukla@hcl.com: @module=google tf_provider_addr=registry.terraform.io/hashicorp/google tf_rpc=ConfigureProvider @caller=github.com/hashicorp/terraform-provider-google/google/fwtransport/framework_config.go:1520 tf_req_id=598128de-188d-3d85-24e4-6135ac99915d tf_mux_provider="*proto5server.Server" timestamp=2023-12-04T11:09:46.430Z
