2023-12-12T06:28:36.944Z [INFO]  Terraform version: 1.6.4
2023-12-12T06:28:36.944Z [INFO]  Go runtime version: go1.21.3
2023-12-12T06:28:36.944Z [INFO]  CLI args: []string{"terraform", "init", "-upgrade"}
2023-12-12T06:28:36.945Z [INFO]  CLI command args: []string{"init", "-upgrade"}
2023-12-12T06:28:46.954Z [INFO]  Terraform version: 1.6.4
2023-12-12T06:28:46.954Z [INFO]  Go runtime version: go1.21.3
2023-12-12T06:28:46.954Z [INFO]  CLI args: []string{"terraform", "plan", "-var", "access_token=ya29.a0AfB_byA_Yb_FtJqjzO0zB_hX9OaAHr3NSHII5e0wgjji33RjjkjGmFQBIW396oab_ofdvnmWhqQNG4I1zlSt9RcK5QQVAw1mzJyw6RreTZATOObakhygeuiwqvvwMkx0GnNIPLYt1UFhIHW_TP2LmSVKvfdplmopil917ppQVQvibe_HUK_MyFr89gWUm04N6lFm7PUshfRIpiCapthOfs2J7XWBJHweKBRYkcseJpI35k9jlFg9n9AmTGASBH7iFjXJ85DABfldrHA_nIl6uGsc-Yd_SuxWpotJkpoKvNu4ERbWuBHvCwiSbwzyRkuk3GBWLHu3zaR1aQCSxwEZaRlsD6Bml3QOGsaZp49k3mtwSjGFp0MJmVYdHVfUyluFZyip2PIVPWuMPij7JgrA3JdHi0NuqwaCgYKAdsSARESFQHGX2MizYtPNIsmJsFBAm3oqIV5hQ0421", "-var-file=../input-json-file/target_pool.tfvars.json", "-var-file=../input-json-file/health_check.tfvars.json", "-var-file=../input-json-file/nlb.tfvars.json", "-out=../plan-file/nlb-tf-plan.json"}
2023-12-12T06:28:46.955Z [INFO]  CLI command args: []string{"plan", "-var", "access_token=ya29.a0AfB_byA_Yb_FtJqjzO0zB_hX9OaAHr3NSHII5e0wgjji33RjjkjGmFQBIW396oab_ofdvnmWhqQNG4I1zlSt9RcK5QQVAw1mzJyw6RreTZATOObakhygeuiwqvvwMkx0GnNIPLYt1UFhIHW_TP2LmSVKvfdplmopil917ppQVQvibe_HUK_MyFr89gWUm04N6lFm7PUshfRIpiCapthOfs2J7XWBJHweKBRYkcseJpI35k9jlFg9n9AmTGASBH7iFjXJ85DABfldrHA_nIl6uGsc-Yd_SuxWpotJkpoKvNu4ERbWuBHvCwiSbwzyRkuk3GBWLHu3zaR1aQCSxwEZaRlsD6Bml3QOGsaZp49k3mtwSjGFp0MJmVYdHVfUyluFZyip2PIVPWuMPij7JgrA3JdHi0NuqwaCgYKAdsSARESFQHGX2MizYtPNIsmJsFBAm3oqIV5hQ0421", "-var-file=../input-json-file/target_pool.tfvars.json", "-var-file=../input-json-file/health_check.tfvars.json", "-var-file=../input-json-file/nlb.tfvars.json", "-out=../plan-file/nlb-tf-plan.json"}
2023-12-12T06:28:47.639Z [INFO]  backend/local: starting Plan operation
2023-12-12T06:28:50.426Z [INFO]  provider: configuring client automatic mTLS
2023-12-12T06:28:50.553Z [INFO]  provider.terraform-provider-google_v5.9.0_x5: configuring server automatic mTLS: timestamp=2023-12-12T06:28:50.553Z
2023-12-12T06:28:50.760Z [INFO]  provider: configuring client automatic mTLS
2023-12-12T06:28:50.880Z [INFO]  provider.terraform-provider-google-beta_v5.9.0_x5: configuring server automatic mTLS: timestamp=2023-12-12T06:28:50.880Z
2023-12-12T06:28:51.114Z [INFO]  provider: configuring client automatic mTLS
2023-12-12T06:28:51.229Z [INFO]  provider.terraform-provider-google_v5.9.0_x5: configuring server automatic mTLS: timestamp=2023-12-12T06:28:51.229Z
2023-12-12T06:28:51.511Z [INFO]  backend/local: plan calling Plan
2023-12-12T06:28:51.528Z [INFO]  provider: configuring client automatic mTLS
2023-12-12T06:28:51.658Z [INFO]  provider.terraform-provider-google_v5.9.0_x5: configuring server automatic mTLS: timestamp=2023-12-12T06:28:51.658Z
2023-12-12T06:28:51.912Z [INFO]  provider.terraform-provider-google_v5.9.0_x5: Authenticating using configured Google JSON 'access_token'...: @module=google tf_mux_provider="*proto5server.Server" tf_req_id=81f2e887-9501-f0f4-31ff-f2adf6edd553 tf_rpc=ConfigureProvider @caller=github.com/hashicorp/terraform-provider-google/google/fwtransport/framework_config.go:1640 tf_provider_addr=registry.terraform.io/hashicorp/google timestamp=2023-12-12T06:28:51.911Z
2023-12-12T06:28:51.912Z [INFO]  provider.terraform-provider-google_v5.9.0_x5:   -- Scopes: [https://www.googleapis.com/auth/cloud-platform https://www.googleapis.com/auth/userinfo.email]: @caller=github.com/hashicorp/terraform-provider-google/google/fwtransport/framework_config.go:1641 @module=google tf_provider_addr=registry.terraform.io/hashicorp/google tf_req_id=81f2e887-9501-f0f4-31ff-f2adf6edd553 tf_rpc=ConfigureProvider tf_mux_provider="*proto5server.Server" timestamp=2023-12-12T06:28:51.911Z
2023-12-12T06:28:51.912Z [INFO]  provider.terraform-provider-google_v5.9.0_x5: Authenticating using configured Google JSON 'access_token'...: @caller=github.com/hashicorp/terraform-provider-google/google/fwtransport/framework_config.go:1640 @module=google tf_provider_addr=registry.terraform.io/hashicorp/google tf_rpc=ConfigureProvider tf_mux_provider="*proto5server.Server" tf_req_id=81f2e887-9501-f0f4-31ff-f2adf6edd553 timestamp=2023-12-12T06:28:51.911Z
2023-12-12T06:28:51.912Z [INFO]  provider.terraform-provider-google_v5.9.0_x5:   -- Scopes: [https://www.googleapis.com/auth/cloud-platform https://www.googleapis.com/auth/userinfo.email]: @module=google tf_req_id=81f2e887-9501-f0f4-31ff-f2adf6edd553 @caller=github.com/hashicorp/terraform-provider-google/google/fwtransport/framework_config.go:1641 tf_mux_provider="*proto5server.Server" tf_provider_addr=registry.terraform.io/hashicorp/google tf_rpc=ConfigureProvider timestamp=2023-12-12T06:28:51.911Z
2023-12-12T06:28:51.962Z [INFO]  provider.terraform-provider-google_v5.9.0_x5: Terraform is using this identity: ayush.shukla@hcl.com: tf_rpc=ConfigureProvider tf_mux_provider="*proto5server.Server" tf_provider_addr=registry.terraform.io/hashicorp/google @module=google tf_req_id=81f2e887-9501-f0f4-31ff-f2adf6edd553 @caller=github.com/hashicorp/terraform-provider-google/google/fwtransport/framework_config.go:1560 timestamp=2023-12-12T06:28:51.962Z
2023-12-12T06:28:54.630Z [WARN]  Provider "registry.terraform.io/hashicorp/google" produced an invalid plan for module.target_pool["2"].google_compute_instance.default, but we are tolerating it because it is using the legacy plugin SDK.
    The following problems may be the cause of any confusing errors from downstream operations:
      - .description: planned value cty.StringVal("") for a non-computed attribute
      - .resource_policies: planned value cty.ListValEmpty(cty.String) for a non-computed attribute
      - .can_ip_forward: planned value cty.False for a non-computed attribute
      - .enable_display: planned value cty.False for a non-computed attribute
      - .hostname: planned value cty.StringVal("") for a non-computed attribute
      - .scheduling: block count in plan (1) disagrees with count in config (0)
      - .shielded_instance_config: block count in plan (1) disagrees with count in config (0)
      - .boot_disk[0].disk_encryption_key_raw: sensitive planned value for a non-computed attribute
      - .boot_disk[0].mode: planned value cty.StringVal("READ_WRITE") for a non-computed attribute
      - .boot_disk[0].auto_delete: planned value cty.True for a non-computed attribute
      - .boot_disk[0].initialize_params[0].resource_manager_tags: planned value cty.MapValEmpty(cty.String) for a non-computed attribute
      - .network_interface[0].nic_type: planned value cty.StringVal("") for a non-computed attribute
      - .network_interface[0].queue_count: planned value cty.NumberIntVal(0) for a non-computed attribute
2023-12-12T06:28:54.678Z [WARN]  Provider "registry.terraform.io/hashicorp/google" produced an invalid plan for module.target_pool["1"].google_compute_instance.default, but we are tolerating it because it is using the legacy plugin SDK.
    The following problems may be the cause of any confusing errors from downstream operations:
      - .enable_display: planned value cty.False for a non-computed attribute
      - .hostname: planned value cty.StringVal("") for a non-computed attribute
      - .can_ip_forward: planned value cty.False for a non-computed attribute
      - .resource_policies: planned value cty.ListValEmpty(cty.String) for a non-computed attribute
      - .description: planned value cty.StringVal("") for a non-computed attribute
      - .network_interface[0].nic_type: planned value cty.StringVal("") for a non-computed attribute
      - .network_interface[0].queue_count: planned value cty.NumberIntVal(0) for a non-computed attribute
      - .scheduling: block count in plan (1) disagrees with count in config (0)
      - .shielded_instance_config: block count in plan (1) disagrees with count in config (0)
      - .boot_disk[0].mode: planned value cty.StringVal("READ_WRITE") for a non-computed attribute
      - .boot_disk[0].auto_delete: planned value cty.True for a non-computed attribute
      - .boot_disk[0].disk_encryption_key_raw: sensitive planned value for a non-computed attribute
      - .boot_disk[0].initialize_params[0].resource_manager_tags: planned value cty.MapValEmpty(cty.String) for a non-computed attribute
2023-12-12T06:28:54.690Z [WARN]  Provider "registry.terraform.io/hashicorp/google" produced an invalid plan for module.target_pool["0"].google_compute_instance.default, but we are tolerating it because it is using the legacy plugin SDK.
    The following problems may be the cause of any confusing errors from downstream operations:
      - .hostname: planned value cty.StringVal("") for a non-computed attribute
      - .can_ip_forward: planned value cty.False for a non-computed attribute
      - .enable_display: planned value cty.False for a non-computed attribute
      - .resource_policies: planned value cty.ListValEmpty(cty.String) for a non-computed attribute
      - .description: planned value cty.StringVal("") for a non-computed attribute
      - .scheduling: block count in plan (1) disagrees with count in config (0)
      - .shielded_instance_config: block count in plan (1) disagrees with count in config (0)
      - .boot_disk[0].disk_encryption_key_raw: sensitive planned value for a non-computed attribute
      - .boot_disk[0].mode: planned value cty.StringVal("READ_WRITE") for a non-computed attribute
      - .boot_disk[0].auto_delete: planned value cty.True for a non-computed attribute
      - .boot_disk[0].initialize_params[0].resource_manager_tags: planned value cty.MapValEmpty(cty.String) for a non-computed attribute
      - .network_interface[0].nic_type: planned value cty.StringVal("") for a non-computed attribute
      - .network_interface[0].queue_count: planned value cty.NumberIntVal(0) for a non-computed attribute
2023-12-12T06:28:55.096Z [WARN]  Provider "registry.terraform.io/hashicorp/google" produced an invalid plan for module.health_check["0"].google_compute_http_health_check.healthcheck[0], but we are tolerating it because it is using the legacy plugin SDK.
    The following problems may be the cause of any confusing errors from downstream operations:
      - .request_path: planned value cty.StringVal("/") for a non-computed attribute
      - .host: planned value cty.StringVal("") for a non-computed attribute
2023-12-12T06:28:56.347Z [WARN]  Provider "registry.terraform.io/hashicorp/google" produced an invalid plan for module.nlb["0"].google_compute_target_pool.pool[0], but we are tolerating it because it is using the legacy plugin SDK.
    The following problems may be the cause of any confusing errors from downstream operations:
      - .session_affinity: planned value cty.StringVal("NONE") for a non-computed attribute
      - .health_checks: planned value cty.UnknownVal(cty.List(cty.String)) does not match config value cty.ListVal([]cty.Value{cty.UnknownVal(cty.String)}) nor prior value cty.ListVal([]cty.Value{cty.StringVal("https://www.googleapis.com/compute/v1/projects/reference-service-prj/global/httpHealthChecks/qa-svc-mqtt-nlb-health-check")})
      - .backup_pool: planned value cty.StringVal("") for a non-computed attribute
      - .failover_ratio: planned value cty.NumberIntVal(0) for a non-computed attribute
2023-12-12T06:28:57.576Z [WARN]  Provider "registry.terraform.io/hashicorp/google" produced an unexpected new value for module.nlb["0"].google_compute_forwarding_rule.rule during refresh.
      - .ports: was null, but now cty.SetValEmpty(cty.String)
      - .source_ip_ranges: was null, but now cty.ListValEmpty(cty.String)
      - .labels: was null, but now cty.MapValEmpty(cty.String)
2023-12-12T06:28:57.589Z [WARN]  Provider "registry.terraform.io/hashicorp/google" produced an invalid plan for module.nlb["0"].google_compute_forwarding_rule.rule, but we are tolerating it because it is using the legacy plugin SDK.
    The following problems may be the cause of any confusing errors from downstream operations:
      - .source_ip_ranges: planned value cty.ListValEmpty(cty.String) for a non-computed attribute
      - .labels: planned value cty.MapValEmpty(cty.String) for a non-computed attribute
      - .ports: planned value cty.SetValEmpty(cty.String) for a non-computed attribute
      - .is_mirroring_collector: planned value cty.False for a non-computed attribute
      - .recreate_closed_psc: planned value cty.False for a non-computed attribute
      - .service_label: planned value cty.StringVal("") for a non-computed attribute
      - .allow_psc_global_access: planned value cty.False for a non-computed attribute
      - .backend_service: planned value cty.StringVal("") for a non-computed attribute
      - .allow_global_access: planned value cty.False for a non-computed attribute
2023-12-12T06:28:57.632Z [INFO]  backend/local: plan operation completed
2023-12-12T06:28:57.632Z [INFO]  backend/local: writing plan output to: ../plan-file/nlb-tf-plan.json
