2024-04-03T06:22:34.154Z [INFO]  Terraform version: 1.7.5
2024-04-03T06:22:34.155Z [INFO]  Go runtime version: go1.21.8
2024-04-03T06:22:34.155Z [INFO]  CLI args: []string{"terraform", "init", "-upgrade", "-backend-config=bucket=gcp-yyz-prd-inf-cloudautomation-sbuc-01", "-backend-config=prefix=fortigate/state-file"}
2024-04-03T06:22:34.156Z [INFO]  CLI command args: []string{"init", "-upgrade", "-backend-config=bucket=gcp-yyz-prd-inf-cloudautomation-sbuc-01", "-backend-config=prefix=fortigate/state-file"}
2024-04-03T06:22:46.003Z [INFO]  Terraform version: 1.7.5
2024-04-03T06:22:46.003Z [INFO]  Go runtime version: go1.21.8
2024-04-03T06:22:46.003Z [INFO]  CLI args: []string{"terraform", "destroy", "-var=access_token=ya29.c.c0AY_VpZhbwZav96Q1UMtXztFmz-K_dP9FvpXI4rQluBIQQyrceC21SYPZYsv6yWAsk_eXBAg4Jbz2KWYqOI4wG_34887xDux5-rXYco03LeglVbXCfLnxLBEqTmCpRHB1LmzolRtfvFbqET1uJ333JcjDhgEz6zC0Tikt5-HFb25AgsuNglOaWf6BCTt3YCtdH_dTMBMTJBNwLSWqRlUNzpESwvC_I3QpUwxjA9dujQoqEUjiz0jpS0SPUMA3szvtqe0zirQrbV8ffL6kC590_AsCxN3RYJEf6mKERRnyjnwGnBe9HzSn383niUNbdfFPvDRYgG79XnvyG-oxGxbfmgo7tT1phMtrbxMgulyu8-7rTtK5nFSP5-wEHjvFcAjGzqTDWfLmoHnIQzD_zLtu7XxuGbO-Yw1cZ7m3GdC5xgS4DXjs-FBbZzyaa5kVkoaCZHh2Fy0wMUu-TMg6KV2Zim-pV0yVZ86ajRRbZ0Iwj_svoqVLNStrtJ5ytWytk7G3kUgWw3mApOWcsej1A-IgTDysXSE_AO8t-fdP6cx7L3B_Va3nA4TmyY1kMOrtWObgqMcViMPQbknkcTYPlxwlc4dmJ7lhlb53A_ooGme7mKgJRpq0U0G_-hrSZNWUcSmo6ktjTR9sdWmpgfIo0YiXZv57wPmcEDtKJ27_QZvCN689KQrRorVjvvqeZ1S6swUjSYhWmhsF4oqtxZ94XtYmtwQyVt-QcWpnjpkMcYUYMd04oJ9Q04QxZipoqa2lF2fYIXUy-Wvxa0i-Ji7komJZ4OtfnoFsB-wgBUWo7Jl7nidF-7YkpI9m7SkFm-lXsUe_vq7_OfbsMFg6izkjOw3WuhztI-tx-M8378zR2xt04ZM_-wR-wFl7sBxFfpY8ZimSIjcUl-aMrf1lZYwiXi2rf49M8zd837wekdgrmMsUptjFceqkOQzh5X2YqdnqaM8nXpicOv-r9pylB0RtnRos6dareYUflFWFa80yj2nXft1WsnBd_nOMIyw", "-var=project_id=gcp-prj-inf-automation-prd-01", "-var-file=../input-file/disk.tfvars", "-var-file=../input-file/vm.tfvars", "-var-file=../input-file/umig.tfvars", "-var-file=../input-file/health_check.tfvars", "-var-file=../input-file/nlb.tfvars", "-var-file=../input-file/router.tfvars", "-var-file=../input-file/nat.tfvars", "-var-file=../input-file/address.tfvars", "-var-file=../input-file/data.tfvars", "-var-file=../input-file/secret.tfvars"}
2024-04-03T06:22:46.004Z [INFO]  CLI command args: []string{"destroy", "-var=access_token=ya29.c.c0AY_VpZhbwZav96Q1UMtXztFmz-K_dP9FvpXI4rQluBIQQyrceC21SYPZYsv6yWAsk_eXBAg4Jbz2KWYqOI4wG_34887xDux5-rXYco03LeglVbXCfLnxLBEqTmCpRHB1LmzolRtfvFbqET1uJ333JcjDhgEz6zC0Tikt5-HFb25AgsuNglOaWf6BCTt3YCtdH_dTMBMTJBNwLSWqRlUNzpESwvC_I3QpUwxjA9dujQoqEUjiz0jpS0SPUMA3szvtqe0zirQrbV8ffL6kC590_AsCxN3RYJEf6mKERRnyjnwGnBe9HzSn383niUNbdfFPvDRYgG79XnvyG-oxGxbfmgo7tT1phMtrbxMgulyu8-7rTtK5nFSP5-wEHjvFcAjGzqTDWfLmoHnIQzD_zLtu7XxuGbO-Yw1cZ7m3GdC5xgS4DXjs-FBbZzyaa5kVkoaCZHh2Fy0wMUu-TMg6KV2Zim-pV0yVZ86ajRRbZ0Iwj_svoqVLNStrtJ5ytWytk7G3kUgWw3mApOWcsej1A-IgTDysXSE_AO8t-fdP6cx7L3B_Va3nA4TmyY1kMOrtWObgqMcViMPQbknkcTYPlxwlc4dmJ7lhlb53A_ooGme7mKgJRpq0U0G_-hrSZNWUcSmo6ktjTR9sdWmpgfIo0YiXZv57wPmcEDtKJ27_QZvCN689KQrRorVjvvqeZ1S6swUjSYhWmhsF4oqtxZ94XtYmtwQyVt-QcWpnjpkMcYUYMd04oJ9Q04QxZipoqa2lF2fYIXUy-Wvxa0i-Ji7komJZ4OtfnoFsB-wgBUWo7Jl7nidF-7YkpI9m7SkFm-lXsUe_vq7_OfbsMFg6izkjOw3WuhztI-tx-M8378zR2xt04ZM_-wR-wFl7sBxFfpY8ZimSIjcUl-aMrf1lZYwiXi2rf49M8zd837wekdgrmMsUptjFceqkOQzh5X2YqdnqaM8nXpicOv-r9pylB0RtnRos6dareYUflFWFa80yj2nXft1WsnBd_nOMIyw", "-var=project_id=gcp-prj-inf-automation-prd-01", "-var-file=../input-file/disk.tfvars", "-var-file=../input-file/vm.tfvars", "-var-file=../input-file/umig.tfvars", "-var-file=../input-file/health_check.tfvars", "-var-file=../input-file/nlb.tfvars", "-var-file=../input-file/router.tfvars", "-var-file=../input-file/nat.tfvars", "-var-file=../input-file/address.tfvars", "-var-file=../input-file/data.tfvars", "-var-file=../input-file/secret.tfvars"}
2024-04-03T06:22:46.794Z [INFO]  backend/local: starting Apply operation
2024-04-03T06:22:50.048Z [INFO]  provider: configuring client automatic mTLS
2024-04-03T06:22:50.122Z [INFO]  provider.terraform-provider-google_v5.23.0_x5: configuring server automatic mTLS: timestamp=2024-04-03T06:22:50.121Z
2024-04-03T06:22:50.404Z [INFO]  provider: configuring client automatic mTLS
2024-04-03T06:22:50.469Z [INFO]  provider.terraform-provider-google-beta_v5.23.0_x5: configuring server automatic mTLS: timestamp=2024-04-03T06:22:50.468Z
2024-04-03T06:22:50.754Z [INFO]  provider: configuring client automatic mTLS
2024-04-03T06:22:50.767Z [INFO]  provider.terraform-provider-random_v3.6.0_x5: configuring server automatic mTLS: timestamp=2024-04-03T06:22:50.767Z
2024-04-03T06:22:50.872Z [INFO]  provider: configuring client automatic mTLS
2024-04-03T06:22:50.885Z [INFO]  provider.terraform-provider-random_v3.6.0_x5: configuring server automatic mTLS: timestamp=2024-04-03T06:22:50.885Z
2024-04-03T06:22:50.930Z [INFO]  provider: configuring client automatic mTLS
2024-04-03T06:22:51.006Z [INFO]  provider.terraform-provider-google_v5.23.0_x5: configuring server automatic mTLS: timestamp=2024-04-03T06:22:51.006Z
2024-04-03T06:22:51.034Z [INFO]  provider: configuring client automatic mTLS
2024-04-03T06:22:51.096Z [INFO]  provider.terraform-provider-google-beta_v5.23.0_x5: configuring server automatic mTLS: timestamp=2024-04-03T06:22:51.095Z
2024-04-03T06:22:51.277Z [INFO]  backend/local: apply calling Plan
2024-04-03T06:22:51.338Z [INFO]  provider: configuring client automatic mTLS
2024-04-03T06:22:51.365Z [INFO]  provider.terraform-provider-random_v3.6.0_x5: configuring server automatic mTLS: timestamp=2024-04-03T06:22:51.365Z
2024-04-03T06:22:51.408Z [INFO]  provider: configuring client automatic mTLS
2024-04-03T06:22:51.471Z [INFO]  provider.terraform-provider-google-beta_v5.23.0_x5: configuring server automatic mTLS: timestamp=2024-04-03T06:22:51.471Z
2024-04-03T06:22:51.501Z [INFO]  provider: configuring client automatic mTLS
2024-04-03T06:22:51.584Z [INFO]  provider.terraform-provider-google_v5.23.0_x5: configuring server automatic mTLS: timestamp=2024-04-03T06:22:51.584Z
2024-04-03T06:22:51.620Z [INFO]  provider.terraform-provider-google-beta_v5.23.0_x5: Authenticating using configured Google JSON 'access_token'...: tf_provider_addr=registry.terraform.io/hashicorp/google-beta @caller=github.com/hashicorp/terraform-provider-google-beta/google-beta/fwtransport/framework_config.go:1870 tf_mux_provider="*proto5server.Server" tf_req_id=5838ad22-6d8c-6174-a680-1daec31098f3 tf_rpc=ConfigureProvider @module=google_beta timestamp=2024-04-03T06:22:51.620Z
2024-04-03T06:22:51.621Z [INFO]  provider.terraform-provider-google-beta_v5.23.0_x5:   -- Scopes: [https://www.googleapis.com/auth/cloud-platform https://www.googleapis.com/auth/userinfo.email]: @module=google_beta tf_mux_provider="*proto5server.Server" tf_req_id=5838ad22-6d8c-6174-a680-1daec31098f3 tf_rpc=ConfigureProvider @caller=github.com/hashicorp/terraform-provider-google-beta/google-beta/fwtransport/framework_config.go:1871 tf_provider_addr=registry.terraform.io/hashicorp/google-beta timestamp=2024-04-03T06:22:51.620Z
2024-04-03T06:22:51.621Z [INFO]  provider.terraform-provider-google-beta_v5.23.0_x5: Authenticating using configured Google JSON 'access_token'...: tf_req_id=5838ad22-6d8c-6174-a680-1daec31098f3 @caller=github.com/hashicorp/terraform-provider-google-beta/google-beta/fwtransport/framework_config.go:1870 tf_provider_addr=registry.terraform.io/hashicorp/google-beta tf_rpc=ConfigureProvider @module=google_beta tf_mux_provider="*proto5server.Server" timestamp=2024-04-03T06:22:51.621Z
2024-04-03T06:22:51.621Z [INFO]  provider.terraform-provider-google-beta_v5.23.0_x5:   -- Scopes: [https://www.googleapis.com/auth/cloud-platform https://www.googleapis.com/auth/userinfo.email]: @module=google_beta tf_provider_addr=registry.terraform.io/hashicorp/google-beta tf_req_id=5838ad22-6d8c-6174-a680-1daec31098f3 tf_rpc=ConfigureProvider @caller=github.com/hashicorp/terraform-provider-google-beta/google-beta/fwtransport/framework_config.go:1871 tf_mux_provider="*proto5server.Server" timestamp=2024-04-03T06:22:51.621Z
2024-04-03T06:22:51.684Z [INFO]  provider.terraform-provider-google_v5.23.0_x5: Authenticating using configured Google JSON 'access_token'...: tf_mux_provider="*proto5server.Server" tf_provider_addr=registry.terraform.io/hashicorp/google tf_req_id=d2a17bbf-0b80-2cd7-7eb2-4d595b3fc316 @caller=github.com/hashicorp/terraform-provider-google/google/fwtransport/framework_config.go:1731 @module=google tf_rpc=ConfigureProvider timestamp=2024-04-03T06:22:51.684Z
2024-04-03T06:22:51.684Z [INFO]  provider.terraform-provider-google_v5.23.0_x5:   -- Scopes: [https://www.googleapis.com/auth/cloud-platform https://www.googleapis.com/auth/userinfo.email]: @caller=github.com/hashicorp/terraform-provider-google/google/fwtransport/framework_config.go:1732 @module=google tf_mux_provider="*proto5server.Server" tf_provider_addr=registry.terraform.io/hashicorp/google tf_req_id=d2a17bbf-0b80-2cd7-7eb2-4d595b3fc316 tf_rpc=ConfigureProvider timestamp=2024-04-03T06:22:51.684Z
2024-04-03T06:22:51.684Z [INFO]  provider.terraform-provider-google_v5.23.0_x5: Authenticating using configured Google JSON 'access_token'...: @caller=github.com/hashicorp/terraform-provider-google/google/fwtransport/framework_config.go:1731 @module=google tf_mux_provider="*proto5server.Server" tf_rpc=ConfigureProvider tf_provider_addr=registry.terraform.io/hashicorp/google tf_req_id=d2a17bbf-0b80-2cd7-7eb2-4d595b3fc316 timestamp=2024-04-03T06:22:51.684Z
2024-04-03T06:22:51.685Z [INFO]  provider.terraform-provider-google_v5.23.0_x5:   -- Scopes: [https://www.googleapis.com/auth/cloud-platform https://www.googleapis.com/auth/userinfo.email]: tf_req_id=d2a17bbf-0b80-2cd7-7eb2-4d595b3fc316 @caller=github.com/hashicorp/terraform-provider-google/google/fwtransport/framework_config.go:1732 @module=google tf_mux_provider="*proto5server.Server" tf_provider_addr=registry.terraform.io/hashicorp/google tf_rpc=ConfigureProvider timestamp=2024-04-03T06:22:51.685Z
2024-04-03T06:22:51.693Z [INFO]  provider.terraform-provider-google-beta_v5.23.0_x5: Terraform is using this identity: svc-cloudautomation@gcp-prj-inf-automation-prd-01.iam.gserviceaccount.com: tf_mux_provider="*proto5server.Server" tf_provider_addr=registry.terraform.io/hashicorp/google-beta tf_req_id=5838ad22-6d8c-6174-a680-1daec31098f3 tf_rpc=ConfigureProvider @caller=github.com/hashicorp/terraform-provider-google-beta/google-beta/fwtransport/framework_config.go:1790 @module=google_beta timestamp=2024-04-03T06:22:51.692Z
2024-04-03T06:22:51.736Z [INFO]  provider.terraform-provider-google_v5.23.0_x5: Terraform is using this identity: svc-cloudautomation@gcp-prj-inf-automation-prd-01.iam.gserviceaccount.com: @module=google tf_rpc=ConfigureProvider @caller=github.com/hashicorp/terraform-provider-google/google/fwtransport/framework_config.go:1651 tf_mux_provider="*proto5server.Server" tf_provider_addr=registry.terraform.io/hashicorp/google tf_req_id=d2a17bbf-0b80-2cd7-7eb2-4d595b3fc316 timestamp=2024-04-03T06:22:51.736Z
2024-04-03T06:22:52.098Z [WARN]  Provider "registry.terraform.io/hashicorp/google" produced an invalid plan for module.regional_address["gcp-yyz-fgt-int-priv-ip-02"].google_compute_address.default, but we are tolerating it because it is using the legacy plugin SDK.
    The following problems may be the cause of any confusing errors from downstream operations:
      - .ipv6_endpoint_type: planned value cty.StringVal("") for a non-computed attribute
      - .ip_version: planned value cty.StringVal("") for a non-computed attribute
      - .labels: planned value cty.MapValEmpty(cty.String) for a non-computed attribute
      - .network: planned value cty.StringVal("") for a non-computed attribute
2024-04-03T06:22:53.120Z [WARN]  Provider "registry.terraform.io/hashicorp/google" produced an invalid plan for module.regional_address["gcp-yyz-fgt-out-priv-ip-01"].google_compute_address.default, but we are tolerating it because it is using the legacy plugin SDK.
    The following problems may be the cause of any confusing errors from downstream operations:
      - .ipv6_endpoint_type: planned value cty.StringVal("") for a non-computed attribute
      - .labels: planned value cty.MapValEmpty(cty.String) for a non-computed attribute
      - .network: planned value cty.StringVal("") for a non-computed attribute
      - .ip_version: planned value cty.StringVal("") for a non-computed attribute
2024-04-03T06:22:53.126Z [WARN]  Provider "registry.terraform.io/hashicorp/google" produced an invalid plan for module.regional_address["gcp-yyz-fgt-mgmt-priv-ip-02"].google_compute_address.default, but we are tolerating it because it is using the legacy plugin SDK.
    The following problems may be the cause of any confusing errors from downstream operations:
      - .ip_version: planned value cty.StringVal("") for a non-computed attribute
      - .labels: planned value cty.MapValEmpty(cty.String) for a non-computed attribute
      - .network: planned value cty.StringVal("") for a non-computed attribute
      - .ipv6_endpoint_type: planned value cty.StringVal("") for a non-computed attribute
2024-04-03T06:22:53.132Z [WARN]  Provider "registry.terraform.io/hashicorp/google" produced an invalid plan for module.regional_address["gcp-yyz-fgt-ilb-priv-ip-01"].google_compute_address.default, but we are tolerating it because it is using the legacy plugin SDK.
    The following problems may be the cause of any confusing errors from downstream operations:
      - .ipv6_endpoint_type: planned value cty.StringVal("") for a non-computed attribute
      - .ip_version: planned value cty.StringVal("") for a non-computed attribute
      - .labels: planned value cty.MapValEmpty(cty.String) for a non-computed attribute
      - .network: planned value cty.StringVal("") for a non-computed attribute
2024-04-03T06:22:53.138Z [WARN]  Provider "registry.terraform.io/hashicorp/google" produced an invalid plan for module.regional_address["gcp-yyz-fgt-out-priv-ip-02"].google_compute_address.default, but we are tolerating it because it is using the legacy plugin SDK.
    The following problems may be the cause of any confusing errors from downstream operations:
      - .ipv6_endpoint_type: planned value cty.StringVal("") for a non-computed attribute
      - .ip_version: planned value cty.StringVal("") for a non-computed attribute
      - .labels: planned value cty.MapValEmpty(cty.String) for a non-computed attribute
      - .network: planned value cty.StringVal("") for a non-computed attribute
2024-04-03T06:22:53.138Z [WARN]  Provider "registry.terraform.io/hashicorp/google" produced an invalid plan for module.regional_address["gcp-yyz-fgt-ha-priv-ip-02"].google_compute_address.default, but we are tolerating it because it is using the legacy plugin SDK.
    The following problems may be the cause of any confusing errors from downstream operations:
      - .ipv6_endpoint_type: planned value cty.StringVal("") for a non-computed attribute
      - .ip_version: planned value cty.StringVal("") for a non-computed attribute
      - .labels: planned value cty.MapValEmpty(cty.String) for a non-computed attribute
      - .network: planned value cty.StringVal("") for a non-computed attribute
2024-04-03T06:22:53.139Z [WARN]  Provider "registry.terraform.io/hashicorp/google" produced an invalid plan for module.regional_address["gcp-yyz-fgt-ha-priv-ip-01"].google_compute_address.default, but we are tolerating it because it is using the legacy plugin SDK.
    The following problems may be the cause of any confusing errors from downstream operations:
      - .ipv6_endpoint_type: planned value cty.StringVal("") for a non-computed attribute
      - .labels: planned value cty.MapValEmpty(cty.String) for a non-computed attribute
      - .network: planned value cty.StringVal("") for a non-computed attribute
      - .ip_version: planned value cty.StringVal("") for a non-computed attribute
2024-04-03T06:22:53.143Z [WARN]  Provider "registry.terraform.io/hashicorp/google" produced an invalid plan for module.regional_address["gcp-yyz-fgt-int-priv-ip-01"].google_compute_address.default, but we are tolerating it because it is using the legacy plugin SDK.
    The following problems may be the cause of any confusing errors from downstream operations:
      - .network: planned value cty.StringVal("") for a non-computed attribute
      - .ip_version: planned value cty.StringVal("") for a non-computed attribute
      - .labels: planned value cty.MapValEmpty(cty.String) for a non-computed attribute
      - .ipv6_endpoint_type: planned value cty.StringVal("") for a non-computed attribute
2024-04-03T06:22:53.144Z [WARN]  Provider "registry.terraform.io/hashicorp/google" produced an invalid plan for module.regional_address["gcp-yyz-fgt-mgmt-priv-ip-01"].google_compute_address.default, but we are tolerating it because it is using the legacy plugin SDK.
    The following problems may be the cause of any confusing errors from downstream operations:
      - .ipv6_endpoint_type: planned value cty.StringVal("") for a non-computed attribute
      - .ip_version: planned value cty.StringVal("") for a non-computed attribute
      - .labels: planned value cty.MapValEmpty(cty.String) for a non-computed attribute
      - .network: planned value cty.StringVal("") for a non-computed attribute
2024-04-03T06:22:54.489Z [WARN]  Provider "registry.terraform.io/hashicorp/google" produced an invalid plan for module.router["gcp-yyz-prd-inf-crtr-01"].google_compute_router.router, but we are tolerating it because it is using the legacy plugin SDK.
    The following problems may be the cause of any confusing errors from downstream operations:
      - .encrypted_interconnect_router: planned value cty.False for a non-computed attribute
      - .description: planned value cty.StringVal("") for a non-computed attribute
      - .bgp[0].advertised_groups: planned value cty.ListValEmpty(cty.String) for a non-computed attribute
      - .bgp[0].advertise_mode: planned value cty.StringVal("DEFAULT") for a non-computed attribute
2024-04-03T06:22:54.790Z [WARN]  Provider "registry.terraform.io/hashicorp/google" produced an invalid plan for module.nat["gcp-yyz-prd-inf-cnat-01"].google_compute_router_nat.nat, but we are tolerating it because it is using the legacy plugin SDK.
    The following problems may be the cause of any confusing errors from downstream operations:
      - .max_ports_per_vm: planned value cty.NumberIntVal(0) for a non-computed attribute
      - .nat_ips: planned value cty.SetValEmpty(cty.String) for a non-computed attribute
      - .tcp_time_wait_timeout_sec: planned value cty.NumberIntVal(120) for a non-computed attribute
      - .drain_nat_ips: planned value cty.SetValEmpty(cty.String) for a non-computed attribute
2024-04-03T06:22:56.154Z [WARN]  Provider "registry.terraform.io/hashicorp/google-beta" produced an invalid plan for module.disk["prdyzsecfgtvm01-log-disk01"].google_compute_disk.disk, but we are tolerating it because it is using the legacy plugin SDK.
    The following problems may be the cause of any confusing errors from downstream operations:
      - .image: planned value cty.StringVal("") for a non-computed attribute
      - .snapshot: planned value cty.StringVal("") for a non-computed attribute
      - .multi_writer: planned value cty.False for a non-computed attribute
      - .source_disk: planned value cty.StringVal("") for a non-computed attribute
2024-04-03T06:22:56.162Z [WARN]  Provider "registry.terraform.io/hashicorp/google-beta" produced an invalid plan for module.disk["prdyzsecfgtvm02-log-disk01"].google_compute_disk.disk, but we are tolerating it because it is using the legacy plugin SDK.
    The following problems may be the cause of any confusing errors from downstream operations:
      - .image: planned value cty.StringVal("") for a non-computed attribute
      - .snapshot: planned value cty.StringVal("") for a non-computed attribute
      - .multi_writer: planned value cty.False for a non-computed attribute
      - .source_disk: planned value cty.StringVal("") for a non-computed attribute
2024-04-03T06:22:57.860Z [WARN]  Provider "registry.terraform.io/hashicorp/google" produced an invalid plan for module.vm["prdyzsecfgtvm01"].google_compute_instance.default, but we are tolerating it because it is using the legacy plugin SDK.
    The following problems may be the cause of any confusing errors from downstream operations:
      - .resource_policies: planned value cty.ListValEmpty(cty.String) for a non-computed attribute
      - .can_ip_forward: planned value cty.False for a non-computed attribute
      - .description: planned value cty.StringVal("") for a non-computed attribute
      - .hostname: planned value cty.StringVal("") for a non-computed attribute
      - .enable_display: planned value cty.False for a non-computed attribute
      - .scheduling: block count in plan (1) disagrees with count in config (0)
      - .boot_disk[0].auto_delete: planned value cty.True for a non-computed attribute
      - .boot_disk[0].disk_encryption_key_raw: sensitive planned value for a non-computed attribute
      - .boot_disk[0].mode: planned value cty.StringVal("READ_WRITE") for a non-computed attribute
      - .boot_disk[0].initialize_params[0].enable_confidential_compute: planned value cty.False for a non-computed attribute
      - .boot_disk[0].initialize_params[0].resource_manager_tags: planned value cty.MapValEmpty(cty.String) for a non-computed attribute
      - .network_interface[0].nic_type: planned value cty.StringVal("") for a non-computed attribute
      - .network_interface[0].queue_count: planned value cty.NumberIntVal(0) for a non-computed attribute
      - .network_interface[1].nic_type: planned value cty.StringVal("") for a non-computed attribute
      - .network_interface[1].queue_count: planned value cty.NumberIntVal(0) for a non-computed attribute
      - .network_interface[2].queue_count: planned value cty.NumberIntVal(0) for a non-computed attribute
      - .network_interface[2].nic_type: planned value cty.StringVal("") for a non-computed attribute
      - .network_interface[3].nic_type: planned value cty.StringVal("") for a non-computed attribute
      - .network_interface[3].queue_count: planned value cty.NumberIntVal(0) for a non-computed attribute
      - .attached_disk[0].disk_encryption_key_raw: sensitive planned value for a non-computed attribute
      - .attached_disk[0].mode: planned value cty.StringVal("READ_WRITE") for a non-computed attribute
2024-04-03T06:22:58.926Z [WARN]  Provider "registry.terraform.io/hashicorp/google" produced an invalid plan for module.vm["prdyzsecfgtvm02"].google_compute_instance.default, but we are tolerating it because it is using the legacy plugin SDK.
    The following problems may be the cause of any confusing errors from downstream operations:
      - .description: planned value cty.StringVal("") for a non-computed attribute
      - .hostname: planned value cty.StringVal("") for a non-computed attribute
      - .enable_display: planned value cty.False for a non-computed attribute
      - .resource_policies: planned value cty.ListValEmpty(cty.String) for a non-computed attribute
      - .can_ip_forward: planned value cty.False for a non-computed attribute
      - .boot_disk[0].mode: planned value cty.StringVal("READ_WRITE") for a non-computed attribute
      - .boot_disk[0].auto_delete: planned value cty.True for a non-computed attribute
      - .boot_disk[0].disk_encryption_key_raw: sensitive planned value for a non-computed attribute
      - .boot_disk[0].initialize_params[0].resource_manager_tags: planned value cty.MapValEmpty(cty.String) for a non-computed attribute
      - .boot_disk[0].initialize_params[0].enable_confidential_compute: planned value cty.False for a non-computed attribute
      - .network_interface[0].queue_count: planned value cty.NumberIntVal(0) for a non-computed attribute
      - .network_interface[0].nic_type: planned value cty.StringVal("") for a non-computed attribute
      - .network_interface[1].queue_count: planned value cty.NumberIntVal(0) for a non-computed attribute
      - .network_interface[1].nic_type: planned value cty.StringVal("") for a non-computed attribute
      - .network_interface[2].queue_count: planned value cty.NumberIntVal(0) for a non-computed attribute
      - .network_interface[2].nic_type: planned value cty.StringVal("") for a non-computed attribute
      - .network_interface[3].queue_count: planned value cty.NumberIntVal(0) for a non-computed attribute
      - .network_interface[3].nic_type: planned value cty.StringVal("") for a non-computed attribute
      - .attached_disk[0].mode: planned value cty.StringVal("READ_WRITE") for a non-computed attribute
      - .attached_disk[0].disk_encryption_key_raw: sensitive planned value for a non-computed attribute
      - .scheduling: block count in plan (1) disagrees with count in config (0)
2024-04-03T06:23:00.282Z [WARN]  Provider "registry.terraform.io/hashicorp/google" produced an invalid plan for module.health_check["gcp-yyz-prd-sec-fgt-ilb-01-hc-01"].google_compute_region_health_check.healthcheck, but we are tolerating it because it is using the legacy plugin SDK.
    The following problems may be the cause of any confusing errors from downstream operations:
      - .log_config: block count in plan (1) disagrees with count in config (0)
      - .http_health_check[0].proxy_header: planned value cty.StringVal("NONE") for a non-computed attribute
      - .http_health_check[0].request_path: planned value cty.StringVal("/") for a non-computed attribute
      - .http_health_check[0].response: planned value cty.StringVal("") for a non-computed attribute
      - .http_health_check[0].host: planned value cty.StringVal("") for a non-computed attribute
      - .http_health_check[0].port_name: planned value cty.StringVal("") for a non-computed attribute
      - .http_health_check[0].port_specification: planned value cty.StringVal("") for a non-computed attribute
2024-04-03T06:23:03.283Z [WARN]  Provider "registry.terraform.io/hashicorp/google" produced an invalid plan for module.nlb["gcp-yyz-prd-sec-fgt-ilb-01-frontend-01"].google_compute_region_backend_service.backend[0], but we are tolerating it because it is using the legacy plugin SDK.
    The following problems may be the cause of any confusing errors from downstream operations:
      - .enable_cdn: planned value cty.False for a non-computed attribute
      - .locality_lb_policy: planned value cty.StringVal("") for a non-computed attribute
      - .connection_draining_timeout_sec: planned value cty.NumberIntVal(0) for a non-computed attribute
      - .affinity_cookie_ttl_sec: planned value cty.NumberIntVal(0) for a non-computed attribute
2024-04-03T06:23:04.652Z [WARN]  Provider "registry.terraform.io/hashicorp/google" produced an invalid plan for module.nlb["gcp-yyz-prd-sec-fgt-ilb-01-frontend-01"].google_compute_forwarding_rule.rule, but we are tolerating it because it is using the legacy plugin SDK.
    The following problems may be the cause of any confusing errors from downstream operations:
      - .recreate_closed_psc: planned value cty.False for a non-computed attribute
      - .target: planned value cty.StringVal("") for a non-computed attribute
      - .is_mirroring_collector: planned value cty.False for a non-computed attribute
      - .labels: planned value cty.MapValEmpty(cty.String) for a non-computed attribute
      - .ports: planned value cty.SetValEmpty(cty.String) for a non-computed attribute
      - .allow_psc_global_access: planned value cty.False for a non-computed attribute
      - .source_ip_ranges: planned value cty.ListValEmpty(cty.String) for a non-computed attribute
      - .service_label: planned value cty.StringVal("") for a non-computed attribute
2024-04-03T06:23:04.950Z [WARN]  Provider "registry.terraform.io/hashicorp/google" produced an invalid plan for module.secret["gcp-yyz-prd-sec-fgt-api-key-01"].google_secret_manager_secret.secret, but we are tolerating it because it is using the legacy plugin SDK.
    The following problems may be the cause of any confusing errors from downstream operations:
      - .version_aliases: planned value cty.MapValEmpty(cty.String) for a non-computed attribute
2024-04-03T06:23:05.422Z [INFO]  provider: configuring client automatic mTLS
2024-04-03T06:23:05.487Z [INFO]  provider.terraform-provider-google-beta_v5.23.0_x5: configuring server automatic mTLS: timestamp=2024-04-03T06:23:05.487Z
2024-04-03T06:23:05.514Z [INFO]  provider: configuring client automatic mTLS
2024-04-03T06:23:05.531Z [INFO]  provider.terraform-provider-random_v3.6.0_x5: configuring server automatic mTLS: timestamp=2024-04-03T06:23:05.531Z
2024-04-03T06:23:05.586Z [INFO]  provider: configuring client automatic mTLS
2024-04-03T06:23:05.649Z [INFO]  provider.terraform-provider-google_v5.23.0_x5: configuring server automatic mTLS: timestamp=2024-04-03T06:23:05.649Z
2024-04-03T06:23:05.682Z [INFO]  provider.terraform-provider-google-beta_v5.23.0_x5: Authenticating using configured Google JSON 'access_token'...: tf_mux_provider="*proto5server.Server" tf_provider_addr=registry.terraform.io/hashicorp/google-beta tf_rpc=ConfigureProvider @module=google_beta tf_req_id=e9a91d23-3fe9-22f4-94dd-012f0b3c2e24 @caller=github.com/hashicorp/terraform-provider-google-beta/google-beta/fwtransport/framework_config.go:1870 timestamp=2024-04-03T06:23:05.682Z
2024-04-03T06:23:05.682Z [INFO]  provider.terraform-provider-google-beta_v5.23.0_x5:   -- Scopes: [https://www.googleapis.com/auth/cloud-platform https://www.googleapis.com/auth/userinfo.email]: tf_req_id=e9a91d23-3fe9-22f4-94dd-012f0b3c2e24 @module=google_beta @caller=github.com/hashicorp/terraform-provider-google-beta/google-beta/fwtransport/framework_config.go:1871 tf_mux_provider="*proto5server.Server" tf_provider_addr=registry.terraform.io/hashicorp/google-beta tf_rpc=ConfigureProvider timestamp=2024-04-03T06:23:05.682Z
2024-04-03T06:23:05.682Z [INFO]  provider.terraform-provider-google-beta_v5.23.0_x5: Authenticating using configured Google JSON 'access_token'...: @caller=github.com/hashicorp/terraform-provider-google-beta/google-beta/fwtransport/framework_config.go:1870 @module=google_beta tf_req_id=e9a91d23-3fe9-22f4-94dd-012f0b3c2e24 tf_rpc=ConfigureProvider tf_mux_provider="*proto5server.Server" tf_provider_addr=registry.terraform.io/hashicorp/google-beta timestamp=2024-04-03T06:23:05.682Z
2024-04-03T06:23:05.682Z [INFO]  provider.terraform-provider-google-beta_v5.23.0_x5:   -- Scopes: [https://www.googleapis.com/auth/cloud-platform https://www.googleapis.com/auth/userinfo.email]: @caller=github.com/hashicorp/terraform-provider-google-beta/google-beta/fwtransport/framework_config.go:1871 @module=google_beta tf_mux_provider="*proto5server.Server" tf_provider_addr=registry.terraform.io/hashicorp/google-beta tf_req_id=e9a91d23-3fe9-22f4-94dd-012f0b3c2e24 tf_rpc=ConfigureProvider timestamp=2024-04-03T06:23:05.682Z
2024-04-03T06:23:05.745Z [INFO]  provider.terraform-provider-google_v5.23.0_x5: Authenticating using configured Google JSON 'access_token'...: tf_mux_provider="*proto5server.Server" @caller=github.com/hashicorp/terraform-provider-google/google/fwtransport/framework_config.go:1731 @module=google tf_provider_addr=registry.terraform.io/hashicorp/google tf_req_id=da9b689b-45a5-6893-d148-644ed6896190 tf_rpc=ConfigureProvider timestamp=2024-04-03T06:23:05.745Z
2024-04-03T06:23:05.745Z [INFO]  provider.terraform-provider-google_v5.23.0_x5:   -- Scopes: [https://www.googleapis.com/auth/cloud-platform https://www.googleapis.com/auth/userinfo.email]: tf_req_id=da9b689b-45a5-6893-d148-644ed6896190 @caller=github.com/hashicorp/terraform-provider-google/google/fwtransport/framework_config.go:1732 @module=google tf_mux_provider="*proto5server.Server" tf_provider_addr=registry.terraform.io/hashicorp/google tf_rpc=ConfigureProvider timestamp=2024-04-03T06:23:05.745Z
2024-04-03T06:23:05.745Z [INFO]  provider.terraform-provider-google_v5.23.0_x5: Authenticating using configured Google JSON 'access_token'...: tf_mux_provider="*proto5server.Server" tf_req_id=da9b689b-45a5-6893-d148-644ed6896190 tf_provider_addr=registry.terraform.io/hashicorp/google tf_rpc=ConfigureProvider @caller=github.com/hashicorp/terraform-provider-google/google/fwtransport/framework_config.go:1731 @module=google timestamp=2024-04-03T06:23:05.745Z
2024-04-03T06:23:05.745Z [INFO]  provider.terraform-provider-google_v5.23.0_x5:   -- Scopes: [https://www.googleapis.com/auth/cloud-platform https://www.googleapis.com/auth/userinfo.email]: @caller=github.com/hashicorp/terraform-provider-google/google/fwtransport/framework_config.go:1732 @module=google tf_mux_provider="*proto5server.Server" tf_provider_addr=registry.terraform.io/hashicorp/google tf_req_id=da9b689b-45a5-6893-d148-644ed6896190 tf_rpc=ConfigureProvider timestamp=2024-04-03T06:23:05.745Z
2024-04-03T06:23:05.753Z [INFO]  provider.terraform-provider-google-beta_v5.23.0_x5: Terraform is using this identity: svc-cloudautomation@gcp-prj-inf-automation-prd-01.iam.gserviceaccount.com: @module=google_beta tf_mux_provider="*proto5server.Server" tf_provider_addr=registry.terraform.io/hashicorp/google-beta tf_rpc=ConfigureProvider tf_req_id=e9a91d23-3fe9-22f4-94dd-012f0b3c2e24 @caller=github.com/hashicorp/terraform-provider-google-beta/google-beta/fwtransport/framework_config.go:1790 timestamp=2024-04-03T06:23:05.753Z
2024-04-03T06:23:05.802Z [INFO]  provider.terraform-provider-google_v5.23.0_x5: Terraform is using this identity: svc-cloudautomation@gcp-prj-inf-automation-prd-01.iam.gserviceaccount.com: tf_provider_addr=registry.terraform.io/hashicorp/google tf_req_id=da9b689b-45a5-6893-d148-644ed6896190 @module=google tf_mux_provider="*proto5server.Server" @caller=github.com/hashicorp/terraform-provider-google/google/fwtransport/framework_config.go:1651 tf_rpc=ConfigureProvider timestamp=2024-04-03T06:23:05.801Z
2024-04-03T06:23:32.444Z [INFO]  backend/local: apply calling Apply
2024-04-03T06:23:32.500Z [INFO]  provider: configuring client automatic mTLS
2024-04-03T06:23:32.520Z [INFO]  provider.terraform-provider-random_v3.6.0_x5: configuring server automatic mTLS: timestamp=2024-04-03T06:23:32.520Z
2024-04-03T06:23:32.561Z [INFO]  provider: configuring client automatic mTLS
2024-04-03T06:23:32.620Z [INFO]  provider.terraform-provider-google_v5.23.0_x5: configuring server automatic mTLS: timestamp=2024-04-03T06:23:32.620Z
2024-04-03T06:23:32.653Z [INFO]  provider: configuring client automatic mTLS
2024-04-03T06:23:32.734Z [INFO]  provider.terraform-provider-google-beta_v5.23.0_x5: configuring server automatic mTLS: timestamp=2024-04-03T06:23:32.734Z
2024-04-03T06:23:32.769Z [INFO]  provider.terraform-provider-google_v5.23.0_x5: Authenticating using configured Google JSON 'access_token'...: @module=google tf_rpc=ConfigureProvider @caller=github.com/hashicorp/terraform-provider-google/google/fwtransport/framework_config.go:1731 tf_mux_provider="*proto5server.Server" tf_provider_addr=registry.terraform.io/hashicorp/google tf_req_id=97b28adf-b080-66c1-f38a-a17eaa8063c9 timestamp=2024-04-03T06:23:32.769Z
2024-04-03T06:23:32.769Z [INFO]  provider.terraform-provider-google_v5.23.0_x5:   -- Scopes: [https://www.googleapis.com/auth/cloud-platform https://www.googleapis.com/auth/userinfo.email]: @caller=github.com/hashicorp/terraform-provider-google/google/fwtransport/framework_config.go:1732 @module=google tf_provider_addr=registry.terraform.io/hashicorp/google tf_req_id=97b28adf-b080-66c1-f38a-a17eaa8063c9 tf_mux_provider="*proto5server.Server" tf_rpc=ConfigureProvider timestamp=2024-04-03T06:23:32.769Z
2024-04-03T06:23:32.769Z [INFO]  provider.terraform-provider-google_v5.23.0_x5: Authenticating using configured Google JSON 'access_token'...: tf_req_id=97b28adf-b080-66c1-f38a-a17eaa8063c9 tf_rpc=ConfigureProvider @caller=github.com/hashicorp/terraform-provider-google/google/fwtransport/framework_config.go:1731 tf_mux_provider="*proto5server.Server" tf_provider_addr=registry.terraform.io/hashicorp/google @module=google timestamp=2024-04-03T06:23:32.769Z
2024-04-03T06:23:32.770Z [INFO]  provider.terraform-provider-google_v5.23.0_x5:   -- Scopes: [https://www.googleapis.com/auth/cloud-platform https://www.googleapis.com/auth/userinfo.email]: tf_provider_addr=registry.terraform.io/hashicorp/google tf_req_id=97b28adf-b080-66c1-f38a-a17eaa8063c9 tf_rpc=ConfigureProvider tf_mux_provider="*proto5server.Server" @caller=github.com/hashicorp/terraform-provider-google/google/fwtransport/framework_config.go:1732 @module=google timestamp=2024-04-03T06:23:32.769Z
2024-04-03T06:23:32.835Z [INFO]  provider.terraform-provider-google_v5.23.0_x5: Terraform is using this identity: svc-cloudautomation@gcp-prj-inf-automation-prd-01.iam.gserviceaccount.com: @caller=github.com/hashicorp/terraform-provider-google/google/fwtransport/framework_config.go:1651 @module=google tf_mux_provider="*proto5server.Server" tf_req_id=97b28adf-b080-66c1-f38a-a17eaa8063c9 tf_rpc=ConfigureProvider tf_provider_addr=registry.terraform.io/hashicorp/google timestamp=2024-04-03T06:23:32.835Z
2024-04-03T06:23:32.836Z [INFO]  provider.terraform-provider-google-beta_v5.23.0_x5: Authenticating using configured Google JSON 'access_token'...: @module=google_beta tf_provider_addr=registry.terraform.io/hashicorp/google-beta tf_rpc=ConfigureProvider tf_mux_provider="*proto5server.Server" tf_req_id=241889ac-83e2-2a45-4d80-7fc90d72a9a3 @caller=github.com/hashicorp/terraform-provider-google-beta/google-beta/fwtransport/framework_config.go:1870 timestamp=2024-04-03T06:23:32.836Z
2024-04-03T06:23:32.836Z [INFO]  provider.terraform-provider-google-beta_v5.23.0_x5:   -- Scopes: [https://www.googleapis.com/auth/cloud-platform https://www.googleapis.com/auth/userinfo.email]: tf_rpc=ConfigureProvider @caller=github.com/hashicorp/terraform-provider-google-beta/google-beta/fwtransport/framework_config.go:1871 tf_mux_provider="*proto5server.Server" tf_provider_addr=registry.terraform.io/hashicorp/google-beta tf_req_id=241889ac-83e2-2a45-4d80-7fc90d72a9a3 @module=google_beta timestamp=2024-04-03T06:23:32.836Z
2024-04-03T06:23:32.836Z [INFO]  provider.terraform-provider-google-beta_v5.23.0_x5: Authenticating using configured Google JSON 'access_token'...: tf_mux_provider="*proto5server.Server" tf_rpc=ConfigureProvider @caller=github.com/hashicorp/terraform-provider-google-beta/google-beta/fwtransport/framework_config.go:1870 @module=google_beta tf_provider_addr=registry.terraform.io/hashicorp/google-beta tf_req_id=241889ac-83e2-2a45-4d80-7fc90d72a9a3 timestamp=2024-04-03T06:23:32.836Z
2024-04-03T06:23:32.836Z [INFO]  provider.terraform-provider-google-beta_v5.23.0_x5:   -- Scopes: [https://www.googleapis.com/auth/cloud-platform https://www.googleapis.com/auth/userinfo.email]: tf_provider_addr=registry.terraform.io/hashicorp/google-beta tf_rpc=ConfigureProvider @caller=github.com/hashicorp/terraform-provider-google-beta/google-beta/fwtransport/framework_config.go:1871 @module=google_beta tf_mux_provider="*proto5server.Server" tf_req_id=241889ac-83e2-2a45-4d80-7fc90d72a9a3 timestamp=2024-04-03T06:23:32.836Z
2024-04-03T06:23:32.865Z [INFO]  Starting apply for module.secret["gcp-yyz-prd-sec-fgt-api-key-01"].google_secret_manager_secret_version.version
2024-04-03T06:23:32.890Z [INFO]  provider.terraform-provider-google-beta_v5.23.0_x5: Terraform is using this identity: svc-cloudautomation@gcp-prj-inf-automation-prd-01.iam.gserviceaccount.com: tf_mux_provider="*proto5server.Server" tf_req_id=241889ac-83e2-2a45-4d80-7fc90d72a9a3 tf_rpc=ConfigureProvider @caller=github.com/hashicorp/terraform-provider-google-beta/google-beta/fwtransport/framework_config.go:1790 @module=google_beta tf_provider_addr=registry.terraform.io/hashicorp/google-beta timestamp=2024-04-03T06:23:32.890Z
2024-04-03T06:23:33.551Z [INFO]  Starting apply for module.secret["gcp-yyz-prd-sec-fgt-api-key-01"].google_secret_manager_secret.secret
2024-04-03T06:23:36.184Z [INFO]  Starting apply for module.nlb["gcp-yyz-prd-sec-fgt-ilb-01-frontend-01"].google_compute_forwarding_rule.rule
2024-04-03T06:24:01.963Z [INFO]  Starting apply for module.nlb["gcp-yyz-prd-sec-fgt-ilb-01-frontend-01"].google_compute_region_backend_service.backend[0]
2024-04-03T06:24:16.255Z [INFO]  Starting apply for module.umig["gcp-yyz-prd-sec-fgt-umig-01"].google_compute_instance_group.umig
2024-04-03T06:24:16.255Z [INFO]  Starting apply for module.umig["gcp-yyz-prd-sec-fgt-umig-02"].google_compute_instance_group.umig
2024-04-03T06:24:31.151Z [INFO]  Starting apply for module.health_check["gcp-yyz-prd-sec-fgt-ilb-01-hc-01"].google_compute_region_health_check.healthcheck
2024-04-03T06:24:45.390Z [INFO]  Starting apply for module.vm["prdyzsecfgtvm02"].google_compute_instance.default
2024-04-03T06:24:45.392Z [INFO]  Starting apply for module.vm["prdyzsecfgtvm01"].google_compute_instance.default
2024-04-03T06:25:11.076Z [INFO]  Starting apply for random_string.api_key
2024-04-03T06:25:11.092Z [INFO]  Starting apply for module.disk["prdyzsecfgtvm01-log-disk01"].google_compute_disk.disk
2024-04-03T06:25:11.093Z [INFO]  Starting apply for module.disk["prdyzsecfgtvm02-log-disk01"].google_compute_disk.disk
2024-04-03T06:25:15.212Z [INFO]  Starting apply for module.nat["gcp-yyz-prd-inf-cnat-01"].google_compute_router_nat.nat
2024-04-03T06:25:19.557Z [INFO]  Starting apply for module.router["gcp-yyz-prd-inf-crtr-01"].google_compute_router.router
2024-04-03T06:25:34.265Z [INFO]  Starting apply for module.regional_address["gcp-yyz-fgt-int-priv-ip-01"].google_compute_address.default
2024-04-03T06:25:34.266Z [INFO]  Starting apply for module.regional_address["gcp-yyz-fgt-ha-priv-ip-02"].google_compute_address.default
2024-04-03T06:25:34.267Z [INFO]  Starting apply for module.regional_address["gcp-yyz-fgt-out-priv-ip-02"].google_compute_address.default
2024-04-03T06:25:34.268Z [INFO]  Starting apply for module.regional_address["gcp-yyz-fgt-out-priv-ip-01"].google_compute_address.default
2024-04-03T06:25:34.269Z [INFO]  Starting apply for module.regional_address["gcp-yyz-fgt-mgmt-priv-ip-02"].google_compute_address.default
2024-04-03T06:25:34.269Z [INFO]  Starting apply for module.regional_address["gcp-yyz-fgt-ilb-priv-ip-01"].google_compute_address.default
2024-04-03T06:25:34.271Z [INFO]  Starting apply for module.regional_address["gcp-yyz-fgt-mgmt-priv-ip-01"].google_compute_address.default
2024-04-03T06:25:34.274Z [INFO]  Starting apply for module.regional_address["gcp-yyz-fgt-int-priv-ip-02"].google_compute_address.default
2024-04-03T06:25:34.274Z [INFO]  Starting apply for module.regional_address["gcp-yyz-fgt-ha-priv-ip-01"].google_compute_address.default
