2024-04-01T13:17:53.496Z [INFO]  Terraform version: 1.7.5
2024-04-01T13:17:53.496Z [INFO]  Go runtime version: go1.21.8
2024-04-01T13:17:53.496Z [INFO]  CLI args: []string{"terraform", "init", "-upgrade", "-backend-config=bucket=gcp-yyz-prd-inf-cloudautomation-sbuc-01", "-backend-config=prefix=automation/state-file"}
2024-04-01T13:17:53.497Z [INFO]  CLI command args: []string{"init", "-upgrade", "-backend-config=bucket=gcp-yyz-prd-inf-cloudautomation-sbuc-01", "-backend-config=prefix=automation/state-file"}
2024-04-01T13:18:01.457Z [INFO]  Terraform version: 1.7.5
2024-04-01T13:18:01.458Z [INFO]  Go runtime version: go1.21.8
2024-04-01T13:18:01.458Z [INFO]  CLI args: []string{"terraform", "plan", "-var=access_token=ya29.c.c0AY_VpZjAKOaDvv4KGyYX3sK0QPme42IUl5o3pLIPjY1LAhOSZH_-MUQ42EquyohWiWd6tBMV6RepfqxeEAH4BSQh9YYugnBl1SpCbi1PwDxV4SrzTmyua_oejd2zFwC4Z47taLcRaEOO2Va0oe7V-vaeReM5LmuYdeHGuIQRPafk1rKCrDPx9OIg78VcUrAOIz0YVCB8tbtcz41ass0khSqWD_jPGKyazFbW8CnAgt-tIXq7OW3deKkamL12sjyU6Hk10fpdc25_7YJQ14PX5m9auWFd0qf35SKB-89crgpd7hf_5v98GyIDzvNRqwaikSGVnVWBqGW8iPtUdwnc-knyrxWDl8t7oDn3096rCNXEPnwj0bml31iAtXwtX2tg-13f0OCNCYkOwrCejfm-AleBFVCKalLSAM2QC3jjcRZPrIu6E0F7ZeMFIllbGXFZ8VhibtybrVZQvpccsxWIjDncGqiuYxa3tomcl3tbFPRM1bEUvmvcMkaJmqJ-OYKOGpHnAFuL_9a7msVfriyUtDuQbDehclpDxZs0lym7Y2HCJCL9Yg_BVmNjwJnkC4IWxXVL7yH0nL2DcRn_1g5_8xjGp-MYFJlgWw9GTF0B_hIsc_9xdIjKFg4qhK4diDwGDHL8_tC3t9C08ujvRd_1wJO5tgPRtOEG1wE_MG9vL689ABxuRjxmmbYksa2jjj4tvw66JfhMIRc0jeyaky9xR0zVqQ59dZS4m10x_0lbYXMSV_ofygR759UkiamklOyaRw_0l_zJ2z8gtd8Jv1ekWrjWMs9yIi2zQfwXxM1eanqaeIVe8f0fzR07xdlexygg8dWSjBjjv-BI9tyrygUth00ynMnQ9W99kS6dRJf69cchju194pbQ3iyrdy77l56M-_YSMd8w63yoB5RsynIdvkiam_u8wfpdyQ8pbmmn5g8XZuIfbzpw9q4aiQrycpZ_3QzMM5zid_eldand21Y2fMqwkX-r58BO2hjV7qv_66loeVffuZpjvnQ", "-var=project_id=gcp-prj-inf-automation-prd-01", "-var-file=../input-file/project.tfvars", "-var-file=../input-file/budget.tfvars", "-var-file=../input-file/api.tfvars", "-var-file=../input-file/bucket.tfvars", "-var-file=../input-file/repo.tfvars", "-var-file=../input-file/sa.tfvars", "-var-file=../input-file/role.tfvars", "-out=../plan-file/automation-tf-plan.json"}
2024-04-01T13:18:01.458Z [INFO]  CLI command args: []string{"plan", "-var=access_token=ya29.c.c0AY_VpZjAKOaDvv4KGyYX3sK0QPme42IUl5o3pLIPjY1LAhOSZH_-MUQ42EquyohWiWd6tBMV6RepfqxeEAH4BSQh9YYugnBl1SpCbi1PwDxV4SrzTmyua_oejd2zFwC4Z47taLcRaEOO2Va0oe7V-vaeReM5LmuYdeHGuIQRPafk1rKCrDPx9OIg78VcUrAOIz0YVCB8tbtcz41ass0khSqWD_jPGKyazFbW8CnAgt-tIXq7OW3deKkamL12sjyU6Hk10fpdc25_7YJQ14PX5m9auWFd0qf35SKB-89crgpd7hf_5v98GyIDzvNRqwaikSGVnVWBqGW8iPtUdwnc-knyrxWDl8t7oDn3096rCNXEPnwj0bml31iAtXwtX2tg-13f0OCNCYkOwrCejfm-AleBFVCKalLSAM2QC3jjcRZPrIu6E0F7ZeMFIllbGXFZ8VhibtybrVZQvpccsxWIjDncGqiuYxa3tomcl3tbFPRM1bEUvmvcMkaJmqJ-OYKOGpHnAFuL_9a7msVfriyUtDuQbDehclpDxZs0lym7Y2HCJCL9Yg_BVmNjwJnkC4IWxXVL7yH0nL2DcRn_1g5_8xjGp-MYFJlgWw9GTF0B_hIsc_9xdIjKFg4qhK4diDwGDHL8_tC3t9C08ujvRd_1wJO5tgPRtOEG1wE_MG9vL689ABxuRjxmmbYksa2jjj4tvw66JfhMIRc0jeyaky9xR0zVqQ59dZS4m10x_0lbYXMSV_ofygR759UkiamklOyaRw_0l_zJ2z8gtd8Jv1ekWrjWMs9yIi2zQfwXxM1eanqaeIVe8f0fzR07xdlexygg8dWSjBjjv-BI9tyrygUth00ynMnQ9W99kS6dRJf69cchju194pbQ3iyrdy77l56M-_YSMd8w63yoB5RsynIdvkiam_u8wfpdyQ8pbmmn5g8XZuIfbzpw9q4aiQrycpZ_3QzMM5zid_eldand21Y2fMqwkX-r58BO2hjV7qv_66loeVffuZpjvnQ", "-var=project_id=gcp-prj-inf-automation-prd-01", "-var-file=../input-file/project.tfvars", "-var-file=../input-file/budget.tfvars", "-var-file=../input-file/api.tfvars", "-var-file=../input-file/bucket.tfvars", "-var-file=../input-file/repo.tfvars", "-var-file=../input-file/sa.tfvars", "-var-file=../input-file/role.tfvars", "-out=../plan-file/automation-tf-plan.json"}
2024-04-01T13:18:02.432Z [INFO]  backend/local: starting Plan operation
2024-04-01T13:18:03.657Z [INFO]  provider: configuring client automatic mTLS
2024-04-01T13:18:03.737Z [INFO]  provider.terraform-provider-google_v5.22.0_x5: configuring server automatic mTLS: timestamp=2024-04-01T13:18:03.737Z
2024-04-01T13:18:04.181Z [INFO]  provider: configuring client automatic mTLS
2024-04-01T13:18:04.256Z [INFO]  provider.terraform-provider-google-beta_v5.22.0_x5: configuring server automatic mTLS: timestamp=2024-04-01T13:18:04.254Z
2024-04-01T13:18:04.635Z [INFO]  provider: configuring client automatic mTLS
2024-04-01T13:18:04.703Z [INFO]  provider.terraform-provider-google_v5.22.0_x5: configuring server automatic mTLS: timestamp=2024-04-01T13:18:04.703Z
2024-04-01T13:18:04.854Z [INFO]  backend/local: plan calling Plan
2024-04-01T13:18:04.875Z [INFO]  provider: configuring client automatic mTLS
2024-04-01T13:18:04.962Z [INFO]  provider.terraform-provider-google_v5.22.0_x5: configuring server automatic mTLS: timestamp=2024-04-01T13:18:04.962Z
2024-04-01T13:18:05.100Z [INFO]  provider.terraform-provider-google_v5.22.0_x5: Authenticating using configured Google JSON 'access_token'...: @caller=github.com/hashicorp/terraform-provider-google/google/fwtransport/framework_config.go:1721 tf_rpc=ConfigureProvider tf_req_id=af865b54-ea1a-b537-c691-715ac97893dd @module=google tf_mux_provider="*proto5server.Server" tf_provider_addr=registry.terraform.io/hashicorp/google timestamp=2024-04-01T13:18:05.100Z
2024-04-01T13:18:05.100Z [INFO]  provider.terraform-provider-google_v5.22.0_x5:   -- Scopes: [https://www.googleapis.com/auth/cloud-platform https://www.googleapis.com/auth/userinfo.email]: tf_mux_provider="*proto5server.Server" @module=google tf_provider_addr=registry.terraform.io/hashicorp/google tf_req_id=af865b54-ea1a-b537-c691-715ac97893dd tf_rpc=ConfigureProvider @caller=github.com/hashicorp/terraform-provider-google/google/fwtransport/framework_config.go:1722 timestamp=2024-04-01T13:18:05.100Z
2024-04-01T13:18:05.100Z [INFO]  provider.terraform-provider-google_v5.22.0_x5: Authenticating using configured Google JSON 'access_token'...: @caller=github.com/hashicorp/terraform-provider-google/google/fwtransport/framework_config.go:1721 tf_provider_addr=registry.terraform.io/hashicorp/google tf_req_id=af865b54-ea1a-b537-c691-715ac97893dd @module=google tf_mux_provider="*proto5server.Server" tf_rpc=ConfigureProvider timestamp=2024-04-01T13:18:05.100Z
2024-04-01T13:18:05.100Z [INFO]  provider.terraform-provider-google_v5.22.0_x5:   -- Scopes: [https://www.googleapis.com/auth/cloud-platform https://www.googleapis.com/auth/userinfo.email]: tf_mux_provider="*proto5server.Server" tf_provider_addr=registry.terraform.io/hashicorp/google tf_req_id=af865b54-ea1a-b537-c691-715ac97893dd tf_rpc=ConfigureProvider @caller=github.com/hashicorp/terraform-provider-google/google/fwtransport/framework_config.go:1722 @module=google timestamp=2024-04-01T13:18:05.100Z
2024-04-01T13:18:05.159Z [INFO]  provider.terraform-provider-google_v5.22.0_x5: Terraform is using this identity: svc-cloudautomation@gcp-prj-inf-automation-prd-01.iam.gserviceaccount.com: @caller=github.com/hashicorp/terraform-provider-google/google/fwtransport/framework_config.go:1641 tf_mux_provider="*proto5server.Server" tf_req_id=af865b54-ea1a-b537-c691-715ac97893dd @module=google tf_provider_addr=registry.terraform.io/hashicorp/google tf_rpc=ConfigureProvider timestamp=2024-04-01T13:18:05.159Z
2024-04-01T13:18:05.559Z [WARN]  Provider "registry.terraform.io/hashicorp/google" produced an invalid plan for module.sa["svc-cloudautomation"].google_service_account.account, but we are tolerating it because it is using the legacy plugin SDK.
    The following problems may be the cause of any confusing errors from downstream operations:
      - .create_ignore_already_exists: planned value cty.NullVal(cty.Bool) does not match config value cty.False
2024-04-01T13:18:09.740Z [WARN]  Provider "registry.terraform.io/hashicorp/google" produced an invalid plan for module.project["gcp-prj-inf-automation-prd-01"].google_project.project, but we are tolerating it because it is using the legacy plugin SDK.
    The following problems may be the cause of any confusing errors from downstream operations:
      - .org_id: planned value cty.StringVal("") for a non-computed attribute
2024-04-01T13:18:09.840Z [WARN]  Provider "registry.terraform.io/hashicorp/google" produced an unexpected new value for module.repo["gcp-yyz-prd-inf-cloudautomation-modules-srep-01"].google_sourcerepo_repository.repo during refresh.
      - .size: was cty.NumberIntVal(66558), but now cty.NumberIntVal(69671)
2024-04-01T13:18:09.841Z [WARN]  Provider "registry.terraform.io/hashicorp/google" produced an unexpected new value for module.repo["gcp-yyz-prd-inf-cloudautomation-templates-srep-01"].google_sourcerepo_repository.repo during refresh.
      - .size: was cty.NumberIntVal(605666), but now cty.NumberIntVal(677010)
2024-04-01T13:18:10.022Z [WARN]  Provider "registry.terraform.io/hashicorp/google" produced an invalid plan for module.billing_budget["gcp-prj-inf-automation-prd-01-budget-01"].google_monitoring_notification_channel.budget_notify, but we are tolerating it because it is using the legacy plugin SDK.
    The following problems may be the cause of any confusing errors from downstream operations:
      - .description: planned value cty.StringVal("") for a non-computed attribute
      - .enabled: planned value cty.True for a non-computed attribute
      - .force_delete: planned value cty.False for a non-computed attribute
      - .user_labels: planned value cty.MapValEmpty(cty.String) for a non-computed attribute
2024-04-01T13:18:10.151Z [WARN]  Provider "registry.terraform.io/hashicorp/google" produced an unexpected new value for module.role["inf_automation_crl_role_01"].google_organization_iam_custom_role.role during refresh.
      - .permissions: actual set element cty.StringVal("serviceusage.services.get") does not correlate with any element in plan
      - .permissions: actual set element cty.StringVal("serviceusage.services.list") does not correlate with any element in plan
      - .permissions: length changed from 49 to 51
2024-04-01T13:18:11.100Z [WARN]  Provider "registry.terraform.io/hashicorp/google" produced an unexpected new value for module.billing_budget["gcp-prj-inf-automation-prd-01-budget-01"].google_billing_budget.budget during refresh.
      - .budget_filter[0].projects: planned set element cty.StringVal("projects/gcp-prj-inf-automation-prd-01") does not correlate with any element in actual
2024-04-01T13:18:11.112Z [WARN]  Provider "registry.terraform.io/hashicorp/google" produced an invalid plan for module.billing_budget["gcp-prj-inf-automation-prd-01-budget-01"].google_billing_budget.budget, but we are tolerating it because it is using the legacy plugin SDK.
    The following problems may be the cause of any confusing errors from downstream operations:
      - .all_updates_rule[0].pubsub_topic: planned value cty.StringVal("") for a non-computed attribute
      - .all_updates_rule[0].schema_version: planned value cty.StringVal("1.0") for a non-computed attribute
      - .amount[0].last_period_amount: planned value cty.False for a non-computed attribute
      - .amount[0].specified_amount[0].nanos: planned value cty.NumberIntVal(0) for a non-computed attribute
      - .budget_filter[0].resource_ancestors: planned value cty.SetValEmpty(cty.String) for a non-computed attribute
      - .budget_filter[0].calendar_period: planned value cty.StringVal("MONTH") for a non-computed attribute
      - .threshold_rules[0].spend_basis: planned value cty.StringVal("CURRENT_SPEND") for a non-computed attribute
      - .threshold_rules[1].spend_basis: planned value cty.StringVal("CURRENT_SPEND") for a non-computed attribute
      - .threshold_rules[2].spend_basis: planned value cty.StringVal("CURRENT_SPEND") for a non-computed attribute
      - .threshold_rules[3].spend_basis: planned value cty.StringVal("CURRENT_SPEND") for a non-computed attribute
2024-04-01T13:18:14.581Z [WARN]  Provider "registry.terraform.io/hashicorp/google" produced an invalid plan for module.apis["gcp-prj-inf-automation-prd-01"].google_project_service.gcp_apis["cloudbilling.googleapis.com"], but we are tolerating it because it is using the legacy plugin SDK.
    The following problems may be the cause of any confusing errors from downstream operations:
      - .disable_dependent_services: planned value cty.NullVal(cty.Bool) does not match config value cty.False
      - .disable_on_destroy: planned value cty.NullVal(cty.Bool) does not match config value cty.False
2024-04-01T13:18:14.582Z [WARN]  Provider "registry.terraform.io/hashicorp/google" produced an invalid plan for module.apis["gcp-prj-inf-automation-prd-01"].google_project_service.gcp_apis["iam.googleapis.com"], but we are tolerating it because it is using the legacy plugin SDK.
    The following problems may be the cause of any confusing errors from downstream operations:
      - .disable_on_destroy: planned value cty.NullVal(cty.Bool) does not match config value cty.False
      - .disable_dependent_services: planned value cty.NullVal(cty.Bool) does not match config value cty.False
2024-04-01T13:18:14.582Z [WARN]  Provider "registry.terraform.io/hashicorp/google" produced an invalid plan for module.apis["gcp-prj-inf-automation-prd-01"].google_project_service.gcp_apis["billingbudgets.googleapis.com"], but we are tolerating it because it is using the legacy plugin SDK.
    The following problems may be the cause of any confusing errors from downstream operations:
      - .disable_on_destroy: planned value cty.NullVal(cty.Bool) does not match config value cty.False
      - .disable_dependent_services: planned value cty.NullVal(cty.Bool) does not match config value cty.False
2024-04-01T13:18:14.583Z [WARN]  Provider "registry.terraform.io/hashicorp/google" produced an invalid plan for module.apis["gcp-prj-inf-automation-prd-01"].google_project_service.gcp_apis["cloudresourcemanager.googleapis.com"], but we are tolerating it because it is using the legacy plugin SDK.
    The following problems may be the cause of any confusing errors from downstream operations:
      - .disable_on_destroy: planned value cty.NullVal(cty.Bool) does not match config value cty.False
      - .disable_dependent_services: planned value cty.NullVal(cty.Bool) does not match config value cty.False
2024-04-01T13:18:14.817Z [WARN]  Provider "registry.terraform.io/hashicorp/google" produced an invalid plan for module.bucket["gcp-yyz-prd-inf-cloudautomation-sbuc-01"].google_storage_bucket.bucket, but we are tolerating it because it is using the legacy plugin SDK.
    The following problems may be the cause of any confusing errors from downstream operations:
      - .requester_pays: planned value cty.False for a non-computed attribute
      - .default_event_based_hold: planned value cty.False for a non-computed attribute
      - .enable_object_retention: planned value cty.False for a non-computed attribute
      - .soft_delete_policy: block count in plan (1) disagrees with count in config (0)
2024-04-01T13:18:14.851Z [INFO]  backend/local: plan operation completed
2024-04-01T13:18:14.851Z [INFO]  backend/local: writing plan output to: ../plan-file/automation-tf-plan.json
2024-04-01T13:18:27.791Z [INFO]  Terraform version: 1.7.5
2024-04-01T13:18:27.792Z [INFO]  Go runtime version: go1.21.8
2024-04-01T13:18:27.792Z [INFO]  CLI args: []string{"terraform", "apply", "../plan-file/automation-tf-plan.json"}
2024-04-01T13:18:27.793Z [INFO]  CLI command args: []string{"apply", "../plan-file/automation-tf-plan.json"}
2024-04-01T13:18:28.552Z [INFO]  backend/local: starting Apply operation
2024-04-01T13:18:29.765Z [INFO]  provider: configuring client automatic mTLS
2024-04-01T13:18:29.852Z [INFO]  provider.terraform-provider-google_v5.22.0_x5: configuring server automatic mTLS: timestamp=2024-04-01T13:18:29.851Z
2024-04-01T13:18:30.111Z [INFO]  provider: configuring client automatic mTLS
2024-04-01T13:18:30.178Z [INFO]  provider.terraform-provider-google-beta_v5.22.0_x5: configuring server automatic mTLS: timestamp=2024-04-01T13:18:30.177Z
2024-04-01T13:18:30.484Z [INFO]  backend/local: apply calling Apply
2024-04-01T13:18:30.500Z [INFO]  provider: configuring client automatic mTLS
2024-04-01T13:18:30.561Z [INFO]  provider.terraform-provider-google_v5.22.0_x5: configuring server automatic mTLS: timestamp=2024-04-01T13:18:30.561Z
2024-04-01T13:18:30.651Z [INFO]  provider.terraform-provider-google_v5.22.0_x5: Authenticating using configured Google JSON 'access_token'...: tf_mux_provider="*proto5server.Server" tf_req_id=0edd703a-432c-5da0-a963-8abcfd14b063 @module=google tf_provider_addr=registry.terraform.io/hashicorp/google tf_rpc=ConfigureProvider @caller=github.com/hashicorp/terraform-provider-google/google/fwtransport/framework_config.go:1721 timestamp=2024-04-01T13:18:30.651Z
2024-04-01T13:18:30.651Z [INFO]  provider.terraform-provider-google_v5.22.0_x5:   -- Scopes: [https://www.googleapis.com/auth/cloud-platform https://www.googleapis.com/auth/userinfo.email]: @caller=github.com/hashicorp/terraform-provider-google/google/fwtransport/framework_config.go:1722 @module=google tf_mux_provider="*proto5server.Server" tf_provider_addr=registry.terraform.io/hashicorp/google tf_req_id=0edd703a-432c-5da0-a963-8abcfd14b063 tf_rpc=ConfigureProvider timestamp=2024-04-01T13:18:30.651Z
2024-04-01T13:18:30.651Z [INFO]  provider.terraform-provider-google_v5.22.0_x5: Authenticating using configured Google JSON 'access_token'...: tf_mux_provider="*proto5server.Server" tf_provider_addr=registry.terraform.io/hashicorp/google tf_req_id=0edd703a-432c-5da0-a963-8abcfd14b063 @caller=github.com/hashicorp/terraform-provider-google/google/fwtransport/framework_config.go:1721 @module=google tf_rpc=ConfigureProvider timestamp=2024-04-01T13:18:30.651Z
2024-04-01T13:18:30.651Z [INFO]  provider.terraform-provider-google_v5.22.0_x5:   -- Scopes: [https://www.googleapis.com/auth/cloud-platform https://www.googleapis.com/auth/userinfo.email]: @caller=github.com/hashicorp/terraform-provider-google/google/fwtransport/framework_config.go:1722 @module=google tf_mux_provider="*proto5server.Server" tf_provider_addr=registry.terraform.io/hashicorp/google tf_req_id=0edd703a-432c-5da0-a963-8abcfd14b063 tf_rpc=ConfigureProvider timestamp=2024-04-01T13:18:30.651Z
2024-04-01T13:18:30.740Z [INFO]  provider.terraform-provider-google_v5.22.0_x5: Terraform is using this identity: svc-cloudautomation@gcp-prj-inf-automation-prd-01.iam.gserviceaccount.com: @module=google tf_mux_provider="*proto5server.Server" tf_provider_addr=registry.terraform.io/hashicorp/google tf_rpc=ConfigureProvider @caller=github.com/hashicorp/terraform-provider-google/google/fwtransport/framework_config.go:1641 tf_req_id=0edd703a-432c-5da0-a963-8abcfd14b063 timestamp=2024-04-01T13:18:30.740Z
2024-04-01T13:18:30.791Z [WARN]  Provider "registry.terraform.io/hashicorp/google" produced an invalid plan for module.billing_budget["gcp-prj-inf-automation-prd-01-budget-01"].google_billing_budget.budget, but we are tolerating it because it is using the legacy plugin SDK.
    The following problems may be the cause of any confusing errors from downstream operations:
      - .budget_filter[0].resource_ancestors: planned value cty.SetValEmpty(cty.String) for a non-computed attribute
      - .budget_filter[0].calendar_period: planned value cty.StringVal("MONTH") for a non-computed attribute
      - .threshold_rules[0].spend_basis: planned value cty.StringVal("CURRENT_SPEND") for a non-computed attribute
      - .threshold_rules[1].spend_basis: planned value cty.StringVal("CURRENT_SPEND") for a non-computed attribute
      - .threshold_rules[2].spend_basis: planned value cty.StringVal("CURRENT_SPEND") for a non-computed attribute
      - .threshold_rules[3].spend_basis: planned value cty.StringVal("CURRENT_SPEND") for a non-computed attribute
      - .all_updates_rule[0].pubsub_topic: planned value cty.StringVal("") for a non-computed attribute
      - .all_updates_rule[0].schema_version: planned value cty.StringVal("1.0") for a non-computed attribute
      - .amount[0].last_period_amount: planned value cty.False for a non-computed attribute
      - .amount[0].specified_amount[0].nanos: planned value cty.NumberIntVal(0) for a non-computed attribute
2024-04-01T13:18:30.791Z [INFO]  Starting apply for module.billing_budget["gcp-prj-inf-automation-prd-01-budget-01"].google_billing_budget.budget
2024-04-01T13:18:34.047Z [INFO]  Terraform version: 1.7.5
2024-04-01T13:18:34.047Z [INFO]  Go runtime version: go1.21.8
2024-04-01T13:18:34.047Z [INFO]  CLI args: []string{"terraform", "output", "-json"}
2024-04-01T13:18:34.048Z [INFO]  CLI command args: []string{"output", "-json"}
