2024-04-01T13:15:52.742Z [INFO]  Terraform version: 1.7.5
2024-04-01T13:15:52.742Z [INFO]  Go runtime version: go1.21.8
2024-04-01T13:15:52.742Z [INFO]  CLI args: []string{"terraform", "init", "-upgrade", "-backend-config=bucket=gcp-yyz-prd-inf-cloudautomation-sbuc-01", "-backend-config=prefix=automation/state-file"}
2024-04-01T13:15:52.743Z [INFO]  CLI command args: []string{"init", "-upgrade", "-backend-config=bucket=gcp-yyz-prd-inf-cloudautomation-sbuc-01", "-backend-config=prefix=automation/state-file"}
2024-04-01T13:16:00.857Z [INFO]  Terraform version: 1.7.5
2024-04-01T13:16:00.857Z [INFO]  Go runtime version: go1.21.8
2024-04-01T13:16:00.857Z [INFO]  CLI args: []string{"terraform", "plan", "-var=access_token=ya29.c.c0AY_VpZidoHn15odbZyOZcjQ3omaKMZyWBJOG_ONxSTjOyxK_CexjOCXVp0WXhGMoYd5lRFyYmNkKBjixZRH0p3vMDqzkLpRROgSu77_5BqwX8z3WThC_BdzCIxrSGqlp2MVDJRFT9L4OSh-tgm8GnVyyOP2y-ad6Br5Lp1CjKMMwwlJ3wl87IfAznBcDojqo-PZKIJuC5Fg2hjFI6HoG-rbNVbQaRan9udLBmA0Z8uwTJDcpW0wSZaBgRbMELGSkOSBJerqFFPuqvPFb7Wn6JtLVEqznTn5Mvaq28Qsv4EOGb4qIl0pUquC4nlYRQ-g3VxeNXLVTP4TJ_brOQ5JriAF2-2wKb1AKI5jb9SxI-1-yd_aHzY_GVjP5Q7W8vr09TpxDJp9vYb1fD8K4OVtbe-JbdCfJX8_H6_ElmLdGh2WIl0BQgXGmvR_DCqpOyD9BTMI5NAMmpx30t7oGSPqge28ZICxNR1QcZWi7EMc4CYq0QTI7uw4HEVchKutNhfr7wdQQlovYZxqCf5O83zbRtp7KFUMf6HBt3L3OuUR_f739-RKWuzkMKKUaAs0zIga2S-y4gDZYXpZZ3LDZNGqEQ1oMPw7w_4DywrfN7a6R8EJLHbKgOAEBFSs-K-iG8oESqNu_5gn1A3OdHCDJyYSChwmJaoNYv--My6sIjjJkpgG691DWpFg9q4uyMJXOpdO2Z4I8I3jeSQ6n_otiFlwlzY1jhVWFbu0uaSX-rtzgf-QXrJUd4ullVgY8i3nSm7YRjJh948frz_I5qF4OQR__3dFq78XJf-Bd0s8y8mMcv_VtanygUgut38e-OqpUwm8f1nFJe1V5cm9WpRx2zVg99iawOadu-4WMvni3FxqxB9cs-kyV5vSgxb4v51YpFnMuek_8ilJ4xUfVouwU-t7iOMWkicrBzY3MXnmny1c5uzsrvcb9svzUokpjaZU6vsw3bO_vr7y44MYsu-WIWmke2IdZ3WJSfSX2iapi5f1YcQs15ZqdjRJknUm", "-var=project_id=gcp-prj-inf-automation-prd-01", "-var-file=../input-file/project.tfvars", "-var-file=../input-file/budget.tfvars", "-var-file=../input-file/api.tfvars", "-var-file=../input-file/bucket.tfvars", "-var-file=../input-file/repo.tfvars", "-var-file=../input-file/sa.tfvars", "-var-file=../input-file/role.tfvars", "-out=../plan-file/automation-tf-plan.json"}
2024-04-01T13:16:00.858Z [INFO]  CLI command args: []string{"plan", "-var=access_token=ya29.c.c0AY_VpZidoHn15odbZyOZcjQ3omaKMZyWBJOG_ONxSTjOyxK_CexjOCXVp0WXhGMoYd5lRFyYmNkKBjixZRH0p3vMDqzkLpRROgSu77_5BqwX8z3WThC_BdzCIxrSGqlp2MVDJRFT9L4OSh-tgm8GnVyyOP2y-ad6Br5Lp1CjKMMwwlJ3wl87IfAznBcDojqo-PZKIJuC5Fg2hjFI6HoG-rbNVbQaRan9udLBmA0Z8uwTJDcpW0wSZaBgRbMELGSkOSBJerqFFPuqvPFb7Wn6JtLVEqznTn5Mvaq28Qsv4EOGb4qIl0pUquC4nlYRQ-g3VxeNXLVTP4TJ_brOQ5JriAF2-2wKb1AKI5jb9SxI-1-yd_aHzY_GVjP5Q7W8vr09TpxDJp9vYb1fD8K4OVtbe-JbdCfJX8_H6_ElmLdGh2WIl0BQgXGmvR_DCqpOyD9BTMI5NAMmpx30t7oGSPqge28ZICxNR1QcZWi7EMc4CYq0QTI7uw4HEVchKutNhfr7wdQQlovYZxqCf5O83zbRtp7KFUMf6HBt3L3OuUR_f739-RKWuzkMKKUaAs0zIga2S-y4gDZYXpZZ3LDZNGqEQ1oMPw7w_4DywrfN7a6R8EJLHbKgOAEBFSs-K-iG8oESqNu_5gn1A3OdHCDJyYSChwmJaoNYv--My6sIjjJkpgG691DWpFg9q4uyMJXOpdO2Z4I8I3jeSQ6n_otiFlwlzY1jhVWFbu0uaSX-rtzgf-QXrJUd4ullVgY8i3nSm7YRjJh948frz_I5qF4OQR__3dFq78XJf-Bd0s8y8mMcv_VtanygUgut38e-OqpUwm8f1nFJe1V5cm9WpRx2zVg99iawOadu-4WMvni3FxqxB9cs-kyV5vSgxb4v51YpFnMuek_8ilJ4xUfVouwU-t7iOMWkicrBzY3MXnmny1c5uzsrvcb9svzUokpjaZU6vsw3bO_vr7y44MYsu-WIWmke2IdZ3WJSfSX2iapi5f1YcQs15ZqdjRJknUm", "-var=project_id=gcp-prj-inf-automation-prd-01", "-var-file=../input-file/project.tfvars", "-var-file=../input-file/budget.tfvars", "-var-file=../input-file/api.tfvars", "-var-file=../input-file/bucket.tfvars", "-var-file=../input-file/repo.tfvars", "-var-file=../input-file/sa.tfvars", "-var-file=../input-file/role.tfvars", "-out=../plan-file/automation-tf-plan.json"}
2024-04-01T13:16:01.738Z [INFO]  backend/local: starting Plan operation
2024-04-01T13:16:03.000Z [INFO]  provider: configuring client automatic mTLS
2024-04-01T13:16:03.075Z [INFO]  provider.terraform-provider-google_v5.22.0_x5: configuring server automatic mTLS: timestamp=2024-04-01T13:16:03.075Z
2024-04-01T13:16:03.338Z [INFO]  provider: configuring client automatic mTLS
2024-04-01T13:16:03.408Z [INFO]  provider.terraform-provider-google-beta_v5.22.0_x5: configuring server automatic mTLS: timestamp=2024-04-01T13:16:03.408Z
2024-04-01T13:16:03.748Z [INFO]  provider: configuring client automatic mTLS
2024-04-01T13:16:03.809Z [INFO]  provider.terraform-provider-google_v5.22.0_x5: configuring server automatic mTLS: timestamp=2024-04-01T13:16:03.809Z
2024-04-01T13:16:03.920Z [INFO]  backend/local: plan calling Plan
2024-04-01T13:16:03.936Z [INFO]  provider: configuring client automatic mTLS
2024-04-01T13:16:04.001Z [INFO]  provider.terraform-provider-google_v5.22.0_x5: configuring server automatic mTLS: timestamp=2024-04-01T13:16:04.001Z
2024-04-01T13:16:04.082Z [INFO]  provider.terraform-provider-google_v5.22.0_x5: Authenticating using configured Google JSON 'access_token'...: @module=google tf_mux_provider="*proto5server.Server" tf_provider_addr=registry.terraform.io/hashicorp/google tf_req_id=c7d07b30-fdfa-30ea-80ff-de6ea07dc9a1 tf_rpc=ConfigureProvider @caller=github.com/hashicorp/terraform-provider-google/google/fwtransport/framework_config.go:1721 timestamp=2024-04-01T13:16:04.082Z
2024-04-01T13:16:04.083Z [INFO]  provider.terraform-provider-google_v5.22.0_x5:   -- Scopes: [https://www.googleapis.com/auth/cloud-platform https://www.googleapis.com/auth/userinfo.email]: @caller=github.com/hashicorp/terraform-provider-google/google/fwtransport/framework_config.go:1722 @module=google tf_mux_provider="*proto5server.Server" tf_provider_addr=registry.terraform.io/hashicorp/google tf_req_id=c7d07b30-fdfa-30ea-80ff-de6ea07dc9a1 tf_rpc=ConfigureProvider timestamp=2024-04-01T13:16:04.082Z
2024-04-01T13:16:04.083Z [INFO]  provider.terraform-provider-google_v5.22.0_x5: Authenticating using configured Google JSON 'access_token'...: @module=google tf_mux_provider="*proto5server.Server" tf_provider_addr=registry.terraform.io/hashicorp/google tf_rpc=ConfigureProvider @caller=github.com/hashicorp/terraform-provider-google/google/fwtransport/framework_config.go:1721 tf_req_id=c7d07b30-fdfa-30ea-80ff-de6ea07dc9a1 timestamp=2024-04-01T13:16:04.082Z
2024-04-01T13:16:04.083Z [INFO]  provider.terraform-provider-google_v5.22.0_x5:   -- Scopes: [https://www.googleapis.com/auth/cloud-platform https://www.googleapis.com/auth/userinfo.email]: @caller=github.com/hashicorp/terraform-provider-google/google/fwtransport/framework_config.go:1722 @module=google tf_req_id=c7d07b30-fdfa-30ea-80ff-de6ea07dc9a1 tf_rpc=ConfigureProvider tf_mux_provider="*proto5server.Server" tf_provider_addr=registry.terraform.io/hashicorp/google timestamp=2024-04-01T13:16:04.082Z
2024-04-01T13:16:04.172Z [INFO]  provider.terraform-provider-google_v5.22.0_x5: Terraform is using this identity: svc-cloudautomation@gcp-prj-inf-automation-prd-01.iam.gserviceaccount.com: @caller=github.com/hashicorp/terraform-provider-google/google/fwtransport/framework_config.go:1641 tf_mux_provider="*proto5server.Server" @module=google tf_provider_addr=registry.terraform.io/hashicorp/google tf_req_id=c7d07b30-fdfa-30ea-80ff-de6ea07dc9a1 tf_rpc=ConfigureProvider timestamp=2024-04-01T13:16:04.172Z
2024-04-01T13:16:05.587Z [WARN]  Provider "registry.terraform.io/hashicorp/google" produced an invalid plan for module.sa["svc-cloudautomation"].google_service_account.account, but we are tolerating it because it is using the legacy plugin SDK.
    The following problems may be the cause of any confusing errors from downstream operations:
      - .create_ignore_already_exists: planned value cty.NullVal(cty.Bool) does not match config value cty.False
2024-04-01T13:16:08.485Z [WARN]  Provider "registry.terraform.io/hashicorp/google" produced an invalid plan for module.project["gcp-prj-inf-automation-prd-01"].google_project.project, but we are tolerating it because it is using the legacy plugin SDK.
    The following problems may be the cause of any confusing errors from downstream operations:
      - .org_id: planned value cty.StringVal("") for a non-computed attribute
2024-04-01T13:16:08.580Z [WARN]  Provider "registry.terraform.io/hashicorp/google" produced an unexpected new value for module.repo["gcp-yyz-prd-inf-cloudautomation-templates-srep-01"].google_sourcerepo_repository.repo during refresh.
      - .size: was cty.NumberIntVal(605666), but now cty.NumberIntVal(677010)
2024-04-01T13:16:08.596Z [WARN]  Provider "registry.terraform.io/hashicorp/google" produced an unexpected new value for module.repo["gcp-yyz-prd-inf-cloudautomation-modules-srep-01"].google_sourcerepo_repository.repo during refresh.
      - .size: was cty.NumberIntVal(66558), but now cty.NumberIntVal(69671)
2024-04-01T13:16:08.798Z [WARN]  Provider "registry.terraform.io/hashicorp/google" produced an invalid plan for module.billing_budget["gcp-prj-inf-automation-prd-01-budget-01"].google_monitoring_notification_channel.budget_notify, but we are tolerating it because it is using the legacy plugin SDK.
    The following problems may be the cause of any confusing errors from downstream operations:
      - .description: planned value cty.StringVal("") for a non-computed attribute
      - .enabled: planned value cty.True for a non-computed attribute
      - .force_delete: planned value cty.False for a non-computed attribute
      - .user_labels: planned value cty.MapValEmpty(cty.String) for a non-computed attribute
2024-04-01T13:16:09.894Z [WARN]  Provider "registry.terraform.io/hashicorp/google" produced an unexpected new value for module.billing_budget["gcp-prj-inf-automation-prd-01-budget-01"].google_billing_budget.budget during refresh.
      - .budget_filter[0].projects: planned set element cty.StringVal("projects/gcp-prj-inf-automation-prd-01") does not correlate with any element in actual
2024-04-01T13:16:09.902Z [WARN]  Provider "registry.terraform.io/hashicorp/google" produced an invalid plan for module.billing_budget["gcp-prj-inf-automation-prd-01-budget-01"].google_billing_budget.budget, but we are tolerating it because it is using the legacy plugin SDK.
    The following problems may be the cause of any confusing errors from downstream operations:
      - .all_updates_rule[0].pubsub_topic: planned value cty.StringVal("") for a non-computed attribute
      - .all_updates_rule[0].schema_version: planned value cty.StringVal("1.0") for a non-computed attribute
      - .amount[0].last_period_amount: planned value cty.False for a non-computed attribute
      - .amount[0].specified_amount[0].nanos: planned value cty.NumberIntVal(0) for a non-computed attribute
      - .budget_filter[0].resource_ancestors: planned value cty.SetValEmpty(cty.String) for a non-computed attribute
      - .budget_filter[0].calendar_period: planned value cty.StringVal("MONTH") for a non-computed attribute
      - .threshold_rules[0].spend_basis: planned value cty.StringVal("CURRENT_SPEND") for a non-computed attribute
      - .threshold_rules[1].spend_basis: planned value cty.StringVal("CURRENT_SPEND") for a non-computed attribute
      - .threshold_rules[2].spend_basis: planned value cty.StringVal("CURRENT_SPEND") for a non-computed attribute
      - .threshold_rules[3].spend_basis: planned value cty.StringVal("CURRENT_SPEND") for a non-computed attribute
2024-04-01T13:16:09.923Z [WARN]  Provider "registry.terraform.io/hashicorp/google" produced an unexpected new value for module.role["inf_automation_crl_role_01"].google_organization_iam_custom_role.role during refresh.
      - .permissions: actual set element cty.StringVal("serviceusage.services.get") does not correlate with any element in plan
      - .permissions: actual set element cty.StringVal("serviceusage.services.list") does not correlate with any element in plan
      - .permissions: length changed from 49 to 51
2024-04-01T13:16:13.356Z [WARN]  Provider "registry.terraform.io/hashicorp/google" produced an invalid plan for module.apis["gcp-prj-inf-automation-prd-01"].google_project_service.gcp_apis["billingbudgets.googleapis.com"], but we are tolerating it because it is using the legacy plugin SDK.
    The following problems may be the cause of any confusing errors from downstream operations:
      - .disable_on_destroy: planned value cty.True for a non-computed attribute
2024-04-01T13:16:13.357Z [WARN]  Provider "registry.terraform.io/hashicorp/google" produced an invalid plan for module.apis["gcp-prj-inf-automation-prd-01"].google_project_service.gcp_apis["cloudresourcemanager.googleapis.com"], but we are tolerating it because it is using the legacy plugin SDK.
    The following problems may be the cause of any confusing errors from downstream operations:
      - .disable_on_destroy: planned value cty.True for a non-computed attribute
2024-04-01T13:16:13.358Z [WARN]  Provider "registry.terraform.io/hashicorp/google" produced an invalid plan for module.apis["gcp-prj-inf-automation-prd-01"].google_project_service.gcp_apis["cloudbilling.googleapis.com"], but we are tolerating it because it is using the legacy plugin SDK.
    The following problems may be the cause of any confusing errors from downstream operations:
      - .disable_on_destroy: planned value cty.True for a non-computed attribute
2024-04-01T13:16:13.358Z [WARN]  Provider "registry.terraform.io/hashicorp/google" produced an invalid plan for module.apis["gcp-prj-inf-automation-prd-01"].google_project_service.gcp_apis["iam.googleapis.com"], but we are tolerating it because it is using the legacy plugin SDK.
    The following problems may be the cause of any confusing errors from downstream operations:
      - .disable_on_destroy: planned value cty.True for a non-computed attribute
2024-04-01T13:16:13.597Z [WARN]  Provider "registry.terraform.io/hashicorp/google" produced an invalid plan for module.bucket["gcp-yyz-prd-inf-cloudautomation-sbuc-01"].google_storage_bucket.bucket, but we are tolerating it because it is using the legacy plugin SDK.
    The following problems may be the cause of any confusing errors from downstream operations:
      - .default_event_based_hold: planned value cty.False for a non-computed attribute
      - .enable_object_retention: planned value cty.False for a non-computed attribute
      - .requester_pays: planned value cty.False for a non-computed attribute
      - .soft_delete_policy: block count in plan (1) disagrees with count in config (0)
2024-04-01T13:16:13.635Z [INFO]  backend/local: plan operation completed
2024-04-01T13:16:13.635Z [INFO]  backend/local: writing plan output to: ../plan-file/automation-tf-plan.json
