2024-03-31T19:14:41.263Z [INFO]  Terraform version: 1.7.5
2024-03-31T19:14:41.264Z [INFO]  Go runtime version: go1.21.8
2024-03-31T19:14:41.264Z [INFO]  CLI args: []string{"terraform", "init", "-upgrade", "-backend-config=bucket=gcp-yyz-prd-inf-cloudautomation-sbuc-01", "-backend-config=prefix=automation/state-file"}
2024-03-31T19:14:41.265Z [INFO]  CLI command args: []string{"init", "-upgrade", "-backend-config=bucket=gcp-yyz-prd-inf-cloudautomation-sbuc-01", "-backend-config=prefix=automation/state-file"}
2024-03-31T19:14:52.356Z [INFO]  Terraform version: 1.7.5
2024-03-31T19:14:52.356Z [INFO]  Go runtime version: go1.21.8
2024-03-31T19:14:52.356Z [INFO]  CLI args: []string{"terraform", "import", "-var=access_token=ya29.c.c0AY_VpZhHVye5AkxcoZG4KemkjO2BByRS9Egjog6MzWT6P9Ap8le39eNO1ByANWaOWNVZ0Is9dSNwURwYeFoKzgzJBxf0e8DLeHqg74-EPk3jkZbDfQbh2SYVIHAtQkPVD61DCq-8CE0dD--rJMcZ9Ma_JPWBzV-5BHiXVbf2t39EyFBm6XANXRqaVbxSJ-gP2L1cD9zDZacvg7yEOMzDSrceWO6l-5a8ZrtlFXz_r6AuJtsLhu4VG4fDlgF3ZqNVq2FP5uNGhthqELjasCaUvXKyudGe1V7YUcSkxE8FYg5qtBO9NCtWbKFJCXiZ5PJ2EO8kPQpDI6zib95LSYvVkRKcNuld2ZgAEEaaBRHdjQplPbYI9JtUowe54PEwFVPsriQZhwNVVmOt3IprF1DsuFsHJwlOQVQ3cQd-g-EaKpaVXEsPMKk21e4-pjzyaXxjW1Pq4_QL8UtRHmLz_9xsH39iXvGH3dkMyQIpAFfm6dtNi-y-X1mf6_a-Ljlgb5TL2SSssu8zzLMglL005yJaSA-g98XHuQB-0m7GIDdnO9j5hwgcD5QHxRU432z21RQZtd_-A5bFzW4AN7hkU1JI4wrs1EOOaXi72kDpzqOETfEBA8mbOTXqBrGeDLr_PIXT08czx9cGiSVlbG285ZJaMeEzykZnCwgy7FwpoR-wz6cL692KBpmk1o3rqRF6F_tXZsdbOUYrljZ277MuS-02W5njFYnJ4rztOMdzBQbJnXOtcRehxngtVfi3oug_MOZftOjlX_XwQldjVjXWUyI0hmZqM6QqwFigokZqB6nwZ57JMSX82zSe7Xdv3Ybbq0z1ZVw83l2cyczUZQz4_v4OO57vl47WknbsY7RQ8kFf77SR8okvSmBdYnX4jkhn9e7hsq9n1ggya0d356tIBM3b6gh6u5ZQoMpWrk1yIU-vuubcrIfzQbIc4_3c02I20mgOk54m7u4OZ3ZRSzFYFFew4uqlQXwtcm57QQoq81Ud5WguFo6fbJO7MJI", "-var=project_id=gcp-prj-inf-automation-prd-01", "-var-file=../input-file/project.tfvars", "-var-file=../input-file/budget.tfvars", "-var-file=../input-file/api.tfvars", "-var-file=../input-file/bucket.tfvars", "-var-file=../input-file/repo.tfvars", "-var-file=../input-file/sa.tfvars", "module.sa[\"svc-cloudautomation\"].google_service_account.account", "projects/gcp-prj-inf-automation-prd-01/serviceAccounts/svc-cloudautomation@gcp-prj-inf-automation-prd-01.iam.gserviceaccount.com"}
2024-03-31T19:14:52.357Z [INFO]  CLI command args: []string{"import", "-var=access_token=ya29.c.c0AY_VpZhHVye5AkxcoZG4KemkjO2BByRS9Egjog6MzWT6P9Ap8le39eNO1ByANWaOWNVZ0Is9dSNwURwYeFoKzgzJBxf0e8DLeHqg74-EPk3jkZbDfQbh2SYVIHAtQkPVD61DCq-8CE0dD--rJMcZ9Ma_JPWBzV-5BHiXVbf2t39EyFBm6XANXRqaVbxSJ-gP2L1cD9zDZacvg7yEOMzDSrceWO6l-5a8ZrtlFXz_r6AuJtsLhu4VG4fDlgF3ZqNVq2FP5uNGhthqELjasCaUvXKyudGe1V7YUcSkxE8FYg5qtBO9NCtWbKFJCXiZ5PJ2EO8kPQpDI6zib95LSYvVkRKcNuld2ZgAEEaaBRHdjQplPbYI9JtUowe54PEwFVPsriQZhwNVVmOt3IprF1DsuFsHJwlOQVQ3cQd-g-EaKpaVXEsPMKk21e4-pjzyaXxjW1Pq4_QL8UtRHmLz_9xsH39iXvGH3dkMyQIpAFfm6dtNi-y-X1mf6_a-Ljlgb5TL2SSssu8zzLMglL005yJaSA-g98XHuQB-0m7GIDdnO9j5hwgcD5QHxRU432z21RQZtd_-A5bFzW4AN7hkU1JI4wrs1EOOaXi72kDpzqOETfEBA8mbOTXqBrGeDLr_PIXT08czx9cGiSVlbG285ZJaMeEzykZnCwgy7FwpoR-wz6cL692KBpmk1o3rqRF6F_tXZsdbOUYrljZ277MuS-02W5njFYnJ4rztOMdzBQbJnXOtcRehxngtVfi3oug_MOZftOjlX_XwQldjVjXWUyI0hmZqM6QqwFigokZqB6nwZ57JMSX82zSe7Xdv3Ybbq0z1ZVw83l2cyczUZQz4_v4OO57vl47WknbsY7RQ8kFf77SR8okvSmBdYnX4jkhn9e7hsq9n1ggya0d356tIBM3b6gh6u5ZQoMpWrk1yIU-vuubcrIfzQbIc4_3c02I20mgOk54m7u4OZ3ZRSzFYFFew4uqlQXwtcm57QQoq81Ud5WguFo6fbJO7MJI", "-var=project_id=gcp-prj-inf-automation-prd-01", "-var-file=../input-file/project.tfvars", "-var-file=../input-file/budget.tfvars", "-var-file=../input-file/api.tfvars", "-var-file=../input-file/bucket.tfvars", "-var-file=../input-file/repo.tfvars", "-var-file=../input-file/sa.tfvars", "module.sa[\"svc-cloudautomation\"].google_service_account.account", "projects/gcp-prj-inf-automation-prd-01/serviceAccounts/svc-cloudautomation@gcp-prj-inf-automation-prd-01.iam.gserviceaccount.com"}
2024-03-31T19:14:56.700Z [INFO]  provider: configuring client automatic mTLS
2024-03-31T19:14:56.783Z [INFO]  provider.terraform-provider-google_v5.22.0_x5: configuring server automatic mTLS: timestamp=2024-03-31T19:14:56.783Z
2024-03-31T19:14:57.087Z [INFO]  provider: configuring client automatic mTLS
2024-03-31T19:14:57.153Z [INFO]  provider.terraform-provider-google_v5.22.0_x5: configuring server automatic mTLS: timestamp=2024-03-31T19:14:57.153Z
2024-03-31T19:14:57.246Z [INFO]  provider.terraform-provider-google_v5.22.0_x5: Authenticating using configured Google JSON 'access_token'...: @module=google tf_mux_provider="*proto5server.Server" tf_provider_addr=registry.terraform.io/hashicorp/google tf_req_id=5a5487d8-7185-6179-54d9-2732952712eb tf_rpc=ConfigureProvider @caller=github.com/hashicorp/terraform-provider-google/google/fwtransport/framework_config.go:1721 timestamp=2024-03-31T19:14:57.246Z
2024-03-31T19:14:57.246Z [INFO]  provider.terraform-provider-google_v5.22.0_x5:   -- Scopes: [https://www.googleapis.com/auth/cloud-platform https://www.googleapis.com/auth/userinfo.email]: tf_mux_provider="*proto5server.Server" tf_req_id=5a5487d8-7185-6179-54d9-2732952712eb @caller=github.com/hashicorp/terraform-provider-google/google/fwtransport/framework_config.go:1722 @module=google tf_provider_addr=registry.terraform.io/hashicorp/google tf_rpc=ConfigureProvider timestamp=2024-03-31T19:14:57.246Z
2024-03-31T19:14:57.247Z [INFO]  provider.terraform-provider-google_v5.22.0_x5: Authenticating using configured Google JSON 'access_token'...: @caller=github.com/hashicorp/terraform-provider-google/google/fwtransport/framework_config.go:1721 tf_req_id=5a5487d8-7185-6179-54d9-2732952712eb tf_rpc=ConfigureProvider @module=google tf_mux_provider="*proto5server.Server" tf_provider_addr=registry.terraform.io/hashicorp/google timestamp=2024-03-31T19:14:57.246Z
2024-03-31T19:14:57.247Z [INFO]  provider.terraform-provider-google_v5.22.0_x5:   -- Scopes: [https://www.googleapis.com/auth/cloud-platform https://www.googleapis.com/auth/userinfo.email]: tf_mux_provider="*proto5server.Server" tf_provider_addr=registry.terraform.io/hashicorp/google tf_req_id=5a5487d8-7185-6179-54d9-2732952712eb @module=google tf_rpc=ConfigureProvider @caller=github.com/hashicorp/terraform-provider-google/google/fwtransport/framework_config.go:1722 timestamp=2024-03-31T19:14:57.246Z
2024-03-31T19:14:57.298Z [INFO]  provider.terraform-provider-google_v5.22.0_x5: Terraform is using this identity: svc-cloudautomation@gcp-prj-inf-automation-prd-01.iam.gserviceaccount.com: tf_rpc=ConfigureProvider @caller=github.com/hashicorp/terraform-provider-google/google/fwtransport/framework_config.go:1641 tf_mux_provider="*proto5server.Server" tf_provider_addr=registry.terraform.io/hashicorp/google tf_req_id=5a5487d8-7185-6179-54d9-2732952712eb @module=google timestamp=2024-03-31T19:14:57.298Z
2024-03-31T19:14:58.661Z [WARN]  Provider "registry.terraform.io/hashicorp/google" produced an unexpected new value for module.sa["svc-cloudautomation"].google_service_account.account during refresh.
      - .name: was null, but now cty.StringVal("projects/gcp-prj-inf-automation-prd-01/serviceAccounts/svc-cloudautomation@gcp-prj-inf-automation-prd-01.iam.gserviceaccount.com")
      - .disabled: was null, but now cty.False
      - .member: was null, but now cty.StringVal("serviceAccount:svc-cloudautomation@gcp-prj-inf-automation-prd-01.iam.gserviceaccount.com")
      - .unique_id: was null, but now cty.StringVal("110563384310513854222")
      - .account_id: was null, but now cty.StringVal("svc-cloudautomation")
      - .description: was null, but now cty.StringVal("Cloud Automation Service Account for IaaC")
      - .display_name: was null, but now cty.StringVal("svc-cloudautomation")
2024-03-31T19:15:00.138Z [INFO]  Writing state output to:
