2024-04-01T13:11:47.860Z [INFO]  Terraform version: 1.7.5
2024-04-01T13:11:47.860Z [INFO]  Go runtime version: go1.21.8
2024-04-01T13:11:47.860Z [INFO]  CLI args: []string{"terraform", "init", "-upgrade", "-backend-config=bucket=gcp-yyz-prd-inf-cloudautomation-sbuc-01", "-backend-config=prefix=automation/state-file"}
2024-04-01T13:11:47.861Z [INFO]  CLI command args: []string{"init", "-upgrade", "-backend-config=bucket=gcp-yyz-prd-inf-cloudautomation-sbuc-01", "-backend-config=prefix=automation/state-file"}
2024-04-01T13:11:55.946Z [INFO]  Terraform version: 1.7.5
2024-04-01T13:11:55.947Z [INFO]  Go runtime version: go1.21.8
2024-04-01T13:11:55.947Z [INFO]  CLI args: []string{"terraform", "plan", "-var=access_token=ya29.c.c0AY_VpZh91Kgs-6uisZK2U616TZkyU-NJJ9dMmJRE7aUF_QX4teFh7bbdDc7XIsyQ8TKk7s8e-4OPFc2nutOgGWJKK25xAdQWIPhONfmA45AmL4ty3TpOLdxLEc_1tdnJ6eZFdi7ASxObu8fpGsO_-JlzBlZVFhYy_Mbh55wIDmLDeyUE43Pr7omy7ryH7TDk0CXMo_JdQMKGkBmMPNao-mVDj0ouK3shtRgWTADHRj_RK3mDJ2JqMudGyArCRlQMj2JLd6e6tHgLBo0NICZmB-snli9ASDUzVQgv-oTYWmNgKYti5OK16Yr8AC5SHclVxZFhCaWjJHbOtJf_8DAhPF6fYfsIAsUJU-LF93bxIv0XadFwLYg311vWfwUw2qQTB7kPMcIA4XjCuBw5h0UDkKkL0Q-OlMYTVt6QZ__dF9JVCn-bYq4fi14jjltMnVqnhl-sJ6WeH7PTj1PVIM-LQeJvJU1UHzzUn-eaCZkLwb8ZXRpV8r95ELzVtG5nxvoefQak-sTmHqfOYR8NNau4be3gSR3aP56KPoPuTEZnkRPIgN6u5O33sIkansKe3eWjJ5TxhxMvanuvsmwmgiiS3jHYRZbJay5GQF7qa7g7s-GkBdgW6CkozR51O_i1aQ09z31bi5uoOuqfc2kKD9TSz9pkOLA17e67qT34qI_bTDMN692CJfygOhr8aow2JV_moU9ghxlv_nW1qh6vVUIOhY5pSaqSxI4a9UMUq-_5Z30dscwYBcnx6F2ykRuRBzVS2UeBnrv6Fmz562038sIfSMZptfow9dqY0lxXXyXVpjZ5J3FbmVQx073Qtq7gOnfnnaoiWqi7X9o-VsX75jyd2Zaulhx5gSMux4eOWRFmhdpiV4I6p3o4-aviJ0e2QU8QbIbJUYzrSdfQrbxdZf4pijMfQuX-hSQjU0FRgw29Od4v6oqcnFc7XSkaqWs5x9nicdgqJeekVixSsBd3aqOfk_6kSiljBJYpkXUo8Bm-ny6gOSpvnvdjb2B", "-var=project_id=gcp-prj-inf-automation-prd-01", "-var-file=../input-file/project.tfvars", "-var-file=../input-file/budget.tfvars", "-var-file=../input-file/api.tfvars", "-var-file=../input-file/bucket.tfvars", "-var-file=../input-file/repo.tfvars", "-var-file=../input-file/sa.tfvars", "-var-file=../input-file/role.tfvars", "-out=../plan-file/automation-tf-plan.json"}
2024-04-01T13:11:55.947Z [INFO]  CLI command args: []string{"plan", "-var=access_token=ya29.c.c0AY_VpZh91Kgs-6uisZK2U616TZkyU-NJJ9dMmJRE7aUF_QX4teFh7bbdDc7XIsyQ8TKk7s8e-4OPFc2nutOgGWJKK25xAdQWIPhONfmA45AmL4ty3TpOLdxLEc_1tdnJ6eZFdi7ASxObu8fpGsO_-JlzBlZVFhYy_Mbh55wIDmLDeyUE43Pr7omy7ryH7TDk0CXMo_JdQMKGkBmMPNao-mVDj0ouK3shtRgWTADHRj_RK3mDJ2JqMudGyArCRlQMj2JLd6e6tHgLBo0NICZmB-snli9ASDUzVQgv-oTYWmNgKYti5OK16Yr8AC5SHclVxZFhCaWjJHbOtJf_8DAhPF6fYfsIAsUJU-LF93bxIv0XadFwLYg311vWfwUw2qQTB7kPMcIA4XjCuBw5h0UDkKkL0Q-OlMYTVt6QZ__dF9JVCn-bYq4fi14jjltMnVqnhl-sJ6WeH7PTj1PVIM-LQeJvJU1UHzzUn-eaCZkLwb8ZXRpV8r95ELzVtG5nxvoefQak-sTmHqfOYR8NNau4be3gSR3aP56KPoPuTEZnkRPIgN6u5O33sIkansKe3eWjJ5TxhxMvanuvsmwmgiiS3jHYRZbJay5GQF7qa7g7s-GkBdgW6CkozR51O_i1aQ09z31bi5uoOuqfc2kKD9TSz9pkOLA17e67qT34qI_bTDMN692CJfygOhr8aow2JV_moU9ghxlv_nW1qh6vVUIOhY5pSaqSxI4a9UMUq-_5Z30dscwYBcnx6F2ykRuRBzVS2UeBnrv6Fmz562038sIfSMZptfow9dqY0lxXXyXVpjZ5J3FbmVQx073Qtq7gOnfnnaoiWqi7X9o-VsX75jyd2Zaulhx5gSMux4eOWRFmhdpiV4I6p3o4-aviJ0e2QU8QbIbJUYzrSdfQrbxdZf4pijMfQuX-hSQjU0FRgw29Od4v6oqcnFc7XSkaqWs5x9nicdgqJeekVixSsBd3aqOfk_6kSiljBJYpkXUo8Bm-ny6gOSpvnvdjb2B", "-var=project_id=gcp-prj-inf-automation-prd-01", "-var-file=../input-file/project.tfvars", "-var-file=../input-file/budget.tfvars", "-var-file=../input-file/api.tfvars", "-var-file=../input-file/bucket.tfvars", "-var-file=../input-file/repo.tfvars", "-var-file=../input-file/sa.tfvars", "-var-file=../input-file/role.tfvars", "-out=../plan-file/automation-tf-plan.json"}
2024-04-01T13:11:56.803Z [INFO]  backend/local: starting Plan operation
2024-04-01T13:11:58.039Z [INFO]  provider: configuring client automatic mTLS
2024-04-01T13:11:58.113Z [INFO]  provider.terraform-provider-google_v5.22.0_x5: configuring server automatic mTLS: timestamp=2024-04-01T13:11:58.113Z
2024-04-01T13:11:58.377Z [INFO]  provider: configuring client automatic mTLS
2024-04-01T13:11:58.442Z [INFO]  provider.terraform-provider-google-beta_v5.22.0_x5: configuring server automatic mTLS: timestamp=2024-04-01T13:11:58.442Z
2024-04-01T13:11:58.741Z [INFO]  provider: configuring client automatic mTLS
2024-04-01T13:11:58.803Z [INFO]  provider.terraform-provider-google_v5.22.0_x5: configuring server automatic mTLS: timestamp=2024-04-01T13:11:58.803Z
2024-04-01T13:11:58.918Z [INFO]  backend/local: plan calling Plan
2024-04-01T13:11:58.932Z [INFO]  provider: configuring client automatic mTLS
2024-04-01T13:11:58.999Z [INFO]  provider.terraform-provider-google_v5.22.0_x5: configuring server automatic mTLS: timestamp=2024-04-01T13:11:58.999Z
2024-04-01T13:11:59.094Z [INFO]  provider.terraform-provider-google_v5.22.0_x5: Authenticating using configured Google JSON 'access_token'...: @caller=github.com/hashicorp/terraform-provider-google/google/fwtransport/framework_config.go:1721 @module=google tf_req_id=253c3b02-23df-1628-ca40-b5b311e09f26 tf_mux_provider="*proto5server.Server" tf_provider_addr=registry.terraform.io/hashicorp/google tf_rpc=ConfigureProvider timestamp=2024-04-01T13:11:59.093Z
2024-04-01T13:11:59.094Z [INFO]  provider.terraform-provider-google_v5.22.0_x5:   -- Scopes: [https://www.googleapis.com/auth/cloud-platform https://www.googleapis.com/auth/userinfo.email]: tf_rpc=ConfigureProvider @caller=github.com/hashicorp/terraform-provider-google/google/fwtransport/framework_config.go:1722 @module=google tf_mux_provider="*proto5server.Server" tf_provider_addr=registry.terraform.io/hashicorp/google tf_req_id=253c3b02-23df-1628-ca40-b5b311e09f26 timestamp=2024-04-01T13:11:59.093Z
2024-04-01T13:11:59.094Z [INFO]  provider.terraform-provider-google_v5.22.0_x5: Authenticating using configured Google JSON 'access_token'...: @caller=github.com/hashicorp/terraform-provider-google/google/fwtransport/framework_config.go:1721 tf_rpc=ConfigureProvider @module=google tf_mux_provider="*proto5server.Server" tf_provider_addr=registry.terraform.io/hashicorp/google tf_req_id=253c3b02-23df-1628-ca40-b5b311e09f26 timestamp=2024-04-01T13:11:59.094Z
2024-04-01T13:11:59.094Z [INFO]  provider.terraform-provider-google_v5.22.0_x5:   -- Scopes: [https://www.googleapis.com/auth/cloud-platform https://www.googleapis.com/auth/userinfo.email]: @module=google @caller=github.com/hashicorp/terraform-provider-google/google/fwtransport/framework_config.go:1722 tf_mux_provider="*proto5server.Server" tf_provider_addr=registry.terraform.io/hashicorp/google tf_req_id=253c3b02-23df-1628-ca40-b5b311e09f26 tf_rpc=ConfigureProvider timestamp=2024-04-01T13:11:59.094Z
2024-04-01T13:11:59.150Z [INFO]  provider.terraform-provider-google_v5.22.0_x5: Terraform is using this identity: svc-cloudautomation@gcp-prj-inf-automation-prd-01.iam.gserviceaccount.com: @caller=github.com/hashicorp/terraform-provider-google/google/fwtransport/framework_config.go:1641 tf_mux_provider="*proto5server.Server" tf_provider_addr=registry.terraform.io/hashicorp/google tf_rpc=ConfigureProvider @module=google tf_req_id=253c3b02-23df-1628-ca40-b5b311e09f26 timestamp=2024-04-01T13:11:59.150Z
2024-04-01T13:12:00.569Z [WARN]  Provider "registry.terraform.io/hashicorp/google" produced an invalid plan for module.sa["svc-cloudautomation"].google_service_account.account, but we are tolerating it because it is using the legacy plugin SDK.
    The following problems may be the cause of any confusing errors from downstream operations:
      - .create_ignore_already_exists: planned value cty.NullVal(cty.Bool) does not match config value cty.False
2024-04-01T13:12:03.666Z [WARN]  Provider "registry.terraform.io/hashicorp/google" produced an invalid plan for module.project["gcp-prj-inf-automation-prd-01"].google_project.project, but we are tolerating it because it is using the legacy plugin SDK.
    The following problems may be the cause of any confusing errors from downstream operations:
      - .org_id: planned value cty.StringVal("") for a non-computed attribute
2024-04-01T13:12:03.778Z [WARN]  Provider "registry.terraform.io/hashicorp/google" produced an unexpected new value for module.repo["gcp-yyz-prd-inf-cloudautomation-modules-srep-01"].google_sourcerepo_repository.repo during refresh.
      - .size: was cty.NumberIntVal(66558), but now cty.NumberIntVal(69671)
2024-04-01T13:12:03.778Z [WARN]  Provider "registry.terraform.io/hashicorp/google" produced an unexpected new value for module.repo["gcp-yyz-prd-inf-cloudautomation-templates-srep-01"].google_sourcerepo_repository.repo during refresh.
      - .size: was cty.NumberIntVal(605666), but now cty.NumberIntVal(677010)
2024-04-01T13:12:03.994Z [WARN]  Provider "registry.terraform.io/hashicorp/google" produced an invalid plan for module.billing_budget["gcp-prj-inf-automation-prd-01-budget-01"].google_monitoring_notification_channel.budget_notify, but we are tolerating it because it is using the legacy plugin SDK.
    The following problems may be the cause of any confusing errors from downstream operations:
      - .user_labels: planned value cty.MapValEmpty(cty.String) for a non-computed attribute
      - .force_delete: planned value cty.False for a non-computed attribute
      - .description: planned value cty.StringVal("") for a non-computed attribute
      - .enabled: planned value cty.True for a non-computed attribute
2024-04-01T13:12:05.082Z [WARN]  Provider "registry.terraform.io/hashicorp/google" produced an unexpected new value for module.billing_budget["gcp-prj-inf-automation-prd-01-budget-01"].google_billing_budget.budget during refresh.
      - .budget_filter[0].projects: planned set element cty.StringVal("projects/gcp-prj-inf-automation-prd-01") does not correlate with any element in actual
2024-04-01T13:12:05.090Z [WARN]  Provider "registry.terraform.io/hashicorp/google" produced an invalid plan for module.billing_budget["gcp-prj-inf-automation-prd-01-budget-01"].google_billing_budget.budget, but we are tolerating it because it is using the legacy plugin SDK.
    The following problems may be the cause of any confusing errors from downstream operations:
      - .all_updates_rule[0].schema_version: planned value cty.StringVal("1.0") for a non-computed attribute
      - .all_updates_rule[0].pubsub_topic: planned value cty.StringVal("") for a non-computed attribute
      - .amount[0].last_period_amount: planned value cty.False for a non-computed attribute
      - .amount[0].specified_amount[0].nanos: planned value cty.NumberIntVal(0) for a non-computed attribute
      - .budget_filter[0].resource_ancestors: planned value cty.SetValEmpty(cty.String) for a non-computed attribute
      - .budget_filter[0].calendar_period: planned value cty.StringVal("MONTH") for a non-computed attribute
      - .threshold_rules[0].spend_basis: planned value cty.StringVal("CURRENT_SPEND") for a non-computed attribute
      - .threshold_rules[1].spend_basis: planned value cty.StringVal("CURRENT_SPEND") for a non-computed attribute
      - .threshold_rules[2].spend_basis: planned value cty.StringVal("CURRENT_SPEND") for a non-computed attribute
      - .threshold_rules[3].spend_basis: planned value cty.StringVal("CURRENT_SPEND") for a non-computed attribute
2024-04-01T13:12:05.122Z [WARN]  Provider "registry.terraform.io/hashicorp/google" produced an unexpected new value for module.role["inf_automation_crl_role_01"].google_organization_iam_custom_role.role during refresh.
      - .permissions: actual set element cty.StringVal("serviceusage.services.get") does not correlate with any element in plan
      - .permissions: actual set element cty.StringVal("serviceusage.services.list") does not correlate with any element in plan
      - .permissions: length changed from 49 to 51
2024-04-01T13:12:08.856Z [WARN]  Provider "registry.terraform.io/hashicorp/google" produced an invalid plan for module.bucket["gcp-yyz-prd-inf-cloudautomation-sbuc-01"].google_storage_bucket.bucket, but we are tolerating it because it is using the legacy plugin SDK.
    The following problems may be the cause of any confusing errors from downstream operations:
      - .enable_object_retention: planned value cty.False for a non-computed attribute
      - .requester_pays: planned value cty.False for a non-computed attribute
      - .default_event_based_hold: planned value cty.False for a non-computed attribute
      - .soft_delete_policy: block count in plan (1) disagrees with count in config (0)
2024-04-01T13:12:08.899Z [INFO]  backend/local: plan operation completed
2024-04-01T13:12:08.899Z [INFO]  backend/local: writing plan output to: ../plan-file/automation-tf-plan.json
