2024-03-30T15:19:47.297Z [INFO]  Terraform version: 1.7.5
2024-03-30T15:19:47.297Z [INFO]  Go runtime version: go1.21.8
2024-03-30T15:19:47.297Z [INFO]  CLI args: []string{"terraform", "init", "-upgrade", "-backend-config=bucket=gcp-yyz-prd-inf-cloudautomation-sbuc-01", "-backend-config=prefix=automation/state-file"}
2024-03-30T15:19:47.298Z [INFO]  CLI command args: []string{"init", "-upgrade", "-backend-config=bucket=gcp-yyz-prd-inf-cloudautomation-sbuc-01", "-backend-config=prefix=automation/state-file"}
2024-03-30T15:19:55.423Z [INFO]  Terraform version: 1.7.5
2024-03-30T15:19:55.424Z [INFO]  Go runtime version: go1.21.8
2024-03-30T15:19:55.424Z [INFO]  CLI args: []string{"terraform", "import", "-var=access_token=ya29.c.c0AY_VpZh4H-XAuM31K3JwJ1QdpabsyyNWmER3FVtuDDbU_j3FZ456_Z4P61oW-fnyEGHG4nFx0Sey8c3d3QKkep_lmvz9UIm3wwfgr17FzJcp3TfoTvYQ1mtL7QOdix3TJeeCz97P7tUZEaNZy6VMsAWgbbc55xkh2dmPDqx0VUkzYXeMJy9WEjeBRd74k-5z3iB_6w9TRPEU0jgB0K7gLmXQkiJ8RtbnRzkYvDaied2o4EFSVup547bLcVzKHSvhCumQrUGLKZ0n0mFie6l1Q9LhvdBIY_I3iBDotjPa4POn5pxYHopaboodimhZcppPaA3Z_yBwlkQxfrFZI9E9acE7O92yS8t2NiWWxKTw7nTWZUTr5g3CtzkleH2SM3UT3WY2DGrRZe7sc3QqSivJUezEQn5xzr6DetFImMZlWSfu5bT4B7wM8_FIgmxXdJpzoG0X98uIAlLG-TnrX9-mEKpxGLPrjdv-CQvdmL-BuHfMO0Vpl4kAvUi-sQfL7P6t4T7SAnzvL1k-s-ile5DzGCNtgN84QPvksIfwVg1WAFyY0Pyn78pHTLV9i-TxxU1t04TiTT9QD9suoBT5Qarrgrcw6h_A8waHhsrmpghRvznK2gyHYxOoOYlblgDZ_CktMKOXhXxCpBDaCOJIVwfsRW1TfgirkCiSQKWioXGvTwT691DoBW6cQJlFncI88trqdqMef4tV7Wb1t1t967pz_0c1oZ86JqQpwc7fceU2o_nOhpzMUmR1Rt1IJBdOYomQm7F5RnkvUd1yy46n_f3Rxu22M3R6x8n6av6c7llcyr3fnq4Yfsh73su-2BchOt8jkgJ2_dtgxlkuiqxSu-1f2zcraxVyt79FU9RiRcuvrIxRIlyfm6eV7ic2XeRpeFZ3qxkfX3MIqxSixk1QW0MYh2QiZUMO0e2uk0XjF7qn90e2Wa75v5VvStjrZF5-S8smVJggye7wdes9zkuUQm189QBdo7i3p-0jYq9pYh6mFtXhsu4d_Ogb9mJ", "-var=project_id=gcp-prj-inf-automation-prd-01", "-var-file=../input-file/project.tfvars", "-var-file=../input-file/budget.tfvars", "-var-file=../input-file/api.tfvars", "-var-file=../input-file/bucket.tfvars", "-var-file=../input-file/repo.tfvars", "module.bucket[\"gcp-yyz-prd-inf-cloudautomation-sbuc-01\"].google_storage_bucket.bucket", "gcp-yyz-prd-inf-cloudautomation-sbuc-01"}
2024-03-30T15:19:55.425Z [INFO]  CLI command args: []string{"import", "-var=access_token=ya29.c.c0AY_VpZh4H-XAuM31K3JwJ1QdpabsyyNWmER3FVtuDDbU_j3FZ456_Z4P61oW-fnyEGHG4nFx0Sey8c3d3QKkep_lmvz9UIm3wwfgr17FzJcp3TfoTvYQ1mtL7QOdix3TJeeCz97P7tUZEaNZy6VMsAWgbbc55xkh2dmPDqx0VUkzYXeMJy9WEjeBRd74k-5z3iB_6w9TRPEU0jgB0K7gLmXQkiJ8RtbnRzkYvDaied2o4EFSVup547bLcVzKHSvhCumQrUGLKZ0n0mFie6l1Q9LhvdBIY_I3iBDotjPa4POn5pxYHopaboodimhZcppPaA3Z_yBwlkQxfrFZI9E9acE7O92yS8t2NiWWxKTw7nTWZUTr5g3CtzkleH2SM3UT3WY2DGrRZe7sc3QqSivJUezEQn5xzr6DetFImMZlWSfu5bT4B7wM8_FIgmxXdJpzoG0X98uIAlLG-TnrX9-mEKpxGLPrjdv-CQvdmL-BuHfMO0Vpl4kAvUi-sQfL7P6t4T7SAnzvL1k-s-ile5DzGCNtgN84QPvksIfwVg1WAFyY0Pyn78pHTLV9i-TxxU1t04TiTT9QD9suoBT5Qarrgrcw6h_A8waHhsrmpghRvznK2gyHYxOoOYlblgDZ_CktMKOXhXxCpBDaCOJIVwfsRW1TfgirkCiSQKWioXGvTwT691DoBW6cQJlFncI88trqdqMef4tV7Wb1t1t967pz_0c1oZ86JqQpwc7fceU2o_nOhpzMUmR1Rt1IJBdOYomQm7F5RnkvUd1yy46n_f3Rxu22M3R6x8n6av6c7llcyr3fnq4Yfsh73su-2BchOt8jkgJ2_dtgxlkuiqxSu-1f2zcraxVyt79FU9RiRcuvrIxRIlyfm6eV7ic2XeRpeFZ3qxkfX3MIqxSixk1QW0MYh2QiZUMO0e2uk0XjF7qn90e2Wa75v5VvStjrZF5-S8smVJggye7wdes9zkuUQm189QBdo7i3p-0jYq9pYh6mFtXhsu4d_Ogb9mJ", "-var=project_id=gcp-prj-inf-automation-prd-01", "-var-file=../input-file/project.tfvars", "-var-file=../input-file/budget.tfvars", "-var-file=../input-file/api.tfvars", "-var-file=../input-file/bucket.tfvars", "-var-file=../input-file/repo.tfvars", "module.bucket[\"gcp-yyz-prd-inf-cloudautomation-sbuc-01\"].google_storage_bucket.bucket", "gcp-yyz-prd-inf-cloudautomation-sbuc-01"}
2024-03-30T15:19:58.289Z [INFO]  provider: configuring client automatic mTLS
2024-03-30T15:19:58.355Z [INFO]  provider.terraform-provider-google_v5.22.0_x5: configuring server automatic mTLS: timestamp=2024-03-30T15:19:58.355Z
2024-03-30T15:19:58.663Z [INFO]  provider: configuring client automatic mTLS
2024-03-30T15:19:58.724Z [INFO]  provider.terraform-provider-google_v5.22.0_x5: configuring server automatic mTLS: timestamp=2024-03-30T15:19:58.724Z
2024-03-30T15:19:58.815Z [INFO]  provider.terraform-provider-google_v5.22.0_x5: Authenticating using configured Google JSON 'access_token'...: tf_provider_addr=registry.terraform.io/hashicorp/google tf_rpc=ConfigureProvider @caller=github.com/hashicorp/terraform-provider-google/google/fwtransport/framework_config.go:1721 @module=google tf_mux_provider="*proto5server.Server" tf_req_id=46173dd2-5e35-c456-6b71-1fa3c2aff15a timestamp=2024-03-30T15:19:58.814Z
2024-03-30T15:19:58.815Z [INFO]  provider.terraform-provider-google_v5.22.0_x5:   -- Scopes: [https://www.googleapis.com/auth/cloud-platform https://www.googleapis.com/auth/userinfo.email]: @caller=github.com/hashicorp/terraform-provider-google/google/fwtransport/framework_config.go:1722 tf_provider_addr=registry.terraform.io/hashicorp/google @module=google tf_mux_provider="*proto5server.Server" tf_req_id=46173dd2-5e35-c456-6b71-1fa3c2aff15a tf_rpc=ConfigureProvider timestamp=2024-03-30T15:19:58.814Z
2024-03-30T15:19:58.815Z [INFO]  provider.terraform-provider-google_v5.22.0_x5: Authenticating using configured Google JSON 'access_token'...: tf_req_id=46173dd2-5e35-c456-6b71-1fa3c2aff15a @module=google tf_mux_provider="*proto5server.Server" tf_provider_addr=registry.terraform.io/hashicorp/google tf_rpc=ConfigureProvider @caller=github.com/hashicorp/terraform-provider-google/google/fwtransport/framework_config.go:1721 timestamp=2024-03-30T15:19:58.815Z
2024-03-30T15:19:58.815Z [INFO]  provider.terraform-provider-google_v5.22.0_x5:   -- Scopes: [https://www.googleapis.com/auth/cloud-platform https://www.googleapis.com/auth/userinfo.email]: @module=google tf_mux_provider="*proto5server.Server" tf_provider_addr=registry.terraform.io/hashicorp/google tf_req_id=46173dd2-5e35-c456-6b71-1fa3c2aff15a tf_rpc=ConfigureProvider @caller=github.com/hashicorp/terraform-provider-google/google/fwtransport/framework_config.go:1722 timestamp=2024-03-30T15:19:58.815Z
2024-03-30T15:19:58.864Z [INFO]  provider.terraform-provider-google_v5.22.0_x5: Terraform is using this identity: svc-cloudautomation@gcp-prj-inf-automation-prd-01.iam.gserviceaccount.com: @caller=github.com/hashicorp/terraform-provider-google/google/fwtransport/framework_config.go:1641 tf_rpc=ConfigureProvider tf_req_id=46173dd2-5e35-c456-6b71-1fa3c2aff15a @module=google tf_mux_provider="*proto5server.Server" tf_provider_addr=registry.terraform.io/hashicorp/google timestamp=2024-03-30T15:19:58.864Z
2024-03-30T15:20:01.844Z [WARN]  Provider "registry.terraform.io/hashicorp/google" produced an unexpected new value for module.bucket["gcp-yyz-prd-inf-cloudautomation-sbuc-01"].google_storage_bucket.bucket during refresh.
      - .effective_labels: was null, but now cty.MapValEmpty(cty.String)
      - .location: was null, but now cty.StringVal("US")
      - .self_link: was null, but now cty.StringVal("https://www.googleapis.com/storage/v1/b/gcp-yyz-prd-inf-cloudautomation-sbuc-01")
      - .terraform_labels: was null, but now cty.MapValEmpty(cty.String)
      - .default_event_based_hold: was null, but now cty.False
      - .public_access_prevention: was null, but now cty.StringVal("enforced")
      - .enable_object_retention: was null, but now cty.False
      - .labels: was null, but now cty.MapValEmpty(cty.String)
      - .project: was null, but now cty.StringVal("gcp-prj-inf-automation-prd-01")
      - .rpo: was null, but now cty.StringVal("DEFAULT")
      - .storage_class: was null, but now cty.StringVal("STANDARD")
      - .uniform_bucket_level_access: was null, but now cty.True
      - .url: was null, but now cty.StringVal("gs://gcp-yyz-prd-inf-cloudautomation-sbuc-01")
      - .requester_pays: was null, but now cty.False
      - .lifecycle_rule: block count changed from 0 to 2
      - .soft_delete_policy: block count changed from 0 to 1
      - .versioning: block count changed from 0 to 1
2024-03-30T15:20:01.853Z [INFO]  Writing state output to:
