2024-03-29T17:09:04.540Z [INFO]  Terraform version: 1.7.5
2024-03-29T17:09:04.541Z [INFO]  Go runtime version: go1.21.8
2024-03-29T17:09:04.541Z [INFO]  CLI args: []string{"terraform", "init", "-upgrade", "-backend-config=bucket=gcp-yyz-prd-inf-cloudautomation-sbuc-01", "-backend-config=prefix=automation/state-file"}
2024-03-29T17:09:04.541Z [INFO]  CLI command args: []string{"init", "-upgrade", "-backend-config=bucket=gcp-yyz-prd-inf-cloudautomation-sbuc-01", "-backend-config=prefix=automation/state-file"}
2024-03-29T17:09:16.188Z [INFO]  Terraform version: 1.7.5
2024-03-29T17:09:16.188Z [INFO]  Go runtime version: go1.21.8
2024-03-29T17:09:16.188Z [INFO]  CLI args: []string{"terraform", "import", "-var=access_token=ya29.c.c0AY_VpZh0vtjPSXzbD-ILqP71Mbeph0u-LuSSt4VWxoT2IBpy0gtzWD6QW7ptPPVhCWWBRr2_YFPsDI6a-48sd3cK69k7iIGG9BeElSsQk8MXAp5LcJg1K6KNZ7YXJusCnCGc3g18OWhyWZXzDLIZ_hJzHCQB6VY3LnzzRhzIVCNyUMfD6-0a6upDEGoixUR8Jx0T5XXCV1DZ0NkqsatKL137_ReGp9YT2_qFEKFsewzIb6KkeQV3jRi1lBDJXy7TpeB7e1iyEIH-aE-bJ5xWs9cjUmrn6MowNZtsFbFJ53FT9-aFYZERoF14NEZIsoSY-pZP1PZWU7q8Gzlf08bL-fT4M3eUuMkXmCI79ghRtt6WgBdMafxJuxXm500X5tkpoK9KKszns1l8Z_At1MeQMQUdFiynlItM11fy504VZ1RAEv_aQXhVRDdOCSbN1enBh2fgjG3IzQHL9DXVEowO3MAC1g79UBPmQEtZg7AH-BxK2Jh5pVyhK8-rIAXbY6qtO4-GXEyYpfZDhWB2NyhwRVsnLbOUpwPcIGUQEU81FHF6q9ZgR83PZdwooCsff3rgfexVK2kw9foMs4AavLAA1YfvHk7qcXnSGxDb-3qvLzj5actkI2b0aRtVzHfxsLfcwpj4O2U6qVnAZWP9usKLBGetuQB9DVX1JLElWPHRL689KludjfbFn-9VZh70mngOB2xugrZdfnfI2VZFzprogWJgJX54BB0aSaMb1dRX6Bget3yVQ52xbn-_z2v5jRYZXt1b69W2WUyiiggr_k1QMWxpY8gMu17mfFbelhtrwp_h0z6584M9pIlffo0x-JyUMQwBznMnxn8_SZ83x3IXQIpSeqywsjw0u_fkScatUUB88udZZJpm5gXl3zeh-b0JZ3c-u4boWhwzfJvUOythUS-wIopIJmdcurOajbW676tppvff0a5_b7eh_vWInteSyIFZc7W16ws32Xa5tgR8lQV0ezq6hfBklM9297bf0m43VgtYMJ5RWW4", "-var=project_id=gcp-prj-inf-automation-prd-01", "-var-file=../input-file/project.tfvars", "-var-file=../input-file/budget.tfvars", "-var-file=../input-file/api.tfvars", "-var-file=../input-file/bucket.tfvars", "module.project[\"gcp-prj-inf-automation-prd-01\"].google_project.project", "gcp-prj-inf-automation-prd-01"}
2024-03-29T17:09:16.189Z [INFO]  CLI command args: []string{"import", "-var=access_token=ya29.c.c0AY_VpZh0vtjPSXzbD-ILqP71Mbeph0u-LuSSt4VWxoT2IBpy0gtzWD6QW7ptPPVhCWWBRr2_YFPsDI6a-48sd3cK69k7iIGG9BeElSsQk8MXAp5LcJg1K6KNZ7YXJusCnCGc3g18OWhyWZXzDLIZ_hJzHCQB6VY3LnzzRhzIVCNyUMfD6-0a6upDEGoixUR8Jx0T5XXCV1DZ0NkqsatKL137_ReGp9YT2_qFEKFsewzIb6KkeQV3jRi1lBDJXy7TpeB7e1iyEIH-aE-bJ5xWs9cjUmrn6MowNZtsFbFJ53FT9-aFYZERoF14NEZIsoSY-pZP1PZWU7q8Gzlf08bL-fT4M3eUuMkXmCI79ghRtt6WgBdMafxJuxXm500X5tkpoK9KKszns1l8Z_At1MeQMQUdFiynlItM11fy504VZ1RAEv_aQXhVRDdOCSbN1enBh2fgjG3IzQHL9DXVEowO3MAC1g79UBPmQEtZg7AH-BxK2Jh5pVyhK8-rIAXbY6qtO4-GXEyYpfZDhWB2NyhwRVsnLbOUpwPcIGUQEU81FHF6q9ZgR83PZdwooCsff3rgfexVK2kw9foMs4AavLAA1YfvHk7qcXnSGxDb-3qvLzj5actkI2b0aRtVzHfxsLfcwpj4O2U6qVnAZWP9usKLBGetuQB9DVX1JLElWPHRL689KludjfbFn-9VZh70mngOB2xugrZdfnfI2VZFzprogWJgJX54BB0aSaMb1dRX6Bget3yVQ52xbn-_z2v5jRYZXt1b69W2WUyiiggr_k1QMWxpY8gMu17mfFbelhtrwp_h0z6584M9pIlffo0x-JyUMQwBznMnxn8_SZ83x3IXQIpSeqywsjw0u_fkScatUUB88udZZJpm5gXl3zeh-b0JZ3c-u4boWhwzfJvUOythUS-wIopIJmdcurOajbW676tppvff0a5_b7eh_vWInteSyIFZc7W16ws32Xa5tgR8lQV0ezq6hfBklM9297bf0m43VgtYMJ5RWW4", "-var=project_id=gcp-prj-inf-automation-prd-01", "-var-file=../input-file/project.tfvars", "-var-file=../input-file/budget.tfvars", "-var-file=../input-file/api.tfvars", "-var-file=../input-file/bucket.tfvars", "module.project[\"gcp-prj-inf-automation-prd-01\"].google_project.project", "gcp-prj-inf-automation-prd-01"}
2024-03-29T17:09:19.738Z [INFO]  provider: configuring client automatic mTLS
2024-03-29T17:09:19.824Z [INFO]  provider.terraform-provider-google_v5.22.0_x5: configuring server automatic mTLS: timestamp=2024-03-29T17:09:19.824Z
2024-03-29T17:09:20.304Z [INFO]  provider: configuring client automatic mTLS
2024-03-29T17:09:20.445Z [INFO]  provider.terraform-provider-google_v5.22.0_x5: configuring server automatic mTLS: timestamp=2024-03-29T17:09:20.444Z
2024-03-29T17:09:20.664Z [INFO]  provider.terraform-provider-google_v5.22.0_x5: Authenticating using configured Google JSON 'access_token'...: @caller=github.com/hashicorp/terraform-provider-google/google/fwtransport/framework_config.go:1721 @module=google tf_mux_provider="*proto5server.Server" tf_provider_addr=registry.terraform.io/hashicorp/google tf_rpc=ConfigureProvider tf_req_id=1c17f2ce-9693-9505-9ec6-406476c56e0b timestamp=2024-03-29T17:09:20.664Z
2024-03-29T17:09:20.664Z [INFO]  provider.terraform-provider-google_v5.22.0_x5:   -- Scopes: [https://www.googleapis.com/auth/cloud-platform https://www.googleapis.com/auth/userinfo.email]: tf_mux_provider="*proto5server.Server" tf_provider_addr=registry.terraform.io/hashicorp/google tf_req_id=1c17f2ce-9693-9505-9ec6-406476c56e0b tf_rpc=ConfigureProvider @caller=github.com/hashicorp/terraform-provider-google/google/fwtransport/framework_config.go:1722 @module=google timestamp=2024-03-29T17:09:20.664Z
2024-03-29T17:09:20.665Z [INFO]  provider.terraform-provider-google_v5.22.0_x5: Authenticating using configured Google JSON 'access_token'...: @caller=github.com/hashicorp/terraform-provider-google/google/fwtransport/framework_config.go:1721 @module=google tf_mux_provider="*proto5server.Server" tf_provider_addr=registry.terraform.io/hashicorp/google tf_req_id=1c17f2ce-9693-9505-9ec6-406476c56e0b tf_rpc=ConfigureProvider timestamp=2024-03-29T17:09:20.665Z
2024-03-29T17:09:20.665Z [INFO]  provider.terraform-provider-google_v5.22.0_x5:   -- Scopes: [https://www.googleapis.com/auth/cloud-platform https://www.googleapis.com/auth/userinfo.email]: tf_mux_provider="*proto5server.Server" tf_rpc=ConfigureProvider @caller=github.com/hashicorp/terraform-provider-google/google/fwtransport/framework_config.go:1722 @module=google tf_provider_addr=registry.terraform.io/hashicorp/google tf_req_id=1c17f2ce-9693-9505-9ec6-406476c56e0b timestamp=2024-03-29T17:09:20.665Z
2024-03-29T17:09:20.785Z [INFO]  provider.terraform-provider-google_v5.22.0_x5: Terraform is using this identity: svc-cloudautomation@gcp-prj-inf-automation-prd-01.iam.gserviceaccount.com: tf_req_id=1c17f2ce-9693-9505-9ec6-406476c56e0b @module=google tf_rpc=ConfigureProvider @caller=github.com/hashicorp/terraform-provider-google/google/fwtransport/framework_config.go:1641 tf_mux_provider="*proto5server.Server" tf_provider_addr=registry.terraform.io/hashicorp/google timestamp=2024-03-29T17:09:20.785Z
2024-03-29T17:09:22.489Z [ERROR] vertex "module.project[\"gcp-prj-inf-automation-prd-01\"].google_project.project (import id \"gcp-prj-inf-automation-prd-01\")" error: Resource already managed by Terraform
2024-03-29T17:09:22.489Z [ERROR] vertex "module.project.google_project.project (expand)" error: Resource already managed by Terraform
2024-03-29T17:09:22.961Z [INFO]  Terraform version: 1.7.5
2024-03-29T17:09:22.961Z [INFO]  Go runtime version: go1.21.8
2024-03-29T17:09:22.961Z [INFO]  CLI args: []string{"terraform", "plan", "-var=access_token=ya29.c.c0AY_VpZh0vtjPSXzbD-ILqP71Mbeph0u-LuSSt4VWxoT2IBpy0gtzWD6QW7ptPPVhCWWBRr2_YFPsDI6a-48sd3cK69k7iIGG9BeElSsQk8MXAp5LcJg1K6KNZ7YXJusCnCGc3g18OWhyWZXzDLIZ_hJzHCQB6VY3LnzzRhzIVCNyUMfD6-0a6upDEGoixUR8Jx0T5XXCV1DZ0NkqsatKL137_ReGp9YT2_qFEKFsewzIb6KkeQV3jRi1lBDJXy7TpeB7e1iyEIH-aE-bJ5xWs9cjUmrn6MowNZtsFbFJ53FT9-aFYZERoF14NEZIsoSY-pZP1PZWU7q8Gzlf08bL-fT4M3eUuMkXmCI79ghRtt6WgBdMafxJuxXm500X5tkpoK9KKszns1l8Z_At1MeQMQUdFiynlItM11fy504VZ1RAEv_aQXhVRDdOCSbN1enBh2fgjG3IzQHL9DXVEowO3MAC1g79UBPmQEtZg7AH-BxK2Jh5pVyhK8-rIAXbY6qtO4-GXEyYpfZDhWB2NyhwRVsnLbOUpwPcIGUQEU81FHF6q9ZgR83PZdwooCsff3rgfexVK2kw9foMs4AavLAA1YfvHk7qcXnSGxDb-3qvLzj5actkI2b0aRtVzHfxsLfcwpj4O2U6qVnAZWP9usKLBGetuQB9DVX1JLElWPHRL689KludjfbFn-9VZh70mngOB2xugrZdfnfI2VZFzprogWJgJX54BB0aSaMb1dRX6Bget3yVQ52xbn-_z2v5jRYZXt1b69W2WUyiiggr_k1QMWxpY8gMu17mfFbelhtrwp_h0z6584M9pIlffo0x-JyUMQwBznMnxn8_SZ83x3IXQIpSeqywsjw0u_fkScatUUB88udZZJpm5gXl3zeh-b0JZ3c-u4boWhwzfJvUOythUS-wIopIJmdcurOajbW676tppvff0a5_b7eh_vWInteSyIFZc7W16ws32Xa5tgR8lQV0ezq6hfBklM9297bf0m43VgtYMJ5RWW4", "-var=project_id=gcp-prj-inf-automation-prd-01", "-var-file=../input-file/project.tfvars", "-var-file=../input-file/budget.tfvars", "-var-file=../input-file/api.tfvars", "-var-file=../input-file/bucket.tfvars", "-out=../plan-file/automation-tf-plan.json"}
2024-03-29T17:09:22.962Z [INFO]  CLI command args: []string{"plan", "-var=access_token=ya29.c.c0AY_VpZh0vtjPSXzbD-ILqP71Mbeph0u-LuSSt4VWxoT2IBpy0gtzWD6QW7ptPPVhCWWBRr2_YFPsDI6a-48sd3cK69k7iIGG9BeElSsQk8MXAp5LcJg1K6KNZ7YXJusCnCGc3g18OWhyWZXzDLIZ_hJzHCQB6VY3LnzzRhzIVCNyUMfD6-0a6upDEGoixUR8Jx0T5XXCV1DZ0NkqsatKL137_ReGp9YT2_qFEKFsewzIb6KkeQV3jRi1lBDJXy7TpeB7e1iyEIH-aE-bJ5xWs9cjUmrn6MowNZtsFbFJ53FT9-aFYZERoF14NEZIsoSY-pZP1PZWU7q8Gzlf08bL-fT4M3eUuMkXmCI79ghRtt6WgBdMafxJuxXm500X5tkpoK9KKszns1l8Z_At1MeQMQUdFiynlItM11fy504VZ1RAEv_aQXhVRDdOCSbN1enBh2fgjG3IzQHL9DXVEowO3MAC1g79UBPmQEtZg7AH-BxK2Jh5pVyhK8-rIAXbY6qtO4-GXEyYpfZDhWB2NyhwRVsnLbOUpwPcIGUQEU81FHF6q9ZgR83PZdwooCsff3rgfexVK2kw9foMs4AavLAA1YfvHk7qcXnSGxDb-3qvLzj5actkI2b0aRtVzHfxsLfcwpj4O2U6qVnAZWP9usKLBGetuQB9DVX1JLElWPHRL689KludjfbFn-9VZh70mngOB2xugrZdfnfI2VZFzprogWJgJX54BB0aSaMb1dRX6Bget3yVQ52xbn-_z2v5jRYZXt1b69W2WUyiiggr_k1QMWxpY8gMu17mfFbelhtrwp_h0z6584M9pIlffo0x-JyUMQwBznMnxn8_SZ83x3IXQIpSeqywsjw0u_fkScatUUB88udZZJpm5gXl3zeh-b0JZ3c-u4boWhwzfJvUOythUS-wIopIJmdcurOajbW676tppvff0a5_b7eh_vWInteSyIFZc7W16ws32Xa5tgR8lQV0ezq6hfBklM9297bf0m43VgtYMJ5RWW4", "-var=project_id=gcp-prj-inf-automation-prd-01", "-var-file=../input-file/project.tfvars", "-var-file=../input-file/budget.tfvars", "-var-file=../input-file/api.tfvars", "-var-file=../input-file/bucket.tfvars", "-out=../plan-file/automation-tf-plan.json"}
2024-03-29T17:09:23.709Z [INFO]  backend/local: starting Plan operation
2024-03-29T17:09:26.756Z [INFO]  provider: configuring client automatic mTLS
2024-03-29T17:09:26.854Z [INFO]  provider.terraform-provider-google_v5.22.0_x5: configuring server automatic mTLS: timestamp=2024-03-29T17:09:26.853Z
2024-03-29T17:09:27.276Z [INFO]  provider: configuring client automatic mTLS
2024-03-29T17:09:27.370Z [INFO]  provider.terraform-provider-google-beta_v5.22.0_x5: configuring server automatic mTLS: timestamp=2024-03-29T17:09:27.369Z
2024-03-29T17:09:27.816Z [INFO]  provider: configuring client automatic mTLS
2024-03-29T17:09:27.890Z [INFO]  provider.terraform-provider-google_v5.22.0_x5: configuring server automatic mTLS: timestamp=2024-03-29T17:09:27.890Z
2024-03-29T17:09:28.018Z [INFO]  backend/local: plan calling Plan
2024-03-29T17:09:28.030Z [INFO]  provider: configuring client automatic mTLS
2024-03-29T17:09:28.109Z [INFO]  provider.terraform-provider-google_v5.22.0_x5: configuring server automatic mTLS: timestamp=2024-03-29T17:09:28.109Z
2024-03-29T17:09:28.217Z [INFO]  provider.terraform-provider-google_v5.22.0_x5: Authenticating using configured Google JSON 'access_token'...: tf_mux_provider="*proto5server.Server" tf_provider_addr=registry.terraform.io/hashicorp/google tf_req_id=11dce8e3-6661-7b17-2044-367831f2522c @caller=github.com/hashicorp/terraform-provider-google/google/fwtransport/framework_config.go:1721 @module=google tf_rpc=ConfigureProvider timestamp=2024-03-29T17:09:28.217Z
2024-03-29T17:09:28.217Z [INFO]  provider.terraform-provider-google_v5.22.0_x5:   -- Scopes: [https://www.googleapis.com/auth/cloud-platform https://www.googleapis.com/auth/userinfo.email]: tf_mux_provider="*proto5server.Server" @module=google tf_provider_addr=registry.terraform.io/hashicorp/google tf_req_id=11dce8e3-6661-7b17-2044-367831f2522c tf_rpc=ConfigureProvider @caller=github.com/hashicorp/terraform-provider-google/google/fwtransport/framework_config.go:1722 timestamp=2024-03-29T17:09:28.217Z
2024-03-29T17:09:28.217Z [INFO]  provider.terraform-provider-google_v5.22.0_x5: Authenticating using configured Google JSON 'access_token'...: @caller=github.com/hashicorp/terraform-provider-google/google/fwtransport/framework_config.go:1721 @module=google tf_mux_provider="*proto5server.Server" tf_provider_addr=registry.terraform.io/hashicorp/google tf_req_id=11dce8e3-6661-7b17-2044-367831f2522c tf_rpc=ConfigureProvider timestamp=2024-03-29T17:09:28.217Z
2024-03-29T17:09:28.217Z [INFO]  provider.terraform-provider-google_v5.22.0_x5:   -- Scopes: [https://www.googleapis.com/auth/cloud-platform https://www.googleapis.com/auth/userinfo.email]: @caller=github.com/hashicorp/terraform-provider-google/google/fwtransport/framework_config.go:1722 tf_mux_provider="*proto5server.Server" tf_provider_addr=registry.terraform.io/hashicorp/google tf_req_id=11dce8e3-6661-7b17-2044-367831f2522c @module=google tf_rpc=ConfigureProvider timestamp=2024-03-29T17:09:28.217Z
2024-03-29T17:09:28.284Z [INFO]  provider.terraform-provider-google_v5.22.0_x5: Terraform is using this identity: svc-cloudautomation@gcp-prj-inf-automation-prd-01.iam.gserviceaccount.com: tf_mux_provider="*proto5server.Server" tf_provider_addr=registry.terraform.io/hashicorp/google tf_req_id=11dce8e3-6661-7b17-2044-367831f2522c @caller=github.com/hashicorp/terraform-provider-google/google/fwtransport/framework_config.go:1641 @module=google tf_rpc=ConfigureProvider timestamp=2024-03-29T17:09:28.283Z
2024-03-29T17:09:32.724Z [WARN]  Provider "registry.terraform.io/hashicorp/google" produced an invalid plan for module.project["gcp-prj-inf-automation-prd-01"].google_project.project, but we are tolerating it because it is using the legacy plugin SDK.
    The following problems may be the cause of any confusing errors from downstream operations:
      - .folder_id: planned value cty.StringVal("") for a non-computed attribute
2024-03-29T17:09:32.759Z [INFO]  backend/local: plan operation completed
2024-03-29T17:09:32.759Z [INFO]  backend/local: writing plan output to: ../plan-file/automation-tf-plan.json
2024-03-29T17:09:49.627Z [INFO]  Terraform version: 1.7.5
2024-03-29T17:09:49.627Z [INFO]  Go runtime version: go1.21.8
2024-03-29T17:09:49.627Z [INFO]  CLI args: []string{"terraform", "apply", "../plan-file/automation-tf-plan.json"}
2024-03-29T17:09:49.627Z [INFO]  CLI command args: []string{"apply", "../plan-file/automation-tf-plan.json"}
2024-03-29T17:09:50.405Z [INFO]  backend/local: starting Apply operation
2024-03-29T17:09:53.305Z [INFO]  provider: configuring client automatic mTLS
2024-03-29T17:09:53.387Z [INFO]  provider.terraform-provider-google_v5.22.0_x5: configuring server automatic mTLS: timestamp=2024-03-29T17:09:53.386Z
2024-03-29T17:09:53.726Z [INFO]  provider: configuring client automatic mTLS
2024-03-29T17:09:53.803Z [INFO]  provider.terraform-provider-google-beta_v5.22.0_x5: configuring server automatic mTLS: timestamp=2024-03-29T17:09:53.803Z
2024-03-29T17:09:54.169Z [INFO]  backend/local: apply calling Apply
2024-03-29T17:09:54.180Z [INFO]  provider: configuring client automatic mTLS
2024-03-29T17:09:54.249Z [INFO]  provider.terraform-provider-google_v5.22.0_x5: configuring server automatic mTLS: timestamp=2024-03-29T17:09:54.248Z
2024-03-29T17:09:54.375Z [INFO]  provider.terraform-provider-google_v5.22.0_x5: Authenticating using configured Google JSON 'access_token'...: @caller=github.com/hashicorp/terraform-provider-google/google/fwtransport/framework_config.go:1721 @module=google tf_provider_addr=registry.terraform.io/hashicorp/google tf_mux_provider="*proto5server.Server" tf_req_id=342062d0-1dd3-1051-89f6-ec018bcc8844 tf_rpc=ConfigureProvider timestamp=2024-03-29T17:09:54.374Z
2024-03-29T17:09:54.375Z [INFO]  provider.terraform-provider-google_v5.22.0_x5:   -- Scopes: [https://www.googleapis.com/auth/cloud-platform https://www.googleapis.com/auth/userinfo.email]: tf_provider_addr=registry.terraform.io/hashicorp/google tf_req_id=342062d0-1dd3-1051-89f6-ec018bcc8844 tf_rpc=ConfigureProvider tf_mux_provider="*proto5server.Server" @caller=github.com/hashicorp/terraform-provider-google/google/fwtransport/framework_config.go:1722 @module=google timestamp=2024-03-29T17:09:54.374Z
2024-03-29T17:09:54.375Z [INFO]  provider.terraform-provider-google_v5.22.0_x5: Authenticating using configured Google JSON 'access_token'...: @caller=github.com/hashicorp/terraform-provider-google/google/fwtransport/framework_config.go:1721 tf_mux_provider="*proto5server.Server" tf_req_id=342062d0-1dd3-1051-89f6-ec018bcc8844 tf_rpc=ConfigureProvider @module=google tf_provider_addr=registry.terraform.io/hashicorp/google timestamp=2024-03-29T17:09:54.375Z
2024-03-29T17:09:54.375Z [INFO]  provider.terraform-provider-google_v5.22.0_x5:   -- Scopes: [https://www.googleapis.com/auth/cloud-platform https://www.googleapis.com/auth/userinfo.email]: tf_mux_provider="*proto5server.Server" tf_provider_addr=registry.terraform.io/hashicorp/google tf_req_id=342062d0-1dd3-1051-89f6-ec018bcc8844 tf_rpc=ConfigureProvider @caller=github.com/hashicorp/terraform-provider-google/google/fwtransport/framework_config.go:1722 @module=google timestamp=2024-03-29T17:09:54.375Z
2024-03-29T17:09:54.427Z [INFO]  provider.terraform-provider-google_v5.22.0_x5: Terraform is using this identity: svc-cloudautomation@gcp-prj-inf-automation-prd-01.iam.gserviceaccount.com: tf_mux_provider="*proto5server.Server" tf_provider_addr=registry.terraform.io/hashicorp/google @caller=github.com/hashicorp/terraform-provider-google/google/fwtransport/framework_config.go:1641 @module=google tf_req_id=342062d0-1dd3-1051-89f6-ec018bcc8844 tf_rpc=ConfigureProvider timestamp=2024-03-29T17:09:54.427Z
2024-03-29T17:09:54.481Z [WARN]  Provider "registry.terraform.io/hashicorp/google" produced an invalid plan for module.project["gcp-prj-inf-automation-prd-01"].google_project.project, but we are tolerating it because it is using the legacy plugin SDK.
    The following problems may be the cause of any confusing errors from downstream operations:
      - .folder_id: planned value cty.StringVal("") for a non-computed attribute
2024-03-29T17:09:54.481Z [INFO]  Starting apply for module.project["gcp-prj-inf-automation-prd-01"].google_project.project
2024-03-29T17:09:58.773Z [INFO]  Terraform version: 1.7.5
2024-03-29T17:09:58.773Z [INFO]  Go runtime version: go1.21.8
2024-03-29T17:09:58.773Z [INFO]  CLI args: []string{"terraform", "output", "-json"}
2024-03-29T17:09:58.774Z [INFO]  CLI command args: []string{"output", "-json"}
