2024-03-30T05:32:25.893Z [INFO]  Terraform version: 1.7.5
2024-03-30T05:32:25.893Z [INFO]  Go runtime version: go1.21.8
2024-03-30T05:32:25.893Z [INFO]  CLI args: []string{"terraform", "init", "-upgrade", "-backend-config=bucket=gcp-yyz-prd-inf-cloudautomation-sbuc-01", "-backend-config=prefix=automation/state-file"}
2024-03-30T05:32:25.894Z [INFO]  CLI command args: []string{"init", "-upgrade", "-backend-config=bucket=gcp-yyz-prd-inf-cloudautomation-sbuc-01", "-backend-config=prefix=automation/state-file"}
2024-03-30T05:32:36.166Z [INFO]  Terraform version: 1.7.5
2024-03-30T05:32:36.166Z [INFO]  Go runtime version: go1.21.8
2024-03-30T05:32:36.167Z [INFO]  CLI args: []string{"terraform", "plan", "-var=access_token=ya29.c.c0AY_VpZgQ_lCPdRkowRsT26D9cK4A5FtWxbNLQPQdxkI-_l4AQKiNXHkzJKrb8-tLVTneSmNYBwLttSZJZt0igjm-tyhW6XnSzG402vWekN-yJbJQpuB_uLgdtN3jwkN9Vp7N1sX0hHfaBa6zW_Z7-znv9melHdLjXO-dtWYQaCI_WReMLB1ikzfDLCrB56FnYEJZkOC_I27Rg_UncgRm0ltEQO9EJ_Otz_U-1nmT8unDlCZEvEUyEnpygaR5ekrd23yqaFdx1wiUOZpv0nOfH4MvB-DreW3HTD5Z_YpcgxYz1JlkdrePxY32C9wAhXIb3ls-ezblPfrNTVzpYjW3_pJUtbCJK7sI_GCkPNjg3CwOn-RYQog7EE-CQPzucheI1Gw3LvjdTQaFSGyoKDbFeNPbh9NKCUh8cGUlyAAP-lHudiF9eJG8-SbLXuKu5hasZGIMWoGohXbUhbG9XUKcdN-gI8Qk8UNf9gsN-i2T7BsyQQPyoZRtAQyonVb5F_4de9uGU1wd8bzSbLoGT8Fz98JNiY4UQgpMxQOyRWfzKzDKfbV0Q_G7RaRfv52RTc5hwwyYzzs5KD8u7ndtd8N7Zub65tYDvePwptCwiJIOOILthtxbR9MplNtjhaoPTZLJTwJvLjAu1MCtTNriZqKFnVvECxCizjJawVfWc5KLJgH691P7advtIp382BSmW8UjVW2d4FMSJsRWQojYm5taU80jiWu6g7Qi_v1kB5vWQf1yIIrhxU1s2zS6Xo9p9fb-pYQqJb7Res_V6q4x0qUjicYMb0m6cyfjBdJltfmdoxaYVX215ghvl16dxxQS9qUinF7S-OuwdBSnfZ_h3Bhrfo4u-doZBIuupp82m1b61We9iilm4Rri55d9ZljbrseoBhqpOFrZ4Yxnxjd-gt4fsVYo_8UUOvlhrthygOBcWbVZhtIX3RrO9ukc7eRQnXOc4-asIS_XoXvqhnyY2qWnU-Ou4ekWzYZ0adZ-SR0-pSSd0cfr3apu87m", "-var=project_id=gcp-prj-inf-automation-prd-01", "-var-file=../input-file/project.tfvars", "-var-file=../input-file/budget.tfvars", "-var-file=../input-file/api.tfvars", "-var-file=../input-file/bucket.tfvars", "-var-file=../input-file/repo.tfvars", "-out=../plan-file/automation-tf-plan.json"}
2024-03-30T05:32:36.168Z [INFO]  CLI command args: []string{"plan", "-var=access_token=ya29.c.c0AY_VpZgQ_lCPdRkowRsT26D9cK4A5FtWxbNLQPQdxkI-_l4AQKiNXHkzJKrb8-tLVTneSmNYBwLttSZJZt0igjm-tyhW6XnSzG402vWekN-yJbJQpuB_uLgdtN3jwkN9Vp7N1sX0hHfaBa6zW_Z7-znv9melHdLjXO-dtWYQaCI_WReMLB1ikzfDLCrB56FnYEJZkOC_I27Rg_UncgRm0ltEQO9EJ_Otz_U-1nmT8unDlCZEvEUyEnpygaR5ekrd23yqaFdx1wiUOZpv0nOfH4MvB-DreW3HTD5Z_YpcgxYz1JlkdrePxY32C9wAhXIb3ls-ezblPfrNTVzpYjW3_pJUtbCJK7sI_GCkPNjg3CwOn-RYQog7EE-CQPzucheI1Gw3LvjdTQaFSGyoKDbFeNPbh9NKCUh8cGUlyAAP-lHudiF9eJG8-SbLXuKu5hasZGIMWoGohXbUhbG9XUKcdN-gI8Qk8UNf9gsN-i2T7BsyQQPyoZRtAQyonVb5F_4de9uGU1wd8bzSbLoGT8Fz98JNiY4UQgpMxQOyRWfzKzDKfbV0Q_G7RaRfv52RTc5hwwyYzzs5KD8u7ndtd8N7Zub65tYDvePwptCwiJIOOILthtxbR9MplNtjhaoPTZLJTwJvLjAu1MCtTNriZqKFnVvECxCizjJawVfWc5KLJgH691P7advtIp382BSmW8UjVW2d4FMSJsRWQojYm5taU80jiWu6g7Qi_v1kB5vWQf1yIIrhxU1s2zS6Xo9p9fb-pYQqJb7Res_V6q4x0qUjicYMb0m6cyfjBdJltfmdoxaYVX215ghvl16dxxQS9qUinF7S-OuwdBSnfZ_h3Bhrfo4u-doZBIuupp82m1b61We9iilm4Rri55d9ZljbrseoBhqpOFrZ4Yxnxjd-gt4fsVYo_8UUOvlhrthygOBcWbVZhtIX3RrO9ukc7eRQnXOc4-asIS_XoXvqhnyY2qWnU-Ou4ekWzYZ0adZ-SR0-pSSd0cfr3apu87m", "-var=project_id=gcp-prj-inf-automation-prd-01", "-var-file=../input-file/project.tfvars", "-var-file=../input-file/budget.tfvars", "-var-file=../input-file/api.tfvars", "-var-file=../input-file/bucket.tfvars", "-var-file=../input-file/repo.tfvars", "-out=../plan-file/automation-tf-plan.json"}
2024-03-30T05:32:37.158Z [INFO]  backend/local: starting Plan operation
2024-03-30T05:32:40.473Z [INFO]  provider: configuring client automatic mTLS
2024-03-30T05:32:40.551Z [INFO]  provider.terraform-provider-google_v5.22.0_x5: configuring server automatic mTLS: timestamp=2024-03-30T05:32:40.551Z
2024-03-30T05:32:40.895Z [INFO]  provider: configuring client automatic mTLS
2024-03-30T05:32:41.017Z [INFO]  provider.terraform-provider-google-beta_v5.22.0_x5: configuring server automatic mTLS: timestamp=2024-03-30T05:32:41.017Z
2024-03-30T05:32:41.444Z [INFO]  provider: configuring client automatic mTLS
2024-03-30T05:32:41.514Z [INFO]  provider.terraform-provider-google_v5.22.0_x5: configuring server automatic mTLS: timestamp=2024-03-30T05:32:41.514Z
2024-03-30T05:32:41.645Z [INFO]  backend/local: plan calling Plan
2024-03-30T05:32:41.657Z [INFO]  provider: configuring client automatic mTLS
2024-03-30T05:32:41.730Z [INFO]  provider.terraform-provider-google_v5.22.0_x5: configuring server automatic mTLS: timestamp=2024-03-30T05:32:41.730Z
2024-03-30T05:32:41.836Z [INFO]  provider.terraform-provider-google_v5.22.0_x5: Authenticating using configured Google JSON 'access_token'...: tf_rpc=ConfigureProvider @caller=github.com/hashicorp/terraform-provider-google/google/fwtransport/framework_config.go:1721 @module=google tf_mux_provider="*proto5server.Server" tf_provider_addr=registry.terraform.io/hashicorp/google tf_req_id=2916adf9-fb38-0fec-2e61-f01ee9c958aa timestamp=2024-03-30T05:32:41.836Z
2024-03-30T05:32:41.836Z [INFO]  provider.terraform-provider-google_v5.22.0_x5:   -- Scopes: [https://www.googleapis.com/auth/cloud-platform https://www.googleapis.com/auth/userinfo.email]: @caller=github.com/hashicorp/terraform-provider-google/google/fwtransport/framework_config.go:1722 tf_provider_addr=registry.terraform.io/hashicorp/google tf_req_id=2916adf9-fb38-0fec-2e61-f01ee9c958aa tf_rpc=ConfigureProvider @module=google tf_mux_provider="*proto5server.Server" timestamp=2024-03-30T05:32:41.836Z
2024-03-30T05:32:41.836Z [INFO]  provider.terraform-provider-google_v5.22.0_x5: Authenticating using configured Google JSON 'access_token'...: @caller=github.com/hashicorp/terraform-provider-google/google/fwtransport/framework_config.go:1721 tf_provider_addr=registry.terraform.io/hashicorp/google tf_rpc=ConfigureProvider tf_mux_provider="*proto5server.Server" tf_req_id=2916adf9-fb38-0fec-2e61-f01ee9c958aa @module=google timestamp=2024-03-30T05:32:41.836Z
2024-03-30T05:32:41.836Z [INFO]  provider.terraform-provider-google_v5.22.0_x5:   -- Scopes: [https://www.googleapis.com/auth/cloud-platform https://www.googleapis.com/auth/userinfo.email]: tf_req_id=2916adf9-fb38-0fec-2e61-f01ee9c958aa @caller=github.com/hashicorp/terraform-provider-google/google/fwtransport/framework_config.go:1722 tf_mux_provider="*proto5server.Server" tf_provider_addr=registry.terraform.io/hashicorp/google @module=google tf_rpc=ConfigureProvider timestamp=2024-03-30T05:32:41.836Z
2024-03-30T05:32:41.901Z [INFO]  provider.terraform-provider-google_v5.22.0_x5: Terraform is using this identity: svc-cloudautomation@gcp-prj-inf-automation-prd-01.iam.gserviceaccount.com: tf_mux_provider="*proto5server.Server" tf_req_id=2916adf9-fb38-0fec-2e61-f01ee9c958aa tf_rpc=ConfigureProvider @module=google tf_provider_addr=registry.terraform.io/hashicorp/google @caller=github.com/hashicorp/terraform-provider-google/google/fwtransport/framework_config.go:1641 timestamp=2024-03-30T05:32:41.900Z
2024-03-30T05:32:47.345Z [INFO]  backend/local: plan operation completed
2024-03-30T05:32:47.345Z [INFO]  backend/local: writing plan output to: ../plan-file/automation-tf-plan.json
2024-03-30T05:32:54.552Z [INFO]  Terraform version: 1.7.5
2024-03-30T05:32:54.553Z [INFO]  Go runtime version: go1.21.8
2024-03-30T05:32:54.553Z [INFO]  CLI args: []string{"terraform", "apply", "../plan-file/automation-tf-plan.json"}
2024-03-30T05:32:54.554Z [INFO]  CLI command args: []string{"apply", "../plan-file/automation-tf-plan.json"}
2024-03-30T05:32:55.307Z [INFO]  backend/local: starting Apply operation
2024-03-30T05:32:59.136Z [INFO]  provider: configuring client automatic mTLS
2024-03-30T05:32:59.213Z [INFO]  provider.terraform-provider-google_v5.22.0_x5: configuring server automatic mTLS: timestamp=2024-03-30T05:32:59.213Z
2024-03-30T05:32:59.572Z [INFO]  provider: configuring client automatic mTLS
2024-03-30T05:32:59.647Z [INFO]  provider.terraform-provider-google-beta_v5.22.0_x5: configuring server automatic mTLS: timestamp=2024-03-30T05:32:59.646Z
2024-03-30T05:33:00.056Z [INFO]  backend/local: apply calling Apply
2024-03-30T05:33:00.070Z [INFO]  provider: configuring client automatic mTLS
2024-03-30T05:33:00.146Z [INFO]  provider.terraform-provider-google_v5.22.0_x5: configuring server automatic mTLS: timestamp=2024-03-30T05:33:00.146Z
2024-03-30T05:33:00.257Z [INFO]  provider.terraform-provider-google_v5.22.0_x5: Authenticating using configured Google JSON 'access_token'...: tf_req_id=0a4a2eec-40e3-7e5d-9c8c-fbe064d76cef @caller=github.com/hashicorp/terraform-provider-google/google/fwtransport/framework_config.go:1721 tf_mux_provider="*proto5server.Server" tf_provider_addr=registry.terraform.io/hashicorp/google tf_rpc=ConfigureProvider @module=google timestamp=2024-03-30T05:33:00.257Z
2024-03-30T05:33:00.257Z [INFO]  provider.terraform-provider-google_v5.22.0_x5:   -- Scopes: [https://www.googleapis.com/auth/cloud-platform https://www.googleapis.com/auth/userinfo.email]: tf_mux_provider="*proto5server.Server" tf_provider_addr=registry.terraform.io/hashicorp/google tf_rpc=ConfigureProvider @caller=github.com/hashicorp/terraform-provider-google/google/fwtransport/framework_config.go:1722 @module=google tf_req_id=0a4a2eec-40e3-7e5d-9c8c-fbe064d76cef timestamp=2024-03-30T05:33:00.257Z
2024-03-30T05:33:00.257Z [INFO]  provider.terraform-provider-google_v5.22.0_x5: Authenticating using configured Google JSON 'access_token'...: @caller=github.com/hashicorp/terraform-provider-google/google/fwtransport/framework_config.go:1721 tf_provider_addr=registry.terraform.io/hashicorp/google tf_rpc=ConfigureProvider tf_req_id=0a4a2eec-40e3-7e5d-9c8c-fbe064d76cef @module=google tf_mux_provider="*proto5server.Server" timestamp=2024-03-30T05:33:00.257Z
2024-03-30T05:33:00.257Z [INFO]  provider.terraform-provider-google_v5.22.0_x5:   -- Scopes: [https://www.googleapis.com/auth/cloud-platform https://www.googleapis.com/auth/userinfo.email]: @module=google tf_mux_provider="*proto5server.Server" tf_rpc=ConfigureProvider @caller=github.com/hashicorp/terraform-provider-google/google/fwtransport/framework_config.go:1722 tf_provider_addr=registry.terraform.io/hashicorp/google tf_req_id=0a4a2eec-40e3-7e5d-9c8c-fbe064d76cef timestamp=2024-03-30T05:33:00.257Z
2024-03-30T05:33:00.311Z [INFO]  provider.terraform-provider-google_v5.22.0_x5: Terraform is using this identity: svc-cloudautomation@gcp-prj-inf-automation-prd-01.iam.gserviceaccount.com: tf_provider_addr=registry.terraform.io/hashicorp/google tf_rpc=ConfigureProvider @caller=github.com/hashicorp/terraform-provider-google/google/fwtransport/framework_config.go:1641 @module=google tf_mux_provider="*proto5server.Server" tf_req_id=0a4a2eec-40e3-7e5d-9c8c-fbe064d76cef timestamp=2024-03-30T05:33:00.310Z
2024-03-30T05:33:00.357Z [INFO]  Starting apply for module.project["gcp-prj-inf-automation-prd-01"].google_project.project
2024-03-30T05:33:08.002Z [WARN]  Provider "provider[\"registry.terraform.io/hashicorp/google\"]" produced an unexpected new value for module.project["gcp-prj-inf-automation-prd-01"].google_project.project, but we are tolerating it because it is using the legacy plugin SDK.
    The following problems may be the cause of any confusing errors from downstream operations:
      - .org_id: was null, but now cty.StringVal("")
2024-03-30T05:33:09.425Z [INFO]  Terraform version: 1.7.5
2024-03-30T05:33:09.425Z [INFO]  Go runtime version: go1.21.8
2024-03-30T05:33:09.425Z [INFO]  CLI args: []string{"terraform", "output", "-json"}
2024-03-30T05:33:09.426Z [INFO]  CLI command args: []string{"output", "-json"}
