2024-03-29T18:04:46.546Z [INFO]  Terraform version: 1.7.5
2024-03-29T18:04:46.546Z [INFO]  Go runtime version: go1.21.8
2024-03-29T18:04:46.546Z [INFO]  CLI args: []string{"terraform", "init", "-upgrade", "-backend-config=bucket=gcp-yyz-prd-inf-cloudautomation-sbuc-01", "-backend-config=prefix=automation/state-file"}
2024-03-29T18:04:46.547Z [INFO]  CLI command args: []string{"init", "-upgrade", "-backend-config=bucket=gcp-yyz-prd-inf-cloudautomation-sbuc-01", "-backend-config=prefix=automation/state-file"}
2024-03-29T18:04:55.397Z [INFO]  Terraform version: 1.7.5
2024-03-29T18:04:55.397Z [INFO]  Go runtime version: go1.21.8
2024-03-29T18:04:55.397Z [INFO]  CLI args: []string{"terraform", "plan", "-var=access_token=ya29.c.c0AY_VpZgMpJqDAncD_s6BJOb-psn1fChfvarULzZdqAUeUTBJ4DvDvvVzHVSaUoJcl_X2G7s7sHV06V__EBwN3T0pY_mDGOhk4d_pw4WUO2eO_A3B_1gbCVRYs6vQyFYn2PxPkqJfmOOCeSOWoQ8hT13B_Zt0PL0YIsh9CtrIqMTwGAt24S98HzC6lNrfeLn-g4Pzb_XjrLCo-OxbDjVM9Zo9ZjVa3eClw5qcIT0qFlnQ8B4WnydWX5jC6UKQERIxp7rPCm1XqqK2UZjXeU5lW4l8ms7rW45SjWbFMrs2uetZLkYdRWKOU3PaCvzdTY9zwvGZIx1xKf03gPXG1LJX6lnfA9mGZh79FsaEkx0w4CKQVii4x8PTLhL5vrK6kZ2zpOgZyT5YKkwoNtsPYC9JGKyXLwcrhYvg9Egj-CgZqV6nGvsm9ZqU4oLqLEbmqxgNBHp9v4CClr1XvY7NgI6LJ26NXkOvv_LTQzcj1PQGsXW8ZwIi5SbecRrLOLmWNM2LIPxe0zs3SbxtVbBwNYcYNSvjdAwnMqaha6ZrguiJeUvkdKgceruUxiyBTAVBLfKSLoxq4R-tmTc6OfcyLerzoffYhhaRQIyg0nf46aEGhW_i4zhd3oXSuvULHvLtS1kDol5KRmD0CVI6VVAWwpXlRtH2X8DVadAEjINiJg9HT689Kz8r4IIom-cFF9M3sxwrmgelZIVUbJyaZrBslUk3B3Iv5VSU4vowjo_coxF3uQfI6jRswjMZpwiW3XUMQJu_3x47kcO-adl4Ws6l2ygnwZjlQvQcRMtV46ROqMx35Rn6mplfzhz-6Oeem-q-QqF0FZM4WvB8pUbwe3w9Bia7WB_gx8quahinMmbQU5QjWhxO55no23lVel6shib3ywYVnaf-ckIgat_Orpysa7slMVrpcJ7d7dixW-R9q9MpiJUoZM7i45aUuWbjsV7xzzliSejRBWgQ4rcu7FzF3MufwnIwOq-Y79hpZFzjh0QcBWrIW8ez-g4oXfa", "-var=project_id=gcp-prj-inf-automation-prd-01", "-var-file=../input-file/project.tfvars", "-var-file=../input-file/budget.tfvars", "-var-file=../input-file/api.tfvars", "-var-file=../input-file/bucket.tfvars", "-var-file=../input-file/repo.tfvars", "-out=../plan-file/automation-tf-plan.json"}
2024-03-29T18:04:55.398Z [INFO]  CLI command args: []string{"plan", "-var=access_token=ya29.c.c0AY_VpZgMpJqDAncD_s6BJOb-psn1fChfvarULzZdqAUeUTBJ4DvDvvVzHVSaUoJcl_X2G7s7sHV06V__EBwN3T0pY_mDGOhk4d_pw4WUO2eO_A3B_1gbCVRYs6vQyFYn2PxPkqJfmOOCeSOWoQ8hT13B_Zt0PL0YIsh9CtrIqMTwGAt24S98HzC6lNrfeLn-g4Pzb_XjrLCo-OxbDjVM9Zo9ZjVa3eClw5qcIT0qFlnQ8B4WnydWX5jC6UKQERIxp7rPCm1XqqK2UZjXeU5lW4l8ms7rW45SjWbFMrs2uetZLkYdRWKOU3PaCvzdTY9zwvGZIx1xKf03gPXG1LJX6lnfA9mGZh79FsaEkx0w4CKQVii4x8PTLhL5vrK6kZ2zpOgZyT5YKkwoNtsPYC9JGKyXLwcrhYvg9Egj-CgZqV6nGvsm9ZqU4oLqLEbmqxgNBHp9v4CClr1XvY7NgI6LJ26NXkOvv_LTQzcj1PQGsXW8ZwIi5SbecRrLOLmWNM2LIPxe0zs3SbxtVbBwNYcYNSvjdAwnMqaha6ZrguiJeUvkdKgceruUxiyBTAVBLfKSLoxq4R-tmTc6OfcyLerzoffYhhaRQIyg0nf46aEGhW_i4zhd3oXSuvULHvLtS1kDol5KRmD0CVI6VVAWwpXlRtH2X8DVadAEjINiJg9HT689Kz8r4IIom-cFF9M3sxwrmgelZIVUbJyaZrBslUk3B3Iv5VSU4vowjo_coxF3uQfI6jRswjMZpwiW3XUMQJu_3x47kcO-adl4Ws6l2ygnwZjlQvQcRMtV46ROqMx35Rn6mplfzhz-6Oeem-q-QqF0FZM4WvB8pUbwe3w9Bia7WB_gx8quahinMmbQU5QjWhxO55no23lVel6shib3ywYVnaf-ckIgat_Orpysa7slMVrpcJ7d7dixW-R9q9MpiJUoZM7i45aUuWbjsV7xzzliSejRBWgQ4rcu7FzF3MufwnIwOq-Y79hpZFzjh0QcBWrIW8ez-g4oXfa", "-var=project_id=gcp-prj-inf-automation-prd-01", "-var-file=../input-file/project.tfvars", "-var-file=../input-file/budget.tfvars", "-var-file=../input-file/api.tfvars", "-var-file=../input-file/bucket.tfvars", "-var-file=../input-file/repo.tfvars", "-out=../plan-file/automation-tf-plan.json"}
2024-03-29T18:04:56.205Z [INFO]  backend/local: starting Plan operation
2024-03-29T18:04:58.945Z [INFO]  provider: configuring client automatic mTLS
2024-03-29T18:04:59.027Z [INFO]  provider.terraform-provider-google_v5.22.0_x5: configuring server automatic mTLS: timestamp=2024-03-29T18:04:59.027Z
2024-03-29T18:04:59.374Z [INFO]  provider: configuring client automatic mTLS
2024-03-29T18:04:59.451Z [INFO]  provider.terraform-provider-google-beta_v5.22.0_x5: configuring server automatic mTLS: timestamp=2024-03-29T18:04:59.451Z
2024-03-29T18:04:59.856Z [INFO]  provider: configuring client automatic mTLS
2024-03-29T18:04:59.936Z [INFO]  provider.terraform-provider-google_v5.22.0_x5: configuring server automatic mTLS: timestamp=2024-03-29T18:04:59.935Z
2024-03-29T18:05:00.060Z [INFO]  backend/local: plan calling Plan
2024-03-29T18:05:00.072Z [INFO]  provider: configuring client automatic mTLS
2024-03-29T18:05:00.142Z [INFO]  provider.terraform-provider-google_v5.22.0_x5: configuring server automatic mTLS: timestamp=2024-03-29T18:05:00.141Z
2024-03-29T18:05:00.244Z [INFO]  provider.terraform-provider-google_v5.22.0_x5: Authenticating using configured Google JSON 'access_token'...: @module=google tf_mux_provider="*proto5server.Server" tf_provider_addr=registry.terraform.io/hashicorp/google tf_req_id=96a6c6df-f9e7-fba7-d28c-ae7ea9d3bc41 tf_rpc=ConfigureProvider @caller=github.com/hashicorp/terraform-provider-google/google/fwtransport/framework_config.go:1721 timestamp=2024-03-29T18:05:00.244Z
2024-03-29T18:05:00.244Z [INFO]  provider.terraform-provider-google_v5.22.0_x5:   -- Scopes: [https://www.googleapis.com/auth/cloud-platform https://www.googleapis.com/auth/userinfo.email]: @module=google @caller=github.com/hashicorp/terraform-provider-google/google/fwtransport/framework_config.go:1722 tf_mux_provider="*proto5server.Server" tf_provider_addr=registry.terraform.io/hashicorp/google tf_req_id=96a6c6df-f9e7-fba7-d28c-ae7ea9d3bc41 tf_rpc=ConfigureProvider timestamp=2024-03-29T18:05:00.244Z
2024-03-29T18:05:00.244Z [INFO]  provider.terraform-provider-google_v5.22.0_x5: Authenticating using configured Google JSON 'access_token'...: @caller=github.com/hashicorp/terraform-provider-google/google/fwtransport/framework_config.go:1721 @module=google tf_mux_provider="*proto5server.Server" tf_provider_addr=registry.terraform.io/hashicorp/google tf_req_id=96a6c6df-f9e7-fba7-d28c-ae7ea9d3bc41 tf_rpc=ConfigureProvider timestamp=2024-03-29T18:05:00.244Z
2024-03-29T18:05:00.244Z [INFO]  provider.terraform-provider-google_v5.22.0_x5:   -- Scopes: [https://www.googleapis.com/auth/cloud-platform https://www.googleapis.com/auth/userinfo.email]: @caller=github.com/hashicorp/terraform-provider-google/google/fwtransport/framework_config.go:1722 @module=google tf_req_id=96a6c6df-f9e7-fba7-d28c-ae7ea9d3bc41 tf_mux_provider="*proto5server.Server" tf_provider_addr=registry.terraform.io/hashicorp/google tf_rpc=ConfigureProvider timestamp=2024-03-29T18:05:00.244Z
2024-03-29T18:05:00.300Z [INFO]  provider.terraform-provider-google_v5.22.0_x5: Terraform is using this identity: svc-cloudautomation@gcp-prj-inf-automation-prd-01.iam.gserviceaccount.com: tf_provider_addr=registry.terraform.io/hashicorp/google tf_req_id=96a6c6df-f9e7-fba7-d28c-ae7ea9d3bc41 tf_rpc=ConfigureProvider @caller=github.com/hashicorp/terraform-provider-google/google/fwtransport/framework_config.go:1641 @module=google tf_mux_provider="*proto5server.Server" timestamp=2024-03-29T18:05:00.300Z
2024-03-29T18:05:05.719Z [WARN]  Provider "registry.terraform.io/hashicorp/google" produced an invalid plan for module.project["gcp-prj-inf-automation-prd-01"].google_project.project, but we are tolerating it because it is using the legacy plugin SDK.
    The following problems may be the cause of any confusing errors from downstream operations:
      - .folder_id: planned value cty.StringVal("") for a non-computed attribute
2024-03-29T18:05:05.840Z [INFO]  backend/local: plan operation completed
2024-03-29T18:05:05.840Z [INFO]  backend/local: writing plan output to: ../plan-file/automation-tf-plan.json
2024-03-29T18:05:14.521Z [INFO]  Terraform version: 1.7.5
2024-03-29T18:05:14.521Z [INFO]  Go runtime version: go1.21.8
2024-03-29T18:05:14.521Z [INFO]  CLI args: []string{"terraform", "apply", "../plan-file/automation-tf-plan.json"}
2024-03-29T18:05:14.522Z [INFO]  CLI command args: []string{"apply", "../plan-file/automation-tf-plan.json"}
2024-03-29T18:05:15.274Z [INFO]  backend/local: starting Apply operation
2024-03-29T18:05:17.593Z [INFO]  provider: configuring client automatic mTLS
2024-03-29T18:05:17.671Z [INFO]  provider.terraform-provider-google_v5.22.0_x5: configuring server automatic mTLS: timestamp=2024-03-29T18:05:17.671Z
2024-03-29T18:05:18.033Z [INFO]  provider: configuring client automatic mTLS
2024-03-29T18:05:18.107Z [INFO]  provider.terraform-provider-google-beta_v5.22.0_x5: configuring server automatic mTLS: timestamp=2024-03-29T18:05:18.107Z
2024-03-29T18:05:18.464Z [INFO]  backend/local: apply calling Apply
2024-03-29T18:05:18.494Z [INFO]  provider: configuring client automatic mTLS
2024-03-29T18:05:18.566Z [INFO]  provider.terraform-provider-google_v5.22.0_x5: configuring server automatic mTLS: timestamp=2024-03-29T18:05:18.566Z
2024-03-29T18:05:18.670Z [INFO]  provider.terraform-provider-google_v5.22.0_x5: Authenticating using configured Google JSON 'access_token'...: @module=google tf_mux_provider="*proto5server.Server" tf_provider_addr=registry.terraform.io/hashicorp/google tf_req_id=4dfe1e64-5580-5c09-43af-ebe37a6802fe tf_rpc=ConfigureProvider @caller=github.com/hashicorp/terraform-provider-google/google/fwtransport/framework_config.go:1721 timestamp=2024-03-29T18:05:18.669Z
2024-03-29T18:05:18.670Z [INFO]  provider.terraform-provider-google_v5.22.0_x5:   -- Scopes: [https://www.googleapis.com/auth/cloud-platform https://www.googleapis.com/auth/userinfo.email]: @caller=github.com/hashicorp/terraform-provider-google/google/fwtransport/framework_config.go:1722 @module=google tf_mux_provider="*proto5server.Server" tf_provider_addr=registry.terraform.io/hashicorp/google tf_rpc=ConfigureProvider tf_req_id=4dfe1e64-5580-5c09-43af-ebe37a6802fe timestamp=2024-03-29T18:05:18.669Z
2024-03-29T18:05:18.670Z [INFO]  provider.terraform-provider-google_v5.22.0_x5: Authenticating using configured Google JSON 'access_token'...: @caller=github.com/hashicorp/terraform-provider-google/google/fwtransport/framework_config.go:1721 tf_mux_provider="*proto5server.Server" tf_req_id=4dfe1e64-5580-5c09-43af-ebe37a6802fe @module=google tf_provider_addr=registry.terraform.io/hashicorp/google tf_rpc=ConfigureProvider timestamp=2024-03-29T18:05:18.670Z
2024-03-29T18:05:18.670Z [INFO]  provider.terraform-provider-google_v5.22.0_x5:   -- Scopes: [https://www.googleapis.com/auth/cloud-platform https://www.googleapis.com/auth/userinfo.email]: tf_provider_addr=registry.terraform.io/hashicorp/google tf_req_id=4dfe1e64-5580-5c09-43af-ebe37a6802fe @caller=github.com/hashicorp/terraform-provider-google/google/fwtransport/framework_config.go:1722 @module=google tf_mux_provider="*proto5server.Server" tf_rpc=ConfigureProvider timestamp=2024-03-29T18:05:18.670Z
2024-03-29T18:05:18.718Z [INFO]  provider.terraform-provider-google_v5.22.0_x5: Terraform is using this identity: svc-cloudautomation@gcp-prj-inf-automation-prd-01.iam.gserviceaccount.com: @caller=github.com/hashicorp/terraform-provider-google/google/fwtransport/framework_config.go:1641 tf_mux_provider="*proto5server.Server" @module=google tf_provider_addr=registry.terraform.io/hashicorp/google tf_req_id=4dfe1e64-5580-5c09-43af-ebe37a6802fe tf_rpc=ConfigureProvider timestamp=2024-03-29T18:05:18.718Z
2024-03-29T18:05:19.902Z [INFO]  Terraform version: 1.7.5
2024-03-29T18:05:19.903Z [INFO]  Go runtime version: go1.21.8
2024-03-29T18:05:19.903Z [INFO]  CLI args: []string{"terraform", "output", "-json"}
2024-03-29T18:05:19.903Z [INFO]  CLI command args: []string{"output", "-json"}
