2023-12-12T06:48:04.063Z [INFO]  Terraform version: 1.6.4
2023-12-12T06:48:04.063Z [INFO]  Go runtime version: go1.21.3
2023-12-12T06:48:04.063Z [INFO]  CLI args: []string{"terraform", "init", "-upgrade"}
2023-12-12T06:48:04.064Z [INFO]  CLI command args: []string{"init", "-upgrade"}
2023-12-12T06:48:15.588Z [INFO]  Terraform version: 1.6.4
2023-12-12T06:48:15.589Z [INFO]  Go runtime version: go1.21.3
2023-12-12T06:48:15.589Z [INFO]  CLI args: []string{"terraform", "plan", "-var", "access_token=ya29.a0AfB_byA_Yb_FtJqjzO0zB_hX9OaAHr3NSHII5e0wgjji33RjjkjGmFQBIW396oab_ofdvnmWhqQNG4I1zlSt9RcK5QQVAw1mzJyw6RreTZATOObakhygeuiwqvvwMkx0GnNIPLYt1UFhIHW_TP2LmSVKvfdplmopil917ppQVQvibe_HUK_MyFr89gWUm04N6lFm7PUshfRIpiCapthOfs2J7XWBJHweKBRYkcseJpI35k9jlFg9n9AmTGASBH7iFjXJ85DABfldrHA_nIl6uGsc-Yd_SuxWpotJkpoKvNu4ERbWuBHvCwiSbwzyRkuk3GBWLHu3zaR1aQCSxwEZaRlsD6Bml3QOGsaZp49k3mtwSjGFp0MJmVYdHVfUyluFZyip2PIVPWuMPij7JgrA3JdHi0NuqwaCgYKAdsSARESFQHGX2MizYtPNIsmJsFBAm3oqIV5hQ0421", "-var-file=../input-json-file/bucket.tfvars.json", "-var-file=../input-json-file/ssl.tfvars.json", "-var-file=../input-json-file/armor.tfvars.json", "-var-file=../input-json-file/alb.tfvars.json", "-out=../plan-file/alb-tf-plan.json"}
2023-12-12T06:48:15.590Z [INFO]  CLI command args: []string{"plan", "-var", "access_token=ya29.a0AfB_byA_Yb_FtJqjzO0zB_hX9OaAHr3NSHII5e0wgjji33RjjkjGmFQBIW396oab_ofdvnmWhqQNG4I1zlSt9RcK5QQVAw1mzJyw6RreTZATOObakhygeuiwqvvwMkx0GnNIPLYt1UFhIHW_TP2LmSVKvfdplmopil917ppQVQvibe_HUK_MyFr89gWUm04N6lFm7PUshfRIpiCapthOfs2J7XWBJHweKBRYkcseJpI35k9jlFg9n9AmTGASBH7iFjXJ85DABfldrHA_nIl6uGsc-Yd_SuxWpotJkpoKvNu4ERbWuBHvCwiSbwzyRkuk3GBWLHu3zaR1aQCSxwEZaRlsD6Bml3QOGsaZp49k3mtwSjGFp0MJmVYdHVfUyluFZyip2PIVPWuMPij7JgrA3JdHi0NuqwaCgYKAdsSARESFQHGX2MizYtPNIsmJsFBAm3oqIV5hQ0421", "-var-file=../input-json-file/bucket.tfvars.json", "-var-file=../input-json-file/ssl.tfvars.json", "-var-file=../input-json-file/armor.tfvars.json", "-var-file=../input-json-file/alb.tfvars.json", "-out=../plan-file/alb-tf-plan.json"}
2023-12-12T06:48:16.293Z [INFO]  backend/local: starting Plan operation
2023-12-12T06:48:18.403Z [INFO]  provider: configuring client automatic mTLS
2023-12-12T06:48:18.563Z [INFO]  provider.terraform-provider-google_v5.9.0_x5: configuring server automatic mTLS: timestamp=2023-12-12T06:48:18.563Z
2023-12-12T06:48:18.848Z [INFO]  provider: configuring client automatic mTLS
2023-12-12T06:48:18.979Z [INFO]  provider.terraform-provider-google-beta_v5.9.0_x5: configuring server automatic mTLS: timestamp=2023-12-12T06:48:18.979Z
2023-12-12T06:48:19.273Z [INFO]  provider: configuring client automatic mTLS
2023-12-12T06:48:19.386Z [INFO]  provider.terraform-provider-google_v5.9.0_x5: configuring server automatic mTLS: timestamp=2023-12-12T06:48:19.385Z
2023-12-12T06:48:19.669Z [INFO]  backend/local: plan calling Plan
2023-12-12T06:48:19.687Z [INFO]  provider: configuring client automatic mTLS
2023-12-12T06:48:19.800Z [INFO]  provider.terraform-provider-google_v5.9.0_x5: configuring server automatic mTLS: timestamp=2023-12-12T06:48:19.800Z
2023-12-12T06:48:20.032Z [INFO]  provider.terraform-provider-google_v5.9.0_x5: Authenticating using configured Google JSON 'access_token'...: @caller=github.com/hashicorp/terraform-provider-google/google/fwtransport/framework_config.go:1640 tf_mux_provider="*proto5server.Server" tf_provider_addr=registry.terraform.io/hashicorp/google tf_req_id=37cbfe5d-25ad-98b1-60da-ea07df8a1dd8 tf_rpc=ConfigureProvider @module=google timestamp=2023-12-12T06:48:20.032Z
2023-12-12T06:48:20.032Z [INFO]  provider.terraform-provider-google_v5.9.0_x5:   -- Scopes: [https://www.googleapis.com/auth/cloud-platform https://www.googleapis.com/auth/userinfo.email]: tf_mux_provider="*proto5server.Server" @caller=github.com/hashicorp/terraform-provider-google/google/fwtransport/framework_config.go:1641 @module=google tf_provider_addr=registry.terraform.io/hashicorp/google tf_req_id=37cbfe5d-25ad-98b1-60da-ea07df8a1dd8 tf_rpc=ConfigureProvider timestamp=2023-12-12T06:48:20.032Z
2023-12-12T06:48:20.032Z [INFO]  provider.terraform-provider-google_v5.9.0_x5: Authenticating using configured Google JSON 'access_token'...: tf_mux_provider="*proto5server.Server" tf_provider_addr=registry.terraform.io/hashicorp/google tf_req_id=37cbfe5d-25ad-98b1-60da-ea07df8a1dd8 tf_rpc=ConfigureProvider @caller=github.com/hashicorp/terraform-provider-google/google/fwtransport/framework_config.go:1640 @module=google timestamp=2023-12-12T06:48:20.032Z
2023-12-12T06:48:20.032Z [INFO]  provider.terraform-provider-google_v5.9.0_x5:   -- Scopes: [https://www.googleapis.com/auth/cloud-platform https://www.googleapis.com/auth/userinfo.email]: @caller=github.com/hashicorp/terraform-provider-google/google/fwtransport/framework_config.go:1641 tf_mux_provider="*proto5server.Server" tf_rpc=ConfigureProvider @module=google tf_provider_addr=registry.terraform.io/hashicorp/google tf_req_id=37cbfe5d-25ad-98b1-60da-ea07df8a1dd8 timestamp=2023-12-12T06:48:20.032Z
2023-12-12T06:48:20.080Z [INFO]  provider.terraform-provider-google_v5.9.0_x5: Terraform is using this identity: ayush.shukla@hcl.com: @module=google tf_mux_provider="*proto5server.Server" @caller=github.com/hashicorp/terraform-provider-google/google/fwtransport/framework_config.go:1560 tf_provider_addr=registry.terraform.io/hashicorp/google tf_req_id=37cbfe5d-25ad-98b1-60da-ea07df8a1dd8 tf_rpc=ConfigureProvider timestamp=2023-12-12T06:48:20.080Z
2023-12-12T06:48:21.175Z [WARN]  Provider "registry.terraform.io/hashicorp/google" produced an invalid plan for module.bucket["0"].google_storage_bucket.bucket, but we are tolerating it because it is using the legacy plugin SDK.
    The following problems may be the cause of any confusing errors from downstream operations:
      - .requester_pays: planned value cty.False for a non-computed attribute
      - .default_event_based_hold: planned value cty.False for a non-computed attribute
      - .enable_object_retention: planned value cty.False for a non-computed attribute
      - .website: block count in plan (1) disagrees with count in config (0)
2023-12-12T06:48:21.591Z [WARN]  Provider "registry.terraform.io/hashicorp/google" produced an invalid plan for module.ssl["0"].google_compute_managed_ssl_certificate.default[0], but we are tolerating it because it is using the legacy plugin SDK.
    The following problems may be the cause of any confusing errors from downstream operations:
      - .type: planned value cty.StringVal("MANAGED") for a non-computed attribute
2023-12-12T06:48:22.095Z [WARN]  Provider "registry.terraform.io/hashicorp/google" produced an unexpected new value for module.armor["1"].google_compute_security_policy.policy during refresh.
      - .fingerprint: was cty.StringVal("tSXQt5EN8uU="), but now cty.StringVal("Y-gRvH6fQHM=")
      - .adaptive_protection_config: block count changed from 0 to 1
      - .advanced_options_config: block count changed from 0 to 1
      - .rule: planned set element cty.ObjectVal(map[string]cty.Value{"action":cty.StringVal("allow"), "description":cty.StringVal("Allow US Traffic"), "header_action":cty.ListValEmpty(cty.Object(map[string]cty.Type{"request_headers_to_adds":cty.List(cty.Object(map[string]cty.Type{"header_name":cty.String, "header_value":cty.String}))})), "match":cty.ListVal([]cty.Value{cty.ObjectVal(map[string]cty.Value{"config":cty.ListValEmpty(cty.Object(map[string]cty.Type{"src_ip_ranges":cty.Set(cty.String)})), "expr":cty.ListVal([]cty.Value{cty.ObjectVal(map[string]cty.Value{"expression":cty.StringVal("'[US]'.contains(origin.region_code)")})}), "versioned_expr":cty.StringVal("")})}), "preview":cty.False, "priority":cty.NumberIntVal(100), "rate_limit_options":cty.ListValEmpty(cty.Object(map[string]cty.Type{"ban_duration_sec":cty.Number, "ban_threshold":cty.List(cty.Object(map[string]cty.Type{"count":cty.Number, "interval_sec":cty.Number})), "conform_action":cty.String, "enforce_on_key":cty.String, "enforce_on_key_name":cty.String, "exceed_action":cty.String, "exceed_redirect_options":cty.List(cty.Object(map[string]cty.Type{"target":cty.String, "type":cty.String})), "rate_limit_threshold":cty.List(cty.Object(map[string]cty.Type{"count":cty.Number, "interval_sec":cty.Number}))})), "redirect_options":cty.ListValEmpty(cty.Object(map[string]cty.Type{"target":cty.String, "type":cty.String}))}) does not correlate with any element in actual
      - .rule: planned set element cty.ObjectVal(map[string]cty.Value{"action":cty.StringVal("deny(403)"), "description":cty.StringVal("Deny access to Cuba, North Korea, Syria & Iraq"), "header_action":cty.ListValEmpty(cty.Object(map[string]cty.Type{"request_headers_to_adds":cty.List(cty.Object(map[string]cty.Type{"header_name":cty.String, "header_value":cty.String}))})), "match":cty.ListVal([]cty.Value{cty.ObjectVal(map[string]cty.Value{"config":cty.ListValEmpty(cty.Object(map[string]cty.Type{"src_ip_ranges":cty.Set(cty.String)})), "expr":cty.ListVal([]cty.Value{cty.ObjectVal(map[string]cty.Value{"expression":cty.StringVal("'[CU, KP, SY, IQ]'.contains(origin.region_code)")})}), "versioned_expr":cty.StringVal("")})}), "preview":cty.False, "priority":cty.NumberIntVal(200), "rate_limit_options":cty.ListValEmpty(cty.Object(map[string]cty.Type{"ban_duration_sec":cty.Number, "ban_threshold":cty.List(cty.Object(map[string]cty.Type{"count":cty.Number, "interval_sec":cty.Number})), "conform_action":cty.String, "enforce_on_key":cty.String, "enforce_on_key_name":cty.String, "exceed_action":cty.String, "exceed_redirect_options":cty.List(cty.Object(map[string]cty.Type{"target":cty.String, "type":cty.String})), "rate_limit_threshold":cty.List(cty.Object(map[string]cty.Type{"count":cty.Number, "interval_sec":cty.Number}))})), "redirect_options":cty.ListValEmpty(cty.Object(map[string]cty.Type{"target":cty.String, "type":cty.String}))}) does not correlate with any element in actual
      - .rule: planned set element cty.ObjectVal(map[string]cty.Value{"action":cty.StringVal("throttle"), "description":cty.StringVal("Throttling traffic rule"), "header_action":cty.ListValEmpty(cty.Object(map[string]cty.Type{"request_headers_to_adds":cty.List(cty.Object(map[string]cty.Type{"header_name":cty.String, "header_value":cty.String}))})), "match":cty.ListVal([]cty.Value{cty.ObjectVal(map[string]cty.Value{"config":cty.ListVal([]cty.Value{cty.ObjectVal(map[string]cty.Value{"src_ip_ranges":cty.SetVal([]cty.Value{cty.StringVal("*")})})}), "expr":cty.ListValEmpty(cty.Object(map[string]cty.Type{"expression":cty.String})), "versioned_expr":cty.StringVal("SRC_IPS_V1")})}), "preview":cty.False, "priority":cty.NumberIntVal(400), "rate_limit_options":cty.ListVal([]cty.Value{cty.ObjectVal(map[string]cty.Value{"ban_duration_sec":cty.NullVal(cty.Number), "ban_threshold":cty.ListValEmpty(cty.Object(map[string]cty.Type{"count":cty.Number, "interval_sec":cty.Number})), "conform_action":cty.StringVal("allow"), "enforce_on_key":cty.StringVal("ALL"), "enforce_on_key_name":cty.StringVal(""), "exceed_action":cty.StringVal("deny(429)"), "exceed_redirect_options":cty.ListValEmpty(cty.Object(map[string]cty.Type{"target":cty.String, "type":cty.String})), "rate_limit_threshold":cty.ListVal([]cty.Value{cty.ObjectVal(map[string]cty.Value{"count":cty.NumberIntVal(100), "interval_sec":cty.NumberIntVal(60)})})})}), "redirect_options":cty.ListValEmpty(cty.Object(map[string]cty.Type{"target":cty.String, "type":cty.String}))}) does not correlate with any element in actual
      - .rule: block set length changed from 17 to 18
2023-12-12T06:48:22.231Z [WARN]  Provider "registry.terraform.io/hashicorp/google" produced an invalid plan for module.armor["1"].google_compute_security_policy.policy, but we are tolerating it because it is using the legacy plugin SDK.
    The following problems may be the cause of any confusing errors from downstream operations:
      - .advanced_options_config: block count in plan (1) disagrees with count in config (0)
2023-12-12T06:48:22.667Z [WARN]  Provider "registry.terraform.io/hashicorp/google" produced an invalid plan for module.alb["0"].google_compute_backend_bucket.backend[0], but we are tolerating it because it is using the legacy plugin SDK.
    The following problems may be the cause of any confusing errors from downstream operations:
      - .compression_mode: planned value cty.StringVal("") for a non-computed attribute
      - .custom_response_headers: planned value cty.ListValEmpty(cty.String) for a non-computed attribute
      - .cdn_policy: block count in plan (1) disagrees with count in config (0)
2023-12-12T06:48:23.456Z [WARN]  Provider "registry.terraform.io/hashicorp/google" produced an invalid plan for module.alb["0"].google_compute_target_https_proxy.default[0], but we are tolerating it because it is using the legacy plugin SDK.
    The following problems may be the cause of any confusing errors from downstream operations:
      - .quic_override: planned value cty.StringVal("NONE") for a non-computed attribute
      - .certificate_manager_certificates: planned value cty.ListValEmpty(cty.String) for a non-computed attribute
      - .certificate_map: planned value cty.StringVal("") for a non-computed attribute
      - .server_tls_policy: planned value cty.StringVal("") for a non-computed attribute
      - .ssl_policy: planned value cty.StringVal("") for a non-computed attribute
      - .http_keep_alive_timeout_sec: planned value cty.NumberIntVal(0) for a non-computed attribute
2023-12-12T06:48:23.802Z [WARN]  Provider "registry.terraform.io/hashicorp/google" produced an invalid plan for module.alb["0"].google_compute_global_forwarding_rule.frontend, but we are tolerating it because it is using the legacy plugin SDK.
    The following problems may be the cause of any confusing errors from downstream operations:
      - .labels: planned value cty.MapValEmpty(cty.String) for a non-computed attribute
      - .ip_version: planned value cty.StringVal("") for a non-computed attribute
      - .source_ip_ranges: planned value cty.ListValEmpty(cty.String) for a non-computed attribute
2023-12-12T06:48:23.876Z [INFO]  backend/local: plan operation completed
2023-12-12T06:48:23.877Z [INFO]  backend/local: writing plan output to: ../plan-file/alb-tf-plan.json
2023-12-12T06:49:15.728Z [INFO]  Terraform version: 1.6.4
2023-12-12T06:49:15.728Z [INFO]  Go runtime version: go1.21.3
2023-12-12T06:49:15.728Z [INFO]  CLI args: []string{"terraform", "apply", "../plan-file/alb-tf-plan.json"}
2023-12-12T06:49:15.729Z [INFO]  CLI command args: []string{"apply", "../plan-file/alb-tf-plan.json"}
2023-12-12T06:49:16.447Z [INFO]  backend/local: starting Apply operation
2023-12-12T06:49:19.698Z [INFO]  provider: configuring client automatic mTLS
2023-12-12T06:49:19.822Z [INFO]  provider.terraform-provider-google_v5.9.0_x5: configuring server automatic mTLS: timestamp=2023-12-12T06:49:19.821Z
2023-12-12T06:49:20.007Z [INFO]  provider: configuring client automatic mTLS
2023-12-12T06:49:20.130Z [INFO]  provider.terraform-provider-google-beta_v5.9.0_x5: configuring server automatic mTLS: timestamp=2023-12-12T06:49:20.129Z
2023-12-12T06:49:20.378Z [INFO]  backend/local: apply calling Apply
2023-12-12T06:49:20.400Z [INFO]  provider: configuring client automatic mTLS
2023-12-12T06:49:20.506Z [INFO]  provider.terraform-provider-google_v5.9.0_x5: configuring server automatic mTLS: timestamp=2023-12-12T06:49:20.506Z
2023-12-12T06:49:20.764Z [INFO]  provider.terraform-provider-google_v5.9.0_x5: Authenticating using configured Google JSON 'access_token'...: tf_mux_provider="*proto5server.Server" tf_req_id=f7ed65e0-1456-2f38-c095-2d76ca0b3e7e tf_rpc=ConfigureProvider @caller=github.com/hashicorp/terraform-provider-google/google/fwtransport/framework_config.go:1640 @module=google tf_provider_addr=registry.terraform.io/hashicorp/google timestamp=2023-12-12T06:49:20.764Z
2023-12-12T06:49:20.764Z [INFO]  provider.terraform-provider-google_v5.9.0_x5:   -- Scopes: [https://www.googleapis.com/auth/cloud-platform https://www.googleapis.com/auth/userinfo.email]: tf_mux_provider="*proto5server.Server" tf_provider_addr=registry.terraform.io/hashicorp/google tf_req_id=f7ed65e0-1456-2f38-c095-2d76ca0b3e7e tf_rpc=ConfigureProvider @caller=github.com/hashicorp/terraform-provider-google/google/fwtransport/framework_config.go:1641 @module=google timestamp=2023-12-12T06:49:20.764Z
2023-12-12T06:49:20.775Z [INFO]  provider.terraform-provider-google_v5.9.0_x5: Authenticating using configured Google JSON 'access_token'...: @module=google tf_mux_provider="*proto5server.Server" tf_provider_addr=registry.terraform.io/hashicorp/google tf_req_id=f7ed65e0-1456-2f38-c095-2d76ca0b3e7e @caller=github.com/hashicorp/terraform-provider-google/google/fwtransport/framework_config.go:1640 tf_rpc=ConfigureProvider timestamp=2023-12-12T06:49:20.764Z
2023-12-12T06:49:20.775Z [INFO]  provider.terraform-provider-google_v5.9.0_x5:   -- Scopes: [https://www.googleapis.com/auth/cloud-platform https://www.googleapis.com/auth/userinfo.email]: @caller=github.com/hashicorp/terraform-provider-google/google/fwtransport/framework_config.go:1641 tf_mux_provider="*proto5server.Server" tf_req_id=f7ed65e0-1456-2f38-c095-2d76ca0b3e7e tf_rpc=ConfigureProvider @module=google tf_provider_addr=registry.terraform.io/hashicorp/google timestamp=2023-12-12T06:49:20.764Z
2023-12-12T06:49:20.816Z [INFO]  provider.terraform-provider-google_v5.9.0_x5: Terraform is using this identity: ayush.shukla@hcl.com: @module=google tf_mux_provider="*proto5server.Server" tf_provider_addr=registry.terraform.io/hashicorp/google tf_req_id=f7ed65e0-1456-2f38-c095-2d76ca0b3e7e @caller=github.com/hashicorp/terraform-provider-google/google/fwtransport/framework_config.go:1560 tf_rpc=ConfigureProvider timestamp=2023-12-12T06:49:20.816Z
2023-12-12T06:49:21.011Z [WARN]  Provider "registry.terraform.io/hashicorp/google" produced an invalid plan for module.armor["1"].google_compute_security_policy.policy, but we are tolerating it because it is using the legacy plugin SDK.
    The following problems may be the cause of any confusing errors from downstream operations:
      - .advanced_options_config: block count in plan (1) disagrees with count in config (0)
2023-12-12T06:49:21.059Z [INFO]  Starting apply for module.armor["1"].google_compute_security_policy.policy
2023-12-12T06:50:08.342Z [WARN]  Provider "provider[\"registry.terraform.io/hashicorp/google\"]" produced an unexpected new value for module.armor["1"].google_compute_security_policy.policy, but we are tolerating it because it is using the legacy plugin SDK.
    The following problems may be the cause of any confusing errors from downstream operations:
      - .fingerprint: was cty.StringVal("Y-gRvH6fQHM="), but now cty.StringVal("Kwgkq1nTYzc=")
      - .adaptive_protection_config: block count changed from 0 to 1
