2023-12-07T07:12:35.336Z [INFO]  Terraform version: 1.6.4
2023-12-07T07:12:35.336Z [INFO]  Go runtime version: go1.21.3
2023-12-07T07:12:35.336Z [INFO]  CLI args: []string{"terraform", "init", "-upgrade"}
2023-12-07T07:12:35.337Z [INFO]  CLI command args: []string{"init", "-upgrade"}
2023-12-07T07:12:45.228Z [INFO]  Terraform version: 1.6.4
2023-12-07T07:12:45.229Z [INFO]  Go runtime version: go1.21.3
2023-12-07T07:12:45.229Z [INFO]  CLI args: []string{"terraform", "plan", "-var", "access_token=ya29.a0AfB_byD8lyxq5h19-60zaGdcUTwbnUCusbIgpGanV-OZfKLiMQKd8NZGCBEGE2frZufeJrPWLJpOpUMmue1jOyC7O_Vo_ijuP80mhA8ZgNlp11aaZVcJpjMJGc-PBVdo9QYGkoLfBmmmygOIYpdaBWZ_sxNPmQyV4DCRYgodF5i8p8EQy0tw-RVbSae8yZYEVnmK4rA-qhFi8nphQ8ZbJZ7PeRyrRi4Az-gSv2jt6GBY9aGNDrI2tHHYTpvyyjMUYjjMmb48u87Uznif__0KrsyE-2ohC34-kLeYIKct1zN7m_U30Hsna7N1ngkoXN2YMokMb7mmRppv6ohBgKXxVS-7v81Lxd9MGKTGU-JCp6mqjR_zbDagNP7kkBm3TtvrRz4Z-QLOrasz0Szi1e3a55AtXs61aCgYKATQSARESFQHGX2Minep0UX5lkD-ZonGZPNOGqg0419", "-var-file=../input-json-file/alb.tfvars.json", "-out=../plan-file/alb-tf-plan.json"}
2023-12-07T07:12:45.230Z [INFO]  CLI command args: []string{"plan", "-var", "access_token=ya29.a0AfB_byD8lyxq5h19-60zaGdcUTwbnUCusbIgpGanV-OZfKLiMQKd8NZGCBEGE2frZufeJrPWLJpOpUMmue1jOyC7O_Vo_ijuP80mhA8ZgNlp11aaZVcJpjMJGc-PBVdo9QYGkoLfBmmmygOIYpdaBWZ_sxNPmQyV4DCRYgodF5i8p8EQy0tw-RVbSae8yZYEVnmK4rA-qhFi8nphQ8ZbJZ7PeRyrRi4Az-gSv2jt6GBY9aGNDrI2tHHYTpvyyjMUYjjMmb48u87Uznif__0KrsyE-2ohC34-kLeYIKct1zN7m_U30Hsna7N1ngkoXN2YMokMb7mmRppv6ohBgKXxVS-7v81Lxd9MGKTGU-JCp6mqjR_zbDagNP7kkBm3TtvrRz4Z-QLOrasz0Szi1e3a55AtXs61aCgYKATQSARESFQHGX2Minep0UX5lkD-ZonGZPNOGqg0419", "-var-file=../input-json-file/alb.tfvars.json", "-out=../plan-file/alb-tf-plan.json"}
2023-12-07T07:12:45.887Z [INFO]  backend/local: starting Plan operation
2023-12-07T07:12:48.882Z [INFO]  provider: configuring client automatic mTLS
2023-12-07T07:12:49.002Z [INFO]  provider.terraform-provider-google_v5.8.0_x5: configuring server automatic mTLS: timestamp=2023-12-07T07:12:49.002Z
2023-12-07T07:12:49.213Z [INFO]  provider: configuring client automatic mTLS
2023-12-07T07:12:49.334Z [INFO]  provider.terraform-provider-google-beta_v5.8.0_x5: configuring server automatic mTLS: timestamp=2023-12-07T07:12:49.334Z
2023-12-07T07:12:49.581Z [INFO]  provider: configuring client automatic mTLS
2023-12-07T07:12:49.693Z [INFO]  provider.terraform-provider-google_v5.8.0_x5: configuring server automatic mTLS: timestamp=2023-12-07T07:12:49.693Z
2023-12-07T07:12:49.965Z [INFO]  backend/local: plan calling Plan
2023-12-07T07:12:49.981Z [INFO]  provider: configuring client automatic mTLS
2023-12-07T07:12:50.088Z [INFO]  provider.terraform-provider-google_v5.8.0_x5: configuring server automatic mTLS: timestamp=2023-12-07T07:12:50.088Z
2023-12-07T07:12:50.305Z [INFO]  provider.terraform-provider-google_v5.8.0_x5: Authenticating using configured Google JSON 'access_token'...: @module=google @caller=github.com/hashicorp/terraform-provider-google/google/fwtransport/framework_config.go:1630 tf_mux_provider="*proto5server.Server" tf_provider_addr=registry.terraform.io/hashicorp/google tf_req_id=6a1bfacb-7afc-c240-a641-810bcb159da4 tf_rpc=ConfigureProvider timestamp=2023-12-07T07:12:50.305Z
2023-12-07T07:12:50.305Z [INFO]  provider.terraform-provider-google_v5.8.0_x5:   -- Scopes: [https://www.googleapis.com/auth/cloud-platform https://www.googleapis.com/auth/userinfo.email]: @module=google @caller=github.com/hashicorp/terraform-provider-google/google/fwtransport/framework_config.go:1631 tf_rpc=ConfigureProvider tf_mux_provider="*proto5server.Server" tf_provider_addr=registry.terraform.io/hashicorp/google tf_req_id=6a1bfacb-7afc-c240-a641-810bcb159da4 timestamp=2023-12-07T07:12:50.305Z
2023-12-07T07:12:50.305Z [INFO]  provider.terraform-provider-google_v5.8.0_x5: Authenticating using configured Google JSON 'access_token'...: @caller=github.com/hashicorp/terraform-provider-google/google/fwtransport/framework_config.go:1630 tf_req_id=6a1bfacb-7afc-c240-a641-810bcb159da4 tf_rpc=ConfigureProvider @module=google tf_mux_provider="*proto5server.Server" tf_provider_addr=registry.terraform.io/hashicorp/google timestamp=2023-12-07T07:12:50.305Z
2023-12-07T07:12:50.305Z [INFO]  provider.terraform-provider-google_v5.8.0_x5:   -- Scopes: [https://www.googleapis.com/auth/cloud-platform https://www.googleapis.com/auth/userinfo.email]: @caller=github.com/hashicorp/terraform-provider-google/google/fwtransport/framework_config.go:1631 @module=google tf_provider_addr=registry.terraform.io/hashicorp/google tf_rpc=ConfigureProvider tf_mux_provider="*proto5server.Server" tf_req_id=6a1bfacb-7afc-c240-a641-810bcb159da4 timestamp=2023-12-07T07:12:50.305Z
2023-12-07T07:12:50.361Z [INFO]  provider.terraform-provider-google_v5.8.0_x5: Terraform is using this identity: ayush.shukla@hcl.com: @caller=github.com/hashicorp/terraform-provider-google/google/fwtransport/framework_config.go:1550 @module=google tf_req_id=6a1bfacb-7afc-c240-a641-810bcb159da4 tf_mux_provider="*proto5server.Server" tf_provider_addr=registry.terraform.io/hashicorp/google tf_rpc=ConfigureProvider timestamp=2023-12-07T07:12:50.361Z
2023-12-07T07:12:51.457Z [WARN]  Provider "registry.terraform.io/hashicorp/google" produced an invalid plan for module.bucket["0"].google_storage_bucket.bucket, but we are tolerating it because it is using the legacy plugin SDK.
    The following problems may be the cause of any confusing errors from downstream operations:
      - .default_event_based_hold: planned value cty.False for a non-computed attribute
      - .enable_object_retention: planned value cty.False for a non-computed attribute
      - .requester_pays: planned value cty.False for a non-computed attribute
      - .website: block count in plan (1) disagrees with count in config (0)
2023-12-07T07:12:51.910Z [WARN]  Provider "registry.terraform.io/hashicorp/google" produced an invalid plan for module.ssl["0"].google_compute_managed_ssl_certificate.default[0], but we are tolerating it because it is using the legacy plugin SDK.
    The following problems may be the cause of any confusing errors from downstream operations:
      - .type: planned value cty.StringVal("MANAGED") for a non-computed attribute
2023-12-07T07:12:51.995Z [WARN]  Provider "registry.terraform.io/hashicorp/google" produced an invalid plan for module.armor["1"].google_compute_security_policy.policy, but we are tolerating it because it is using the legacy plugin SDK.
    The following problems may be the cause of any confusing errors from downstream operations:
      - .advanced_options_config: attribute representing nested block must not be unknown itself; set nested attribute values to unknown instead
2023-12-07T07:12:52.734Z [WARN]  Provider "registry.terraform.io/hashicorp/google" produced an invalid plan for module.alb["0"].google_compute_backend_bucket.backend[0], but we are tolerating it because it is using the legacy plugin SDK.
    The following problems may be the cause of any confusing errors from downstream operations:
      - .compression_mode: planned value cty.StringVal("") for a non-computed attribute
      - .custom_response_headers: planned value cty.ListValEmpty(cty.String) for a non-computed attribute
      - .cdn_policy: block count in plan (1) disagrees with count in config (0)
2023-12-07T07:12:53.609Z [WARN]  Provider "registry.terraform.io/hashicorp/google" produced an invalid plan for module.alb["0"].google_compute_target_https_proxy.default[0], but we are tolerating it because it is using the legacy plugin SDK.
    The following problems may be the cause of any confusing errors from downstream operations:
      - .certificate_manager_certificates: planned value cty.ListValEmpty(cty.String) for a non-computed attribute
      - .server_tls_policy: planned value cty.StringVal("") for a non-computed attribute
      - .certificate_map: planned value cty.StringVal("") for a non-computed attribute
      - .ssl_policy: planned value cty.StringVal("") for a non-computed attribute
      - .http_keep_alive_timeout_sec: planned value cty.NumberIntVal(0) for a non-computed attribute
      - .quic_override: planned value cty.StringVal("NONE") for a non-computed attribute
2023-12-07T07:12:54.003Z [WARN]  Provider "registry.terraform.io/hashicorp/google" produced an invalid plan for module.alb["0"].google_compute_global_forwarding_rule.frontend, but we are tolerating it because it is using the legacy plugin SDK.
    The following problems may be the cause of any confusing errors from downstream operations:
      - .ip_version: planned value cty.StringVal("") for a non-computed attribute
      - .labels: planned value cty.MapValEmpty(cty.String) for a non-computed attribute
      - .source_ip_ranges: planned value cty.ListValEmpty(cty.String) for a non-computed attribute
2023-12-07T07:12:54.039Z [INFO]  backend/local: plan operation completed
2023-12-07T07:12:54.039Z [INFO]  backend/local: writing plan output to: ../plan-file/alb-tf-plan.json
2023-12-07T07:13:05.459Z [INFO]  Terraform version: 1.6.4
2023-12-07T07:13:05.459Z [INFO]  Go runtime version: go1.21.3
2023-12-07T07:13:05.460Z [INFO]  CLI args: []string{"terraform", "apply", "../plan-file/alb-tf-plan.json"}
2023-12-07T07:13:05.460Z [INFO]  CLI command args: []string{"apply", "../plan-file/alb-tf-plan.json"}
2023-12-07T07:13:06.135Z [INFO]  backend/local: starting Apply operation
2023-12-07T07:13:09.142Z [INFO]  provider: configuring client automatic mTLS
2023-12-07T07:13:09.269Z [INFO]  provider.terraform-provider-google_v5.8.0_x5: configuring server automatic mTLS: timestamp=2023-12-07T07:13:09.268Z
2023-12-07T07:13:09.478Z [INFO]  provider: configuring client automatic mTLS
2023-12-07T07:13:09.593Z [INFO]  provider.terraform-provider-google-beta_v5.8.0_x5: configuring server automatic mTLS: timestamp=2023-12-07T07:13:09.593Z
2023-12-07T07:13:09.800Z [INFO]  backend/local: apply calling Apply
2023-12-07T07:13:09.831Z [INFO]  provider: configuring client automatic mTLS
2023-12-07T07:13:09.941Z [INFO]  provider.terraform-provider-google_v5.8.0_x5: configuring server automatic mTLS: timestamp=2023-12-07T07:13:09.941Z
2023-12-07T07:13:10.176Z [INFO]  provider.terraform-provider-google_v5.8.0_x5: Authenticating using configured Google JSON 'access_token'...: tf_rpc=ConfigureProvider @module=google tf_provider_addr=registry.terraform.io/hashicorp/google tf_mux_provider="*proto5server.Server" tf_req_id=f0f8949f-182a-06aa-6fcb-1e43889f334f @caller=github.com/hashicorp/terraform-provider-google/google/fwtransport/framework_config.go:1630 timestamp=2023-12-07T07:13:10.176Z
2023-12-07T07:13:10.176Z [INFO]  provider.terraform-provider-google_v5.8.0_x5:   -- Scopes: [https://www.googleapis.com/auth/cloud-platform https://www.googleapis.com/auth/userinfo.email]: tf_mux_provider="*proto5server.Server" tf_provider_addr=registry.terraform.io/hashicorp/google tf_req_id=f0f8949f-182a-06aa-6fcb-1e43889f334f @module=google tf_rpc=ConfigureProvider @caller=github.com/hashicorp/terraform-provider-google/google/fwtransport/framework_config.go:1631 timestamp=2023-12-07T07:13:10.176Z
2023-12-07T07:13:10.176Z [INFO]  provider.terraform-provider-google_v5.8.0_x5: Authenticating using configured Google JSON 'access_token'...: @module=google tf_mux_provider="*proto5server.Server" tf_provider_addr=registry.terraform.io/hashicorp/google @caller=github.com/hashicorp/terraform-provider-google/google/fwtransport/framework_config.go:1630 tf_req_id=f0f8949f-182a-06aa-6fcb-1e43889f334f tf_rpc=ConfigureProvider timestamp=2023-12-07T07:13:10.176Z
2023-12-07T07:13:10.176Z [INFO]  provider.terraform-provider-google_v5.8.0_x5:   -- Scopes: [https://www.googleapis.com/auth/cloud-platform https://www.googleapis.com/auth/userinfo.email]: @caller=github.com/hashicorp/terraform-provider-google/google/fwtransport/framework_config.go:1631 tf_mux_provider="*proto5server.Server" @module=google tf_provider_addr=registry.terraform.io/hashicorp/google tf_req_id=f0f8949f-182a-06aa-6fcb-1e43889f334f tf_rpc=ConfigureProvider timestamp=2023-12-07T07:13:10.176Z
2023-12-07T07:13:10.222Z [INFO]  provider.terraform-provider-google_v5.8.0_x5: Terraform is using this identity: ayush.shukla@hcl.com: tf_req_id=f0f8949f-182a-06aa-6fcb-1e43889f334f tf_rpc=ConfigureProvider @caller=github.com/hashicorp/terraform-provider-google/google/fwtransport/framework_config.go:1550 tf_provider_addr=registry.terraform.io/hashicorp/google tf_mux_provider="*proto5server.Server" @module=google timestamp=2023-12-07T07:13:10.221Z
2023-12-07T07:13:10.256Z [INFO]  Starting apply for module.armor["0"].google_compute_security_policy.policy
2023-12-07T07:13:10.354Z [WARN]  Provider "registry.terraform.io/hashicorp/google" produced an invalid plan for module.armor["1"].google_compute_security_policy.policy, but we are tolerating it because it is using the legacy plugin SDK.
    The following problems may be the cause of any confusing errors from downstream operations:
      - .advanced_options_config: attribute representing nested block must not be unknown itself; set nested attribute values to unknown instead
2023-12-07T07:13:10.367Z [INFO]  Starting apply for module.armor["1"].google_compute_security_policy.policy
2023-12-07T07:13:11.079Z [ERROR] provider.terraform-provider-google_v5.8.0_x5: Response contains error diagnostic: tf_proto_version=5.3 tf_resource_type=google_compute_security_policy diagnostic_detail="" diagnostic_severity=ERROR tf_rpc=ApplyResourceChange @module=sdk.proto diagnostic_summary="Error creating SecurityPolicy: googleapi: Error 400: Invalid value for field 'resource.rules[15].action': 'deny(401)'. Invalid action: deny(401), invalid" tf_req_id=86d035e1-4c86-84de-82b1-878838995b2a tf_provider_addr=registry.terraform.io/hashicorp/google @caller=github.com/hashicorp/terraform-plugin-go@v0.14.3/tfprotov5/internal/diag/diagnostics.go:55 timestamp=2023-12-07T07:13:11.079Z
2023-12-07T07:13:11.080Z [ERROR] vertex "module.armor[\"1\"].google_compute_security_policy.policy" error: Error creating SecurityPolicy: googleapi: Error 400: Invalid value for field 'resource.rules[15].action': 'deny(401)'. Invalid action: deny(401), invalid
2023-12-07T07:13:22.031Z [ERROR] provider.terraform-provider-google_v5.8.0_x5: Response contains error diagnostic: diagnostic_severity=ERROR tf_proto_version=5.3 diagnostic_detail="" @caller=github.com/hashicorp/terraform-plugin-go@v0.14.3/tfprotov5/internal/diag/diagnostics.go:55 tf_provider_addr=registry.terraform.io/hashicorp/google tf_resource_type=google_compute_security_policy tf_rpc=ApplyResourceChange @module=sdk.proto
  diagnostic_summary=
  | Error waiting for Deleting SecurityPolicy: The security_policy resource 'projects/reference-service-prj/global/securityPolicies/qa-svc-security-policy' is already being used by 'projects/reference-service-prj/global/backendBuckets/qa-svc-https-lb-backend'
   tf_req_id=3c767667-82be-3e11-d3eb-b004025dd866 timestamp=2023-12-07T07:13:22.031Z
2023-12-07T07:13:22.033Z [ERROR] vertex "module.armor[\"0\"].google_compute_security_policy.policy (destroy)" error: Error waiting for Deleting SecurityPolicy: The security_policy resource 'projects/reference-service-prj/global/securityPolicies/qa-svc-security-policy' is already being used by 'projects/reference-service-prj/global/backendBuckets/qa-svc-https-lb-backend'
