2023-12-07T07:09:54.601Z [INFO]  Terraform version: 1.6.4
2023-12-07T07:09:54.601Z [INFO]  Go runtime version: go1.21.3
2023-12-07T07:09:54.602Z [INFO]  CLI args: []string{"terraform", "init", "-upgrade"}
2023-12-07T07:09:54.603Z [INFO]  CLI command args: []string{"init", "-upgrade"}
2023-12-07T07:10:04.865Z [INFO]  Terraform version: 1.6.4
2023-12-07T07:10:04.866Z [INFO]  Go runtime version: go1.21.3
2023-12-07T07:10:04.866Z [INFO]  CLI args: []string{"terraform", "plan", "-var", "access_token=ya29.a0AfB_byD8lyxq5h19-60zaGdcUTwbnUCusbIgpGanV-OZfKLiMQKd8NZGCBEGE2frZufeJrPWLJpOpUMmue1jOyC7O_Vo_ijuP80mhA8ZgNlp11aaZVcJpjMJGc-PBVdo9QYGkoLfBmmmygOIYpdaBWZ_sxNPmQyV4DCRYgodF5i8p8EQy0tw-RVbSae8yZYEVnmK4rA-qhFi8nphQ8ZbJZ7PeRyrRi4Az-gSv2jt6GBY9aGNDrI2tHHYTpvyyjMUYjjMmb48u87Uznif__0KrsyE-2ohC34-kLeYIKct1zN7m_U30Hsna7N1ngkoXN2YMokMb7mmRppv6ohBgKXxVS-7v81Lxd9MGKTGU-JCp6mqjR_zbDagNP7kkBm3TtvrRz4Z-QLOrasz0Szi1e3a55AtXs61aCgYKATQSARESFQHGX2Minep0UX5lkD-ZonGZPNOGqg0419", "-var-file=../input-json-file/alb.tfvars.json", "-out=../plan-file/alb-tf-plan.json"}
2023-12-07T07:10:04.867Z [INFO]  CLI command args: []string{"plan", "-var", "access_token=ya29.a0AfB_byD8lyxq5h19-60zaGdcUTwbnUCusbIgpGanV-OZfKLiMQKd8NZGCBEGE2frZufeJrPWLJpOpUMmue1jOyC7O_Vo_ijuP80mhA8ZgNlp11aaZVcJpjMJGc-PBVdo9QYGkoLfBmmmygOIYpdaBWZ_sxNPmQyV4DCRYgodF5i8p8EQy0tw-RVbSae8yZYEVnmK4rA-qhFi8nphQ8ZbJZ7PeRyrRi4Az-gSv2jt6GBY9aGNDrI2tHHYTpvyyjMUYjjMmb48u87Uznif__0KrsyE-2ohC34-kLeYIKct1zN7m_U30Hsna7N1ngkoXN2YMokMb7mmRppv6ohBgKXxVS-7v81Lxd9MGKTGU-JCp6mqjR_zbDagNP7kkBm3TtvrRz4Z-QLOrasz0Szi1e3a55AtXs61aCgYKATQSARESFQHGX2Minep0UX5lkD-ZonGZPNOGqg0419", "-var-file=../input-json-file/alb.tfvars.json", "-out=../plan-file/alb-tf-plan.json"}
2023-12-07T07:10:05.518Z [INFO]  backend/local: starting Plan operation
2023-12-07T07:10:08.600Z [INFO]  provider: configuring client automatic mTLS
2023-12-07T07:10:08.720Z [INFO]  provider.terraform-provider-google_v5.8.0_x5: configuring server automatic mTLS: timestamp=2023-12-07T07:10:08.720Z
2023-12-07T07:10:08.912Z [INFO]  provider: configuring client automatic mTLS
2023-12-07T07:10:09.039Z [INFO]  provider.terraform-provider-google-beta_v5.8.0_x5: configuring server automatic mTLS: timestamp=2023-12-07T07:10:09.038Z
2023-12-07T07:10:09.267Z [INFO]  provider: configuring client automatic mTLS
2023-12-07T07:10:09.372Z [INFO]  provider.terraform-provider-google_v5.8.0_x5: configuring server automatic mTLS: timestamp=2023-12-07T07:10:09.372Z
2023-12-07T07:10:09.625Z [INFO]  backend/local: plan calling Plan
2023-12-07T07:10:09.643Z [INFO]  provider: configuring client automatic mTLS
2023-12-07T07:10:09.750Z [INFO]  provider.terraform-provider-google_v5.8.0_x5: configuring server automatic mTLS: timestamp=2023-12-07T07:10:09.750Z
2023-12-07T07:10:10.027Z [INFO]  provider.terraform-provider-google_v5.8.0_x5: Authenticating using configured Google JSON 'access_token'...: tf_mux_provider="*proto5server.Server" tf_rpc=ConfigureProvider @caller=github.com/hashicorp/terraform-provider-google/google/fwtransport/framework_config.go:1630 @module=google tf_provider_addr=registry.terraform.io/hashicorp/google tf_req_id=39677d2b-1433-70cf-19a1-fc4a30197863 timestamp=2023-12-07T07:10:10.027Z
2023-12-07T07:10:10.027Z [INFO]  provider.terraform-provider-google_v5.8.0_x5:   -- Scopes: [https://www.googleapis.com/auth/cloud-platform https://www.googleapis.com/auth/userinfo.email]: @module=google tf_req_id=39677d2b-1433-70cf-19a1-fc4a30197863 tf_rpc=ConfigureProvider @caller=github.com/hashicorp/terraform-provider-google/google/fwtransport/framework_config.go:1631 tf_mux_provider="*proto5server.Server" tf_provider_addr=registry.terraform.io/hashicorp/google timestamp=2023-12-07T07:10:10.027Z
2023-12-07T07:10:10.027Z [INFO]  provider.terraform-provider-google_v5.8.0_x5: Authenticating using configured Google JSON 'access_token'...: @caller=github.com/hashicorp/terraform-provider-google/google/fwtransport/framework_config.go:1630 tf_req_id=39677d2b-1433-70cf-19a1-fc4a30197863 tf_rpc=ConfigureProvider @module=google tf_mux_provider="*proto5server.Server" tf_provider_addr=registry.terraform.io/hashicorp/google timestamp=2023-12-07T07:10:10.027Z
2023-12-07T07:10:10.027Z [INFO]  provider.terraform-provider-google_v5.8.0_x5:   -- Scopes: [https://www.googleapis.com/auth/cloud-platform https://www.googleapis.com/auth/userinfo.email]: tf_req_id=39677d2b-1433-70cf-19a1-fc4a30197863 @caller=github.com/hashicorp/terraform-provider-google/google/fwtransport/framework_config.go:1631 @module=google tf_mux_provider="*proto5server.Server" tf_provider_addr=registry.terraform.io/hashicorp/google tf_rpc=ConfigureProvider timestamp=2023-12-07T07:10:10.027Z
2023-12-07T07:10:10.068Z [INFO]  provider.terraform-provider-google_v5.8.0_x5: Terraform is using this identity: ayush.shukla@hcl.com: @caller=github.com/hashicorp/terraform-provider-google/google/fwtransport/framework_config.go:1550 @module=google tf_mux_provider="*proto5server.Server" tf_provider_addr=registry.terraform.io/hashicorp/google tf_req_id=39677d2b-1433-70cf-19a1-fc4a30197863 tf_rpc=ConfigureProvider timestamp=2023-12-07T07:10:10.068Z
2023-12-07T07:10:11.193Z [WARN]  Provider "registry.terraform.io/hashicorp/google" produced an invalid plan for module.bucket["0"].google_storage_bucket.bucket, but we are tolerating it because it is using the legacy plugin SDK.
    The following problems may be the cause of any confusing errors from downstream operations:
      - .requester_pays: planned value cty.False for a non-computed attribute
      - .enable_object_retention: planned value cty.False for a non-computed attribute
      - .default_event_based_hold: planned value cty.False for a non-computed attribute
      - .website: block count in plan (1) disagrees with count in config (0)
2023-12-07T07:10:11.634Z [WARN]  Provider "registry.terraform.io/hashicorp/google" produced an invalid plan for module.ssl["0"].google_compute_managed_ssl_certificate.default[0], but we are tolerating it because it is using the legacy plugin SDK.
    The following problems may be the cause of any confusing errors from downstream operations:
      - .type: planned value cty.StringVal("MANAGED") for a non-computed attribute
2023-12-07T07:10:11.697Z [ERROR] provider.terraform-provider-google_v5.8.0_x5: Response contains error diagnostic:
  diagnostic_summary=
  | 1 error occurred:
  | \t* Two rules have the same priority, please update one of the priorities to be different.
  | 
   tf_req_id=de2e20c1-8f76-f3a6-f79a-b300baa02c4a tf_rpc=PlanResourceChange @module=sdk.proto diagnostic_detail="" tf_proto_version=5.3 tf_resource_type=google_compute_security_policy @caller=github.com/hashicorp/terraform-plugin-go@v0.14.3/tfprotov5/internal/diag/diagnostics.go:55 tf_provider_addr=registry.terraform.io/hashicorp/google diagnostic_severity=ERROR timestamp=2023-12-07T07:10:11.697Z
2023-12-07T07:10:11.698Z [ERROR] vertex "module.armor[\"1\"].google_compute_security_policy.policy" error: 1 error occurred:
	* Two rules have the same priority, please update one of the priorities to be different.
2023-12-07T07:10:12.088Z [ERROR] vertex "module.armor.google_compute_security_policy.policy (expand)" error: 1 error occurred:
	* Two rules have the same priority, please update one of the priorities to be different.
2023-12-07T07:10:12.091Z [INFO]  backend/local: plan operation completed
2023-12-07T07:10:12.091Z [INFO]  backend/local: writing plan output to: ../plan-file/alb-tf-plan.json
