2024-03-30T06:58:04.392Z [INFO]  Terraform version: 1.7.5
2024-03-30T06:58:04.392Z [INFO]  Go runtime version: go1.21.8
2024-03-30T06:58:04.392Z [INFO]  CLI args: []string{"terraform", "init", "-upgrade", "-backend-config=bucket=gcp-yyz-prd-inf-cloudautomation-sbuc-01", "-backend-config=prefix=monitoring/state-file"}
2024-03-30T06:58:04.393Z [INFO]  CLI command args: []string{"init", "-upgrade", "-backend-config=bucket=gcp-yyz-prd-inf-cloudautomation-sbuc-01", "-backend-config=prefix=monitoring/state-file"}
2024-03-30T06:58:14.282Z [INFO]  Terraform version: 1.7.5
2024-03-30T06:58:14.282Z [INFO]  Go runtime version: go1.21.8
2024-03-30T06:58:14.282Z [INFO]  CLI args: []string{"terraform", "plan", "-var=access_token=ya29.c.c0AY_VpZgDymmN4A3ZL7X_9ThTFgK1dTSnt8hZQVqOEHmu3p0wR1PQBP-9MxHK1nquqms9sXflUPZzuCSrSKO4oVrV_SrthHFrg9Qk-kcv-Ew42sIS7DaRQr8h25_fZRQYmnT54zGUZED6LQ79icy_6gcxfoukiEht3G1srcAN1dp8vHY4LE_hSSio6DnIMuaeYR3U_WLjtUrJmkBY5xL6KYWh3DCwbrF0uJo_LA4lWEhxCXWoGvfbP1rCk28nDd70XdFOlZx0lF4HN4VzwSVQ0B9PZP3H55rvGKVnuPe3WqfJeYwRnkFaH3f37656YgkL8GQknhk5tolR9HvDOCcbUHSnNjD31OKXrr9PqgaiR1XwgIWrowZq-0FUSWt-i6CIIuQZP_i-7TNmpxWT6tjDYLjmKDkFIf7bFIhTAQNog4nP92SlsDElVhtGfhi-CEEafikw3LgwQZbzq88J5RQLvMt6N_nHpv92tYFHbOETY-2lzT0daKZsjOl51X2tytCxC-Lvm6_l0WQix35RHEEoSuQM2gRl3ZVGvdptBDiwTdCw0hPBuq--p4sewnpXquh-rjXIOMNX1PfJR49b9xeFS-xgb2YAA3MCAwt37gUq2jfNNfBJi39zK4s81l0celdaA4TF0Qe7XhG_yI68F748kYdWf6lPTPkZwY36pKt1E689K7UtQ-vX16X4qOUUoO59YOdcUUQXYx6Oal7czju0Y66JfyYW5nthU5QSF8Z8pqqv-v1-46MXJi9ue-pa0bhMkbidfay0S05nB97cMj44z_lxZqOjWVSozozehaa3tqhJ5u-c3niIInQsZ-bsxmotjFFJ0a7tu5V6--ekdvUhWI-3hcs3jjw_ylVRaeOJsB_4phXJ8qt2WF8mgqqnx9RiBBXrY96ktQmM-3B7qsaqz6qp6l-6vfQm3Yag1Jx3b1wZBbM_bwlU2vqOt8q9F2zv6v1lbB3Vyx2ZO5IUVbxMofXUk4MsozI_s27kwue5fx1-giS00z0reFb", "-var=project_id=gcp-prj-inf-automation-prd-01", "-var-file=../input-file/project.tfvars", "-var-file=../input-file/budget.tfvars", "-var-file=../input-file/api.tfvars", "-var-file=../input-file/scope.tfvars", "-out=../plan-file/monitoring-tf-plan.json"}
2024-03-30T06:58:14.283Z [INFO]  CLI command args: []string{"plan", "-var=access_token=ya29.c.c0AY_VpZgDymmN4A3ZL7X_9ThTFgK1dTSnt8hZQVqOEHmu3p0wR1PQBP-9MxHK1nquqms9sXflUPZzuCSrSKO4oVrV_SrthHFrg9Qk-kcv-Ew42sIS7DaRQr8h25_fZRQYmnT54zGUZED6LQ79icy_6gcxfoukiEht3G1srcAN1dp8vHY4LE_hSSio6DnIMuaeYR3U_WLjtUrJmkBY5xL6KYWh3DCwbrF0uJo_LA4lWEhxCXWoGvfbP1rCk28nDd70XdFOlZx0lF4HN4VzwSVQ0B9PZP3H55rvGKVnuPe3WqfJeYwRnkFaH3f37656YgkL8GQknhk5tolR9HvDOCcbUHSnNjD31OKXrr9PqgaiR1XwgIWrowZq-0FUSWt-i6CIIuQZP_i-7TNmpxWT6tjDYLjmKDkFIf7bFIhTAQNog4nP92SlsDElVhtGfhi-CEEafikw3LgwQZbzq88J5RQLvMt6N_nHpv92tYFHbOETY-2lzT0daKZsjOl51X2tytCxC-Lvm6_l0WQix35RHEEoSuQM2gRl3ZVGvdptBDiwTdCw0hPBuq--p4sewnpXquh-rjXIOMNX1PfJR49b9xeFS-xgb2YAA3MCAwt37gUq2jfNNfBJi39zK4s81l0celdaA4TF0Qe7XhG_yI68F748kYdWf6lPTPkZwY36pKt1E689K7UtQ-vX16X4qOUUoO59YOdcUUQXYx6Oal7czju0Y66JfyYW5nthU5QSF8Z8pqqv-v1-46MXJi9ue-pa0bhMkbidfay0S05nB97cMj44z_lxZqOjWVSozozehaa3tqhJ5u-c3niIInQsZ-bsxmotjFFJ0a7tu5V6--ekdvUhWI-3hcs3jjw_ylVRaeOJsB_4phXJ8qt2WF8mgqqnx9RiBBXrY96ktQmM-3B7qsaqz6qp6l-6vfQm3Yag1Jx3b1wZBbM_bwlU2vqOt8q9F2zv6v1lbB3Vyx2ZO5IUVbxMofXUk4MsozI_s27kwue5fx1-giS00z0reFb", "-var=project_id=gcp-prj-inf-automation-prd-01", "-var-file=../input-file/project.tfvars", "-var-file=../input-file/budget.tfvars", "-var-file=../input-file/api.tfvars", "-var-file=../input-file/scope.tfvars", "-out=../plan-file/monitoring-tf-plan.json"}
2024-03-30T06:58:15.048Z [INFO]  backend/local: starting Plan operation
2024-03-30T06:58:17.696Z [INFO]  provider: configuring client automatic mTLS
2024-03-30T06:58:17.781Z [INFO]  provider.terraform-provider-google_v5.22.0_x5: configuring server automatic mTLS: timestamp=2024-03-30T06:58:17.780Z
2024-03-30T06:58:18.173Z [INFO]  provider: configuring client automatic mTLS
2024-03-30T06:58:18.251Z [INFO]  provider.terraform-provider-google-beta_v5.22.0_x5: configuring server automatic mTLS: timestamp=2024-03-30T06:58:18.251Z
2024-03-30T06:58:18.689Z [INFO]  provider: configuring client automatic mTLS
2024-03-30T06:58:18.762Z [INFO]  provider.terraform-provider-google_v5.22.0_x5: configuring server automatic mTLS: timestamp=2024-03-30T06:58:18.762Z
2024-03-30T06:58:18.914Z [INFO]  backend/local: plan calling Plan
2024-03-30T06:58:18.925Z [INFO]  provider: configuring client automatic mTLS
2024-03-30T06:58:19.007Z [INFO]  provider.terraform-provider-google_v5.22.0_x5: configuring server automatic mTLS: timestamp=2024-03-30T06:58:19.007Z
2024-03-30T06:58:19.112Z [INFO]  provider.terraform-provider-google_v5.22.0_x5: Authenticating using configured Google JSON 'access_token'...: @module=google tf_provider_addr=registry.terraform.io/hashicorp/google tf_mux_provider="*proto5server.Server" tf_req_id=d4d2fe53-669a-8c7e-9d92-bcd6f2942abc tf_rpc=ConfigureProvider @caller=github.com/hashicorp/terraform-provider-google/google/fwtransport/framework_config.go:1721 timestamp=2024-03-30T06:58:19.111Z
2024-03-30T06:58:19.112Z [INFO]  provider.terraform-provider-google_v5.22.0_x5:   -- Scopes: [https://www.googleapis.com/auth/cloud-platform https://www.googleapis.com/auth/userinfo.email]: @caller=github.com/hashicorp/terraform-provider-google/google/fwtransport/framework_config.go:1722 @module=google tf_req_id=d4d2fe53-669a-8c7e-9d92-bcd6f2942abc tf_mux_provider="*proto5server.Server" tf_provider_addr=registry.terraform.io/hashicorp/google tf_rpc=ConfigureProvider timestamp=2024-03-30T06:58:19.111Z
2024-03-30T06:58:19.112Z [INFO]  provider.terraform-provider-google_v5.22.0_x5: Authenticating using configured Google JSON 'access_token'...: @caller=github.com/hashicorp/terraform-provider-google/google/fwtransport/framework_config.go:1721 tf_mux_provider="*proto5server.Server" tf_provider_addr=registry.terraform.io/hashicorp/google tf_rpc=ConfigureProvider @module=google tf_req_id=d4d2fe53-669a-8c7e-9d92-bcd6f2942abc timestamp=2024-03-30T06:58:19.112Z
2024-03-30T06:58:19.112Z [INFO]  provider.terraform-provider-google_v5.22.0_x5:   -- Scopes: [https://www.googleapis.com/auth/cloud-platform https://www.googleapis.com/auth/userinfo.email]: @module=google tf_mux_provider="*proto5server.Server" tf_rpc=ConfigureProvider @caller=github.com/hashicorp/terraform-provider-google/google/fwtransport/framework_config.go:1722 tf_provider_addr=registry.terraform.io/hashicorp/google tf_req_id=d4d2fe53-669a-8c7e-9d92-bcd6f2942abc timestamp=2024-03-30T06:58:19.112Z
2024-03-30T06:58:19.168Z [INFO]  provider.terraform-provider-google_v5.22.0_x5: Terraform is using this identity: svc-cloudautomation@gcp-prj-inf-automation-prd-01.iam.gserviceaccount.com: tf_provider_addr=registry.terraform.io/hashicorp/google tf_req_id=d4d2fe53-669a-8c7e-9d92-bcd6f2942abc tf_rpc=ConfigureProvider @module=google tf_mux_provider="*proto5server.Server" @caller=github.com/hashicorp/terraform-provider-google/google/fwtransport/framework_config.go:1641 timestamp=2024-03-30T06:58:19.168Z
2024-03-30T06:58:24.438Z [WARN]  Provider "registry.terraform.io/hashicorp/google" produced an invalid plan for module.project["gcp-prj-inf-monitoring-prd-1"].google_project.project, but we are tolerating it because it is using the legacy plugin SDK.
    The following problems may be the cause of any confusing errors from downstream operations:
      - .org_id: planned value cty.StringVal("") for a non-computed attribute
2024-03-30T06:58:24.470Z [WARN]  Provider "registry.terraform.io/hashicorp/google" produced an invalid plan for module.billing_budget["gcp-prj-inf-monitoring-prd-1-budget-01"].google_monitoring_notification_channel.budget_notify, but we are tolerating it because it is using the legacy plugin SDK.
    The following problems may be the cause of any confusing errors from downstream operations:
      - .enabled: planned value cty.True for a non-computed attribute
      - .force_delete: planned value cty.False for a non-computed attribute
2024-03-30T06:58:24.759Z [WARN]  Provider "registry.terraform.io/hashicorp/google" produced an unexpected new value for module.billing_budget["gcp-prj-inf-monitoring-prd-01-budget-01"].google_monitoring_notification_channel.budget_notify during refresh.
      - .user_labels: was null, but now cty.MapValEmpty(cty.String)
2024-03-30T06:58:24.771Z [WARN]  Provider "registry.terraform.io/hashicorp/google" produced an invalid plan for module.billing_budget["gcp-prj-inf-monitoring-prd-1-budget-01"].google_billing_budget.budget, but we are tolerating it because it is using the legacy plugin SDK.
    The following problems may be the cause of any confusing errors from downstream operations:
      - .threshold_rules[0].spend_basis: planned value cty.StringVal("CURRENT_SPEND") for a non-computed attribute
      - .threshold_rules[1].spend_basis: planned value cty.StringVal("CURRENT_SPEND") for a non-computed attribute
      - .threshold_rules[2].spend_basis: planned value cty.StringVal("CURRENT_SPEND") for a non-computed attribute
      - .threshold_rules[3].spend_basis: planned value cty.StringVal("CURRENT_SPEND") for a non-computed attribute
      - .all_updates_rule[0].monitoring_notification_channels: planned value cty.UnknownVal(cty.List(cty.String)) does not match config value cty.ListVal([]cty.Value{cty.UnknownVal(cty.String)})
      - .all_updates_rule[0].schema_version: planned value cty.StringVal("1.0") for a non-computed attribute
2024-03-30T06:58:24.826Z [INFO]  backend/local: plan operation completed
2024-03-30T06:58:24.826Z [INFO]  backend/local: writing plan output to: ../plan-file/monitoring-tf-plan.json
2024-03-30T06:58:36.462Z [INFO]  Terraform version: 1.7.5
2024-03-30T06:58:36.462Z [INFO]  Go runtime version: go1.21.8
2024-03-30T06:58:36.462Z [INFO]  CLI args: []string{"terraform", "apply", "../plan-file/monitoring-tf-plan.json"}
2024-03-30T06:58:36.463Z [INFO]  CLI command args: []string{"apply", "../plan-file/monitoring-tf-plan.json"}
2024-03-30T06:58:37.225Z [INFO]  backend/local: starting Apply operation
2024-03-30T06:58:39.812Z [INFO]  provider: configuring client automatic mTLS
2024-03-30T06:58:39.897Z [INFO]  provider.terraform-provider-google_v5.22.0_x5: configuring server automatic mTLS: timestamp=2024-03-30T06:58:39.897Z
2024-03-30T06:58:40.282Z [INFO]  provider: configuring client automatic mTLS
2024-03-30T06:58:40.361Z [INFO]  provider.terraform-provider-google-beta_v5.22.0_x5: configuring server automatic mTLS: timestamp=2024-03-30T06:58:40.361Z
2024-03-30T06:58:40.770Z [INFO]  backend/local: apply calling Apply
2024-03-30T06:58:40.805Z [INFO]  provider: configuring client automatic mTLS
2024-03-30T06:58:40.881Z [INFO]  provider.terraform-provider-google_v5.22.0_x5: configuring server automatic mTLS: timestamp=2024-03-30T06:58:40.881Z
2024-03-30T06:58:41.037Z [INFO]  provider.terraform-provider-google_v5.22.0_x5: Authenticating using configured Google JSON 'access_token'...: tf_mux_provider="*proto5server.Server" tf_provider_addr=registry.terraform.io/hashicorp/google tf_req_id=c29fd78d-0a52-8db5-23c2-fabe89c39043 tf_rpc=ConfigureProvider @caller=github.com/hashicorp/terraform-provider-google/google/fwtransport/framework_config.go:1721 @module=google timestamp=2024-03-30T06:58:41.037Z
2024-03-30T06:58:41.037Z [INFO]  provider.terraform-provider-google_v5.22.0_x5:   -- Scopes: [https://www.googleapis.com/auth/cloud-platform https://www.googleapis.com/auth/userinfo.email]: tf_mux_provider="*proto5server.Server" tf_provider_addr=registry.terraform.io/hashicorp/google tf_rpc=ConfigureProvider @caller=github.com/hashicorp/terraform-provider-google/google/fwtransport/framework_config.go:1722 @module=google tf_req_id=c29fd78d-0a52-8db5-23c2-fabe89c39043 timestamp=2024-03-30T06:58:41.037Z
2024-03-30T06:58:41.037Z [INFO]  provider.terraform-provider-google_v5.22.0_x5: Authenticating using configured Google JSON 'access_token'...: tf_mux_provider="*proto5server.Server" tf_req_id=c29fd78d-0a52-8db5-23c2-fabe89c39043 tf_rpc=ConfigureProvider @caller=github.com/hashicorp/terraform-provider-google/google/fwtransport/framework_config.go:1721 @module=google tf_provider_addr=registry.terraform.io/hashicorp/google timestamp=2024-03-30T06:58:41.037Z
2024-03-30T06:58:41.037Z [INFO]  provider.terraform-provider-google_v5.22.0_x5:   -- Scopes: [https://www.googleapis.com/auth/cloud-platform https://www.googleapis.com/auth/userinfo.email]: @module=google tf_mux_provider="*proto5server.Server" @caller=github.com/hashicorp/terraform-provider-google/google/fwtransport/framework_config.go:1722 tf_provider_addr=registry.terraform.io/hashicorp/google tf_req_id=c29fd78d-0a52-8db5-23c2-fabe89c39043 tf_rpc=ConfigureProvider timestamp=2024-03-30T06:58:41.037Z
2024-03-30T06:58:41.098Z [INFO]  provider.terraform-provider-google_v5.22.0_x5: Terraform is using this identity: svc-cloudautomation@gcp-prj-inf-automation-prd-01.iam.gserviceaccount.com: tf_mux_provider="*proto5server.Server" tf_req_id=c29fd78d-0a52-8db5-23c2-fabe89c39043 tf_rpc=ConfigureProvider @caller=github.com/hashicorp/terraform-provider-google/google/fwtransport/framework_config.go:1641 @module=google tf_provider_addr=registry.terraform.io/hashicorp/google timestamp=2024-03-30T06:58:41.097Z
2024-03-30T06:58:41.150Z [INFO]  Starting apply for module.billing_budget["gcp-prj-inf-monitoring-prd-01-budget-01"].google_monitoring_notification_channel.budget_notify
2024-03-30T06:58:41.162Z [INFO]  Starting apply for module.apis["gcp-prj-inf-monitoring-prd-1"].google_project_service.gcp_apis["iam.googleapis.com"]
2024-03-30T06:58:41.176Z [INFO]  Starting apply for module.apis["gcp-prj-inf-monitoring-prd-1"].google_project_service.gcp_apis["compute.googleapis.com"]
2024-03-30T06:58:41.180Z [INFO]  Starting apply for module.apis["gcp-prj-inf-monitoring-prd-1"].google_project_service.gcp_apis["bigquery.googleapis.com"]
2024-03-30T06:58:41.183Z [INFO]  Starting apply for module.apis["gcp-prj-inf-monitoring-prd-1"].google_project_service.gcp_apis["bigquerydatatransfer.googleapis.com"]
2024-03-30T06:58:41.187Z [INFO]  Starting apply for module.apis["gcp-prj-inf-monitoring-prd-1"].google_project_service.gcp_apis["logging.googleapis.com"]
2024-03-30T06:58:41.193Z [WARN]  Provider "registry.terraform.io/hashicorp/google" produced an invalid plan for module.billing_budget["gcp-prj-inf-monitoring-prd-1-budget-01"].google_monitoring_notification_channel.budget_notify, but we are tolerating it because it is using the legacy plugin SDK.
    The following problems may be the cause of any confusing errors from downstream operations:
      - .enabled: planned value cty.True for a non-computed attribute
      - .force_delete: planned value cty.False for a non-computed attribute
2024-03-30T06:58:41.194Z [INFO]  Starting apply for module.apis["gcp-prj-inf-monitoring-prd-1"].google_project_service.gcp_apis["monitoring.googleapis.com"]
2024-03-30T06:58:41.195Z [INFO]  Starting apply for module.billing_budget["gcp-prj-inf-monitoring-prd-1-budget-01"].google_monitoring_notification_channel.budget_notify
2024-03-30T06:58:43.024Z [WARN]  Provider "provider[\"registry.terraform.io/hashicorp/google\"]" produced an unexpected new value for module.billing_budget["gcp-prj-inf-monitoring-prd-1-budget-01"].google_monitoring_notification_channel.budget_notify, but we are tolerating it because it is using the legacy plugin SDK.
    The following problems may be the cause of any confusing errors from downstream operations:
      - .description: was null, but now cty.StringVal("")
2024-03-30T06:58:43.037Z [WARN]  Provider "registry.terraform.io/hashicorp/google" produced an invalid plan for module.billing_budget["gcp-prj-inf-monitoring-prd-1-budget-01"].google_billing_budget.budget, but we are tolerating it because it is using the legacy plugin SDK.
    The following problems may be the cause of any confusing errors from downstream operations:
      - .all_updates_rule[0].schema_version: planned value cty.StringVal("1.0") for a non-computed attribute
      - .threshold_rules[0].spend_basis: planned value cty.StringVal("CURRENT_SPEND") for a non-computed attribute
      - .threshold_rules[1].spend_basis: planned value cty.StringVal("CURRENT_SPEND") for a non-computed attribute
      - .threshold_rules[2].spend_basis: planned value cty.StringVal("CURRENT_SPEND") for a non-computed attribute
      - .threshold_rules[3].spend_basis: planned value cty.StringVal("CURRENT_SPEND") for a non-computed attribute
2024-03-30T06:58:43.037Z [INFO]  Starting apply for module.billing_budget["gcp-prj-inf-monitoring-prd-1-budget-01"].google_billing_budget.budget
2024-03-30T06:58:45.506Z [WARN]  Provider "provider[\"registry.terraform.io/hashicorp/google\"]" produced an unexpected new value for module.billing_budget["gcp-prj-inf-monitoring-prd-1-budget-01"].google_billing_budget.budget, but we are tolerating it because it is using the legacy plugin SDK.
    The following problems may be the cause of any confusing errors from downstream operations:
      - .budget_filter[0].calendar_period: was null, but now cty.StringVal("MONTH")
      - .all_updates_rule[0].pubsub_topic: was null, but now cty.StringVal("")
      - .amount[0].last_period_amount: was null, but now cty.False
      - .amount[0].specified_amount[0].nanos: was null, but now cty.NumberIntVal(0)
2024-03-30T06:59:07.580Z [INFO]  Terraform version: 1.7.5
2024-03-30T06:59:07.580Z [INFO]  Go runtime version: go1.21.8
2024-03-30T06:59:07.580Z [INFO]  CLI args: []string{"terraform", "output", "-json"}
2024-03-30T06:59:07.581Z [INFO]  CLI command args: []string{"output", "-json"}
