2024-04-04T08:28:10.198Z [INFO]  Terraform version: 1.7.5
2024-04-04T08:28:10.199Z [INFO]  Go runtime version: go1.21.8
2024-04-04T08:28:10.199Z [INFO]  CLI args: []string{"terraform", "init", "-upgrade", "-backend-config=bucket=gcp-yyz-prd-inf-cloudautomation-sbuc-01", "-backend-config=prefix=network/state-file"}
2024-04-04T08:28:10.200Z [INFO]  CLI command args: []string{"init", "-upgrade", "-backend-config=bucket=gcp-yyz-prd-inf-cloudautomation-sbuc-01", "-backend-config=prefix=network/state-file"}
2024-04-04T08:28:23.832Z [INFO]  Terraform version: 1.7.5
2024-04-04T08:28:23.832Z [INFO]  Go runtime version: go1.21.8
2024-04-04T08:28:23.832Z [INFO]  CLI args: []string{"terraform", "plan", "-var=access_token=ya29.c.c0AY_VpZhN7qT-woGxv9F2ifwKR9zst4T4pRgfPhdWdRF5c142pGFnlt9WbXXgjdMvu_i5hbdtqKqh_XZfoIF7UfMSdPkH484UBLQmVHUTdh5G2Zu-aXrKNLuI9q7-QqNGbYJqX_8lKXVWsX4OIc8fkG56f1qDnFTNytsIGQdPpFnQcqooE_NDlYRl_Pcbb1rnf8puWR4pB_jKteW5RtzeV7TIrUMUUJAL443zrnGOrFjXap5lAEz4ZalrD9hbcJt7LoFZPvCsOxyM_V4QSIu9ir7_4DMl175gxbMp32VQD71hHXsTHWuNNULNXLXTXJcuz9jVQ9ElPXX0EbhjlCFqoi_sFAksLhYmIFs0BEjBJlmakuygNHuZQKoiWonKBxG3QYIdRywqGbLLFBOLhHTGzcbqtCYBI22SeTwaYyiJwqA-XelZBNsoujwgWvYS4Rd3fvlnlnqQD3s-_8oyuyZn-9_1yV3iRgVOdZ0Z7Qy40kOXGieYoPHopvmtgAp1SznknSEAJxc_xiCS6KOpeTHI3T_FQr-qL1CL_PCPOKsHi_K-Xos9XfG9MurHQU-lp_uGEIguGBvZTEGVRO088g4tFc8MAk1y01dWAakTehqQpGtVbwNXAp1ySfeKd9r6eT3j1-I3Fhnp6A2El_84Lv7bQUiaTBsTJm55qbIMbEM5N689K8sMh7zS7Bl7-M7dU5bB224n9f6Fprhda271q_sqO4muM3X2JiwQw4xUdwrwmdic_M_sjht70ri78YI9Wd4no6w77S180ocMmd8W9JrXxoUfw8Ry5-J3r3FU7ak5Qvgok7np6YVywSoMWfvXudr8yW-WRFmqRiYBiZppZQQ9mluots9vuoFdalmroj8y8epY5mWbsWOVtF8FpRq7zYlnR5M18-R6dj8JmidumUsq0s4mRu3vzhjRj7RzrRqhdRfgFB_6XMuimrjlnwb8JJzp3dsgdqvzFx60xIqo2R69wF1riZV87rXSYXekr6O81res6Wqaf34eea3", "-var=project_id=gcp-prj-inf-automation-prd-01", "-var-file=../input-file/project.tfvars", "-var-file=../input-file/budget.tfvars", "-var-file=../input-file/api.tfvars", "-var-file=../input-file/vpc.tfvars", "-var-file=../input-file/subnet.tfvars", "-var-file=../input-file/firewall.tfvars", "-var-file=../input-file/peering.tfvars", "-var-file=../input-file/route.tfvars", "-out=../plan-file/network-tf-plan.json"}
2024-04-04T08:28:23.834Z [INFO]  CLI command args: []string{"plan", "-var=access_token=ya29.c.c0AY_VpZhN7qT-woGxv9F2ifwKR9zst4T4pRgfPhdWdRF5c142pGFnlt9WbXXgjdMvu_i5hbdtqKqh_XZfoIF7UfMSdPkH484UBLQmVHUTdh5G2Zu-aXrKNLuI9q7-QqNGbYJqX_8lKXVWsX4OIc8fkG56f1qDnFTNytsIGQdPpFnQcqooE_NDlYRl_Pcbb1rnf8puWR4pB_jKteW5RtzeV7TIrUMUUJAL443zrnGOrFjXap5lAEz4ZalrD9hbcJt7LoFZPvCsOxyM_V4QSIu9ir7_4DMl175gxbMp32VQD71hHXsTHWuNNULNXLXTXJcuz9jVQ9ElPXX0EbhjlCFqoi_sFAksLhYmIFs0BEjBJlmakuygNHuZQKoiWonKBxG3QYIdRywqGbLLFBOLhHTGzcbqtCYBI22SeTwaYyiJwqA-XelZBNsoujwgWvYS4Rd3fvlnlnqQD3s-_8oyuyZn-9_1yV3iRgVOdZ0Z7Qy40kOXGieYoPHopvmtgAp1SznknSEAJxc_xiCS6KOpeTHI3T_FQr-qL1CL_PCPOKsHi_K-Xos9XfG9MurHQU-lp_uGEIguGBvZTEGVRO088g4tFc8MAk1y01dWAakTehqQpGtVbwNXAp1ySfeKd9r6eT3j1-I3Fhnp6A2El_84Lv7bQUiaTBsTJm55qbIMbEM5N689K8sMh7zS7Bl7-M7dU5bB224n9f6Fprhda271q_sqO4muM3X2JiwQw4xUdwrwmdic_M_sjht70ri78YI9Wd4no6w77S180ocMmd8W9JrXxoUfw8Ry5-J3r3FU7ak5Qvgok7np6YVywSoMWfvXudr8yW-WRFmqRiYBiZppZQQ9mluots9vuoFdalmroj8y8epY5mWbsWOVtF8FpRq7zYlnR5M18-R6dj8JmidumUsq0s4mRu3vzhjRj7RzrRqhdRfgFB_6XMuimrjlnwb8JJzp3dsgdqvzFx60xIqo2R69wF1riZV87rXSYXekr6O81res6Wqaf34eea3", "-var=project_id=gcp-prj-inf-automation-prd-01", "-var-file=../input-file/project.tfvars", "-var-file=../input-file/budget.tfvars", "-var-file=../input-file/api.tfvars", "-var-file=../input-file/vpc.tfvars", "-var-file=../input-file/subnet.tfvars", "-var-file=../input-file/firewall.tfvars", "-var-file=../input-file/peering.tfvars", "-var-file=../input-file/route.tfvars", "-out=../plan-file/network-tf-plan.json"}
2024-04-04T08:28:24.687Z [INFO]  backend/local: starting Plan operation
2024-04-04T08:28:25.224Z [INFO]  provider: configuring client automatic mTLS
2024-04-04T08:28:25.308Z [INFO]  provider.terraform-provider-google_v5.19.0_x5: configuring server automatic mTLS: timestamp=2024-04-04T08:28:25.308Z
2024-04-04T08:28:25.713Z [INFO]  provider: configuring client automatic mTLS
2024-04-04T08:28:25.793Z [INFO]  provider.terraform-provider-google-beta_v5.19.0_x5: configuring server automatic mTLS: timestamp=2024-04-04T08:28:25.793Z
2024-04-04T08:28:26.215Z [INFO]  provider: configuring client automatic mTLS
2024-04-04T08:28:26.232Z [INFO]  provider.terraform-provider-null_v3.2.2_x5: configuring server automatic mTLS: timestamp=2024-04-04T08:28:26.232Z
2024-04-04T08:28:26.327Z [INFO]  provider: configuring client automatic mTLS
2024-04-04T08:28:26.343Z [INFO]  provider.terraform-provider-null_v3.2.2_x5: configuring server automatic mTLS: timestamp=2024-04-04T08:28:26.343Z
2024-04-04T08:28:26.387Z [INFO]  provider: configuring client automatic mTLS
2024-04-04T08:28:26.466Z [INFO]  provider.terraform-provider-google_v5.19.0_x5: configuring server automatic mTLS: timestamp=2024-04-04T08:28:26.466Z
2024-04-04T08:28:26.515Z [INFO]  provider: configuring client automatic mTLS
2024-04-04T08:28:26.594Z [INFO]  provider.terraform-provider-google-beta_v5.19.0_x5: configuring server automatic mTLS: timestamp=2024-04-04T08:28:26.593Z
2024-04-04T08:28:26.837Z [INFO]  backend/local: plan calling Plan
2024-04-04T08:28:26.888Z [INFO]  provider: configuring client automatic mTLS
2024-04-04T08:28:26.907Z [INFO]  provider.terraform-provider-null_v3.2.2_x5: configuring server automatic mTLS: timestamp=2024-04-04T08:28:26.907Z
2024-04-04T08:28:26.951Z [INFO]  provider: configuring client automatic mTLS
2024-04-04T08:28:27.030Z [INFO]  provider.terraform-provider-google_v5.19.0_x5: configuring server automatic mTLS: timestamp=2024-04-04T08:28:27.030Z
2024-04-04T08:28:27.076Z [INFO]  provider: configuring client automatic mTLS
2024-04-04T08:28:27.225Z [INFO]  provider.terraform-provider-google-beta_v5.19.0_x5: configuring server automatic mTLS: timestamp=2024-04-04T08:28:27.224Z
2024-04-04T08:28:27.281Z [INFO]  provider.terraform-provider-google_v5.19.0_x5: Authenticating using configured Google JSON 'access_token'...: @caller=github.com/hashicorp/terraform-provider-google/google/fwtransport/framework_config.go:1701 tf_mux_provider="*proto5server.Server" tf_provider_addr=registry.terraform.io/hashicorp/google tf_req_id=9561465f-2019-704d-398f-fe3129d8b7ac tf_rpc=ConfigureProvider @module=google timestamp=2024-04-04T08:28:27.281Z
2024-04-04T08:28:27.283Z [INFO]  provider.terraform-provider-google_v5.19.0_x5:   -- Scopes: [https://www.googleapis.com/auth/cloud-platform https://www.googleapis.com/auth/userinfo.email]: @caller=github.com/hashicorp/terraform-provider-google/google/fwtransport/framework_config.go:1702 @module=google tf_mux_provider="*proto5server.Server" tf_req_id=9561465f-2019-704d-398f-fe3129d8b7ac tf_rpc=ConfigureProvider tf_provider_addr=registry.terraform.io/hashicorp/google timestamp=2024-04-04T08:28:27.283Z
2024-04-04T08:28:27.284Z [INFO]  provider.terraform-provider-google_v5.19.0_x5: Authenticating using configured Google JSON 'access_token'...: tf_provider_addr=registry.terraform.io/hashicorp/google tf_req_id=9561465f-2019-704d-398f-fe3129d8b7ac tf_rpc=ConfigureProvider tf_mux_provider="*proto5server.Server" @module=google @caller=github.com/hashicorp/terraform-provider-google/google/fwtransport/framework_config.go:1701 timestamp=2024-04-04T08:28:27.283Z
2024-04-04T08:28:27.284Z [INFO]  provider.terraform-provider-google_v5.19.0_x5:   -- Scopes: [https://www.googleapis.com/auth/cloud-platform https://www.googleapis.com/auth/userinfo.email]: tf_mux_provider="*proto5server.Server" @caller=github.com/hashicorp/terraform-provider-google/google/fwtransport/framework_config.go:1702 @module=google tf_provider_addr=registry.terraform.io/hashicorp/google tf_req_id=9561465f-2019-704d-398f-fe3129d8b7ac tf_rpc=ConfigureProvider timestamp=2024-04-04T08:28:27.283Z
2024-04-04T08:28:27.403Z [INFO]  provider.terraform-provider-google_v5.19.0_x5: Terraform is using this identity: svc-cloudautomation@gcp-prj-inf-automation-prd-01.iam.gserviceaccount.com: @module=google tf_rpc=ConfigureProvider @caller=github.com/hashicorp/terraform-provider-google/google/fwtransport/framework_config.go:1621 tf_mux_provider="*proto5server.Server" tf_provider_addr=registry.terraform.io/hashicorp/google tf_req_id=9561465f-2019-704d-398f-fe3129d8b7ac timestamp=2024-04-04T08:28:27.402Z
2024-04-04T08:28:27.455Z [INFO]  provider.terraform-provider-google-beta_v5.19.0_x5: Authenticating using configured Google JSON 'access_token'...: tf_rpc=ConfigureProvider @module=google_beta tf_mux_provider="*proto5server.Server" tf_req_id=6d29b406-b874-d08c-9ba9-48a57e79d6cd @caller=github.com/hashicorp/terraform-provider-google-beta/google-beta/fwtransport/framework_config.go:1840 tf_provider_addr=registry.terraform.io/hashicorp/google-beta timestamp=2024-04-04T08:28:27.455Z
2024-04-04T08:28:27.456Z [INFO]  provider.terraform-provider-google-beta_v5.19.0_x5:   -- Scopes: [https://www.googleapis.com/auth/cloud-platform https://www.googleapis.com/auth/userinfo.email]: tf_req_id=6d29b406-b874-d08c-9ba9-48a57e79d6cd @caller=github.com/hashicorp/terraform-provider-google-beta/google-beta/fwtransport/framework_config.go:1841 @module=google_beta tf_mux_provider="*proto5server.Server" tf_provider_addr=registry.terraform.io/hashicorp/google-beta tf_rpc=ConfigureProvider timestamp=2024-04-04T08:28:27.455Z
2024-04-04T08:28:27.456Z [INFO]  provider.terraform-provider-google-beta_v5.19.0_x5: Authenticating using configured Google JSON 'access_token'...: @caller=github.com/hashicorp/terraform-provider-google-beta/google-beta/fwtransport/framework_config.go:1840 @module=google_beta tf_mux_provider="*proto5server.Server" tf_provider_addr=registry.terraform.io/hashicorp/google-beta tf_req_id=6d29b406-b874-d08c-9ba9-48a57e79d6cd tf_rpc=ConfigureProvider timestamp=2024-04-04T08:28:27.455Z
2024-04-04T08:28:27.456Z [INFO]  provider.terraform-provider-google-beta_v5.19.0_x5:   -- Scopes: [https://www.googleapis.com/auth/cloud-platform https://www.googleapis.com/auth/userinfo.email]: tf_mux_provider="*proto5server.Server" tf_provider_addr=registry.terraform.io/hashicorp/google-beta tf_req_id=6d29b406-b874-d08c-9ba9-48a57e79d6cd @caller=github.com/hashicorp/terraform-provider-google-beta/google-beta/fwtransport/framework_config.go:1841 tf_rpc=ConfigureProvider @module=google_beta timestamp=2024-04-04T08:28:27.456Z
2024-04-04T08:28:27.518Z [INFO]  provider.terraform-provider-google-beta_v5.19.0_x5: Terraform is using this identity: svc-cloudautomation@gcp-prj-inf-automation-prd-01.iam.gserviceaccount.com: @module=google_beta tf_rpc=ConfigureProvider tf_req_id=6d29b406-b874-d08c-9ba9-48a57e79d6cd @caller=github.com/hashicorp/terraform-provider-google-beta/google-beta/fwtransport/framework_config.go:1760 tf_mux_provider="*proto5server.Server" tf_provider_addr=registry.terraform.io/hashicorp/google-beta timestamp=2024-04-04T08:28:27.517Z
2024-04-04T08:28:28.238Z [WARN]  Provider "registry.terraform.io/hashicorp/google" produced an invalid plan for module.project["gcp-prj-inf-networkspk-prd-1"].google_project.project, but we are tolerating it because it is using the legacy plugin SDK.
    The following problems may be the cause of any confusing errors from downstream operations:
      - .org_id: planned value cty.StringVal("") for a non-computed attribute
2024-04-04T08:28:28.251Z [WARN]  Provider "registry.terraform.io/hashicorp/google" produced an invalid plan for module.project["gcp-prj-inf-networkspk-dev-1"].google_project.project, but we are tolerating it because it is using the legacy plugin SDK.
    The following problems may be the cause of any confusing errors from downstream operations:
      - .org_id: planned value cty.StringVal("") for a non-computed attribute
2024-04-04T08:28:28.256Z [WARN]  Provider "registry.terraform.io/hashicorp/google" produced an invalid plan for module.project["gcp-prj-inf-networkspk-qa-1"].google_project.project, but we are tolerating it because it is using the legacy plugin SDK.
    The following problems may be the cause of any confusing errors from downstream operations:
      - .org_id: planned value cty.StringVal("") for a non-computed attribute
2024-04-04T08:28:28.343Z [WARN]  Provider "registry.terraform.io/hashicorp/google" produced an invalid plan for module.project["gcp-prj-inf-networkhub-prd-1"].google_project.project, but we are tolerating it because it is using the legacy plugin SDK.
    The following problems may be the cause of any confusing errors from downstream operations:
      - .org_id: planned value cty.StringVal("") for a non-computed attribute
2024-04-04T08:28:28.353Z [WARN]  Provider "registry.terraform.io/hashicorp/google" produced an invalid plan for module.project["gcp-prj-inf-networkspk-stg-1"].google_project.project, but we are tolerating it because it is using the legacy plugin SDK.
    The following problems may be the cause of any confusing errors from downstream operations:
      - .org_id: planned value cty.StringVal("") for a non-computed attribute
2024-04-04T08:28:28.535Z [WARN]  Provider "registry.terraform.io/hashicorp/google" produced an invalid plan for module.billing_budget["gcp-prj-inf-networkspk-stg-1-budget-01"].google_monitoring_notification_channel.budget_notify, but we are tolerating it because it is using the legacy plugin SDK.
    The following problems may be the cause of any confusing errors from downstream operations:
      - .description: planned value cty.StringVal("") for a non-computed attribute
      - .enabled: planned value cty.True for a non-computed attribute
      - .force_delete: planned value cty.False for a non-computed attribute
      - .user_labels: planned value cty.MapValEmpty(cty.String) for a non-computed attribute
2024-04-04T08:28:28.536Z [WARN]  Provider "registry.terraform.io/hashicorp/google" produced an invalid plan for module.billing_budget["gcp-prj-inf-networkspk-prd-1-budget-01"].google_monitoring_notification_channel.budget_notify, but we are tolerating it because it is using the legacy plugin SDK.
    The following problems may be the cause of any confusing errors from downstream operations:
      - .description: planned value cty.StringVal("") for a non-computed attribute
      - .enabled: planned value cty.True for a non-computed attribute
      - .force_delete: planned value cty.False for a non-computed attribute
      - .user_labels: planned value cty.MapValEmpty(cty.String) for a non-computed attribute
2024-04-04T08:28:28.538Z [WARN]  Provider "registry.terraform.io/hashicorp/google" produced an invalid plan for module.billing_budget["gcp-prj-inf-networkhub-prd-1-budget-01"].google_monitoring_notification_channel.budget_notify, but we are tolerating it because it is using the legacy plugin SDK.
    The following problems may be the cause of any confusing errors from downstream operations:
      - .enabled: planned value cty.True for a non-computed attribute
      - .force_delete: planned value cty.False for a non-computed attribute
      - .description: planned value cty.StringVal("") for a non-computed attribute
      - .user_labels: planned value cty.MapValEmpty(cty.String) for a non-computed attribute
2024-04-04T08:28:28.543Z [WARN]  Provider "registry.terraform.io/hashicorp/google" produced an invalid plan for module.billing_budget["gcp-prj-inf-networkspk-dev-1-budget-01"].google_monitoring_notification_channel.budget_notify, but we are tolerating it because it is using the legacy plugin SDK.
    The following problems may be the cause of any confusing errors from downstream operations:
      - .description: planned value cty.StringVal("") for a non-computed attribute
      - .enabled: planned value cty.True for a non-computed attribute
      - .force_delete: planned value cty.False for a non-computed attribute
      - .user_labels: planned value cty.MapValEmpty(cty.String) for a non-computed attribute
2024-04-04T08:28:28.553Z [WARN]  Provider "registry.terraform.io/hashicorp/google" produced an invalid plan for module.billing_budget["gcp-prj-inf-networkspk-qa-1-budget-01"].google_monitoring_notification_channel.budget_notify, but we are tolerating it because it is using the legacy plugin SDK.
    The following problems may be the cause of any confusing errors from downstream operations:
      - .description: planned value cty.StringVal("") for a non-computed attribute
      - .enabled: planned value cty.True for a non-computed attribute
      - .force_delete: planned value cty.False for a non-computed attribute
      - .user_labels: planned value cty.MapValEmpty(cty.String) for a non-computed attribute
2024-04-04T08:28:28.648Z [WARN]  Provider "registry.terraform.io/hashicorp/google" produced an invalid plan for module.vpc["gcp-vpc-npe-stg-shr-1"].google_compute_network.vpc, but we are tolerating it because it is using the legacy plugin SDK.
    The following problems may be the cause of any confusing errors from downstream operations:
      - .network_firewall_policy_enforcement_order: planned value cty.StringVal("AFTER_CLASSIC_FIREWALL") for a non-computed attribute
      - .enable_ula_internal_ipv6: planned value cty.False for a non-computed attribute
2024-04-04T08:28:28.674Z [WARN]  Provider "registry.terraform.io/hashicorp/google" produced an invalid plan for module.vpc["gcp-vpc-prd-ha-fw-1"].google_compute_network.vpc, but we are tolerating it because it is using the legacy plugin SDK.
    The following problems may be the cause of any confusing errors from downstream operations:
      - .network_firewall_policy_enforcement_order: planned value cty.StringVal("AFTER_CLASSIC_FIREWALL") for a non-computed attribute
      - .enable_ula_internal_ipv6: planned value cty.False for a non-computed attribute
2024-04-04T08:28:28.697Z [WARN]  Provider "registry.terraform.io/hashicorp/google" produced an invalid plan for module.vpc["gcp-vpc-prd-hub-shr-1"].google_compute_network.vpc, but we are tolerating it because it is using the legacy plugin SDK.
    The following problems may be the cause of any confusing errors from downstream operations:
      - .network_firewall_policy_enforcement_order: planned value cty.StringVal("AFTER_CLASSIC_FIREWALL") for a non-computed attribute
      - .enable_ula_internal_ipv6: planned value cty.False for a non-computed attribute
2024-04-04T08:28:28.717Z [WARN]  Provider "registry.terraform.io/hashicorp/google" produced an invalid plan for module.vpc["gcp-vpc-npe-qa-shr-1"].google_compute_network.vpc, but we are tolerating it because it is using the legacy plugin SDK.
    The following problems may be the cause of any confusing errors from downstream operations:
      - .network_firewall_policy_enforcement_order: planned value cty.StringVal("AFTER_CLASSIC_FIREWALL") for a non-computed attribute
      - .enable_ula_internal_ipv6: planned value cty.False for a non-computed attribute
2024-04-04T08:28:28.743Z [WARN]  Provider "registry.terraform.io/hashicorp/google" produced an invalid plan for module.vpc["gcp-vpc-prd-out-fw-1"].google_compute_network.vpc, but we are tolerating it because it is using the legacy plugin SDK.
    The following problems may be the cause of any confusing errors from downstream operations:
      - .network_firewall_policy_enforcement_order: planned value cty.StringVal("AFTER_CLASSIC_FIREWALL") for a non-computed attribute
      - .enable_ula_internal_ipv6: planned value cty.False for a non-computed attribute
2024-04-04T08:28:28.797Z [WARN]  Provider "registry.terraform.io/hashicorp/google" produced an invalid plan for module.vpc["gcp-vpc-npe-dev-shr-1"].google_compute_network.vpc, but we are tolerating it because it is using the legacy plugin SDK.
    The following problems may be the cause of any confusing errors from downstream operations:
      - .enable_ula_internal_ipv6: planned value cty.False for a non-computed attribute
      - .network_firewall_policy_enforcement_order: planned value cty.StringVal("AFTER_CLASSIC_FIREWALL") for a non-computed attribute
2024-04-04T08:28:28.805Z [WARN]  Provider "registry.terraform.io/hashicorp/google" produced an invalid plan for module.vpc["gcp-vpc-prd-shr-1"].google_compute_network.vpc, but we are tolerating it because it is using the legacy plugin SDK.
    The following problems may be the cause of any confusing errors from downstream operations:
      - .network_firewall_policy_enforcement_order: planned value cty.StringVal("AFTER_CLASSIC_FIREWALL") for a non-computed attribute
      - .enable_ula_internal_ipv6: planned value cty.False for a non-computed attribute
2024-04-04T08:28:28.816Z [WARN]  Provider "registry.terraform.io/hashicorp/google" produced an invalid plan for module.vpc["gcp-vpc-prd-mgmt-fw-1"].google_compute_network.vpc, but we are tolerating it because it is using the legacy plugin SDK.
    The following problems may be the cause of any confusing errors from downstream operations:
      - .enable_ula_internal_ipv6: planned value cty.False for a non-computed attribute
      - .network_firewall_policy_enforcement_order: planned value cty.StringVal("AFTER_CLASSIC_FIREWALL") for a non-computed attribute
2024-04-04T08:28:39.052Z [WARN]  Provider "registry.terraform.io/hashicorp/google" produced an unexpected new value for module.billing_budget["gcp-prj-inf-networkspk-qa-1-budget-01"].google_billing_budget.budget during refresh.
      - .budget_filter[0].projects: planned set element cty.StringVal("projects/gcp-prj-inf-networkspk-qa-1") does not correlate with any element in actual
2024-04-04T08:28:39.056Z [WARN]  Provider "registry.terraform.io/hashicorp/google" produced an unexpected new value for module.billing_budget["gcp-prj-inf-networkspk-dev-1-budget-01"].google_billing_budget.budget during refresh.
      - .budget_filter[0].projects: planned set element cty.StringVal("projects/gcp-prj-inf-networkspk-dev-1") does not correlate with any element in actual
2024-04-04T08:28:39.057Z [WARN]  Provider "registry.terraform.io/hashicorp/google" produced an unexpected new value for module.billing_budget["gcp-prj-inf-networkhub-prd-1-budget-01"].google_billing_budget.budget during refresh.
      - .budget_filter[0].projects: planned set element cty.StringVal("projects/gcp-prj-inf-networkhub-prd-1") does not correlate with any element in actual
2024-04-04T08:28:39.072Z [WARN]  Provider "registry.terraform.io/hashicorp/google" produced an invalid plan for module.billing_budget["gcp-prj-inf-networkspk-qa-1-budget-01"].google_billing_budget.budget, but we are tolerating it because it is using the legacy plugin SDK.
    The following problems may be the cause of any confusing errors from downstream operations:
      - .budget_filter[0].resource_ancestors: planned value cty.SetValEmpty(cty.String) for a non-computed attribute
      - .budget_filter[0].calendar_period: planned value cty.StringVal("MONTH") for a non-computed attribute
      - .threshold_rules[0].spend_basis: planned value cty.StringVal("CURRENT_SPEND") for a non-computed attribute
      - .threshold_rules[1].spend_basis: planned value cty.StringVal("CURRENT_SPEND") for a non-computed attribute
      - .threshold_rules[2].spend_basis: planned value cty.StringVal("CURRENT_SPEND") for a non-computed attribute
      - .threshold_rules[3].spend_basis: planned value cty.StringVal("CURRENT_SPEND") for a non-computed attribute
      - .all_updates_rule[0].pubsub_topic: planned value cty.StringVal("") for a non-computed attribute
      - .all_updates_rule[0].schema_version: planned value cty.StringVal("1.0") for a non-computed attribute
      - .amount[0].last_period_amount: planned value cty.False for a non-computed attribute
      - .amount[0].specified_amount[0].nanos: planned value cty.NumberIntVal(0) for a non-computed attribute
2024-04-04T08:28:39.074Z [WARN]  Provider "registry.terraform.io/hashicorp/google" produced an invalid plan for module.billing_budget["gcp-prj-inf-networkspk-dev-1-budget-01"].google_billing_budget.budget, but we are tolerating it because it is using the legacy plugin SDK.
    The following problems may be the cause of any confusing errors from downstream operations:
      - .all_updates_rule[0].pubsub_topic: planned value cty.StringVal("") for a non-computed attribute
      - .all_updates_rule[0].schema_version: planned value cty.StringVal("1.0") for a non-computed attribute
      - .amount[0].last_period_amount: planned value cty.False for a non-computed attribute
      - .amount[0].specified_amount[0].nanos: planned value cty.NumberIntVal(0) for a non-computed attribute
      - .budget_filter[0].calendar_period: planned value cty.StringVal("MONTH") for a non-computed attribute
      - .budget_filter[0].resource_ancestors: planned value cty.SetValEmpty(cty.String) for a non-computed attribute
      - .threshold_rules[0].spend_basis: planned value cty.StringVal("CURRENT_SPEND") for a non-computed attribute
      - .threshold_rules[1].spend_basis: planned value cty.StringVal("CURRENT_SPEND") for a non-computed attribute
      - .threshold_rules[2].spend_basis: planned value cty.StringVal("CURRENT_SPEND") for a non-computed attribute
      - .threshold_rules[3].spend_basis: planned value cty.StringVal("CURRENT_SPEND") for a non-computed attribute
2024-04-04T08:28:39.108Z [WARN]  Provider "registry.terraform.io/hashicorp/google" produced an unexpected new value for module.billing_budget["gcp-prj-inf-networkspk-stg-1-budget-01"].google_billing_budget.budget during refresh.
      - .budget_filter[0].projects: planned set element cty.StringVal("projects/gcp-prj-inf-networkspk-stg-1") does not correlate with any element in actual
2024-04-04T08:28:39.125Z [WARN]  Provider "registry.terraform.io/hashicorp/google" produced an invalid plan for module.billing_budget["gcp-prj-inf-networkhub-prd-1-budget-01"].google_billing_budget.budget, but we are tolerating it because it is using the legacy plugin SDK.
    The following problems may be the cause of any confusing errors from downstream operations:
      - .all_updates_rule[0].pubsub_topic: planned value cty.StringVal("") for a non-computed attribute
      - .all_updates_rule[0].schema_version: planned value cty.StringVal("1.0") for a non-computed attribute
      - .amount[0].last_period_amount: planned value cty.False for a non-computed attribute
      - .amount[0].specified_amount[0].nanos: planned value cty.NumberIntVal(0) for a non-computed attribute
      - .budget_filter[0].resource_ancestors: planned value cty.SetValEmpty(cty.String) for a non-computed attribute
      - .budget_filter[0].calendar_period: planned value cty.StringVal("MONTH") for a non-computed attribute
      - .threshold_rules[0].spend_basis: planned value cty.StringVal("CURRENT_SPEND") for a non-computed attribute
      - .threshold_rules[1].spend_basis: planned value cty.StringVal("CURRENT_SPEND") for a non-computed attribute
      - .threshold_rules[2].spend_basis: planned value cty.StringVal("CURRENT_SPEND") for a non-computed attribute
      - .threshold_rules[3].spend_basis: planned value cty.StringVal("CURRENT_SPEND") for a non-computed attribute
2024-04-04T08:28:39.147Z [WARN]  Provider "registry.terraform.io/hashicorp/google" produced an invalid plan for module.billing_budget["gcp-prj-inf-networkspk-stg-1-budget-01"].google_billing_budget.budget, but we are tolerating it because it is using the legacy plugin SDK.
    The following problems may be the cause of any confusing errors from downstream operations:
      - .all_updates_rule[0].pubsub_topic: planned value cty.StringVal("") for a non-computed attribute
      - .all_updates_rule[0].schema_version: planned value cty.StringVal("1.0") for a non-computed attribute
      - .amount[0].last_period_amount: planned value cty.False for a non-computed attribute
      - .amount[0].specified_amount[0].nanos: planned value cty.NumberIntVal(0) for a non-computed attribute
      - .budget_filter[0].resource_ancestors: planned value cty.SetValEmpty(cty.String) for a non-computed attribute
      - .budget_filter[0].calendar_period: planned value cty.StringVal("MONTH") for a non-computed attribute
      - .threshold_rules[0].spend_basis: planned value cty.StringVal("CURRENT_SPEND") for a non-computed attribute
      - .threshold_rules[1].spend_basis: planned value cty.StringVal("CURRENT_SPEND") for a non-computed attribute
      - .threshold_rules[2].spend_basis: planned value cty.StringVal("CURRENT_SPEND") for a non-computed attribute
      - .threshold_rules[3].spend_basis: planned value cty.StringVal("CURRENT_SPEND") for a non-computed attribute
2024-04-04T08:28:39.165Z [WARN]  Provider "registry.terraform.io/hashicorp/google" produced an invalid plan for module.route["gcp-vpc-prd-out-fw-1-rt-cnat-internet-01"].google_compute_route.route, but we are tolerating it because it is using the legacy plugin SDK.
    The following problems may be the cause of any confusing errors from downstream operations:
      - .tags: planned value cty.NullVal(cty.Set(cty.String)) does not match config value cty.SetValEmpty(cty.String)
2024-04-04T08:28:39.215Z [WARN]  Provider "registry.terraform.io/hashicorp/google" produced an unexpected new value for module.billing_budget["gcp-prj-inf-networkspk-prd-1-budget-01"].google_billing_budget.budget during refresh.
      - .budget_filter[0].projects: planned set element cty.StringVal("projects/gcp-prj-inf-networkspk-prd-1") does not correlate with any element in actual
2024-04-04T08:28:39.225Z [WARN]  Provider "registry.terraform.io/hashicorp/google" produced an invalid plan for module.billing_budget["gcp-prj-inf-networkspk-prd-1-budget-01"].google_billing_budget.budget, but we are tolerating it because it is using the legacy plugin SDK.
    The following problems may be the cause of any confusing errors from downstream operations:
      - .amount[0].last_period_amount: planned value cty.False for a non-computed attribute
      - .amount[0].specified_amount[0].nanos: planned value cty.NumberIntVal(0) for a non-computed attribute
      - .budget_filter[0].resource_ancestors: planned value cty.SetValEmpty(cty.String) for a non-computed attribute
      - .budget_filter[0].calendar_period: planned value cty.StringVal("MONTH") for a non-computed attribute
      - .threshold_rules[0].spend_basis: planned value cty.StringVal("CURRENT_SPEND") for a non-computed attribute
      - .threshold_rules[1].spend_basis: planned value cty.StringVal("CURRENT_SPEND") for a non-computed attribute
      - .threshold_rules[2].spend_basis: planned value cty.StringVal("CURRENT_SPEND") for a non-computed attribute
      - .threshold_rules[3].spend_basis: planned value cty.StringVal("CURRENT_SPEND") for a non-computed attribute
      - .all_updates_rule[0].pubsub_topic: planned value cty.StringVal("") for a non-computed attribute
      - .all_updates_rule[0].schema_version: planned value cty.StringVal("1.0") for a non-computed attribute
2024-04-04T08:28:39.373Z [WARN]  Provider "registry.terraform.io/hashicorp/google" produced an invalid plan for module.route["gcp-vpc-prd-hub-shr-1-rt-fgtilb-internet-01"].google_compute_route.route, but we are tolerating it because it is using the legacy plugin SDK.
    The following problems may be the cause of any confusing errors from downstream operations:
      - .next_hop_instance: planned value cty.StringVal("") for a non-computed attribute
      - .next_hop_gateway: planned value cty.StringVal("") for a non-computed attribute
      - .next_hop_vpn_tunnel: planned value cty.StringVal("") for a non-computed attribute
2024-04-04T08:28:39.397Z [WARN]  Provider "registry.terraform.io/hashicorp/google" produced an invalid plan for module.vpc_subnets["gcp-vpc-prd-ha-fw-1"].google_compute_subnetwork.subnetwork["northamerica-northeast2/gcp-vpc-prd-ha-fw-1-yyz-inf-prv-tier-01"], but we are tolerating it because it is using the legacy plugin SDK.
    The following problems may be the cause of any confusing errors from downstream operations:
      - .description: planned value cty.StringVal("") for a non-computed attribute
      - .role: planned value cty.StringVal("") for a non-computed attribute
      - .ipv6_access_type: planned value cty.StringVal("") for a non-computed attribute
      - .log_config[0].metadata_fields: planned value cty.SetValEmpty(cty.String) for a non-computed attribute
2024-04-04T08:28:39.494Z [WARN]  Provider "registry.terraform.io/hashicorp/google" produced an invalid plan for module.vpc_subnets["gcp-vpc-npe-stg-shr-1"].google_compute_subnetwork.subnetwork["northamerica-northeast2/gcp-vpc-npe-stg-shr-1-yyz-digital-prv-tier-01"], but we are tolerating it because it is using the legacy plugin SDK.
    The following problems may be the cause of any confusing errors from downstream operations:
      - .ipv6_access_type: planned value cty.StringVal("") for a non-computed attribute
      - .description: planned value cty.StringVal("") for a non-computed attribute
      - .role: planned value cty.StringVal("") for a non-computed attribute
      - .log_config[0].metadata_fields: planned value cty.SetValEmpty(cty.String) for a non-computed attribute
2024-04-04T08:28:39.495Z [WARN]  Provider "registry.terraform.io/hashicorp/google" produced an invalid plan for module.vpc_subnets["gcp-vpc-npe-dev-shr-1"].google_compute_subnetwork.subnetwork["northamerica-northeast2/gcp-vpc-npe-dev-shr-1-yyz-digital-prv-tier-01"], but we are tolerating it because it is using the legacy plugin SDK.
    The following problems may be the cause of any confusing errors from downstream operations:
      - .description: planned value cty.StringVal("") for a non-computed attribute
      - .role: planned value cty.StringVal("") for a non-computed attribute
      - .ipv6_access_type: planned value cty.StringVal("") for a non-computed attribute
      - .log_config[0].metadata_fields: planned value cty.SetValEmpty(cty.String) for a non-computed attribute
2024-04-04T08:28:39.660Z [WARN]  Provider "registry.terraform.io/hashicorp/google" produced an invalid plan for module.vpc_subnets["gcp-vpc-prd-out-fw-1"].google_compute_subnetwork.subnetwork["northamerica-northeast2/gcp-vpc-prd-out-fw-1-yyz-inf-pub-tier-01"], but we are tolerating it because it is using the legacy plugin SDK.
    The following problems may be the cause of any confusing errors from downstream operations:
      - .ipv6_access_type: planned value cty.StringVal("") for a non-computed attribute
      - .role: planned value cty.StringVal("") for a non-computed attribute
      - .description: planned value cty.StringVal("") for a non-computed attribute
      - .log_config[0].metadata_fields: planned value cty.SetValEmpty(cty.String) for a non-computed attribute
2024-04-04T08:28:39.693Z [WARN]  Provider "registry.terraform.io/hashicorp/google" produced an invalid plan for module.vpc_subnets["gcp-vpc-prd-shr-1"].google_compute_subnetwork.subnetwork["northamerica-northeast2/gcp-vpc-prd-shr-1-yyz-digital-prv-tier-01"], but we are tolerating it because it is using the legacy plugin SDK.
    The following problems may be the cause of any confusing errors from downstream operations:
      - .role: planned value cty.StringVal("") for a non-computed attribute
      - .description: planned value cty.StringVal("") for a non-computed attribute
      - .ipv6_access_type: planned value cty.StringVal("") for a non-computed attribute
      - .log_config[0].metadata_fields: planned value cty.SetValEmpty(cty.String) for a non-computed attribute
2024-04-04T08:28:39.780Z [WARN]  Provider "registry.terraform.io/hashicorp/google" produced an invalid plan for module.vpc_subnets["gcp-vpc-npe-dev-shr-1"].google_compute_subnetwork.subnetwork["northamerica-northeast2/gcp-vpc-npe-dev-shr-1-yyz-digital-prv-tier-02"], but we are tolerating it because it is using the legacy plugin SDK.
    The following problems may be the cause of any confusing errors from downstream operations:
      - .ipv6_access_type: planned value cty.StringVal("") for a non-computed attribute
      - .description: planned value cty.StringVal("") for a non-computed attribute
      - .role: planned value cty.StringVal("") for a non-computed attribute
      - .log_config[0].metadata_fields: planned value cty.SetValEmpty(cty.String) for a non-computed attribute
2024-04-04T08:28:39.785Z [WARN]  Provider "registry.terraform.io/hashicorp/google" produced an invalid plan for module.vpc_subnets["gcp-vpc-npe-qa-shr-1"].google_compute_subnetwork.subnetwork["northamerica-northeast2/gcp-vpc-npe-qa-shr-1-yyz-digital-prv-tier-02"], but we are tolerating it because it is using the legacy plugin SDK.
    The following problems may be the cause of any confusing errors from downstream operations:
      - .description: planned value cty.StringVal("") for a non-computed attribute
      - .role: planned value cty.StringVal("") for a non-computed attribute
      - .ipv6_access_type: planned value cty.StringVal("") for a non-computed attribute
      - .log_config[0].metadata_fields: planned value cty.SetValEmpty(cty.String) for a non-computed attribute
2024-04-04T08:28:39.963Z [WARN]  Provider "registry.terraform.io/hashicorp/google" produced an invalid plan for module.vpc_subnets["gcp-vpc-prd-hub-shr-1"].google_compute_subnetwork.subnetwork["northamerica-northeast2/gcp-vpc-prd-hub-shr-1-yyz-inf-shr-log-prv-tier-01"], but we are tolerating it because it is using the legacy plugin SDK.
    The following problems may be the cause of any confusing errors from downstream operations:
      - .ipv6_access_type: planned value cty.StringVal("") for a non-computed attribute
      - .description: planned value cty.StringVal("") for a non-computed attribute
      - .role: planned value cty.StringVal("") for a non-computed attribute
      - .log_config[0].metadata_fields: planned value cty.SetValEmpty(cty.String) for a non-computed attribute
2024-04-04T08:28:39.980Z [WARN]  Provider "registry.terraform.io/hashicorp/google" produced an invalid plan for module.vpc_subnets["gcp-vpc-prd-hub-shr-1"].google_compute_subnetwork.subnetwork["northamerica-northeast2/gcp-vpc-prd-hub-shr-1-yyz-inf-shr-mon-prv-tier-01"], but we are tolerating it because it is using the legacy plugin SDK.
    The following problems may be the cause of any confusing errors from downstream operations:
      - .ipv6_access_type: planned value cty.StringVal("") for a non-computed attribute
      - .role: planned value cty.StringVal("") for a non-computed attribute
      - .description: planned value cty.StringVal("") for a non-computed attribute
      - .log_config[0].metadata_fields: planned value cty.SetValEmpty(cty.String) for a non-computed attribute
2024-04-04T08:28:40.057Z [WARN]  Provider "registry.terraform.io/hashicorp/google" produced an invalid plan for module.vpc_subnets["gcp-vpc-prd-mgmt-fw-1"].google_compute_subnetwork.subnetwork["northamerica-northeast2/gcp-vpc-prd-mgmt-fw-1-yyz-inf-prv-tier-01"], but we are tolerating it because it is using the legacy plugin SDK.
    The following problems may be the cause of any confusing errors from downstream operations:
      - .ipv6_access_type: planned value cty.StringVal("") for a non-computed attribute
      - .role: planned value cty.StringVal("") for a non-computed attribute
      - .description: planned value cty.StringVal("") for a non-computed attribute
      - .log_config[0].metadata_fields: planned value cty.SetValEmpty(cty.String) for a non-computed attribute
2024-04-04T08:28:40.081Z [WARN]  Provider "registry.terraform.io/hashicorp/google" produced an invalid plan for module.vpc_subnets["gcp-vpc-prd-shr-1"].google_compute_subnetwork.subnetwork["northamerica-northeast2/gcp-vpc-prd-shr-1-yyz-digital-prv-tier-02"], but we are tolerating it because it is using the legacy plugin SDK.
    The following problems may be the cause of any confusing errors from downstream operations:
      - .ipv6_access_type: planned value cty.StringVal("") for a non-computed attribute
      - .description: planned value cty.StringVal("") for a non-computed attribute
      - .role: planned value cty.StringVal("") for a non-computed attribute
      - .log_config[0].metadata_fields: planned value cty.SetValEmpty(cty.String) for a non-computed attribute
2024-04-04T08:28:40.255Z [WARN]  Provider "registry.terraform.io/hashicorp/google" produced an invalid plan for module.vpc_subnets["gcp-vpc-npe-stg-shr-1"].google_compute_subnetwork.subnetwork["northamerica-northeast2/gcp-vpc-npe-stg-shr-1-yyz-digital-prv-tier-02"], but we are tolerating it because it is using the legacy plugin SDK.
    The following problems may be the cause of any confusing errors from downstream operations:
      - .description: planned value cty.StringVal("") for a non-computed attribute
      - .role: planned value cty.StringVal("") for a non-computed attribute
      - .ipv6_access_type: planned value cty.StringVal("") for a non-computed attribute
      - .log_config[0].metadata_fields: planned value cty.SetValEmpty(cty.String) for a non-computed attribute
2024-04-04T08:28:40.268Z [WARN]  Provider "registry.terraform.io/hashicorp/google" produced an invalid plan for module.vpc_subnets["gcp-vpc-npe-qa-shr-1"].google_compute_subnetwork.subnetwork["northamerica-northeast2/gcp-vpc-npe-qa-shr-1-yyz-digital-prv-tier-01"], but we are tolerating it because it is using the legacy plugin SDK.
    The following problems may be the cause of any confusing errors from downstream operations:
      - .ipv6_access_type: planned value cty.StringVal("") for a non-computed attribute
      - .description: planned value cty.StringVal("") for a non-computed attribute
      - .role: planned value cty.StringVal("") for a non-computed attribute
      - .log_config[0].metadata_fields: planned value cty.SetValEmpty(cty.String) for a non-computed attribute
2024-04-04T08:28:40.339Z [WARN]  Provider "registry.terraform.io/hashicorp/google-beta" produced an invalid plan for module.vpc_peering_1_2["gcp-peering-01"].google_compute_network_peering.local_network_peering, but we are tolerating it because it is using the legacy plugin SDK.
    The following problems may be the cause of any confusing errors from downstream operations:
      - .stack_type: planned value cty.StringVal("IPV4_ONLY") for a non-computed attribute
      - .export_subnet_routes_with_public_ip: planned value cty.True for a non-computed attribute
      - .import_subnet_routes_with_public_ip: planned value cty.False for a non-computed attribute
2024-04-04T08:28:40.357Z [WARN]  Provider "registry.terraform.io/hashicorp/google" produced an invalid plan for module.vpc_subnets["gcp-vpc-prd-hub-shr-1"].google_compute_subnetwork.subnetwork["northamerica-northeast2/gcp-vpc-prd-hub-shr-1-yyz-inf-shr-cmn-prv-tier-01"], but we are tolerating it because it is using the legacy plugin SDK.
    The following problems may be the cause of any confusing errors from downstream operations:
      - .ipv6_access_type: planned value cty.StringVal("") for a non-computed attribute
      - .description: planned value cty.StringVal("") for a non-computed attribute
      - .role: planned value cty.StringVal("") for a non-computed attribute
      - .log_config[0].metadata_fields: planned value cty.SetValEmpty(cty.String) for a non-computed attribute
2024-04-04T08:28:40.471Z [WARN]  Provider "registry.terraform.io/hashicorp/google-beta" produced an unexpected new value for module.vpc_peering_1_2["gcp-peering-02"].google_compute_network_peering.local_network_peering during refresh.
      - .state_details: was cty.StringVal("[2024-04-04T01:18:39.701-07:00]: Connected."), but now cty.StringVal("[2024-04-04T01:19:44.696-07:00]: Connected.")
2024-04-04T08:28:40.476Z [WARN]  Provider "registry.terraform.io/hashicorp/google-beta" produced an invalid plan for module.vpc_peering_1_2["gcp-peering-02"].google_compute_network_peering.local_network_peering, but we are tolerating it because it is using the legacy plugin SDK.
    The following problems may be the cause of any confusing errors from downstream operations:
      - .stack_type: planned value cty.StringVal("IPV4_ONLY") for a non-computed attribute
      - .export_subnet_routes_with_public_ip: planned value cty.True for a non-computed attribute
      - .import_subnet_routes_with_public_ip: planned value cty.False for a non-computed attribute
2024-04-04T08:28:40.487Z [WARN]  Provider "registry.terraform.io/hashicorp/google-beta" produced an unexpected new value for module.vpc_peering_1_2["gcp-peering-03"].google_compute_network_peering.local_network_peering during refresh.
      - .state_details: was cty.StringVal("[2024-04-04T01:18:27.383-07:00]: Connected."), but now cty.StringVal("[2024-04-04T01:19:23.503-07:00]: Connected.")
2024-04-04T08:28:40.493Z [WARN]  Provider "registry.terraform.io/hashicorp/google-beta" produced an invalid plan for module.vpc_peering_1_2["gcp-peering-03"].google_compute_network_peering.local_network_peering, but we are tolerating it because it is using the legacy plugin SDK.
    The following problems may be the cause of any confusing errors from downstream operations:
      - .stack_type: planned value cty.StringVal("IPV4_ONLY") for a non-computed attribute
      - .export_subnet_routes_with_public_ip: planned value cty.True for a non-computed attribute
      - .import_subnet_routes_with_public_ip: planned value cty.False for a non-computed attribute
2024-04-04T08:28:40.516Z [WARN]  Provider "registry.terraform.io/hashicorp/google-beta" produced an unexpected new value for module.vpc_peering_1_2["gcp-peering-04"].google_compute_network_peering.local_network_peering during refresh.
      - .state_details: was cty.StringVal("[2024-04-04T01:18:50.021-07:00]: Connected."), but now cty.StringVal("[2024-04-04T01:19:02.470-07:00]: Connected.")
2024-04-04T08:28:40.522Z [WARN]  Provider "registry.terraform.io/hashicorp/google-beta" produced an invalid plan for module.vpc_peering_1_2["gcp-peering-04"].google_compute_network_peering.local_network_peering, but we are tolerating it because it is using the legacy plugin SDK.
    The following problems may be the cause of any confusing errors from downstream operations:
      - .export_subnet_routes_with_public_ip: planned value cty.True for a non-computed attribute
      - .import_subnet_routes_with_public_ip: planned value cty.False for a non-computed attribute
      - .stack_type: planned value cty.StringVal("IPV4_ONLY") for a non-computed attribute
2024-04-04T08:28:40.603Z [WARN]  Provider "registry.terraform.io/hashicorp/google" produced an invalid plan for module.vpc_firewall_rule["gcp-vpc-prd-shr-1"].google_compute_firewall.rules["fw-prd-ingress-allow-icmp-01"], but we are tolerating it because it is using the legacy plugin SDK.
    The following problems may be the cause of any confusing errors from downstream operations:
      - .target_service_accounts: planned value cty.SetValEmpty(cty.String) for a non-computed attribute
      - .source_service_accounts: planned value cty.SetValEmpty(cty.String) for a non-computed attribute
      - .disabled: planned value cty.False for a non-computed attribute
2024-04-04T08:28:40.637Z [WARN]  Provider "registry.terraform.io/hashicorp/google" produced an invalid plan for module.vpc_firewall_rule["gcp-vpc-prd-hub-shr-1"].google_compute_firewall.rules["fw-hub-ingress-allow-22-3389-tcp-01"], but we are tolerating it because it is using the legacy plugin SDK.
    The following problems may be the cause of any confusing errors from downstream operations:
      - .disabled: planned value cty.False for a non-computed attribute
      - .target_service_accounts: planned value cty.SetValEmpty(cty.String) for a non-computed attribute
      - .source_service_accounts: planned value cty.SetValEmpty(cty.String) for a non-computed attribute
2024-04-04T08:28:40.666Z [WARN]  Provider "registry.terraform.io/hashicorp/google" produced an invalid plan for module.vpc_firewall_rule["gcp-vpc-prd-mgmt-fw-1"].google_compute_firewall.rules["fw-mgmt-ingress-allow-icmp-01"], but we are tolerating it because it is using the legacy plugin SDK.
    The following problems may be the cause of any confusing errors from downstream operations:
      - .disabled: planned value cty.False for a non-computed attribute
      - .target_service_accounts: planned value cty.SetValEmpty(cty.String) for a non-computed attribute
      - .source_service_accounts: planned value cty.SetValEmpty(cty.String) for a non-computed attribute
2024-04-04T08:28:40.728Z [WARN]  Provider "registry.terraform.io/hashicorp/google" produced an invalid plan for module.vpc_firewall_rule["gcp-vpc-prd-out-fw-1"].google_compute_firewall.rules["fw-out-ingress-allow-fgt-01"], but we are tolerating it because it is using the legacy plugin SDK.
    The following problems may be the cause of any confusing errors from downstream operations:
      - .disabled: planned value cty.False for a non-computed attribute
      - .target_service_accounts: planned value cty.SetValEmpty(cty.String) for a non-computed attribute
      - .source_service_accounts: planned value cty.SetValEmpty(cty.String) for a non-computed attribute
2024-04-04T08:28:40.816Z [WARN]  Provider "registry.terraform.io/hashicorp/google" produced an invalid plan for module.vpc_firewall_rule["gcp-vpc-prd-hub-shr-1"].google_compute_firewall.rules["fw-hub-ingress-allow-80-443-8080-tcp-01"], but we are tolerating it because it is using the legacy plugin SDK.
    The following problems may be the cause of any confusing errors from downstream operations:
      - .source_service_accounts: planned value cty.SetValEmpty(cty.String) for a non-computed attribute
      - .disabled: planned value cty.False for a non-computed attribute
      - .target_service_accounts: planned value cty.SetValEmpty(cty.String) for a non-computed attribute
2024-04-04T08:28:40.832Z [WARN]  Provider "registry.terraform.io/hashicorp/google" produced an invalid plan for module.vpc_firewall_rule["gcp-vpc-npe-stg-shr-1"].google_compute_firewall.rules["fw-stg-ingress-allow-80-443-8080-tcp-01"], but we are tolerating it because it is using the legacy plugin SDK.
    The following problems may be the cause of any confusing errors from downstream operations:
      - .disabled: planned value cty.False for a non-computed attribute
      - .target_service_accounts: planned value cty.SetValEmpty(cty.String) for a non-computed attribute
      - .source_service_accounts: planned value cty.SetValEmpty(cty.String) for a non-computed attribute
2024-04-04T08:28:40.845Z [WARN]  Provider "registry.terraform.io/hashicorp/google" produced an invalid plan for module.vpc_firewall_rule["gcp-vpc-prd-out-fw-1"].google_compute_firewall.rules["fw-out-ingress-allow-icmp-01"], but we are tolerating it because it is using the legacy plugin SDK.
    The following problems may be the cause of any confusing errors from downstream operations:
      - .target_service_accounts: planned value cty.SetValEmpty(cty.String) for a non-computed attribute
      - .source_service_accounts: planned value cty.SetValEmpty(cty.String) for a non-computed attribute
      - .disabled: planned value cty.False for a non-computed attribute
2024-04-04T08:28:40.876Z [WARN]  Provider "registry.terraform.io/hashicorp/google" produced an invalid plan for module.vpc_firewall_rule["gcp-vpc-npe-stg-shr-1"].google_compute_firewall.rules["fw-stg-ingress-allow-icmp-01"], but we are tolerating it because it is using the legacy plugin SDK.
    The following problems may be the cause of any confusing errors from downstream operations:
      - .disabled: planned value cty.False for a non-computed attribute
      - .target_service_accounts: planned value cty.SetValEmpty(cty.String) for a non-computed attribute
      - .source_service_accounts: planned value cty.SetValEmpty(cty.String) for a non-computed attribute
2024-04-04T08:28:40.955Z [WARN]  Provider "registry.terraform.io/hashicorp/google" produced an invalid plan for module.vpc_firewall_rule["gcp-vpc-prd-ha-fw-1"].google_compute_firewall.rules["fw-ha-ingress-allow-fgt-01"], but we are tolerating it because it is using the legacy plugin SDK.
    The following problems may be the cause of any confusing errors from downstream operations:
      - .disabled: planned value cty.False for a non-computed attribute
      - .target_service_accounts: planned value cty.SetValEmpty(cty.String) for a non-computed attribute
      - .source_service_accounts: planned value cty.SetValEmpty(cty.String) for a non-computed attribute
2024-04-04T08:28:41.028Z [WARN]  Provider "registry.terraform.io/hashicorp/google" produced an invalid plan for module.vpc_firewall_rule["gcp-vpc-prd-shr-1"].google_compute_firewall.rules["fw-prd-ingress-allow-80-443-8080-tcp-01"], but we are tolerating it because it is using the legacy plugin SDK.
    The following problems may be the cause of any confusing errors from downstream operations:
      - .source_service_accounts: planned value cty.SetValEmpty(cty.String) for a non-computed attribute
      - .disabled: planned value cty.False for a non-computed attribute
      - .target_service_accounts: planned value cty.SetValEmpty(cty.String) for a non-computed attribute
2024-04-04T08:28:41.045Z [WARN]  Provider "registry.terraform.io/hashicorp/google" produced an invalid plan for module.vpc_firewall_rule["gcp-vpc-prd-ha-fw-1"].google_compute_firewall.rules["fw-ha-ingress-allow-80-443-8080-tcp-01"], but we are tolerating it because it is using the legacy plugin SDK.
    The following problems may be the cause of any confusing errors from downstream operations:
      - .target_service_accounts: planned value cty.SetValEmpty(cty.String) for a non-computed attribute
      - .source_service_accounts: planned value cty.SetValEmpty(cty.String) for a non-computed attribute
      - .disabled: planned value cty.False for a non-computed attribute
2024-04-04T08:28:41.055Z [WARN]  Provider "registry.terraform.io/hashicorp/google" produced an invalid plan for module.vpc_firewall_rule["gcp-vpc-prd-ha-fw-1"].google_compute_firewall.rules["fw-ha-ingress-allow-icmp-01"], but we are tolerating it because it is using the legacy plugin SDK.
    The following problems may be the cause of any confusing errors from downstream operations:
      - .disabled: planned value cty.False for a non-computed attribute
      - .target_service_accounts: planned value cty.SetValEmpty(cty.String) for a non-computed attribute
      - .source_service_accounts: planned value cty.SetValEmpty(cty.String) for a non-computed attribute
2024-04-04T08:28:41.183Z [WARN]  Provider "registry.terraform.io/hashicorp/google" produced an invalid plan for module.vpc_firewall_rule["gcp-vpc-npe-dev-shr-1"].google_compute_firewall.rules["fw-dev-ingress-allow-22-3389-tcp-01"], but we are tolerating it because it is using the legacy plugin SDK.
    The following problems may be the cause of any confusing errors from downstream operations:
      - .target_service_accounts: planned value cty.SetValEmpty(cty.String) for a non-computed attribute
      - .source_service_accounts: planned value cty.SetValEmpty(cty.String) for a non-computed attribute
      - .disabled: planned value cty.False for a non-computed attribute
2024-04-04T08:28:41.204Z [WARN]  Provider "registry.terraform.io/hashicorp/google" produced an invalid plan for module.vpc_firewall_rule["gcp-vpc-npe-dev-shr-1"].google_compute_firewall.rules["fw-dev-ingress-allow-80-443-8080-tcp-01"], but we are tolerating it because it is using the legacy plugin SDK.
    The following problems may be the cause of any confusing errors from downstream operations:
      - .disabled: planned value cty.False for a non-computed attribute
      - .target_service_accounts: planned value cty.SetValEmpty(cty.String) for a non-computed attribute
      - .source_service_accounts: planned value cty.SetValEmpty(cty.String) for a non-computed attribute
2024-04-04T08:28:41.237Z [WARN]  Provider "registry.terraform.io/hashicorp/google" produced an invalid plan for module.vpc_firewall_rule["gcp-vpc-prd-mgmt-fw-1"].google_compute_firewall.rules["fw-mgmt-ingress-allow-22-3389-tcp-01"], but we are tolerating it because it is using the legacy plugin SDK.
    The following problems may be the cause of any confusing errors from downstream operations:
      - .source_service_accounts: planned value cty.SetValEmpty(cty.String) for a non-computed attribute
      - .disabled: planned value cty.False for a non-computed attribute
      - .target_service_accounts: planned value cty.SetValEmpty(cty.String) for a non-computed attribute
2024-04-04T08:28:41.239Z [WARN]  Provider "registry.terraform.io/hashicorp/google" produced an invalid plan for module.vpc_firewall_rule["gcp-vpc-npe-dev-shr-1"].google_compute_firewall.rules["fw-dev-ingress-allow-icmp-01"], but we are tolerating it because it is using the legacy plugin SDK.
    The following problems may be the cause of any confusing errors from downstream operations:
      - .target_service_accounts: planned value cty.SetValEmpty(cty.String) for a non-computed attribute
      - .source_service_accounts: planned value cty.SetValEmpty(cty.String) for a non-computed attribute
      - .disabled: planned value cty.False for a non-computed attribute
2024-04-04T08:28:41.367Z [WARN]  Provider "registry.terraform.io/hashicorp/google" produced an invalid plan for module.vpc_firewall_rule["gcp-vpc-prd-shr-1"].google_compute_firewall.rules["fw-prd-ingress-allow-22-3389-tcp-01"], but we are tolerating it because it is using the legacy plugin SDK.
    The following problems may be the cause of any confusing errors from downstream operations:
      - .target_service_accounts: planned value cty.SetValEmpty(cty.String) for a non-computed attribute
      - .source_service_accounts: planned value cty.SetValEmpty(cty.String) for a non-computed attribute
      - .disabled: planned value cty.False for a non-computed attribute
2024-04-04T08:28:41.393Z [WARN]  Provider "registry.terraform.io/hashicorp/google" produced an invalid plan for module.vpc_firewall_rule["gcp-vpc-npe-qa-shr-1"].google_compute_firewall.rules["fw-qa-ingress-allow-80-443-8080-tcp-01"], but we are tolerating it because it is using the legacy plugin SDK.
    The following problems may be the cause of any confusing errors from downstream operations:
      - .disabled: planned value cty.False for a non-computed attribute
      - .target_service_accounts: planned value cty.SetValEmpty(cty.String) for a non-computed attribute
      - .source_service_accounts: planned value cty.SetValEmpty(cty.String) for a non-computed attribute
2024-04-04T08:28:41.412Z [WARN]  Provider "registry.terraform.io/hashicorp/google" produced an invalid plan for module.vpc_firewall_rule["gcp-vpc-prd-mgmt-fw-1"].google_compute_firewall.rules["fw-mgmt-ingress-allow-80-443-8080-tcp-01"], but we are tolerating it because it is using the legacy plugin SDK.
    The following problems may be the cause of any confusing errors from downstream operations:
      - .target_service_accounts: planned value cty.SetValEmpty(cty.String) for a non-computed attribute
      - .source_service_accounts: planned value cty.SetValEmpty(cty.String) for a non-computed attribute
      - .disabled: planned value cty.False for a non-computed attribute
2024-04-04T08:28:41.449Z [WARN]  Provider "registry.terraform.io/hashicorp/google" produced an invalid plan for module.vpc_firewall_rule["gcp-vpc-prd-hub-shr-1"].google_compute_firewall.rules["fw-hub-ingress-allow-fgt-01"], but we are tolerating it because it is using the legacy plugin SDK.
    The following problems may be the cause of any confusing errors from downstream operations:
      - .disabled: planned value cty.False for a non-computed attribute
      - .target_service_accounts: planned value cty.SetValEmpty(cty.String) for a non-computed attribute
      - .source_service_accounts: planned value cty.SetValEmpty(cty.String) for a non-computed attribute
2024-04-04T08:28:41.549Z [WARN]  Provider "registry.terraform.io/hashicorp/google" produced an invalid plan for module.vpc_firewall_rule["gcp-vpc-prd-hub-shr-1"].google_compute_firewall.rules["fw-hub-ingress-allow-icmp-01"], but we are tolerating it because it is using the legacy plugin SDK.
    The following problems may be the cause of any confusing errors from downstream operations:
      - .target_service_accounts: planned value cty.SetValEmpty(cty.String) for a non-computed attribute
      - .source_service_accounts: planned value cty.SetValEmpty(cty.String) for a non-computed attribute
      - .disabled: planned value cty.False for a non-computed attribute
2024-04-04T08:28:41.572Z [WARN]  Provider "registry.terraform.io/hashicorp/google" produced an invalid plan for module.vpc_firewall_rule["gcp-vpc-npe-qa-shr-1"].google_compute_firewall.rules["fw-qa-ingress-allow-22-3389-tcp-01"], but we are tolerating it because it is using the legacy plugin SDK.
    The following problems may be the cause of any confusing errors from downstream operations:
      - .target_service_accounts: planned value cty.SetValEmpty(cty.String) for a non-computed attribute
      - .source_service_accounts: planned value cty.SetValEmpty(cty.String) for a non-computed attribute
      - .disabled: planned value cty.False for a non-computed attribute
2024-04-04T08:28:41.595Z [WARN]  Provider "registry.terraform.io/hashicorp/google" produced an invalid plan for module.vpc_firewall_rule["gcp-vpc-prd-ha-fw-1"].google_compute_firewall.rules["fw-ha-ingress-allow-22-3389-tcp-01"], but we are tolerating it because it is using the legacy plugin SDK.
    The following problems may be the cause of any confusing errors from downstream operations:
      - .target_service_accounts: planned value cty.SetValEmpty(cty.String) for a non-computed attribute
      - .source_service_accounts: planned value cty.SetValEmpty(cty.String) for a non-computed attribute
      - .disabled: planned value cty.False for a non-computed attribute
2024-04-04T08:28:41.678Z [WARN]  Provider "registry.terraform.io/hashicorp/google" produced an invalid plan for module.vpc_firewall_rule["gcp-vpc-prd-out-fw-1"].google_compute_firewall.rules["fw-out-ingress-allow-80-443-8080-tcp-01"], but we are tolerating it because it is using the legacy plugin SDK.
    The following problems may be the cause of any confusing errors from downstream operations:
      - .disabled: planned value cty.False for a non-computed attribute
      - .target_service_accounts: planned value cty.SetValEmpty(cty.String) for a non-computed attribute
      - .source_service_accounts: planned value cty.SetValEmpty(cty.String) for a non-computed attribute
2024-04-04T08:28:41.723Z [WARN]  Provider "registry.terraform.io/hashicorp/google" produced an invalid plan for module.vpc_firewall_rule["gcp-vpc-npe-stg-shr-1"].google_compute_firewall.rules["fw-stg-ingress-allow-22-3389-tcp-01"], but we are tolerating it because it is using the legacy plugin SDK.
    The following problems may be the cause of any confusing errors from downstream operations:
      - .disabled: planned value cty.False for a non-computed attribute
      - .target_service_accounts: planned value cty.SetValEmpty(cty.String) for a non-computed attribute
      - .source_service_accounts: planned value cty.SetValEmpty(cty.String) for a non-computed attribute
2024-04-04T08:28:41.749Z [WARN]  Provider "registry.terraform.io/hashicorp/google" produced an invalid plan for module.vpc_firewall_rule["gcp-vpc-npe-qa-shr-1"].google_compute_firewall.rules["fw-qa-ingress-allow-icmp-01"], but we are tolerating it because it is using the legacy plugin SDK.
    The following problems may be the cause of any confusing errors from downstream operations:
      - .target_service_accounts: planned value cty.SetValEmpty(cty.String) for a non-computed attribute
      - .source_service_accounts: planned value cty.SetValEmpty(cty.String) for a non-computed attribute
      - .disabled: planned value cty.False for a non-computed attribute
2024-04-04T08:28:41.755Z [WARN]  Provider "registry.terraform.io/hashicorp/google" produced an invalid plan for module.vpc_firewall_rule["gcp-vpc-prd-mgmt-fw-1"].google_compute_firewall.rules["fw-mgmt-ingress-allow-fgt-01"], but we are tolerating it because it is using the legacy plugin SDK.
    The following problems may be the cause of any confusing errors from downstream operations:
      - .target_service_accounts: planned value cty.SetValEmpty(cty.String) for a non-computed attribute
      - .source_service_accounts: planned value cty.SetValEmpty(cty.String) for a non-computed attribute
      - .disabled: planned value cty.False for a non-computed attribute
2024-04-04T08:28:41.856Z [WARN]  Provider "registry.terraform.io/hashicorp/google" produced an invalid plan for module.vpc_firewall_rule["gcp-vpc-prd-out-fw-1"].google_compute_firewall.rules["fw-out-ingress-allow-22-3389-tcp-01"], but we are tolerating it because it is using the legacy plugin SDK.
    The following problems may be the cause of any confusing errors from downstream operations:
      - .disabled: planned value cty.False for a non-computed attribute
      - .target_service_accounts: planned value cty.SetValEmpty(cty.String) for a non-computed attribute
      - .source_service_accounts: planned value cty.SetValEmpty(cty.String) for a non-computed attribute
2024-04-04T08:28:41.894Z [WARN]  Provider "registry.terraform.io/hashicorp/google-beta" produced an invalid plan for module.vpc_peering_1_2["gcp-peering-03"].google_compute_network_peering.peer_network_peering, but we are tolerating it because it is using the legacy plugin SDK.
    The following problems may be the cause of any confusing errors from downstream operations:
      - .stack_type: planned value cty.StringVal("IPV4_ONLY") for a non-computed attribute
      - .export_subnet_routes_with_public_ip: planned value cty.True for a non-computed attribute
      - .import_subnet_routes_with_public_ip: planned value cty.False for a non-computed attribute
2024-04-04T08:28:41.959Z [WARN]  Provider "registry.terraform.io/hashicorp/google-beta" produced an invalid plan for module.vpc_peering_1_2["gcp-peering-02"].google_compute_network_peering.peer_network_peering, but we are tolerating it because it is using the legacy plugin SDK.
    The following problems may be the cause of any confusing errors from downstream operations:
      - .export_subnet_routes_with_public_ip: planned value cty.True for a non-computed attribute
      - .import_subnet_routes_with_public_ip: planned value cty.False for a non-computed attribute
      - .stack_type: planned value cty.StringVal("IPV4_ONLY") for a non-computed attribute
2024-04-04T08:28:42.038Z [WARN]  Provider "registry.terraform.io/hashicorp/google-beta" produced an invalid plan for module.vpc_peering_1_2["gcp-peering-04"].google_compute_network_peering.peer_network_peering, but we are tolerating it because it is using the legacy plugin SDK.
    The following problems may be the cause of any confusing errors from downstream operations:
      - .stack_type: planned value cty.StringVal("IPV4_ONLY") for a non-computed attribute
      - .export_subnet_routes_with_public_ip: planned value cty.True for a non-computed attribute
      - .import_subnet_routes_with_public_ip: planned value cty.False for a non-computed attribute
2024-04-04T08:28:42.046Z [WARN]  Provider "registry.terraform.io/hashicorp/google-beta" produced an invalid plan for module.vpc_peering_1_2["gcp-peering-01"].google_compute_network_peering.peer_network_peering, but we are tolerating it because it is using the legacy plugin SDK.
    The following problems may be the cause of any confusing errors from downstream operations:
      - .import_subnet_routes_with_public_ip: planned value cty.False for a non-computed attribute
      - .stack_type: planned value cty.StringVal("IPV4_ONLY") for a non-computed attribute
      - .export_subnet_routes_with_public_ip: planned value cty.True for a non-computed attribute
2024-04-04T08:28:42.226Z [WARN]  Provider "registry.terraform.io/hashicorp/google-beta" produced an invalid plan for module.vpc_peering_2_1["gcp-peering-03"].google_compute_network_peering.local_network_peering, but we are tolerating it because it is using the legacy plugin SDK.
    The following problems may be the cause of any confusing errors from downstream operations:
      - .export_subnet_routes_with_public_ip: planned value cty.True for a non-computed attribute
      - .import_subnet_routes_with_public_ip: planned value cty.False for a non-computed attribute
      - .stack_type: planned value cty.StringVal("IPV4_ONLY") for a non-computed attribute
2024-04-04T08:28:42.243Z [WARN]  Provider "registry.terraform.io/hashicorp/google-beta" produced an invalid plan for module.vpc_peering_2_1["gcp-peering-04"].google_compute_network_peering.local_network_peering, but we are tolerating it because it is using the legacy plugin SDK.
    The following problems may be the cause of any confusing errors from downstream operations:
      - .export_subnet_routes_with_public_ip: planned value cty.True for a non-computed attribute
      - .import_subnet_routes_with_public_ip: planned value cty.False for a non-computed attribute
      - .stack_type: planned value cty.StringVal("IPV4_ONLY") for a non-computed attribute
2024-04-04T08:28:42.275Z [WARN]  Provider "registry.terraform.io/hashicorp/google-beta" produced an invalid plan for module.vpc_peering_2_1["gcp-peering-02"].google_compute_network_peering.local_network_peering, but we are tolerating it because it is using the legacy plugin SDK.
    The following problems may be the cause of any confusing errors from downstream operations:
      - .export_subnet_routes_with_public_ip: planned value cty.True for a non-computed attribute
      - .import_subnet_routes_with_public_ip: planned value cty.False for a non-computed attribute
      - .stack_type: planned value cty.StringVal("IPV4_ONLY") for a non-computed attribute
2024-04-04T08:28:42.293Z [WARN]  Provider "registry.terraform.io/hashicorp/google-beta" produced an invalid plan for module.vpc_peering_2_1["gcp-peering-01"].google_compute_network_peering.local_network_peering, but we are tolerating it because it is using the legacy plugin SDK.
    The following problems may be the cause of any confusing errors from downstream operations:
      - .export_subnet_routes_with_public_ip: planned value cty.True for a non-computed attribute
      - .import_subnet_routes_with_public_ip: planned value cty.False for a non-computed attribute
      - .stack_type: planned value cty.StringVal("IPV4_ONLY") for a non-computed attribute
2024-04-04T08:28:42.455Z [WARN]  Provider "registry.terraform.io/hashicorp/google-beta" produced an invalid plan for module.vpc_peering_2_1["gcp-peering-04"].google_compute_network_peering.peer_network_peering, but we are tolerating it because it is using the legacy plugin SDK.
    The following problems may be the cause of any confusing errors from downstream operations:
      - .stack_type: planned value cty.StringVal("IPV4_ONLY") for a non-computed attribute
      - .export_subnet_routes_with_public_ip: planned value cty.True for a non-computed attribute
      - .import_subnet_routes_with_public_ip: planned value cty.False for a non-computed attribute
2024-04-04T08:28:42.503Z [WARN]  Provider "registry.terraform.io/hashicorp/google-beta" produced an invalid plan for module.vpc_peering_2_1["gcp-peering-01"].google_compute_network_peering.peer_network_peering, but we are tolerating it because it is using the legacy plugin SDK.
    The following problems may be the cause of any confusing errors from downstream operations:
      - .export_subnet_routes_with_public_ip: planned value cty.True for a non-computed attribute
      - .import_subnet_routes_with_public_ip: planned value cty.False for a non-computed attribute
      - .stack_type: planned value cty.StringVal("IPV4_ONLY") for a non-computed attribute
2024-04-04T08:28:42.522Z [WARN]  Provider "registry.terraform.io/hashicorp/google-beta" produced an invalid plan for module.vpc_peering_2_1["gcp-peering-02"].google_compute_network_peering.peer_network_peering, but we are tolerating it because it is using the legacy plugin SDK.
    The following problems may be the cause of any confusing errors from downstream operations:
      - .stack_type: planned value cty.StringVal("IPV4_ONLY") for a non-computed attribute
      - .export_subnet_routes_with_public_ip: planned value cty.True for a non-computed attribute
      - .import_subnet_routes_with_public_ip: planned value cty.False for a non-computed attribute
2024-04-04T08:28:42.531Z [WARN]  Provider "registry.terraform.io/hashicorp/google-beta" produced an invalid plan for module.vpc_peering_2_1["gcp-peering-03"].google_compute_network_peering.peer_network_peering, but we are tolerating it because it is using the legacy plugin SDK.
    The following problems may be the cause of any confusing errors from downstream operations:
      - .stack_type: planned value cty.StringVal("IPV4_ONLY") for a non-computed attribute
      - .export_subnet_routes_with_public_ip: planned value cty.True for a non-computed attribute
      - .import_subnet_routes_with_public_ip: planned value cty.False for a non-computed attribute
2024-04-04T08:28:42.662Z [INFO]  backend/local: plan operation completed
2024-04-04T08:28:42.663Z [INFO]  backend/local: writing plan output to: ../plan-file/network-tf-plan.json
2024-04-04T08:29:02.660Z [INFO]  Terraform version: 1.7.5
2024-04-04T08:29:02.660Z [INFO]  Go runtime version: go1.21.8
2024-04-04T08:29:02.660Z [INFO]  CLI args: []string{"terraform", "apply", "../plan-file/network-tf-plan.json"}
2024-04-04T08:29:02.661Z [INFO]  CLI command args: []string{"apply", "../plan-file/network-tf-plan.json"}
2024-04-04T08:29:03.597Z [INFO]  backend/local: starting Apply operation
2024-04-04T08:29:04.292Z [INFO]  provider: configuring client automatic mTLS
2024-04-04T08:29:04.377Z [INFO]  provider.terraform-provider-google_v5.19.0_x5: configuring server automatic mTLS: timestamp=2024-04-04T08:29:04.377Z
2024-04-04T08:29:04.760Z [INFO]  provider: configuring client automatic mTLS
2024-04-04T08:29:04.851Z [INFO]  provider.terraform-provider-google-beta_v5.19.0_x5: configuring server automatic mTLS: timestamp=2024-04-04T08:29:04.850Z
2024-04-04T08:29:05.279Z [INFO]  provider: configuring client automatic mTLS
2024-04-04T08:29:05.295Z [INFO]  provider.terraform-provider-null_v3.2.2_x5: configuring server automatic mTLS: timestamp=2024-04-04T08:29:05.295Z
2024-04-04T08:29:05.346Z [INFO]  backend/local: apply calling Apply
2024-04-04T08:29:05.383Z [INFO]  provider: configuring client automatic mTLS
2024-04-04T08:29:05.401Z [INFO]  provider.terraform-provider-null_v3.2.2_x5: configuring server automatic mTLS: timestamp=2024-04-04T08:29:05.401Z
2024-04-04T08:29:05.449Z [INFO]  provider: configuring client automatic mTLS
2024-04-04T08:29:05.527Z [INFO]  provider.terraform-provider-google-beta_v5.19.0_x5: configuring server automatic mTLS: timestamp=2024-04-04T08:29:05.527Z
2024-04-04T08:29:05.576Z [INFO]  provider: configuring client automatic mTLS
2024-04-04T08:29:05.727Z [INFO]  provider.terraform-provider-google_v5.19.0_x5: configuring server automatic mTLS: timestamp=2024-04-04T08:29:05.727Z
2024-04-04T08:29:05.792Z [INFO]  provider.terraform-provider-google-beta_v5.19.0_x5: Authenticating using configured Google JSON 'access_token'...: @module=google_beta tf_provider_addr=registry.terraform.io/hashicorp/google-beta tf_rpc=ConfigureProvider @caller=github.com/hashicorp/terraform-provider-google-beta/google-beta/fwtransport/framework_config.go:1840 tf_req_id=9ae88745-7960-93ed-fb9c-0d7bdfc3d068 tf_mux_provider="*proto5server.Server" timestamp=2024-04-04T08:29:05.785Z
2024-04-04T08:29:05.794Z [INFO]  provider.terraform-provider-google-beta_v5.19.0_x5:   -- Scopes: [https://www.googleapis.com/auth/cloud-platform https://www.googleapis.com/auth/userinfo.email]: @module=google_beta tf_provider_addr=registry.terraform.io/hashicorp/google-beta tf_rpc=ConfigureProvider @caller=github.com/hashicorp/terraform-provider-google-beta/google-beta/fwtransport/framework_config.go:1841 tf_mux_provider="*proto5server.Server" tf_req_id=9ae88745-7960-93ed-fb9c-0d7bdfc3d068 timestamp=2024-04-04T08:29:05.786Z
2024-04-04T08:29:05.794Z [INFO]  provider.terraform-provider-google-beta_v5.19.0_x5: Authenticating using configured Google JSON 'access_token'...: tf_req_id=9ae88745-7960-93ed-fb9c-0d7bdfc3d068 tf_rpc=ConfigureProvider tf_mux_provider="*proto5server.Server" tf_provider_addr=registry.terraform.io/hashicorp/google-beta @caller=github.com/hashicorp/terraform-provider-google-beta/google-beta/fwtransport/framework_config.go:1840 @module=google_beta timestamp=2024-04-04T08:29:05.786Z
2024-04-04T08:29:05.794Z [INFO]  provider.terraform-provider-google-beta_v5.19.0_x5:   -- Scopes: [https://www.googleapis.com/auth/cloud-platform https://www.googleapis.com/auth/userinfo.email]: @module=google_beta tf_req_id=9ae88745-7960-93ed-fb9c-0d7bdfc3d068 tf_mux_provider="*proto5server.Server" tf_provider_addr=registry.terraform.io/hashicorp/google-beta tf_rpc=ConfigureProvider @caller=github.com/hashicorp/terraform-provider-google-beta/google-beta/fwtransport/framework_config.go:1841 timestamp=2024-04-04T08:29:05.786Z
2024-04-04T08:29:05.895Z [INFO]  provider.terraform-provider-google-beta_v5.19.0_x5: Terraform is using this identity: svc-cloudautomation@gcp-prj-inf-automation-prd-01.iam.gserviceaccount.com: tf_rpc=ConfigureProvider @caller=github.com/hashicorp/terraform-provider-google-beta/google-beta/fwtransport/framework_config.go:1760 tf_provider_addr=registry.terraform.io/hashicorp/google-beta tf_req_id=9ae88745-7960-93ed-fb9c-0d7bdfc3d068 @module=google_beta tf_mux_provider="*proto5server.Server" timestamp=2024-04-04T08:29:05.895Z
2024-04-04T08:29:05.902Z [INFO]  provider.terraform-provider-google_v5.19.0_x5: Authenticating using configured Google JSON 'access_token'...: tf_mux_provider="*proto5server.Server" tf_provider_addr=registry.terraform.io/hashicorp/google tf_rpc=ConfigureProvider @caller=github.com/hashicorp/terraform-provider-google/google/fwtransport/framework_config.go:1701 @module=google tf_req_id=92a71437-f31c-ddc5-a582-c313835e3790 timestamp=2024-04-04T08:29:05.902Z
2024-04-04T08:29:05.902Z [INFO]  provider.terraform-provider-google_v5.19.0_x5:   -- Scopes: [https://www.googleapis.com/auth/cloud-platform https://www.googleapis.com/auth/userinfo.email]: tf_provider_addr=registry.terraform.io/hashicorp/google tf_rpc=ConfigureProvider @module=google tf_mux_provider="*proto5server.Server" tf_req_id=92a71437-f31c-ddc5-a582-c313835e3790 @caller=github.com/hashicorp/terraform-provider-google/google/fwtransport/framework_config.go:1702 timestamp=2024-04-04T08:29:05.902Z
2024-04-04T08:29:05.902Z [INFO]  provider.terraform-provider-google_v5.19.0_x5: Authenticating using configured Google JSON 'access_token'...: tf_mux_provider="*proto5server.Server" tf_provider_addr=registry.terraform.io/hashicorp/google tf_rpc=ConfigureProvider @caller=github.com/hashicorp/terraform-provider-google/google/fwtransport/framework_config.go:1701 tf_req_id=92a71437-f31c-ddc5-a582-c313835e3790 @module=google timestamp=2024-04-04T08:29:05.902Z
2024-04-04T08:29:05.902Z [INFO]  provider.terraform-provider-google_v5.19.0_x5:   -- Scopes: [https://www.googleapis.com/auth/cloud-platform https://www.googleapis.com/auth/userinfo.email]: @module=google tf_mux_provider="*proto5server.Server" tf_provider_addr=registry.terraform.io/hashicorp/google tf_rpc=ConfigureProvider @caller=github.com/hashicorp/terraform-provider-google/google/fwtransport/framework_config.go:1702 tf_req_id=92a71437-f31c-ddc5-a582-c313835e3790 timestamp=2024-04-04T08:29:05.902Z
2024-04-04T08:29:05.957Z [INFO]  provider.terraform-provider-google_v5.19.0_x5: Terraform is using this identity: svc-cloudautomation@gcp-prj-inf-automation-prd-01.iam.gserviceaccount.com: @caller=github.com/hashicorp/terraform-provider-google/google/fwtransport/framework_config.go:1621 tf_rpc=ConfigureProvider tf_provider_addr=registry.terraform.io/hashicorp/google tf_req_id=92a71437-f31c-ddc5-a582-c313835e3790 @module=google tf_mux_provider="*proto5server.Server" timestamp=2024-04-04T08:29:05.957Z
2024-04-04T08:29:06.134Z [WARN]  Provider "registry.terraform.io/hashicorp/google" produced an invalid plan for module.route["gcp-vpc-prd-out-fw-1-rt-cnat-internet-01"].google_compute_route.route, but we are tolerating it because it is using the legacy plugin SDK.
    The following problems may be the cause of any confusing errors from downstream operations:
      - .tags: planned value cty.NullVal(cty.Set(cty.String)) does not match config value cty.SetValEmpty(cty.String)
2024-04-04T08:29:06.135Z [INFO]  Starting apply for module.route["gcp-vpc-prd-out-fw-1-rt-cnat-internet-01"].google_compute_route.route
2024-04-04T08:29:06.194Z [WARN]  Provider "registry.terraform.io/hashicorp/google" produced an invalid plan for module.billing_budget["gcp-prj-inf-networkhub-prd-1-budget-01"].google_billing_budget.budget, but we are tolerating it because it is using the legacy plugin SDK.
    The following problems may be the cause of any confusing errors from downstream operations:
      - .all_updates_rule[0].pubsub_topic: planned value cty.StringVal("") for a non-computed attribute
      - .all_updates_rule[0].schema_version: planned value cty.StringVal("1.0") for a non-computed attribute
      - .amount[0].last_period_amount: planned value cty.False for a non-computed attribute
      - .amount[0].specified_amount[0].nanos: planned value cty.NumberIntVal(0) for a non-computed attribute
      - .budget_filter[0].resource_ancestors: planned value cty.SetValEmpty(cty.String) for a non-computed attribute
      - .budget_filter[0].calendar_period: planned value cty.StringVal("MONTH") for a non-computed attribute
      - .threshold_rules[0].spend_basis: planned value cty.StringVal("CURRENT_SPEND") for a non-computed attribute
      - .threshold_rules[1].spend_basis: planned value cty.StringVal("CURRENT_SPEND") for a non-computed attribute
      - .threshold_rules[2].spend_basis: planned value cty.StringVal("CURRENT_SPEND") for a non-computed attribute
      - .threshold_rules[3].spend_basis: planned value cty.StringVal("CURRENT_SPEND") for a non-computed attribute
2024-04-04T08:29:06.197Z [INFO]  Starting apply for module.billing_budget["gcp-prj-inf-networkhub-prd-1-budget-01"].google_billing_budget.budget
2024-04-04T08:29:06.209Z [WARN]  Provider "registry.terraform.io/hashicorp/google" produced an invalid plan for module.billing_budget["gcp-prj-inf-networkspk-stg-1-budget-01"].google_billing_budget.budget, but we are tolerating it because it is using the legacy plugin SDK.
    The following problems may be the cause of any confusing errors from downstream operations:
      - .all_updates_rule[0].pubsub_topic: planned value cty.StringVal("") for a non-computed attribute
      - .all_updates_rule[0].schema_version: planned value cty.StringVal("1.0") for a non-computed attribute
      - .amount[0].last_period_amount: planned value cty.False for a non-computed attribute
      - .amount[0].specified_amount[0].nanos: planned value cty.NumberIntVal(0) for a non-computed attribute
      - .budget_filter[0].calendar_period: planned value cty.StringVal("MONTH") for a non-computed attribute
      - .budget_filter[0].resource_ancestors: planned value cty.SetValEmpty(cty.String) for a non-computed attribute
      - .threshold_rules[0].spend_basis: planned value cty.StringVal("CURRENT_SPEND") for a non-computed attribute
      - .threshold_rules[1].spend_basis: planned value cty.StringVal("CURRENT_SPEND") for a non-computed attribute
      - .threshold_rules[2].spend_basis: planned value cty.StringVal("CURRENT_SPEND") for a non-computed attribute
      - .threshold_rules[3].spend_basis: planned value cty.StringVal("CURRENT_SPEND") for a non-computed attribute
2024-04-04T08:29:06.212Z [INFO]  Starting apply for module.billing_budget["gcp-prj-inf-networkspk-stg-1-budget-01"].google_billing_budget.budget
2024-04-04T08:29:06.229Z [WARN]  Provider "registry.terraform.io/hashicorp/google" produced an invalid plan for module.billing_budget["gcp-prj-inf-networkspk-prd-1-budget-01"].google_billing_budget.budget, but we are tolerating it because it is using the legacy plugin SDK.
    The following problems may be the cause of any confusing errors from downstream operations:
      - .threshold_rules[0].spend_basis: planned value cty.StringVal("CURRENT_SPEND") for a non-computed attribute
      - .threshold_rules[1].spend_basis: planned value cty.StringVal("CURRENT_SPEND") for a non-computed attribute
      - .threshold_rules[2].spend_basis: planned value cty.StringVal("CURRENT_SPEND") for a non-computed attribute
      - .threshold_rules[3].spend_basis: planned value cty.StringVal("CURRENT_SPEND") for a non-computed attribute
      - .all_updates_rule[0].pubsub_topic: planned value cty.StringVal("") for a non-computed attribute
      - .all_updates_rule[0].schema_version: planned value cty.StringVal("1.0") for a non-computed attribute
      - .amount[0].last_period_amount: planned value cty.False for a non-computed attribute
      - .amount[0].specified_amount[0].nanos: planned value cty.NumberIntVal(0) for a non-computed attribute
      - .budget_filter[0].resource_ancestors: planned value cty.SetValEmpty(cty.String) for a non-computed attribute
      - .budget_filter[0].calendar_period: planned value cty.StringVal("MONTH") for a non-computed attribute
2024-04-04T08:29:06.230Z [INFO]  Starting apply for module.billing_budget["gcp-prj-inf-networkspk-prd-1-budget-01"].google_billing_budget.budget
2024-04-04T08:29:06.237Z [WARN]  Provider "registry.terraform.io/hashicorp/google" produced an invalid plan for module.billing_budget["gcp-prj-inf-networkspk-qa-1-budget-01"].google_billing_budget.budget, but we are tolerating it because it is using the legacy plugin SDK.
    The following problems may be the cause of any confusing errors from downstream operations:
      - .all_updates_rule[0].pubsub_topic: planned value cty.StringVal("") for a non-computed attribute
      - .all_updates_rule[0].schema_version: planned value cty.StringVal("1.0") for a non-computed attribute
      - .amount[0].last_period_amount: planned value cty.False for a non-computed attribute
      - .amount[0].specified_amount[0].nanos: planned value cty.NumberIntVal(0) for a non-computed attribute
      - .budget_filter[0].resource_ancestors: planned value cty.SetValEmpty(cty.String) for a non-computed attribute
      - .budget_filter[0].calendar_period: planned value cty.StringVal("MONTH") for a non-computed attribute
      - .threshold_rules[0].spend_basis: planned value cty.StringVal("CURRENT_SPEND") for a non-computed attribute
      - .threshold_rules[1].spend_basis: planned value cty.StringVal("CURRENT_SPEND") for a non-computed attribute
      - .threshold_rules[2].spend_basis: planned value cty.StringVal("CURRENT_SPEND") for a non-computed attribute
      - .threshold_rules[3].spend_basis: planned value cty.StringVal("CURRENT_SPEND") for a non-computed attribute
2024-04-04T08:29:06.238Z [INFO]  Starting apply for module.billing_budget["gcp-prj-inf-networkspk-qa-1-budget-01"].google_billing_budget.budget
2024-04-04T08:29:06.246Z [WARN]  Provider "registry.terraform.io/hashicorp/google" produced an invalid plan for module.billing_budget["gcp-prj-inf-networkspk-dev-1-budget-01"].google_billing_budget.budget, but we are tolerating it because it is using the legacy plugin SDK.
    The following problems may be the cause of any confusing errors from downstream operations:
      - .threshold_rules[0].spend_basis: planned value cty.StringVal("CURRENT_SPEND") for a non-computed attribute
      - .threshold_rules[1].spend_basis: planned value cty.StringVal("CURRENT_SPEND") for a non-computed attribute
      - .threshold_rules[2].spend_basis: planned value cty.StringVal("CURRENT_SPEND") for a non-computed attribute
      - .threshold_rules[3].spend_basis: planned value cty.StringVal("CURRENT_SPEND") for a non-computed attribute
      - .all_updates_rule[0].pubsub_topic: planned value cty.StringVal("") for a non-computed attribute
      - .all_updates_rule[0].schema_version: planned value cty.StringVal("1.0") for a non-computed attribute
      - .amount[0].last_period_amount: planned value cty.False for a non-computed attribute
      - .amount[0].specified_amount[0].nanos: planned value cty.NumberIntVal(0) for a non-computed attribute
      - .budget_filter[0].resource_ancestors: planned value cty.SetValEmpty(cty.String) for a non-computed attribute
      - .budget_filter[0].calendar_period: planned value cty.StringVal("MONTH") for a non-computed attribute
2024-04-04T08:29:06.247Z [INFO]  Starting apply for module.billing_budget["gcp-prj-inf-networkspk-dev-1-budget-01"].google_billing_budget.budget
2024-04-04T08:29:06.711Z [ERROR] provider.terraform-provider-google_v5.19.0_x5: Response contains error diagnostic: tf_provider_addr=registry.terraform.io/hashicorp/google tf_resource_type=google_compute_route @caller=github.com/hashicorp/terraform-plugin-go@v0.20.0/tfprotov5/internal/diag/diagnostics.go:62 diagnostic_severity=ERROR tf_proto_version=5.4 tf_req_id=20c96272-9205-a5c3-3f5b-8a18152aa0e7 tf_rpc=ApplyResourceChange @module=sdk.proto diagnostic_detail="" diagnostic_summary="Error creating Route: googleapi: Error 400: Invalid value for field 'resource.nextHopIp': '34.130.193.64'. 34.130.193.64 must lie within the address spaces of (100.64.224.0/28)., invalid" timestamp=2024-04-04T08:29:06.710Z
2024-04-04T08:29:06.713Z [ERROR] vertex "module.route[\"gcp-vpc-prd-out-fw-1-rt-cnat-internet-01\"].google_compute_route.route" error: Error creating Route: googleapi: Error 400: Invalid value for field 'resource.nextHopIp': '34.130.193.64'. 34.130.193.64 must lie within the address spaces of (100.64.224.0/28)., invalid
2024-04-04T08:29:07.329Z [INFO]  Terraform version: 1.7.5
2024-04-04T08:29:07.329Z [INFO]  Go runtime version: go1.21.8
2024-04-04T08:29:07.329Z [INFO]  CLI args: []string{"terraform", "output", "-json"}
2024-04-04T08:29:07.330Z [INFO]  CLI command args: []string{"output", "-json"}
