2024-04-04T08:58:32.930Z [INFO]  Terraform version: 1.7.5
2024-04-04T08:58:32.930Z [INFO]  Go runtime version: go1.21.8
2024-04-04T08:58:32.930Z [INFO]  CLI args: []string{"terraform", "init", "-upgrade", "-backend-config=bucket=gcp-yyz-prd-inf-cloudautomation-sbuc-01", "-backend-config=prefix=network/state-file"}
2024-04-04T08:58:32.931Z [INFO]  CLI command args: []string{"init", "-upgrade", "-backend-config=bucket=gcp-yyz-prd-inf-cloudautomation-sbuc-01", "-backend-config=prefix=network/state-file"}
2024-04-04T08:58:43.602Z [INFO]  Terraform version: 1.7.5
2024-04-04T08:58:43.602Z [INFO]  Go runtime version: go1.21.8
2024-04-04T08:58:43.603Z [INFO]  CLI args: []string{"terraform", "plan", "-var=access_token=ya29.c.c0AY_VpZjGx6_UraI1M2eF4Beymj4dCTt24fOD6IpkL9BhSCqHKyiSNfsWMQozWJH_GLPGQPMSAfnNtGagUyNLvr0765ibxvnHITH1TLL3kNL6x1gTLkXA_RHETQsQA-Pv-JXO996Ug8CXQv9WgnCfkJMrS7lnirntnYRRObBBy5JsCHjxu8KV14ejh7sxNna80IU-PSBFM9Et_iNQHUElXqDE6fyq1QI7mYZJ34jTLdCYbrSSTNSNE0ID8M8TxD8HID1Nz9IyrMV6HBGlT4tPcA81SGVjw16RCD0G0XwAwtiNgZFCBSbct6-Vox6WoIRaVu0k9fWCYFnT8GeWMREFB7HqkxrdKToJLcLER3FHIVU9IJ0VHiEn8YYa18Ajp3uXHgyoG7kLywVh7aDRL_Oy3qsYhjU7kjk2zacXDRpobNfyJD2-JhhYJCu3TegZS5HZtLnBiFIXUOYweoAILzOKA2iHji986ASLNZgCNkJzlqEJMKJ2Ob9ooKNl9jeWrB05aYSPuQOPF4a_RmaCOZqKUhx_qbgBbb5hPwI23mUPxDqk2dkIE0_JHj5r0wGPstAuw9GiEZ_XhhsiDTcwosCA0g0NBDDwpldXjFgPTE4LkKOSQVuNe14e1x5WJy-g_LEV2fqwz-NxF7qpnsgw-7BOPWJ6Ek_uUou7Tg_-hZbgIAL691P9bc-nIg4-Jp4d7YhORanOSFd0-tOt27cF1lcrbZlz_9XOOO6dUX5R0QdrkUYuZI4Z05Wvlvrlvnk1j3Z2S92vx72XUy6qV6hcIubny8YVcR8XbO7QeUa0lXYZVY5-f5VSppkgFquyd0S_SpyY9mkMjMU6l20Rtt5tlosyVZOQ0jIptUgYtZgXB0oxzmZBesVRc-QFlx2MQlzrslRjqOcpQ46fhI3j0w-tqVboMzsXskvBpu42FcjmqV_Bia8oukl36u3RfnO146WzI0ZZq5Sef6p39wcv9yk2MuBySf7bJecFS9hs83Fn-j_V3oq-wQIon3Rdcqx", "-var=project_id=gcp-prj-inf-automation-prd-01", "-var-file=../input-file/project.tfvars", "-var-file=../input-file/budget.tfvars", "-var-file=../input-file/api.tfvars", "-var-file=../input-file/vpc.tfvars", "-var-file=../input-file/subnet.tfvars", "-var-file=../input-file/firewall.tfvars", "-var-file=../input-file/peering.tfvars", "-var-file=../input-file/route.tfvars", "-out=../plan-file/network-tf-plan.json"}
2024-04-04T08:58:43.604Z [INFO]  CLI command args: []string{"plan", "-var=access_token=ya29.c.c0AY_VpZjGx6_UraI1M2eF4Beymj4dCTt24fOD6IpkL9BhSCqHKyiSNfsWMQozWJH_GLPGQPMSAfnNtGagUyNLvr0765ibxvnHITH1TLL3kNL6x1gTLkXA_RHETQsQA-Pv-JXO996Ug8CXQv9WgnCfkJMrS7lnirntnYRRObBBy5JsCHjxu8KV14ejh7sxNna80IU-PSBFM9Et_iNQHUElXqDE6fyq1QI7mYZJ34jTLdCYbrSSTNSNE0ID8M8TxD8HID1Nz9IyrMV6HBGlT4tPcA81SGVjw16RCD0G0XwAwtiNgZFCBSbct6-Vox6WoIRaVu0k9fWCYFnT8GeWMREFB7HqkxrdKToJLcLER3FHIVU9IJ0VHiEn8YYa18Ajp3uXHgyoG7kLywVh7aDRL_Oy3qsYhjU7kjk2zacXDRpobNfyJD2-JhhYJCu3TegZS5HZtLnBiFIXUOYweoAILzOKA2iHji986ASLNZgCNkJzlqEJMKJ2Ob9ooKNl9jeWrB05aYSPuQOPF4a_RmaCOZqKUhx_qbgBbb5hPwI23mUPxDqk2dkIE0_JHj5r0wGPstAuw9GiEZ_XhhsiDTcwosCA0g0NBDDwpldXjFgPTE4LkKOSQVuNe14e1x5WJy-g_LEV2fqwz-NxF7qpnsgw-7BOPWJ6Ek_uUou7Tg_-hZbgIAL691P9bc-nIg4-Jp4d7YhORanOSFd0-tOt27cF1lcrbZlz_9XOOO6dUX5R0QdrkUYuZI4Z05Wvlvrlvnk1j3Z2S92vx72XUy6qV6hcIubny8YVcR8XbO7QeUa0lXYZVY5-f5VSppkgFquyd0S_SpyY9mkMjMU6l20Rtt5tlosyVZOQ0jIptUgYtZgXB0oxzmZBesVRc-QFlx2MQlzrslRjqOcpQ46fhI3j0w-tqVboMzsXskvBpu42FcjmqV_Bia8oukl36u3RfnO146WzI0ZZq5Sef6p39wcv9yk2MuBySf7bJecFS9hs83Fn-j_V3oq-wQIon3Rdcqx", "-var=project_id=gcp-prj-inf-automation-prd-01", "-var-file=../input-file/project.tfvars", "-var-file=../input-file/budget.tfvars", "-var-file=../input-file/api.tfvars", "-var-file=../input-file/vpc.tfvars", "-var-file=../input-file/subnet.tfvars", "-var-file=../input-file/firewall.tfvars", "-var-file=../input-file/peering.tfvars", "-var-file=../input-file/route.tfvars", "-out=../plan-file/network-tf-plan.json"}
2024-04-04T08:58:44.447Z [INFO]  backend/local: starting Plan operation
2024-04-04T08:58:44.964Z [INFO]  provider: configuring client automatic mTLS
2024-04-04T08:58:45.057Z [INFO]  provider.terraform-provider-google_v5.19.0_x5: configuring server automatic mTLS: timestamp=2024-04-04T08:58:45.056Z
2024-04-04T08:58:45.425Z [INFO]  provider: configuring client automatic mTLS
2024-04-04T08:58:45.503Z [INFO]  provider.terraform-provider-google-beta_v5.19.0_x5: configuring server automatic mTLS: timestamp=2024-04-04T08:58:45.503Z
2024-04-04T08:58:45.917Z [INFO]  provider: configuring client automatic mTLS
2024-04-04T08:58:45.934Z [INFO]  provider.terraform-provider-null_v3.2.2_x5: configuring server automatic mTLS: timestamp=2024-04-04T08:58:45.934Z
2024-04-04T08:58:46.008Z [INFO]  provider: configuring client automatic mTLS
2024-04-04T08:58:46.086Z [INFO]  provider.terraform-provider-google_v5.19.0_x5: configuring server automatic mTLS: timestamp=2024-04-04T08:58:46.086Z
2024-04-04T08:58:46.135Z [INFO]  provider: configuring client automatic mTLS
2024-04-04T08:58:46.278Z [INFO]  provider.terraform-provider-google-beta_v5.19.0_x5: configuring server automatic mTLS: timestamp=2024-04-04T08:58:46.278Z
2024-04-04T08:58:46.323Z [INFO]  provider: configuring client automatic mTLS
2024-04-04T08:58:46.347Z [INFO]  provider.terraform-provider-null_v3.2.2_x5: configuring server automatic mTLS: timestamp=2024-04-04T08:58:46.347Z
2024-04-04T08:58:46.504Z [INFO]  backend/local: plan calling Plan
2024-04-04T08:58:46.533Z [INFO]  provider: configuring client automatic mTLS
2024-04-04T08:58:46.608Z [INFO]  provider.terraform-provider-google_v5.19.0_x5: configuring server automatic mTLS: timestamp=2024-04-04T08:58:46.608Z
2024-04-04T08:58:46.656Z [INFO]  provider: configuring client automatic mTLS
2024-04-04T08:58:46.677Z [INFO]  provider.terraform-provider-null_v3.2.2_x5: configuring server automatic mTLS: timestamp=2024-04-04T08:58:46.677Z
2024-04-04T08:58:46.747Z [INFO]  provider: configuring client automatic mTLS
2024-04-04T08:58:46.843Z [INFO]  provider.terraform-provider-google-beta_v5.19.0_x5: configuring server automatic mTLS: timestamp=2024-04-04T08:58:46.843Z
2024-04-04T08:58:46.900Z [INFO]  provider.terraform-provider-google_v5.19.0_x5: Authenticating using configured Google JSON 'access_token'...: tf_rpc=ConfigureProvider tf_mux_provider="*proto5server.Server" tf_req_id=9da7f3ae-a7d0-e2e4-a5a9-cf6515b22828 tf_provider_addr=registry.terraform.io/hashicorp/google @caller=github.com/hashicorp/terraform-provider-google/google/fwtransport/framework_config.go:1701 @module=google timestamp=2024-04-04T08:58:46.899Z
2024-04-04T08:58:46.900Z [INFO]  provider.terraform-provider-google_v5.19.0_x5:   -- Scopes: [https://www.googleapis.com/auth/cloud-platform https://www.googleapis.com/auth/userinfo.email]: tf_rpc=ConfigureProvider @module=google tf_provider_addr=registry.terraform.io/hashicorp/google tf_mux_provider="*proto5server.Server" tf_req_id=9da7f3ae-a7d0-e2e4-a5a9-cf6515b22828 @caller=github.com/hashicorp/terraform-provider-google/google/fwtransport/framework_config.go:1702 timestamp=2024-04-04T08:58:46.899Z
2024-04-04T08:58:46.901Z [INFO]  provider.terraform-provider-google_v5.19.0_x5: Authenticating using configured Google JSON 'access_token'...: tf_mux_provider="*proto5server.Server" tf_provider_addr=registry.terraform.io/hashicorp/google tf_req_id=9da7f3ae-a7d0-e2e4-a5a9-cf6515b22828 @caller=github.com/hashicorp/terraform-provider-google/google/fwtransport/framework_config.go:1701 @module=google tf_rpc=ConfigureProvider timestamp=2024-04-04T08:58:46.900Z
2024-04-04T08:58:46.901Z [INFO]  provider.terraform-provider-google_v5.19.0_x5:   -- Scopes: [https://www.googleapis.com/auth/cloud-platform https://www.googleapis.com/auth/userinfo.email]: tf_rpc=ConfigureProvider @module=google tf_mux_provider="*proto5server.Server" tf_provider_addr=registry.terraform.io/hashicorp/google @caller=github.com/hashicorp/terraform-provider-google/google/fwtransport/framework_config.go:1702 tf_req_id=9da7f3ae-a7d0-e2e4-a5a9-cf6515b22828 timestamp=2024-04-04T08:58:46.900Z
2024-04-04T08:58:47.038Z [INFO]  provider.terraform-provider-google-beta_v5.19.0_x5: Authenticating using configured Google JSON 'access_token'...: @module=google_beta tf_provider_addr=registry.terraform.io/hashicorp/google-beta tf_rpc=ConfigureProvider tf_mux_provider="*proto5server.Server" tf_req_id=7390d3c6-d88a-381b-354b-6f187d57e494 @caller=github.com/hashicorp/terraform-provider-google-beta/google-beta/fwtransport/framework_config.go:1840 timestamp=2024-04-04T08:58:47.037Z
2024-04-04T08:58:47.038Z [INFO]  provider.terraform-provider-google-beta_v5.19.0_x5:   -- Scopes: [https://www.googleapis.com/auth/cloud-platform https://www.googleapis.com/auth/userinfo.email]: tf_mux_provider="*proto5server.Server" tf_req_id=7390d3c6-d88a-381b-354b-6f187d57e494 tf_rpc=ConfigureProvider @caller=github.com/hashicorp/terraform-provider-google-beta/google-beta/fwtransport/framework_config.go:1841 @module=google_beta tf_provider_addr=registry.terraform.io/hashicorp/google-beta timestamp=2024-04-04T08:58:47.037Z
2024-04-04T08:58:47.039Z [INFO]  provider.terraform-provider-google-beta_v5.19.0_x5: Authenticating using configured Google JSON 'access_token'...: @module=google_beta tf_provider_addr=registry.terraform.io/hashicorp/google-beta tf_req_id=7390d3c6-d88a-381b-354b-6f187d57e494 @caller=github.com/hashicorp/terraform-provider-google-beta/google-beta/fwtransport/framework_config.go:1840 tf_mux_provider="*proto5server.Server" tf_rpc=ConfigureProvider timestamp=2024-04-04T08:58:47.038Z
2024-04-04T08:58:47.039Z [INFO]  provider.terraform-provider-google-beta_v5.19.0_x5:   -- Scopes: [https://www.googleapis.com/auth/cloud-platform https://www.googleapis.com/auth/userinfo.email]: tf_provider_addr=registry.terraform.io/hashicorp/google-beta tf_req_id=7390d3c6-d88a-381b-354b-6f187d57e494 tf_mux_provider="*proto5server.Server" tf_rpc=ConfigureProvider @caller=github.com/hashicorp/terraform-provider-google-beta/google-beta/fwtransport/framework_config.go:1841 @module=google_beta timestamp=2024-04-04T08:58:47.038Z
2024-04-04T08:58:47.050Z [INFO]  provider.terraform-provider-google_v5.19.0_x5: Terraform is using this identity: svc-cloudautomation@gcp-prj-inf-automation-prd-01.iam.gserviceaccount.com: @module=google tf_rpc=ConfigureProvider @caller=github.com/hashicorp/terraform-provider-google/google/fwtransport/framework_config.go:1621 tf_mux_provider="*proto5server.Server" tf_provider_addr=registry.terraform.io/hashicorp/google tf_req_id=9da7f3ae-a7d0-e2e4-a5a9-cf6515b22828 timestamp=2024-04-04T08:58:47.046Z
2024-04-04T08:58:47.094Z [INFO]  provider.terraform-provider-google-beta_v5.19.0_x5: Terraform is using this identity: svc-cloudautomation@gcp-prj-inf-automation-prd-01.iam.gserviceaccount.com: tf_provider_addr=registry.terraform.io/hashicorp/google-beta tf_req_id=7390d3c6-d88a-381b-354b-6f187d57e494 tf_mux_provider="*proto5server.Server" tf_rpc=ConfigureProvider @caller=github.com/hashicorp/terraform-provider-google-beta/google-beta/fwtransport/framework_config.go:1760 @module=google_beta timestamp=2024-04-04T08:58:47.094Z
2024-04-04T08:58:47.954Z [WARN]  Provider "registry.terraform.io/hashicorp/google" produced an invalid plan for module.project["gcp-prj-inf-networkhub-prd-1"].google_project.project, but we are tolerating it because it is using the legacy plugin SDK.
    The following problems may be the cause of any confusing errors from downstream operations:
      - .org_id: planned value cty.StringVal("") for a non-computed attribute
2024-04-04T08:58:47.961Z [WARN]  Provider "registry.terraform.io/hashicorp/google" produced an invalid plan for module.project["gcp-prj-inf-networkspk-stg-1"].google_project.project, but we are tolerating it because it is using the legacy plugin SDK.
    The following problems may be the cause of any confusing errors from downstream operations:
      - .org_id: planned value cty.StringVal("") for a non-computed attribute
2024-04-04T08:58:48.035Z [WARN]  Provider "registry.terraform.io/hashicorp/google" produced an invalid plan for module.project["gcp-prj-inf-networkspk-dev-1"].google_project.project, but we are tolerating it because it is using the legacy plugin SDK.
    The following problems may be the cause of any confusing errors from downstream operations:
      - .org_id: planned value cty.StringVal("") for a non-computed attribute
2024-04-04T08:58:48.037Z [WARN]  Provider "registry.terraform.io/hashicorp/google" produced an invalid plan for module.project["gcp-prj-inf-networkspk-prd-1"].google_project.project, but we are tolerating it because it is using the legacy plugin SDK.
    The following problems may be the cause of any confusing errors from downstream operations:
      - .org_id: planned value cty.StringVal("") for a non-computed attribute
2024-04-04T08:58:48.063Z [WARN]  Provider "registry.terraform.io/hashicorp/google" produced an invalid plan for module.project["gcp-prj-inf-networkspk-qa-1"].google_project.project, but we are tolerating it because it is using the legacy plugin SDK.
    The following problems may be the cause of any confusing errors from downstream operations:
      - .org_id: planned value cty.StringVal("") for a non-computed attribute
2024-04-04T08:58:48.248Z [WARN]  Provider "registry.terraform.io/hashicorp/google" produced an invalid plan for module.billing_budget["gcp-prj-inf-networkspk-stg-1-budget-01"].google_monitoring_notification_channel.budget_notify, but we are tolerating it because it is using the legacy plugin SDK.
    The following problems may be the cause of any confusing errors from downstream operations:
      - .user_labels: planned value cty.MapValEmpty(cty.String) for a non-computed attribute
      - .force_delete: planned value cty.False for a non-computed attribute
      - .description: planned value cty.StringVal("") for a non-computed attribute
      - .enabled: planned value cty.True for a non-computed attribute
2024-04-04T08:58:48.255Z [WARN]  Provider "registry.terraform.io/hashicorp/google" produced an invalid plan for module.billing_budget["gcp-prj-inf-networkspk-dev-1-budget-01"].google_monitoring_notification_channel.budget_notify, but we are tolerating it because it is using the legacy plugin SDK.
    The following problems may be the cause of any confusing errors from downstream operations:
      - .description: planned value cty.StringVal("") for a non-computed attribute
      - .enabled: planned value cty.True for a non-computed attribute
      - .user_labels: planned value cty.MapValEmpty(cty.String) for a non-computed attribute
      - .force_delete: planned value cty.False for a non-computed attribute
2024-04-04T08:58:48.286Z [WARN]  Provider "registry.terraform.io/hashicorp/google" produced an invalid plan for module.vpc["gcp-vpc-npe-qa-shr-1"].google_compute_network.vpc, but we are tolerating it because it is using the legacy plugin SDK.
    The following problems may be the cause of any confusing errors from downstream operations:
      - .enable_ula_internal_ipv6: planned value cty.False for a non-computed attribute
      - .network_firewall_policy_enforcement_order: planned value cty.StringVal("AFTER_CLASSIC_FIREWALL") for a non-computed attribute
2024-04-04T08:58:48.305Z [WARN]  Provider "registry.terraform.io/hashicorp/google" produced an invalid plan for module.vpc["gcp-vpc-prd-ha-fw-1"].google_compute_network.vpc, but we are tolerating it because it is using the legacy plugin SDK.
    The following problems may be the cause of any confusing errors from downstream operations:
      - .enable_ula_internal_ipv6: planned value cty.False for a non-computed attribute
      - .network_firewall_policy_enforcement_order: planned value cty.StringVal("AFTER_CLASSIC_FIREWALL") for a non-computed attribute
2024-04-04T08:58:48.318Z [WARN]  Provider "registry.terraform.io/hashicorp/google" produced an invalid plan for module.vpc["gcp-vpc-npe-stg-shr-1"].google_compute_network.vpc, but we are tolerating it because it is using the legacy plugin SDK.
    The following problems may be the cause of any confusing errors from downstream operations:
      - .network_firewall_policy_enforcement_order: planned value cty.StringVal("AFTER_CLASSIC_FIREWALL") for a non-computed attribute
      - .enable_ula_internal_ipv6: planned value cty.False for a non-computed attribute
2024-04-04T08:58:48.330Z [WARN]  Provider "registry.terraform.io/hashicorp/google" produced an invalid plan for module.billing_budget["gcp-prj-inf-networkspk-prd-1-budget-01"].google_monitoring_notification_channel.budget_notify, but we are tolerating it because it is using the legacy plugin SDK.
    The following problems may be the cause of any confusing errors from downstream operations:
      - .description: planned value cty.StringVal("") for a non-computed attribute
      - .enabled: planned value cty.True for a non-computed attribute
      - .force_delete: planned value cty.False for a non-computed attribute
      - .user_labels: planned value cty.MapValEmpty(cty.String) for a non-computed attribute
2024-04-04T08:58:48.346Z [WARN]  Provider "registry.terraform.io/hashicorp/google" produced an invalid plan for module.billing_budget["gcp-prj-inf-networkspk-qa-1-budget-01"].google_monitoring_notification_channel.budget_notify, but we are tolerating it because it is using the legacy plugin SDK.
    The following problems may be the cause of any confusing errors from downstream operations:
      - .user_labels: planned value cty.MapValEmpty(cty.String) for a non-computed attribute
      - .force_delete: planned value cty.False for a non-computed attribute
      - .description: planned value cty.StringVal("") for a non-computed attribute
      - .enabled: planned value cty.True for a non-computed attribute
2024-04-04T08:58:48.348Z [WARN]  Provider "registry.terraform.io/hashicorp/google" produced an invalid plan for module.vpc["gcp-vpc-prd-mgmt-fw-1"].google_compute_network.vpc, but we are tolerating it because it is using the legacy plugin SDK.
    The following problems may be the cause of any confusing errors from downstream operations:
      - .enable_ula_internal_ipv6: planned value cty.False for a non-computed attribute
      - .network_firewall_policy_enforcement_order: planned value cty.StringVal("AFTER_CLASSIC_FIREWALL") for a non-computed attribute
2024-04-04T08:58:48.373Z [WARN]  Provider "registry.terraform.io/hashicorp/google" produced an invalid plan for module.vpc["gcp-vpc-prd-out-fw-1"].google_compute_network.vpc, but we are tolerating it because it is using the legacy plugin SDK.
    The following problems may be the cause of any confusing errors from downstream operations:
      - .enable_ula_internal_ipv6: planned value cty.False for a non-computed attribute
      - .network_firewall_policy_enforcement_order: planned value cty.StringVal("AFTER_CLASSIC_FIREWALL") for a non-computed attribute
2024-04-04T08:58:48.389Z [WARN]  Provider "registry.terraform.io/hashicorp/google" produced an invalid plan for module.vpc["gcp-vpc-npe-dev-shr-1"].google_compute_network.vpc, but we are tolerating it because it is using the legacy plugin SDK.
    The following problems may be the cause of any confusing errors from downstream operations:
      - .enable_ula_internal_ipv6: planned value cty.False for a non-computed attribute
      - .network_firewall_policy_enforcement_order: planned value cty.StringVal("AFTER_CLASSIC_FIREWALL") for a non-computed attribute
2024-04-04T08:58:48.390Z [WARN]  Provider "registry.terraform.io/hashicorp/google" produced an invalid plan for module.billing_budget["gcp-prj-inf-networkhub-prd-1-budget-01"].google_monitoring_notification_channel.budget_notify, but we are tolerating it because it is using the legacy plugin SDK.
    The following problems may be the cause of any confusing errors from downstream operations:
      - .description: planned value cty.StringVal("") for a non-computed attribute
      - .enabled: planned value cty.True for a non-computed attribute
      - .force_delete: planned value cty.False for a non-computed attribute
      - .user_labels: planned value cty.MapValEmpty(cty.String) for a non-computed attribute
2024-04-04T08:58:48.393Z [WARN]  Provider "registry.terraform.io/hashicorp/google" produced an invalid plan for module.vpc["gcp-vpc-prd-shr-1"].google_compute_network.vpc, but we are tolerating it because it is using the legacy plugin SDK.
    The following problems may be the cause of any confusing errors from downstream operations:
      - .enable_ula_internal_ipv6: planned value cty.False for a non-computed attribute
      - .network_firewall_policy_enforcement_order: planned value cty.StringVal("AFTER_CLASSIC_FIREWALL") for a non-computed attribute
2024-04-04T08:58:48.412Z [WARN]  Provider "registry.terraform.io/hashicorp/google" produced an invalid plan for module.vpc["gcp-vpc-prd-hub-shr-1"].google_compute_network.vpc, but we are tolerating it because it is using the legacy plugin SDK.
    The following problems may be the cause of any confusing errors from downstream operations:
      - .enable_ula_internal_ipv6: planned value cty.False for a non-computed attribute
      - .network_firewall_policy_enforcement_order: planned value cty.StringVal("AFTER_CLASSIC_FIREWALL") for a non-computed attribute
2024-04-04T08:58:58.710Z [WARN]  Provider "registry.terraform.io/hashicorp/google" produced an unexpected new value for module.billing_budget["gcp-prj-inf-networkspk-prd-1-budget-01"].google_billing_budget.budget during refresh.
      - .budget_filter[0].projects: planned set element cty.StringVal("projects/gcp-prj-inf-networkspk-prd-1") does not correlate with any element in actual
2024-04-04T08:58:58.711Z [WARN]  Provider "registry.terraform.io/hashicorp/google" produced an unexpected new value for module.billing_budget["gcp-prj-inf-networkspk-qa-1-budget-01"].google_billing_budget.budget during refresh.
      - .budget_filter[0].projects: planned set element cty.StringVal("projects/gcp-prj-inf-networkspk-qa-1") does not correlate with any element in actual
2024-04-04T08:58:58.721Z [WARN]  Provider "registry.terraform.io/hashicorp/google" produced an unexpected new value for module.billing_budget["gcp-prj-inf-networkhub-prd-1-budget-01"].google_billing_budget.budget during refresh.
      - .budget_filter[0].projects: planned set element cty.StringVal("projects/gcp-prj-inf-networkhub-prd-1") does not correlate with any element in actual
2024-04-04T08:58:58.724Z [WARN]  Provider "registry.terraform.io/hashicorp/google" produced an unexpected new value for module.billing_budget["gcp-prj-inf-networkspk-stg-1-budget-01"].google_billing_budget.budget during refresh.
      - .budget_filter[0].projects: planned set element cty.StringVal("projects/gcp-prj-inf-networkspk-stg-1") does not correlate with any element in actual
2024-04-04T08:58:58.728Z [WARN]  Provider "registry.terraform.io/hashicorp/google" produced an invalid plan for module.billing_budget["gcp-prj-inf-networkspk-qa-1-budget-01"].google_billing_budget.budget, but we are tolerating it because it is using the legacy plugin SDK.
    The following problems may be the cause of any confusing errors from downstream operations:
      - .all_updates_rule[0].pubsub_topic: planned value cty.StringVal("") for a non-computed attribute
      - .all_updates_rule[0].schema_version: planned value cty.StringVal("1.0") for a non-computed attribute
      - .amount[0].last_period_amount: planned value cty.False for a non-computed attribute
      - .amount[0].specified_amount[0].nanos: planned value cty.NumberIntVal(0) for a non-computed attribute
      - .budget_filter[0].resource_ancestors: planned value cty.SetValEmpty(cty.String) for a non-computed attribute
      - .budget_filter[0].calendar_period: planned value cty.StringVal("MONTH") for a non-computed attribute
      - .threshold_rules[0].spend_basis: planned value cty.StringVal("CURRENT_SPEND") for a non-computed attribute
      - .threshold_rules[1].spend_basis: planned value cty.StringVal("CURRENT_SPEND") for a non-computed attribute
      - .threshold_rules[2].spend_basis: planned value cty.StringVal("CURRENT_SPEND") for a non-computed attribute
      - .threshold_rules[3].spend_basis: planned value cty.StringVal("CURRENT_SPEND") for a non-computed attribute
2024-04-04T08:58:58.733Z [WARN]  Provider "registry.terraform.io/hashicorp/google" produced an invalid plan for module.billing_budget["gcp-prj-inf-networkspk-prd-1-budget-01"].google_billing_budget.budget, but we are tolerating it because it is using the legacy plugin SDK.
    The following problems may be the cause of any confusing errors from downstream operations:
      - .budget_filter[0].resource_ancestors: planned value cty.SetValEmpty(cty.String) for a non-computed attribute
      - .budget_filter[0].calendar_period: planned value cty.StringVal("MONTH") for a non-computed attribute
      - .threshold_rules[0].spend_basis: planned value cty.StringVal("CURRENT_SPEND") for a non-computed attribute
      - .threshold_rules[1].spend_basis: planned value cty.StringVal("CURRENT_SPEND") for a non-computed attribute
      - .threshold_rules[2].spend_basis: planned value cty.StringVal("CURRENT_SPEND") for a non-computed attribute
      - .threshold_rules[3].spend_basis: planned value cty.StringVal("CURRENT_SPEND") for a non-computed attribute
      - .all_updates_rule[0].pubsub_topic: planned value cty.StringVal("") for a non-computed attribute
      - .all_updates_rule[0].schema_version: planned value cty.StringVal("1.0") for a non-computed attribute
      - .amount[0].last_period_amount: planned value cty.False for a non-computed attribute
      - .amount[0].specified_amount[0].nanos: planned value cty.NumberIntVal(0) for a non-computed attribute
2024-04-04T08:58:58.737Z [WARN]  Provider "registry.terraform.io/hashicorp/google" produced an invalid plan for module.billing_budget["gcp-prj-inf-networkhub-prd-1-budget-01"].google_billing_budget.budget, but we are tolerating it because it is using the legacy plugin SDK.
    The following problems may be the cause of any confusing errors from downstream operations:
      - .all_updates_rule[0].pubsub_topic: planned value cty.StringVal("") for a non-computed attribute
      - .all_updates_rule[0].schema_version: planned value cty.StringVal("1.0") for a non-computed attribute
      - .amount[0].last_period_amount: planned value cty.False for a non-computed attribute
      - .amount[0].specified_amount[0].nanos: planned value cty.NumberIntVal(0) for a non-computed attribute
      - .budget_filter[0].resource_ancestors: planned value cty.SetValEmpty(cty.String) for a non-computed attribute
      - .budget_filter[0].calendar_period: planned value cty.StringVal("MONTH") for a non-computed attribute
      - .threshold_rules[0].spend_basis: planned value cty.StringVal("CURRENT_SPEND") for a non-computed attribute
      - .threshold_rules[1].spend_basis: planned value cty.StringVal("CURRENT_SPEND") for a non-computed attribute
      - .threshold_rules[2].spend_basis: planned value cty.StringVal("CURRENT_SPEND") for a non-computed attribute
      - .threshold_rules[3].spend_basis: planned value cty.StringVal("CURRENT_SPEND") for a non-computed attribute
2024-04-04T08:58:58.748Z [WARN]  Provider "registry.terraform.io/hashicorp/google" produced an invalid plan for module.billing_budget["gcp-prj-inf-networkspk-stg-1-budget-01"].google_billing_budget.budget, but we are tolerating it because it is using the legacy plugin SDK.
    The following problems may be the cause of any confusing errors from downstream operations:
      - .budget_filter[0].resource_ancestors: planned value cty.SetValEmpty(cty.String) for a non-computed attribute
      - .budget_filter[0].calendar_period: planned value cty.StringVal("MONTH") for a non-computed attribute
      - .threshold_rules[0].spend_basis: planned value cty.StringVal("CURRENT_SPEND") for a non-computed attribute
      - .threshold_rules[1].spend_basis: planned value cty.StringVal("CURRENT_SPEND") for a non-computed attribute
      - .threshold_rules[2].spend_basis: planned value cty.StringVal("CURRENT_SPEND") for a non-computed attribute
      - .threshold_rules[3].spend_basis: planned value cty.StringVal("CURRENT_SPEND") for a non-computed attribute
      - .all_updates_rule[0].pubsub_topic: planned value cty.StringVal("") for a non-computed attribute
      - .all_updates_rule[0].schema_version: planned value cty.StringVal("1.0") for a non-computed attribute
      - .amount[0].last_period_amount: planned value cty.False for a non-computed attribute
      - .amount[0].specified_amount[0].nanos: planned value cty.NumberIntVal(0) for a non-computed attribute
2024-04-04T08:58:58.783Z [WARN]  Provider "registry.terraform.io/hashicorp/google" produced an invalid plan for module.route["gcp-vpc-prd-out-fw-1-rt-igw-01"].google_compute_route.route, but we are tolerating it because it is using the legacy plugin SDK.
    The following problems may be the cause of any confusing errors from downstream operations:
      - .tags: planned value cty.NullVal(cty.Set(cty.String)) does not match config value cty.SetValEmpty(cty.String)
2024-04-04T08:58:58.843Z [WARN]  Provider "registry.terraform.io/hashicorp/google" produced an unexpected new value for module.billing_budget["gcp-prj-inf-networkspk-dev-1-budget-01"].google_billing_budget.budget during refresh.
      - .budget_filter[0].projects: planned set element cty.StringVal("projects/gcp-prj-inf-networkspk-dev-1") does not correlate with any element in actual
2024-04-04T08:58:58.853Z [WARN]  Provider "registry.terraform.io/hashicorp/google" produced an invalid plan for module.billing_budget["gcp-prj-inf-networkspk-dev-1-budget-01"].google_billing_budget.budget, but we are tolerating it because it is using the legacy plugin SDK.
    The following problems may be the cause of any confusing errors from downstream operations:
      - .all_updates_rule[0].pubsub_topic: planned value cty.StringVal("") for a non-computed attribute
      - .all_updates_rule[0].schema_version: planned value cty.StringVal("1.0") for a non-computed attribute
      - .amount[0].last_period_amount: planned value cty.False for a non-computed attribute
      - .amount[0].specified_amount[0].nanos: planned value cty.NumberIntVal(0) for a non-computed attribute
      - .budget_filter[0].resource_ancestors: planned value cty.SetValEmpty(cty.String) for a non-computed attribute
      - .budget_filter[0].calendar_period: planned value cty.StringVal("MONTH") for a non-computed attribute
      - .threshold_rules[0].spend_basis: planned value cty.StringVal("CURRENT_SPEND") for a non-computed attribute
      - .threshold_rules[1].spend_basis: planned value cty.StringVal("CURRENT_SPEND") for a non-computed attribute
      - .threshold_rules[2].spend_basis: planned value cty.StringVal("CURRENT_SPEND") for a non-computed attribute
      - .threshold_rules[3].spend_basis: planned value cty.StringVal("CURRENT_SPEND") for a non-computed attribute
2024-04-04T08:58:58.891Z [WARN]  Provider "registry.terraform.io/hashicorp/google" produced an invalid plan for module.route["gcp-vpc-prd-hub-shr-1-rt-fgtilb-internet-01"].google_compute_route.route, but we are tolerating it because it is using the legacy plugin SDK.
    The following problems may be the cause of any confusing errors from downstream operations:
      - .next_hop_gateway: planned value cty.StringVal("") for a non-computed attribute
      - .next_hop_instance: planned value cty.StringVal("") for a non-computed attribute
      - .next_hop_vpn_tunnel: planned value cty.StringVal("") for a non-computed attribute
2024-04-04T08:58:58.963Z [WARN]  Provider "registry.terraform.io/hashicorp/google" produced an unexpected new value for module.route["gcp-vpc-prd-out-fw-1-rt-cnat-internet-01"].google_compute_route.route during refresh.
      - .tags: was null, but now cty.SetValEmpty(cty.String)
2024-04-04T08:58:59.142Z [WARN]  Provider "registry.terraform.io/hashicorp/google" produced an invalid plan for module.vpc_subnets["gcp-vpc-npe-stg-shr-1"].google_compute_subnetwork.subnetwork["northamerica-northeast2/gcp-vpc-npe-stg-shr-1-yyz-digital-prv-tier-02"], but we are tolerating it because it is using the legacy plugin SDK.
    The following problems may be the cause of any confusing errors from downstream operations:
      - .ipv6_access_type: planned value cty.StringVal("") for a non-computed attribute
      - .role: planned value cty.StringVal("") for a non-computed attribute
      - .description: planned value cty.StringVal("") for a non-computed attribute
      - .log_config[0].metadata_fields: planned value cty.SetValEmpty(cty.String) for a non-computed attribute
2024-04-04T08:58:59.147Z [WARN]  Provider "registry.terraform.io/hashicorp/google" produced an invalid plan for module.vpc_subnets["gcp-vpc-npe-dev-shr-1"].google_compute_subnetwork.subnetwork["northamerica-northeast2/gcp-vpc-npe-dev-shr-1-yyz-digital-prv-tier-01"], but we are tolerating it because it is using the legacy plugin SDK.
    The following problems may be the cause of any confusing errors from downstream operations:
      - .role: planned value cty.StringVal("") for a non-computed attribute
      - .description: planned value cty.StringVal("") for a non-computed attribute
      - .ipv6_access_type: planned value cty.StringVal("") for a non-computed attribute
      - .log_config[0].metadata_fields: planned value cty.SetValEmpty(cty.String) for a non-computed attribute
2024-04-04T08:58:59.177Z [WARN]  Provider "registry.terraform.io/hashicorp/google" produced an invalid plan for module.vpc_subnets["gcp-vpc-prd-hub-shr-1"].google_compute_subnetwork.subnetwork["northamerica-northeast2/gcp-vpc-prd-hub-shr-1-yyz-inf-shr-mon-prv-tier-01"], but we are tolerating it because it is using the legacy plugin SDK.
    The following problems may be the cause of any confusing errors from downstream operations:
      - .description: planned value cty.StringVal("") for a non-computed attribute
      - .ipv6_access_type: planned value cty.StringVal("") for a non-computed attribute
      - .role: planned value cty.StringVal("") for a non-computed attribute
      - .log_config[0].metadata_fields: planned value cty.SetValEmpty(cty.String) for a non-computed attribute
2024-04-04T08:58:59.260Z [WARN]  Provider "registry.terraform.io/hashicorp/google" produced an invalid plan for module.vpc_subnets["gcp-vpc-npe-dev-shr-1"].google_compute_subnetwork.subnetwork["northamerica-northeast2/gcp-vpc-npe-dev-shr-1-yyz-digital-prv-tier-02"], but we are tolerating it because it is using the legacy plugin SDK.
    The following problems may be the cause of any confusing errors from downstream operations:
      - .role: planned value cty.StringVal("") for a non-computed attribute
      - .description: planned value cty.StringVal("") for a non-computed attribute
      - .ipv6_access_type: planned value cty.StringVal("") for a non-computed attribute
      - .log_config[0].metadata_fields: planned value cty.SetValEmpty(cty.String) for a non-computed attribute
2024-04-04T08:58:59.426Z [WARN]  Provider "registry.terraform.io/hashicorp/google" produced an invalid plan for module.vpc_subnets["gcp-vpc-prd-hub-shr-1"].google_compute_subnetwork.subnetwork["northamerica-northeast2/gcp-vpc-prd-hub-shr-1-yyz-inf-shr-cmn-prv-tier-01"], but we are tolerating it because it is using the legacy plugin SDK.
    The following problems may be the cause of any confusing errors from downstream operations:
      - .ipv6_access_type: planned value cty.StringVal("") for a non-computed attribute
      - .role: planned value cty.StringVal("") for a non-computed attribute
      - .description: planned value cty.StringVal("") for a non-computed attribute
      - .log_config[0].metadata_fields: planned value cty.SetValEmpty(cty.String) for a non-computed attribute
2024-04-04T08:58:59.441Z [WARN]  Provider "registry.terraform.io/hashicorp/google" produced an invalid plan for module.vpc_subnets["gcp-vpc-prd-ha-fw-1"].google_compute_subnetwork.subnetwork["northamerica-northeast2/gcp-vpc-prd-ha-fw-1-yyz-inf-prv-tier-01"], but we are tolerating it because it is using the legacy plugin SDK.
    The following problems may be the cause of any confusing errors from downstream operations:
      - .ipv6_access_type: planned value cty.StringVal("") for a non-computed attribute
      - .role: planned value cty.StringVal("") for a non-computed attribute
      - .description: planned value cty.StringVal("") for a non-computed attribute
      - .log_config[0].metadata_fields: planned value cty.SetValEmpty(cty.String) for a non-computed attribute
2024-04-04T08:58:59.470Z [WARN]  Provider "registry.terraform.io/hashicorp/google" produced an invalid plan for module.vpc_subnets["gcp-vpc-prd-shr-1"].google_compute_subnetwork.subnetwork["northamerica-northeast2/gcp-vpc-prd-shr-1-yyz-digital-prv-tier-02"], but we are tolerating it because it is using the legacy plugin SDK.
    The following problems may be the cause of any confusing errors from downstream operations:
      - .role: planned value cty.StringVal("") for a non-computed attribute
      - .description: planned value cty.StringVal("") for a non-computed attribute
      - .ipv6_access_type: planned value cty.StringVal("") for a non-computed attribute
      - .log_config[0].metadata_fields: planned value cty.SetValEmpty(cty.String) for a non-computed attribute
2024-04-04T08:58:59.550Z [WARN]  Provider "registry.terraform.io/hashicorp/google" produced an invalid plan for module.vpc_subnets["gcp-vpc-npe-qa-shr-1"].google_compute_subnetwork.subnetwork["northamerica-northeast2/gcp-vpc-npe-qa-shr-1-yyz-digital-prv-tier-02"], but we are tolerating it because it is using the legacy plugin SDK.
    The following problems may be the cause of any confusing errors from downstream operations:
      - .role: planned value cty.StringVal("") for a non-computed attribute
      - .description: planned value cty.StringVal("") for a non-computed attribute
      - .ipv6_access_type: planned value cty.StringVal("") for a non-computed attribute
      - .log_config[0].metadata_fields: planned value cty.SetValEmpty(cty.String) for a non-computed attribute
2024-04-04T08:58:59.585Z [WARN]  Provider "registry.terraform.io/hashicorp/google" produced an invalid plan for module.vpc_subnets["gcp-vpc-prd-hub-shr-1"].google_compute_subnetwork.subnetwork["northamerica-northeast2/gcp-vpc-prd-hub-shr-1-yyz-inf-shr-log-prv-tier-01"], but we are tolerating it because it is using the legacy plugin SDK.
    The following problems may be the cause of any confusing errors from downstream operations:
      - .ipv6_access_type: planned value cty.StringVal("") for a non-computed attribute
      - .role: planned value cty.StringVal("") for a non-computed attribute
      - .description: planned value cty.StringVal("") for a non-computed attribute
      - .log_config[0].metadata_fields: planned value cty.SetValEmpty(cty.String) for a non-computed attribute
2024-04-04T08:58:59.730Z [WARN]  Provider "registry.terraform.io/hashicorp/google" produced an invalid plan for module.vpc_subnets["gcp-vpc-prd-shr-1"].google_compute_subnetwork.subnetwork["northamerica-northeast2/gcp-vpc-prd-shr-1-yyz-digital-prv-tier-01"], but we are tolerating it because it is using the legacy plugin SDK.
    The following problems may be the cause of any confusing errors from downstream operations:
      - .role: planned value cty.StringVal("") for a non-computed attribute
      - .description: planned value cty.StringVal("") for a non-computed attribute
      - .ipv6_access_type: planned value cty.StringVal("") for a non-computed attribute
      - .log_config[0].metadata_fields: planned value cty.SetValEmpty(cty.String) for a non-computed attribute
2024-04-04T08:58:59.748Z [WARN]  Provider "registry.terraform.io/hashicorp/google" produced an invalid plan for module.vpc_subnets["gcp-vpc-prd-out-fw-1"].google_compute_subnetwork.subnetwork["northamerica-northeast2/gcp-vpc-prd-out-fw-1-yyz-inf-pub-tier-01"], but we are tolerating it because it is using the legacy plugin SDK.
    The following problems may be the cause of any confusing errors from downstream operations:
      - .ipv6_access_type: planned value cty.StringVal("") for a non-computed attribute
      - .role: planned value cty.StringVal("") for a non-computed attribute
      - .description: planned value cty.StringVal("") for a non-computed attribute
      - .log_config[0].metadata_fields: planned value cty.SetValEmpty(cty.String) for a non-computed attribute
2024-04-04T08:58:59.837Z [WARN]  Provider "registry.terraform.io/hashicorp/google" produced an invalid plan for module.vpc_subnets["gcp-vpc-npe-qa-shr-1"].google_compute_subnetwork.subnetwork["northamerica-northeast2/gcp-vpc-npe-qa-shr-1-yyz-digital-prv-tier-01"], but we are tolerating it because it is using the legacy plugin SDK.
    The following problems may be the cause of any confusing errors from downstream operations:
      - .role: planned value cty.StringVal("") for a non-computed attribute
      - .description: planned value cty.StringVal("") for a non-computed attribute
      - .ipv6_access_type: planned value cty.StringVal("") for a non-computed attribute
      - .log_config[0].metadata_fields: planned value cty.SetValEmpty(cty.String) for a non-computed attribute
2024-04-04T08:58:59.906Z [WARN]  Provider "registry.terraform.io/hashicorp/google" produced an invalid plan for module.vpc_subnets["gcp-vpc-npe-stg-shr-1"].google_compute_subnetwork.subnetwork["northamerica-northeast2/gcp-vpc-npe-stg-shr-1-yyz-digital-prv-tier-01"], but we are tolerating it because it is using the legacy plugin SDK.
    The following problems may be the cause of any confusing errors from downstream operations:
      - .ipv6_access_type: planned value cty.StringVal("") for a non-computed attribute
      - .role: planned value cty.StringVal("") for a non-computed attribute
      - .description: planned value cty.StringVal("") for a non-computed attribute
      - .log_config[0].metadata_fields: planned value cty.SetValEmpty(cty.String) for a non-computed attribute
2024-04-04T08:58:59.971Z [WARN]  Provider "registry.terraform.io/hashicorp/google-beta" produced an invalid plan for module.vpc_peering_1_2["gcp-peering-02"].google_compute_network_peering.local_network_peering, but we are tolerating it because it is using the legacy plugin SDK.
    The following problems may be the cause of any confusing errors from downstream operations:
      - .export_subnet_routes_with_public_ip: planned value cty.True for a non-computed attribute
      - .import_subnet_routes_with_public_ip: planned value cty.False for a non-computed attribute
      - .stack_type: planned value cty.StringVal("IPV4_ONLY") for a non-computed attribute
2024-04-04T08:59:00.008Z [WARN]  Provider "registry.terraform.io/hashicorp/google" produced an invalid plan for module.vpc_subnets["gcp-vpc-prd-mgmt-fw-1"].google_compute_subnetwork.subnetwork["northamerica-northeast2/gcp-vpc-prd-mgmt-fw-1-yyz-inf-prv-tier-01"], but we are tolerating it because it is using the legacy plugin SDK.
    The following problems may be the cause of any confusing errors from downstream operations:
      - .ipv6_access_type: planned value cty.StringVal("") for a non-computed attribute
      - .role: planned value cty.StringVal("") for a non-computed attribute
      - .description: planned value cty.StringVal("") for a non-computed attribute
      - .log_config[0].metadata_fields: planned value cty.SetValEmpty(cty.String) for a non-computed attribute
2024-04-04T08:59:00.079Z [WARN]  Provider "registry.terraform.io/hashicorp/google-beta" produced an invalid plan for module.vpc_peering_1_2["gcp-peering-04"].google_compute_network_peering.local_network_peering, but we are tolerating it because it is using the legacy plugin SDK.
    The following problems may be the cause of any confusing errors from downstream operations:
      - .stack_type: planned value cty.StringVal("IPV4_ONLY") for a non-computed attribute
      - .import_subnet_routes_with_public_ip: planned value cty.False for a non-computed attribute
      - .export_subnet_routes_with_public_ip: planned value cty.True for a non-computed attribute
2024-04-04T08:59:00.137Z [WARN]  Provider "registry.terraform.io/hashicorp/google-beta" produced an invalid plan for module.vpc_peering_1_2["gcp-peering-03"].google_compute_network_peering.local_network_peering, but we are tolerating it because it is using the legacy plugin SDK.
    The following problems may be the cause of any confusing errors from downstream operations:
      - .export_subnet_routes_with_public_ip: planned value cty.True for a non-computed attribute
      - .import_subnet_routes_with_public_ip: planned value cty.False for a non-computed attribute
      - .stack_type: planned value cty.StringVal("IPV4_ONLY") for a non-computed attribute
2024-04-04T08:59:00.193Z [WARN]  Provider "registry.terraform.io/hashicorp/google-beta" produced an invalid plan for module.vpc_peering_1_2["gcp-peering-01"].google_compute_network_peering.local_network_peering, but we are tolerating it because it is using the legacy plugin SDK.
    The following problems may be the cause of any confusing errors from downstream operations:
      - .import_subnet_routes_with_public_ip: planned value cty.False for a non-computed attribute
      - .stack_type: planned value cty.StringVal("IPV4_ONLY") for a non-computed attribute
      - .export_subnet_routes_with_public_ip: planned value cty.True for a non-computed attribute
2024-04-04T08:59:00.262Z [WARN]  Provider "registry.terraform.io/hashicorp/google" produced an invalid plan for module.vpc_firewall_rule["gcp-vpc-npe-dev-shr-1"].google_compute_firewall.rules["fw-dev-ingress-allow-22-3389-tcp-01"], but we are tolerating it because it is using the legacy plugin SDK.
    The following problems may be the cause of any confusing errors from downstream operations:
      - .target_service_accounts: planned value cty.SetValEmpty(cty.String) for a non-computed attribute
      - .disabled: planned value cty.False for a non-computed attribute
      - .source_service_accounts: planned value cty.SetValEmpty(cty.String) for a non-computed attribute
2024-04-04T08:59:00.294Z [WARN]  Provider "registry.terraform.io/hashicorp/google" produced an invalid plan for module.vpc_firewall_rule["gcp-vpc-prd-hub-shr-1"].google_compute_firewall.rules["fw-hub-ingress-allow-icmp-01"], but we are tolerating it because it is using the legacy plugin SDK.
    The following problems may be the cause of any confusing errors from downstream operations:
      - .disabled: planned value cty.False for a non-computed attribute
      - .source_service_accounts: planned value cty.SetValEmpty(cty.String) for a non-computed attribute
      - .target_service_accounts: planned value cty.SetValEmpty(cty.String) for a non-computed attribute
2024-04-04T08:59:00.295Z [WARN]  Provider "registry.terraform.io/hashicorp/google" produced an invalid plan for module.vpc_firewall_rule["gcp-vpc-npe-qa-shr-1"].google_compute_firewall.rules["fw-qa-ingress-allow-icmp-01"], but we are tolerating it because it is using the legacy plugin SDK.
    The following problems may be the cause of any confusing errors from downstream operations:
      - .source_service_accounts: planned value cty.SetValEmpty(cty.String) for a non-computed attribute
      - .target_service_accounts: planned value cty.SetValEmpty(cty.String) for a non-computed attribute
      - .disabled: planned value cty.False for a non-computed attribute
2024-04-04T08:59:00.348Z [WARN]  Provider "registry.terraform.io/hashicorp/google" produced an invalid plan for module.vpc_firewall_rule["gcp-vpc-npe-stg-shr-1"].google_compute_firewall.rules["fw-stg-ingress-allow-22-3389-tcp-01"], but we are tolerating it because it is using the legacy plugin SDK.
    The following problems may be the cause of any confusing errors from downstream operations:
      - .disabled: planned value cty.False for a non-computed attribute
      - .source_service_accounts: planned value cty.SetValEmpty(cty.String) for a non-computed attribute
      - .target_service_accounts: planned value cty.SetValEmpty(cty.String) for a non-computed attribute
2024-04-04T08:59:00.451Z [WARN]  Provider "registry.terraform.io/hashicorp/google" produced an invalid plan for module.vpc_firewall_rule["gcp-vpc-prd-out-fw-1"].google_compute_firewall.rules["fw-out-ingress-allow-icmp-01"], but we are tolerating it because it is using the legacy plugin SDK.
    The following problems may be the cause of any confusing errors from downstream operations:
      - .target_service_accounts: planned value cty.SetValEmpty(cty.String) for a non-computed attribute
      - .disabled: planned value cty.False for a non-computed attribute
      - .source_service_accounts: planned value cty.SetValEmpty(cty.String) for a non-computed attribute
2024-04-04T08:59:00.465Z [WARN]  Provider "registry.terraform.io/hashicorp/google" produced an invalid plan for module.vpc_firewall_rule["gcp-vpc-npe-qa-shr-1"].google_compute_firewall.rules["fw-qa-ingress-allow-22-3389-tcp-01"], but we are tolerating it because it is using the legacy plugin SDK.
    The following problems may be the cause of any confusing errors from downstream operations:
      - .source_service_accounts: planned value cty.SetValEmpty(cty.String) for a non-computed attribute
      - .target_service_accounts: planned value cty.SetValEmpty(cty.String) for a non-computed attribute
      - .disabled: planned value cty.False for a non-computed attribute
2024-04-04T08:59:00.500Z [WARN]  Provider "registry.terraform.io/hashicorp/google" produced an invalid plan for module.vpc_firewall_rule["gcp-vpc-prd-mgmt-fw-1"].google_compute_firewall.rules["fw-mgmt-ingress-allow-22-3389-tcp-01"], but we are tolerating it because it is using the legacy plugin SDK.
    The following problems may be the cause of any confusing errors from downstream operations:
      - .target_service_accounts: planned value cty.SetValEmpty(cty.String) for a non-computed attribute
      - .disabled: planned value cty.False for a non-computed attribute
      - .source_service_accounts: planned value cty.SetValEmpty(cty.String) for a non-computed attribute
2024-04-04T08:59:00.582Z [WARN]  Provider "registry.terraform.io/hashicorp/google" produced an invalid plan for module.vpc_firewall_rule["gcp-vpc-prd-ha-fw-1"].google_compute_firewall.rules["fw-ha-ingress-allow-fgt-01"], but we are tolerating it because it is using the legacy plugin SDK.
    The following problems may be the cause of any confusing errors from downstream operations:
      - .disabled: planned value cty.False for a non-computed attribute
      - .source_service_accounts: planned value cty.SetValEmpty(cty.String) for a non-computed attribute
      - .target_service_accounts: planned value cty.SetValEmpty(cty.String) for a non-computed attribute
2024-04-04T08:59:00.673Z [WARN]  Provider "registry.terraform.io/hashicorp/google" produced an invalid plan for module.vpc_firewall_rule["gcp-vpc-prd-mgmt-fw-1"].google_compute_firewall.rules["fw-mgmt-ingress-allow-icmp-01"], but we are tolerating it because it is using the legacy plugin SDK.
    The following problems may be the cause of any confusing errors from downstream operations:
      - .disabled: planned value cty.False for a non-computed attribute
      - .source_service_accounts: planned value cty.SetValEmpty(cty.String) for a non-computed attribute
      - .target_service_accounts: planned value cty.SetValEmpty(cty.String) for a non-computed attribute
2024-04-04T08:59:00.694Z [WARN]  Provider "registry.terraform.io/hashicorp/google" produced an invalid plan for module.vpc_firewall_rule["gcp-vpc-prd-ha-fw-1"].google_compute_firewall.rules["fw-ha-ingress-allow-22-3389-tcp-01"], but we are tolerating it because it is using the legacy plugin SDK.
    The following problems may be the cause of any confusing errors from downstream operations:
      - .disabled: planned value cty.False for a non-computed attribute
      - .source_service_accounts: planned value cty.SetValEmpty(cty.String) for a non-computed attribute
      - .target_service_accounts: planned value cty.SetValEmpty(cty.String) for a non-computed attribute
2024-04-04T08:59:00.714Z [WARN]  Provider "registry.terraform.io/hashicorp/google" produced an invalid plan for module.vpc_firewall_rule["gcp-vpc-prd-mgmt-fw-1"].google_compute_firewall.rules["fw-mgmt-ingress-allow-fgt-01"], but we are tolerating it because it is using the legacy plugin SDK.
    The following problems may be the cause of any confusing errors from downstream operations:
      - .disabled: planned value cty.False for a non-computed attribute
      - .source_service_accounts: planned value cty.SetValEmpty(cty.String) for a non-computed attribute
      - .target_service_accounts: planned value cty.SetValEmpty(cty.String) for a non-computed attribute
2024-04-04T08:59:00.746Z [WARN]  Provider "registry.terraform.io/hashicorp/google" produced an invalid plan for module.vpc_firewall_rule["gcp-vpc-prd-hub-shr-1"].google_compute_firewall.rules["fw-hub-ingress-allow-22-3389-tcp-01"], but we are tolerating it because it is using the legacy plugin SDK.
    The following problems may be the cause of any confusing errors from downstream operations:
      - .disabled: planned value cty.False for a non-computed attribute
      - .source_service_accounts: planned value cty.SetValEmpty(cty.String) for a non-computed attribute
      - .target_service_accounts: planned value cty.SetValEmpty(cty.String) for a non-computed attribute
2024-04-04T08:59:00.868Z [WARN]  Provider "registry.terraform.io/hashicorp/google" produced an invalid plan for module.vpc_firewall_rule["gcp-vpc-npe-dev-shr-1"].google_compute_firewall.rules["fw-dev-ingress-allow-icmp-01"], but we are tolerating it because it is using the legacy plugin SDK.
    The following problems may be the cause of any confusing errors from downstream operations:
      - .disabled: planned value cty.False for a non-computed attribute
      - .source_service_accounts: planned value cty.SetValEmpty(cty.String) for a non-computed attribute
      - .target_service_accounts: planned value cty.SetValEmpty(cty.String) for a non-computed attribute
2024-04-04T08:59:00.894Z [WARN]  Provider "registry.terraform.io/hashicorp/google" produced an invalid plan for module.vpc_firewall_rule["gcp-vpc-npe-stg-shr-1"].google_compute_firewall.rules["fw-stg-ingress-allow-icmp-01"], but we are tolerating it because it is using the legacy plugin SDK.
    The following problems may be the cause of any confusing errors from downstream operations:
      - .disabled: planned value cty.False for a non-computed attribute
      - .source_service_accounts: planned value cty.SetValEmpty(cty.String) for a non-computed attribute
      - .target_service_accounts: planned value cty.SetValEmpty(cty.String) for a non-computed attribute
2024-04-04T08:59:00.952Z [WARN]  Provider "registry.terraform.io/hashicorp/google" produced an invalid plan for module.vpc_firewall_rule["gcp-vpc-prd-ha-fw-1"].google_compute_firewall.rules["fw-ha-ingress-allow-icmp-01"], but we are tolerating it because it is using the legacy plugin SDK.
    The following problems may be the cause of any confusing errors from downstream operations:
      - .target_service_accounts: planned value cty.SetValEmpty(cty.String) for a non-computed attribute
      - .disabled: planned value cty.False for a non-computed attribute
      - .source_service_accounts: planned value cty.SetValEmpty(cty.String) for a non-computed attribute
2024-04-04T08:59:00.965Z [WARN]  Provider "registry.terraform.io/hashicorp/google" produced an invalid plan for module.vpc_firewall_rule["gcp-vpc-prd-hub-shr-1"].google_compute_firewall.rules["fw-hub-ingress-allow-80-443-8080-tcp-01"], but we are tolerating it because it is using the legacy plugin SDK.
    The following problems may be the cause of any confusing errors from downstream operations:
      - .disabled: planned value cty.False for a non-computed attribute
      - .source_service_accounts: planned value cty.SetValEmpty(cty.String) for a non-computed attribute
      - .target_service_accounts: planned value cty.SetValEmpty(cty.String) for a non-computed attribute
2024-04-04T08:59:01.042Z [WARN]  Provider "registry.terraform.io/hashicorp/google" produced an invalid plan for module.vpc_firewall_rule["gcp-vpc-prd-out-fw-1"].google_compute_firewall.rules["fw-out-ingress-allow-fgt-01"], but we are tolerating it because it is using the legacy plugin SDK.
    The following problems may be the cause of any confusing errors from downstream operations:
      - .disabled: planned value cty.False for a non-computed attribute
      - .source_service_accounts: planned value cty.SetValEmpty(cty.String) for a non-computed attribute
      - .target_service_accounts: planned value cty.SetValEmpty(cty.String) for a non-computed attribute
2024-04-04T08:59:01.128Z [WARN]  Provider "registry.terraform.io/hashicorp/google" produced an invalid plan for module.vpc_firewall_rule["gcp-vpc-prd-shr-1"].google_compute_firewall.rules["fw-prd-ingress-allow-icmp-01"], but we are tolerating it because it is using the legacy plugin SDK.
    The following problems may be the cause of any confusing errors from downstream operations:
      - .disabled: planned value cty.False for a non-computed attribute
      - .source_service_accounts: planned value cty.SetValEmpty(cty.String) for a non-computed attribute
      - .target_service_accounts: planned value cty.SetValEmpty(cty.String) for a non-computed attribute
2024-04-04T08:59:01.130Z [WARN]  Provider "registry.terraform.io/hashicorp/google" produced an invalid plan for module.vpc_firewall_rule["gcp-vpc-prd-ha-fw-1"].google_compute_firewall.rules["fw-ha-ingress-allow-80-443-8080-tcp-01"], but we are tolerating it because it is using the legacy plugin SDK.
    The following problems may be the cause of any confusing errors from downstream operations:
      - .disabled: planned value cty.False for a non-computed attribute
      - .source_service_accounts: planned value cty.SetValEmpty(cty.String) for a non-computed attribute
      - .target_service_accounts: planned value cty.SetValEmpty(cty.String) for a non-computed attribute
2024-04-04T08:59:01.146Z [WARN]  Provider "registry.terraform.io/hashicorp/google" produced an invalid plan for module.vpc_firewall_rule["gcp-vpc-npe-qa-shr-1"].google_compute_firewall.rules["fw-qa-ingress-allow-80-443-8080-tcp-01"], but we are tolerating it because it is using the legacy plugin SDK.
    The following problems may be the cause of any confusing errors from downstream operations:
      - .disabled: planned value cty.False for a non-computed attribute
      - .source_service_accounts: planned value cty.SetValEmpty(cty.String) for a non-computed attribute
      - .target_service_accounts: planned value cty.SetValEmpty(cty.String) for a non-computed attribute
2024-04-04T08:59:01.197Z [WARN]  Provider "registry.terraform.io/hashicorp/google" produced an invalid plan for module.vpc_firewall_rule["gcp-vpc-prd-out-fw-1"].google_compute_firewall.rules["fw-out-ingress-allow-22-3389-tcp-01"], but we are tolerating it because it is using the legacy plugin SDK.
    The following problems may be the cause of any confusing errors from downstream operations:
      - .source_service_accounts: planned value cty.SetValEmpty(cty.String) for a non-computed attribute
      - .target_service_accounts: planned value cty.SetValEmpty(cty.String) for a non-computed attribute
      - .disabled: planned value cty.False for a non-computed attribute
2024-04-04T08:59:01.327Z [WARN]  Provider "registry.terraform.io/hashicorp/google" produced an invalid plan for module.vpc_firewall_rule["gcp-vpc-prd-shr-1"].google_compute_firewall.rules["fw-prd-ingress-allow-22-3389-tcp-01"], but we are tolerating it because it is using the legacy plugin SDK.
    The following problems may be the cause of any confusing errors from downstream operations:
      - .target_service_accounts: planned value cty.SetValEmpty(cty.String) for a non-computed attribute
      - .disabled: planned value cty.False for a non-computed attribute
      - .source_service_accounts: planned value cty.SetValEmpty(cty.String) for a non-computed attribute
2024-04-04T08:59:01.354Z [WARN]  Provider "registry.terraform.io/hashicorp/google" produced an invalid plan for module.vpc_firewall_rule["gcp-vpc-prd-shr-1"].google_compute_firewall.rules["fw-prd-ingress-allow-80-443-8080-tcp-01"], but we are tolerating it because it is using the legacy plugin SDK.
    The following problems may be the cause of any confusing errors from downstream operations:
      - .disabled: planned value cty.False for a non-computed attribute
      - .source_service_accounts: planned value cty.SetValEmpty(cty.String) for a non-computed attribute
      - .target_service_accounts: planned value cty.SetValEmpty(cty.String) for a non-computed attribute
2024-04-04T08:59:01.360Z [WARN]  Provider "registry.terraform.io/hashicorp/google" produced an invalid plan for module.vpc_firewall_rule["gcp-vpc-npe-stg-shr-1"].google_compute_firewall.rules["fw-stg-ingress-allow-80-443-8080-tcp-01"], but we are tolerating it because it is using the legacy plugin SDK.
    The following problems may be the cause of any confusing errors from downstream operations:
      - .target_service_accounts: planned value cty.SetValEmpty(cty.String) for a non-computed attribute
      - .disabled: planned value cty.False for a non-computed attribute
      - .source_service_accounts: planned value cty.SetValEmpty(cty.String) for a non-computed attribute
2024-04-04T08:59:01.381Z [WARN]  Provider "registry.terraform.io/hashicorp/google" produced an invalid plan for module.vpc_firewall_rule["gcp-vpc-prd-out-fw-1"].google_compute_firewall.rules["fw-out-ingress-allow-80-443-8080-tcp-01"], but we are tolerating it because it is using the legacy plugin SDK.
    The following problems may be the cause of any confusing errors from downstream operations:
      - .disabled: planned value cty.False for a non-computed attribute
      - .source_service_accounts: planned value cty.SetValEmpty(cty.String) for a non-computed attribute
      - .target_service_accounts: planned value cty.SetValEmpty(cty.String) for a non-computed attribute
2024-04-04T08:59:01.546Z [WARN]  Provider "registry.terraform.io/hashicorp/google" produced an invalid plan for module.vpc_firewall_rule["gcp-vpc-npe-dev-shr-1"].google_compute_firewall.rules["fw-dev-ingress-allow-80-443-8080-tcp-01"], but we are tolerating it because it is using the legacy plugin SDK.
    The following problems may be the cause of any confusing errors from downstream operations:
      - .source_service_accounts: planned value cty.SetValEmpty(cty.String) for a non-computed attribute
      - .target_service_accounts: planned value cty.SetValEmpty(cty.String) for a non-computed attribute
      - .disabled: planned value cty.False for a non-computed attribute
2024-04-04T08:59:01.546Z [WARN]  Provider "registry.terraform.io/hashicorp/google" produced an invalid plan for module.vpc_firewall_rule["gcp-vpc-prd-hub-shr-1"].google_compute_firewall.rules["fw-hub-ingress-allow-fgt-01"], but we are tolerating it because it is using the legacy plugin SDK.
    The following problems may be the cause of any confusing errors from downstream operations:
      - .source_service_accounts: planned value cty.SetValEmpty(cty.String) for a non-computed attribute
      - .target_service_accounts: planned value cty.SetValEmpty(cty.String) for a non-computed attribute
      - .disabled: planned value cty.False for a non-computed attribute
2024-04-04T08:59:01.555Z [WARN]  Provider "registry.terraform.io/hashicorp/google" produced an invalid plan for module.vpc_firewall_rule["gcp-vpc-prd-mgmt-fw-1"].google_compute_firewall.rules["fw-mgmt-ingress-allow-80-443-8080-tcp-01"], but we are tolerating it because it is using the legacy plugin SDK.
    The following problems may be the cause of any confusing errors from downstream operations:
      - .disabled: planned value cty.False for a non-computed attribute
      - .source_service_accounts: planned value cty.SetValEmpty(cty.String) for a non-computed attribute
      - .target_service_accounts: planned value cty.SetValEmpty(cty.String) for a non-computed attribute
2024-04-04T08:59:01.569Z [WARN]  Provider "registry.terraform.io/hashicorp/google-beta" produced an invalid plan for module.vpc_peering_1_2["gcp-peering-04"].google_compute_network_peering.peer_network_peering, but we are tolerating it because it is using the legacy plugin SDK.
    The following problems may be the cause of any confusing errors from downstream operations:
      - .stack_type: planned value cty.StringVal("IPV4_ONLY") for a non-computed attribute
      - .import_subnet_routes_with_public_ip: planned value cty.False for a non-computed attribute
      - .export_subnet_routes_with_public_ip: planned value cty.True for a non-computed attribute
2024-04-04T08:59:01.721Z [WARN]  Provider "registry.terraform.io/hashicorp/google-beta" produced an invalid plan for module.vpc_peering_1_2["gcp-peering-03"].google_compute_network_peering.peer_network_peering, but we are tolerating it because it is using the legacy plugin SDK.
    The following problems may be the cause of any confusing errors from downstream operations:
      - .stack_type: planned value cty.StringVal("IPV4_ONLY") for a non-computed attribute
      - .import_subnet_routes_with_public_ip: planned value cty.False for a non-computed attribute
      - .export_subnet_routes_with_public_ip: planned value cty.True for a non-computed attribute
2024-04-04T08:59:01.753Z [WARN]  Provider "registry.terraform.io/hashicorp/google-beta" produced an invalid plan for module.vpc_peering_1_2["gcp-peering-01"].google_compute_network_peering.peer_network_peering, but we are tolerating it because it is using the legacy plugin SDK.
    The following problems may be the cause of any confusing errors from downstream operations:
      - .export_subnet_routes_with_public_ip: planned value cty.True for a non-computed attribute
      - .import_subnet_routes_with_public_ip: planned value cty.False for a non-computed attribute
      - .stack_type: planned value cty.StringVal("IPV4_ONLY") for a non-computed attribute
2024-04-04T08:59:01.781Z [WARN]  Provider "registry.terraform.io/hashicorp/google-beta" produced an invalid plan for module.vpc_peering_1_2["gcp-peering-02"].google_compute_network_peering.peer_network_peering, but we are tolerating it because it is using the legacy plugin SDK.
    The following problems may be the cause of any confusing errors from downstream operations:
      - .import_subnet_routes_with_public_ip: planned value cty.False for a non-computed attribute
      - .stack_type: planned value cty.StringVal("IPV4_ONLY") for a non-computed attribute
      - .export_subnet_routes_with_public_ip: planned value cty.True for a non-computed attribute
2024-04-04T08:59:01.986Z [WARN]  Provider "registry.terraform.io/hashicorp/google-beta" produced an invalid plan for module.vpc_peering_2_1["gcp-peering-04"].google_compute_network_peering.local_network_peering, but we are tolerating it because it is using the legacy plugin SDK.
    The following problems may be the cause of any confusing errors from downstream operations:
      - .import_subnet_routes_with_public_ip: planned value cty.False for a non-computed attribute
      - .stack_type: planned value cty.StringVal("IPV4_ONLY") for a non-computed attribute
      - .export_subnet_routes_with_public_ip: planned value cty.True for a non-computed attribute
2024-04-04T08:59:01.987Z [WARN]  Provider "registry.terraform.io/hashicorp/google-beta" produced an invalid plan for module.vpc_peering_2_1["gcp-peering-03"].google_compute_network_peering.local_network_peering, but we are tolerating it because it is using the legacy plugin SDK.
    The following problems may be the cause of any confusing errors from downstream operations:
      - .export_subnet_routes_with_public_ip: planned value cty.True for a non-computed attribute
      - .import_subnet_routes_with_public_ip: planned value cty.False for a non-computed attribute
      - .stack_type: planned value cty.StringVal("IPV4_ONLY") for a non-computed attribute
2024-04-04T08:59:02.022Z [WARN]  Provider "registry.terraform.io/hashicorp/google-beta" produced an invalid plan for module.vpc_peering_2_1["gcp-peering-02"].google_compute_network_peering.local_network_peering, but we are tolerating it because it is using the legacy plugin SDK.
    The following problems may be the cause of any confusing errors from downstream operations:
      - .import_subnet_routes_with_public_ip: planned value cty.False for a non-computed attribute
      - .stack_type: planned value cty.StringVal("IPV4_ONLY") for a non-computed attribute
      - .export_subnet_routes_with_public_ip: planned value cty.True for a non-computed attribute
2024-04-04T08:59:02.064Z [WARN]  Provider "registry.terraform.io/hashicorp/google-beta" produced an invalid plan for module.vpc_peering_2_1["gcp-peering-01"].google_compute_network_peering.local_network_peering, but we are tolerating it because it is using the legacy plugin SDK.
    The following problems may be the cause of any confusing errors from downstream operations:
      - .import_subnet_routes_with_public_ip: planned value cty.False for a non-computed attribute
      - .stack_type: planned value cty.StringVal("IPV4_ONLY") for a non-computed attribute
      - .export_subnet_routes_with_public_ip: planned value cty.True for a non-computed attribute
2024-04-04T08:59:02.249Z [WARN]  Provider "registry.terraform.io/hashicorp/google-beta" produced an invalid plan for module.vpc_peering_2_1["gcp-peering-02"].google_compute_network_peering.peer_network_peering, but we are tolerating it because it is using the legacy plugin SDK.
    The following problems may be the cause of any confusing errors from downstream operations:
      - .export_subnet_routes_with_public_ip: planned value cty.True for a non-computed attribute
      - .stack_type: planned value cty.StringVal("IPV4_ONLY") for a non-computed attribute
      - .import_subnet_routes_with_public_ip: planned value cty.False for a non-computed attribute
2024-04-04T08:59:02.256Z [WARN]  Provider "registry.terraform.io/hashicorp/google-beta" produced an invalid plan for module.vpc_peering_2_1["gcp-peering-04"].google_compute_network_peering.peer_network_peering, but we are tolerating it because it is using the legacy plugin SDK.
    The following problems may be the cause of any confusing errors from downstream operations:
      - .export_subnet_routes_with_public_ip: planned value cty.True for a non-computed attribute
      - .import_subnet_routes_with_public_ip: planned value cty.False for a non-computed attribute
      - .stack_type: planned value cty.StringVal("IPV4_ONLY") for a non-computed attribute
2024-04-04T08:59:02.311Z [WARN]  Provider "registry.terraform.io/hashicorp/google-beta" produced an invalid plan for module.vpc_peering_2_1["gcp-peering-01"].google_compute_network_peering.peer_network_peering, but we are tolerating it because it is using the legacy plugin SDK.
    The following problems may be the cause of any confusing errors from downstream operations:
      - .export_subnet_routes_with_public_ip: planned value cty.True for a non-computed attribute
      - .import_subnet_routes_with_public_ip: planned value cty.False for a non-computed attribute
      - .stack_type: planned value cty.StringVal("IPV4_ONLY") for a non-computed attribute
2024-04-04T08:59:02.324Z [WARN]  Provider "registry.terraform.io/hashicorp/google-beta" produced an invalid plan for module.vpc_peering_2_1["gcp-peering-03"].google_compute_network_peering.peer_network_peering, but we are tolerating it because it is using the legacy plugin SDK.
    The following problems may be the cause of any confusing errors from downstream operations:
      - .export_subnet_routes_with_public_ip: planned value cty.True for a non-computed attribute
      - .import_subnet_routes_with_public_ip: planned value cty.False for a non-computed attribute
      - .stack_type: planned value cty.StringVal("IPV4_ONLY") for a non-computed attribute
2024-04-04T08:59:02.458Z [INFO]  backend/local: plan operation completed
2024-04-04T08:59:02.459Z [INFO]  backend/local: writing plan output to: ../plan-file/network-tf-plan.json
2024-04-04T08:59:25.844Z [INFO]  Terraform version: 1.7.5
2024-04-04T08:59:25.844Z [INFO]  Go runtime version: go1.21.8
2024-04-04T08:59:25.844Z [INFO]  CLI args: []string{"terraform", "apply", "../plan-file/network-tf-plan.json"}
2024-04-04T08:59:25.845Z [INFO]  CLI command args: []string{"apply", "../plan-file/network-tf-plan.json"}
2024-04-04T08:59:26.801Z [INFO]  backend/local: starting Apply operation
2024-04-04T08:59:27.544Z [INFO]  provider: configuring client automatic mTLS
2024-04-04T08:59:27.626Z [INFO]  provider.terraform-provider-google_v5.19.0_x5: configuring server automatic mTLS: timestamp=2024-04-04T08:59:27.626Z
2024-04-04T08:59:27.998Z [INFO]  provider: configuring client automatic mTLS
2024-04-04T08:59:28.074Z [INFO]  provider.terraform-provider-google-beta_v5.19.0_x5: configuring server automatic mTLS: timestamp=2024-04-04T08:59:28.074Z
2024-04-04T08:59:28.484Z [INFO]  provider: configuring client automatic mTLS
2024-04-04T08:59:28.499Z [INFO]  provider.terraform-provider-null_v3.2.2_x5: configuring server automatic mTLS: timestamp=2024-04-04T08:59:28.499Z
2024-04-04T08:59:28.547Z [INFO]  backend/local: apply calling Apply
2024-04-04T08:59:28.583Z [INFO]  provider: configuring client automatic mTLS
2024-04-04T08:59:28.601Z [INFO]  provider.terraform-provider-null_v3.2.2_x5: configuring server automatic mTLS: timestamp=2024-04-04T08:59:28.601Z
2024-04-04T08:59:28.644Z [INFO]  provider: configuring client automatic mTLS
2024-04-04T08:59:28.719Z [INFO]  provider.terraform-provider-google-beta_v5.19.0_x5: configuring server automatic mTLS: timestamp=2024-04-04T08:59:28.719Z
2024-04-04T08:59:28.766Z [INFO]  provider: configuring client automatic mTLS
2024-04-04T08:59:28.839Z [INFO]  provider.terraform-provider-google_v5.19.0_x5: configuring server automatic mTLS: timestamp=2024-04-04T08:59:28.839Z
2024-04-04T08:59:29.028Z [INFO]  provider.terraform-provider-google_v5.19.0_x5: Authenticating using configured Google JSON 'access_token'...: tf_req_id=ac8b3682-2d01-64cd-1a5c-a7ebd78283e8 @module=google tf_mux_provider="*proto5server.Server" tf_provider_addr=registry.terraform.io/hashicorp/google tf_rpc=ConfigureProvider @caller=github.com/hashicorp/terraform-provider-google/google/fwtransport/framework_config.go:1701 timestamp=2024-04-04T08:59:29.027Z
2024-04-04T08:59:29.028Z [INFO]  provider.terraform-provider-google_v5.19.0_x5:   -- Scopes: [https://www.googleapis.com/auth/cloud-platform https://www.googleapis.com/auth/userinfo.email]: @module=google tf_mux_provider="*proto5server.Server" tf_provider_addr=registry.terraform.io/hashicorp/google tf_req_id=ac8b3682-2d01-64cd-1a5c-a7ebd78283e8 tf_rpc=ConfigureProvider @caller=github.com/hashicorp/terraform-provider-google/google/fwtransport/framework_config.go:1702 timestamp=2024-04-04T08:59:29.028Z
2024-04-04T08:59:29.028Z [INFO]  provider.terraform-provider-google_v5.19.0_x5: Authenticating using configured Google JSON 'access_token'...: tf_mux_provider="*proto5server.Server" tf_provider_addr=registry.terraform.io/hashicorp/google tf_req_id=ac8b3682-2d01-64cd-1a5c-a7ebd78283e8 tf_rpc=ConfigureProvider @caller=github.com/hashicorp/terraform-provider-google/google/fwtransport/framework_config.go:1701 @module=google timestamp=2024-04-04T08:59:29.028Z
2024-04-04T08:59:29.028Z [INFO]  provider.terraform-provider-google_v5.19.0_x5:   -- Scopes: [https://www.googleapis.com/auth/cloud-platform https://www.googleapis.com/auth/userinfo.email]: @caller=github.com/hashicorp/terraform-provider-google/google/fwtransport/framework_config.go:1702 @module=google tf_mux_provider="*proto5server.Server" tf_provider_addr=registry.terraform.io/hashicorp/google tf_req_id=ac8b3682-2d01-64cd-1a5c-a7ebd78283e8 tf_rpc=ConfigureProvider timestamp=2024-04-04T08:59:29.028Z
2024-04-04T08:59:29.039Z [INFO]  provider.terraform-provider-google-beta_v5.19.0_x5: Authenticating using configured Google JSON 'access_token'...: @module=google_beta tf_provider_addr=registry.terraform.io/hashicorp/google-beta tf_rpc=ConfigureProvider @caller=github.com/hashicorp/terraform-provider-google-beta/google-beta/fwtransport/framework_config.go:1840 tf_mux_provider="*proto5server.Server" tf_req_id=b22b2409-6e27-9d3b-c0eb-660049f7cee0 timestamp=2024-04-04T08:59:29.039Z
2024-04-04T08:59:29.040Z [INFO]  provider.terraform-provider-google-beta_v5.19.0_x5:   -- Scopes: [https://www.googleapis.com/auth/cloud-platform https://www.googleapis.com/auth/userinfo.email]: @caller=github.com/hashicorp/terraform-provider-google-beta/google-beta/fwtransport/framework_config.go:1841 tf_mux_provider="*proto5server.Server" tf_provider_addr=registry.terraform.io/hashicorp/google-beta tf_rpc=ConfigureProvider @module=google_beta tf_req_id=b22b2409-6e27-9d3b-c0eb-660049f7cee0 timestamp=2024-04-04T08:59:29.040Z
2024-04-04T08:59:29.040Z [INFO]  provider.terraform-provider-google-beta_v5.19.0_x5: Authenticating using configured Google JSON 'access_token'...: @caller=github.com/hashicorp/terraform-provider-google-beta/google-beta/fwtransport/framework_config.go:1840 @module=google_beta tf_provider_addr=registry.terraform.io/hashicorp/google-beta tf_req_id=b22b2409-6e27-9d3b-c0eb-660049f7cee0 tf_mux_provider="*proto5server.Server" tf_rpc=ConfigureProvider timestamp=2024-04-04T08:59:29.040Z
2024-04-04T08:59:29.040Z [INFO]  provider.terraform-provider-google-beta_v5.19.0_x5:   -- Scopes: [https://www.googleapis.com/auth/cloud-platform https://www.googleapis.com/auth/userinfo.email]: @module=google_beta tf_provider_addr=registry.terraform.io/hashicorp/google-beta tf_req_id=b22b2409-6e27-9d3b-c0eb-660049f7cee0 tf_rpc=ConfigureProvider @caller=github.com/hashicorp/terraform-provider-google-beta/google-beta/fwtransport/framework_config.go:1841 tf_mux_provider="*proto5server.Server" timestamp=2024-04-04T08:59:29.040Z
2024-04-04T08:59:29.107Z [INFO]  provider.terraform-provider-google_v5.19.0_x5: Terraform is using this identity: svc-cloudautomation@gcp-prj-inf-automation-prd-01.iam.gserviceaccount.com: @caller=github.com/hashicorp/terraform-provider-google/google/fwtransport/framework_config.go:1621 @module=google tf_provider_addr=registry.terraform.io/hashicorp/google tf_req_id=ac8b3682-2d01-64cd-1a5c-a7ebd78283e8 tf_rpc=ConfigureProvider tf_mux_provider="*proto5server.Server" timestamp=2024-04-04T08:59:29.107Z
2024-04-04T08:59:29.116Z [INFO]  provider.terraform-provider-google-beta_v5.19.0_x5: Terraform is using this identity: svc-cloudautomation@gcp-prj-inf-automation-prd-01.iam.gserviceaccount.com: tf_provider_addr=registry.terraform.io/hashicorp/google-beta tf_rpc=ConfigureProvider tf_req_id=b22b2409-6e27-9d3b-c0eb-660049f7cee0 @caller=github.com/hashicorp/terraform-provider-google-beta/google-beta/fwtransport/framework_config.go:1760 @module=google_beta tf_mux_provider="*proto5server.Server" timestamp=2024-04-04T08:59:29.116Z
2024-04-04T08:59:29.270Z [INFO]  Starting apply for module.route["gcp-vpc-prd-out-fw-1-rt-cnat-internet-01"].google_compute_route.route
2024-04-04T08:59:29.322Z [WARN]  Provider "registry.terraform.io/hashicorp/google" produced an invalid plan for module.billing_budget["gcp-prj-inf-networkspk-prd-1-budget-01"].google_billing_budget.budget, but we are tolerating it because it is using the legacy plugin SDK.
    The following problems may be the cause of any confusing errors from downstream operations:
      - .all_updates_rule[0].pubsub_topic: planned value cty.StringVal("") for a non-computed attribute
      - .all_updates_rule[0].schema_version: planned value cty.StringVal("1.0") for a non-computed attribute
      - .amount[0].last_period_amount: planned value cty.False for a non-computed attribute
      - .amount[0].specified_amount[0].nanos: planned value cty.NumberIntVal(0) for a non-computed attribute
      - .budget_filter[0].resource_ancestors: planned value cty.SetValEmpty(cty.String) for a non-computed attribute
      - .budget_filter[0].calendar_period: planned value cty.StringVal("MONTH") for a non-computed attribute
      - .threshold_rules[0].spend_basis: planned value cty.StringVal("CURRENT_SPEND") for a non-computed attribute
      - .threshold_rules[1].spend_basis: planned value cty.StringVal("CURRENT_SPEND") for a non-computed attribute
      - .threshold_rules[2].spend_basis: planned value cty.StringVal("CURRENT_SPEND") for a non-computed attribute
      - .threshold_rules[3].spend_basis: planned value cty.StringVal("CURRENT_SPEND") for a non-computed attribute
2024-04-04T08:59:29.349Z [WARN]  Provider "registry.terraform.io/hashicorp/google" produced an invalid plan for module.billing_budget["gcp-prj-inf-networkspk-qa-1-budget-01"].google_billing_budget.budget, but we are tolerating it because it is using the legacy plugin SDK.
    The following problems may be the cause of any confusing errors from downstream operations:
      - .all_updates_rule[0].pubsub_topic: planned value cty.StringVal("") for a non-computed attribute
      - .all_updates_rule[0].schema_version: planned value cty.StringVal("1.0") for a non-computed attribute
      - .amount[0].last_period_amount: planned value cty.False for a non-computed attribute
      - .amount[0].specified_amount[0].nanos: planned value cty.NumberIntVal(0) for a non-computed attribute
      - .budget_filter[0].resource_ancestors: planned value cty.SetValEmpty(cty.String) for a non-computed attribute
      - .budget_filter[0].calendar_period: planned value cty.StringVal("MONTH") for a non-computed attribute
      - .threshold_rules[0].spend_basis: planned value cty.StringVal("CURRENT_SPEND") for a non-computed attribute
      - .threshold_rules[1].spend_basis: planned value cty.StringVal("CURRENT_SPEND") for a non-computed attribute
      - .threshold_rules[2].spend_basis: planned value cty.StringVal("CURRENT_SPEND") for a non-computed attribute
      - .threshold_rules[3].spend_basis: planned value cty.StringVal("CURRENT_SPEND") for a non-computed attribute
2024-04-04T08:59:29.360Z [INFO]  Starting apply for module.billing_budget["gcp-prj-inf-networkspk-prd-1-budget-01"].google_billing_budget.budget
2024-04-04T08:59:29.363Z [WARN]  Provider "registry.terraform.io/hashicorp/google" produced an invalid plan for module.billing_budget["gcp-prj-inf-networkhub-prd-1-budget-01"].google_billing_budget.budget, but we are tolerating it because it is using the legacy plugin SDK.
    The following problems may be the cause of any confusing errors from downstream operations:
      - .threshold_rules[0].spend_basis: planned value cty.StringVal("CURRENT_SPEND") for a non-computed attribute
      - .threshold_rules[1].spend_basis: planned value cty.StringVal("CURRENT_SPEND") for a non-computed attribute
      - .threshold_rules[2].spend_basis: planned value cty.StringVal("CURRENT_SPEND") for a non-computed attribute
      - .threshold_rules[3].spend_basis: planned value cty.StringVal("CURRENT_SPEND") for a non-computed attribute
      - .all_updates_rule[0].schema_version: planned value cty.StringVal("1.0") for a non-computed attribute
      - .all_updates_rule[0].pubsub_topic: planned value cty.StringVal("") for a non-computed attribute
      - .amount[0].last_period_amount: planned value cty.False for a non-computed attribute
      - .amount[0].specified_amount[0].nanos: planned value cty.NumberIntVal(0) for a non-computed attribute
      - .budget_filter[0].calendar_period: planned value cty.StringVal("MONTH") for a non-computed attribute
      - .budget_filter[0].resource_ancestors: planned value cty.SetValEmpty(cty.String) for a non-computed attribute
2024-04-04T08:59:29.364Z [INFO]  Starting apply for module.billing_budget["gcp-prj-inf-networkhub-prd-1-budget-01"].google_billing_budget.budget
2024-04-04T08:59:29.378Z [INFO]  Starting apply for module.billing_budget["gcp-prj-inf-networkspk-qa-1-budget-01"].google_billing_budget.budget
2024-04-04T08:59:29.407Z [WARN]  Provider "registry.terraform.io/hashicorp/google" produced an invalid plan for module.route["gcp-vpc-prd-out-fw-1-rt-igw-01"].google_compute_route.route, but we are tolerating it because it is using the legacy plugin SDK.
    The following problems may be the cause of any confusing errors from downstream operations:
      - .tags: planned value cty.NullVal(cty.Set(cty.String)) does not match config value cty.SetValEmpty(cty.String)
2024-04-04T08:59:29.408Z [INFO]  Starting apply for module.route["gcp-vpc-prd-out-fw-1-rt-igw-01"].google_compute_route.route
2024-04-04T08:59:29.410Z [WARN]  Provider "registry.terraform.io/hashicorp/google" produced an invalid plan for module.billing_budget["gcp-prj-inf-networkspk-stg-1-budget-01"].google_billing_budget.budget, but we are tolerating it because it is using the legacy plugin SDK.
    The following problems may be the cause of any confusing errors from downstream operations:
      - .all_updates_rule[0].pubsub_topic: planned value cty.StringVal("") for a non-computed attribute
      - .all_updates_rule[0].schema_version: planned value cty.StringVal("1.0") for a non-computed attribute
      - .amount[0].last_period_amount: planned value cty.False for a non-computed attribute
      - .amount[0].specified_amount[0].nanos: planned value cty.NumberIntVal(0) for a non-computed attribute
      - .budget_filter[0].resource_ancestors: planned value cty.SetValEmpty(cty.String) for a non-computed attribute
      - .budget_filter[0].calendar_period: planned value cty.StringVal("MONTH") for a non-computed attribute
      - .threshold_rules[0].spend_basis: planned value cty.StringVal("CURRENT_SPEND") for a non-computed attribute
      - .threshold_rules[1].spend_basis: planned value cty.StringVal("CURRENT_SPEND") for a non-computed attribute
      - .threshold_rules[2].spend_basis: planned value cty.StringVal("CURRENT_SPEND") for a non-computed attribute
      - .threshold_rules[3].spend_basis: planned value cty.StringVal("CURRENT_SPEND") for a non-computed attribute
2024-04-04T08:59:29.411Z [INFO]  Starting apply for module.billing_budget["gcp-prj-inf-networkspk-stg-1-budget-01"].google_billing_budget.budget
2024-04-04T08:59:29.422Z [WARN]  Provider "registry.terraform.io/hashicorp/google" produced an invalid plan for module.billing_budget["gcp-prj-inf-networkspk-dev-1-budget-01"].google_billing_budget.budget, but we are tolerating it because it is using the legacy plugin SDK.
    The following problems may be the cause of any confusing errors from downstream operations:
      - .all_updates_rule[0].pubsub_topic: planned value cty.StringVal("") for a non-computed attribute
      - .all_updates_rule[0].schema_version: planned value cty.StringVal("1.0") for a non-computed attribute
      - .amount[0].last_period_amount: planned value cty.False for a non-computed attribute
      - .amount[0].specified_amount[0].nanos: planned value cty.NumberIntVal(0) for a non-computed attribute
      - .budget_filter[0].calendar_period: planned value cty.StringVal("MONTH") for a non-computed attribute
      - .budget_filter[0].resource_ancestors: planned value cty.SetValEmpty(cty.String) for a non-computed attribute
      - .threshold_rules[0].spend_basis: planned value cty.StringVal("CURRENT_SPEND") for a non-computed attribute
      - .threshold_rules[1].spend_basis: planned value cty.StringVal("CURRENT_SPEND") for a non-computed attribute
      - .threshold_rules[2].spend_basis: planned value cty.StringVal("CURRENT_SPEND") for a non-computed attribute
      - .threshold_rules[3].spend_basis: planned value cty.StringVal("CURRENT_SPEND") for a non-computed attribute
2024-04-04T08:59:29.435Z [INFO]  Starting apply for module.billing_budget["gcp-prj-inf-networkspk-dev-1-budget-01"].google_billing_budget.budget
2024-04-04T08:59:40.921Z [WARN]  Provider "provider[\"registry.terraform.io/hashicorp/google\"]" produced an unexpected new value for module.route["gcp-vpc-prd-out-fw-1-rt-igw-01"].google_compute_route.route, but we are tolerating it because it is using the legacy plugin SDK.
    The following problems may be the cause of any confusing errors from downstream operations:
      - .next_hop_ilb: was null, but now cty.StringVal("")
      - .network: was cty.StringVal("gcp-vpc-prd-out-fw-1"), but now cty.StringVal("https://www.googleapis.com/compute/v1/projects/gcp-prj-inf-networkhub-prd-1/global/networks/gcp-vpc-prd-out-fw-1")
      - .next_hop_gateway: was cty.StringVal("default-internet-gateway"), but now cty.StringVal("https://www.googleapis.com/compute/v1/projects/gcp-prj-inf-networkhub-prd-1/global/gateways/default-internet-gateway")
      - .next_hop_instance: was null, but now cty.StringVal("")
      - .next_hop_vpn_tunnel: was null, but now cty.StringVal("")
2024-04-04T08:59:42.408Z [INFO]  Terraform version: 1.7.5
2024-04-04T08:59:42.409Z [INFO]  Go runtime version: go1.21.8
2024-04-04T08:59:42.409Z [INFO]  CLI args: []string{"terraform", "output", "-json"}
2024-04-04T08:59:42.411Z [INFO]  CLI command args: []string{"output", "-json"}
