2024-04-05T14:51:41.277Z [INFO]  Terraform version: 1.7.5
2024-04-05T14:51:41.277Z [INFO]  Go runtime version: go1.21.8
2024-04-05T14:51:41.277Z [INFO]  CLI args: []string{"terraform", "init", "-upgrade", "-backend-config=bucket=gcp-yyz-prd-inf-cloudautomation-sbuc-01", "-backend-config=prefix=network/state-file"}
2024-04-05T14:51:41.278Z [INFO]  CLI command args: []string{"init", "-upgrade", "-backend-config=bucket=gcp-yyz-prd-inf-cloudautomation-sbuc-01", "-backend-config=prefix=network/state-file"}
2024-04-05T14:51:54.311Z [INFO]  Terraform version: 1.7.5
2024-04-05T14:51:54.311Z [INFO]  Go runtime version: go1.21.8
2024-04-05T14:51:54.312Z [INFO]  CLI args: []string{"terraform", "plan", "-var=access_token=ya29.c.c0AY_VpZh4xhIx7NjkV7tDfJvVdZSpgop9uey8witAI_sYFeASSfSHbzfjTOidLtwZEB6LH643GL0bNOSVkeOQLZDtDX9TB0rGMGFEX2Tp50LSjYLVZVTDsuav4itKZ0cPh4pPS7PeFgvb4oGsra0gmgmIYNP-OHhs1ni4Z0_Ql9FopjzOPkepAXmtcsHbHCZKhVW_ObWv4Pyfs2sw6LnZefqSDKSmPhishZApPRQSgShHTPGzqPb-AZTG2wjKkhzwFAspPRQM_sWgVOjcx6tI-IUP-f4VYInyqfcZeRDDYNgHqxM5fxaWVbpvBb7sa7wGVg7aK7EPA4jLDiVq0TlDfVmQ7wlcDYvPJJZLzMhUdzGQXAdM0A8miWYgqV3E4OI4uaPCVxB59tbFtAYh-YRYmJ5PGUP1WMBPgWXqo2O6LX8LW80poCj2mFL2ncCMtL986bkuBigFq29HvR5pgeSFTqlFgCDLlcm-X9cIXw3Adg6XuW3L2TK-BF1PY4EOdAg3T0wWbIuObiIOJVQPA_34Fm_B3FlbrLkx523soHtTyc5rzWPbNsHZg0rM8rHNS50Ui6srRzkwcXx4AKGrKrEq3rPznDUTNoWsN39XiDNaCA3fRVtQZqiCTIsaz1l6ql_iBzxJSSIuVCfuhqZzcOLPh14L6yLnLYVnUcDIJDhPG689CZhBjsUyWaqVZlmS7FIR8t6Vl8uqRfB-jOp7nri6oxdf9adM8J7g1tsJi5ss-bdx9aQySeZFOcymthpmjOchopaMQvczrsV1bxSxZsdF7kdy87e_k6ZM-WXSFwWJu3mh_8IMisS_twU6YXSksxkQiohpdy83bgFkpkFYM7dnrFJjkVo1ZzB5B2pzqjlkUwJS5mf6FaUhcQUQVkmjs3Mwenr9gjly3gr9BFdyQbe1ipYpq0yiy32yRRbngpmOuFxftmokJ2q8fnFpVn55lr-3ig5fSFthOY884hsvwyMiWmrJVbtryO8936MeZg8xuYa-u65XImpwOzm", "-var=project_id=gcp-prj-inf-automation-prd-01", "-var-file=../input-file/project.tfvars", "-var-file=../input-file/budget.tfvars", "-var-file=../input-file/api.tfvars", "-var-file=../input-file/vpc.tfvars", "-var-file=../input-file/subnet.tfvars", "-var-file=../input-file/firewall.tfvars", "-var-file=../input-file/peering.tfvars", "-var-file=../input-file/route.tfvars", "-out=../plan-file/network-tf-plan.json"}
2024-04-05T14:51:54.313Z [INFO]  CLI command args: []string{"plan", "-var=access_token=ya29.c.c0AY_VpZh4xhIx7NjkV7tDfJvVdZSpgop9uey8witAI_sYFeASSfSHbzfjTOidLtwZEB6LH643GL0bNOSVkeOQLZDtDX9TB0rGMGFEX2Tp50LSjYLVZVTDsuav4itKZ0cPh4pPS7PeFgvb4oGsra0gmgmIYNP-OHhs1ni4Z0_Ql9FopjzOPkepAXmtcsHbHCZKhVW_ObWv4Pyfs2sw6LnZefqSDKSmPhishZApPRQSgShHTPGzqPb-AZTG2wjKkhzwFAspPRQM_sWgVOjcx6tI-IUP-f4VYInyqfcZeRDDYNgHqxM5fxaWVbpvBb7sa7wGVg7aK7EPA4jLDiVq0TlDfVmQ7wlcDYvPJJZLzMhUdzGQXAdM0A8miWYgqV3E4OI4uaPCVxB59tbFtAYh-YRYmJ5PGUP1WMBPgWXqo2O6LX8LW80poCj2mFL2ncCMtL986bkuBigFq29HvR5pgeSFTqlFgCDLlcm-X9cIXw3Adg6XuW3L2TK-BF1PY4EOdAg3T0wWbIuObiIOJVQPA_34Fm_B3FlbrLkx523soHtTyc5rzWPbNsHZg0rM8rHNS50Ui6srRzkwcXx4AKGrKrEq3rPznDUTNoWsN39XiDNaCA3fRVtQZqiCTIsaz1l6ql_iBzxJSSIuVCfuhqZzcOLPh14L6yLnLYVnUcDIJDhPG689CZhBjsUyWaqVZlmS7FIR8t6Vl8uqRfB-jOp7nri6oxdf9adM8J7g1tsJi5ss-bdx9aQySeZFOcymthpmjOchopaMQvczrsV1bxSxZsdF7kdy87e_k6ZM-WXSFwWJu3mh_8IMisS_twU6YXSksxkQiohpdy83bgFkpkFYM7dnrFJjkVo1ZzB5B2pzqjlkUwJS5mf6FaUhcQUQVkmjs3Mwenr9gjly3gr9BFdyQbe1ipYpq0yiy32yRRbngpmOuFxftmokJ2q8fnFpVn55lr-3ig5fSFthOY884hsvwyMiWmrJVbtryO8936MeZg8xuYa-u65XImpwOzm", "-var=project_id=gcp-prj-inf-automation-prd-01", "-var-file=../input-file/project.tfvars", "-var-file=../input-file/budget.tfvars", "-var-file=../input-file/api.tfvars", "-var-file=../input-file/vpc.tfvars", "-var-file=../input-file/subnet.tfvars", "-var-file=../input-file/firewall.tfvars", "-var-file=../input-file/peering.tfvars", "-var-file=../input-file/route.tfvars", "-out=../plan-file/network-tf-plan.json"}
2024-04-05T14:51:55.693Z [INFO]  backend/local: starting Plan operation
2024-04-05T14:51:59.196Z [INFO]  provider: configuring client automatic mTLS
2024-04-05T14:51:59.268Z [INFO]  provider.terraform-provider-google_v5.19.0_x5: configuring server automatic mTLS: timestamp=2024-04-05T14:51:59.268Z
2024-04-05T14:51:59.622Z [INFO]  provider: configuring client automatic mTLS
2024-04-05T14:51:59.690Z [INFO]  provider.terraform-provider-google-beta_v5.19.0_x5: configuring server automatic mTLS: timestamp=2024-04-05T14:51:59.690Z
2024-04-05T14:52:00.066Z [INFO]  provider: configuring client automatic mTLS
2024-04-05T14:52:00.081Z [INFO]  provider.terraform-provider-null_v3.2.2_x5: configuring server automatic mTLS: timestamp=2024-04-05T14:52:00.081Z
2024-04-05T14:52:00.157Z [INFO]  provider: configuring client automatic mTLS
2024-04-05T14:52:00.184Z [INFO]  provider.terraform-provider-null_v3.2.2_x5: configuring server automatic mTLS: timestamp=2024-04-05T14:52:00.184Z
2024-04-05T14:52:00.228Z [INFO]  provider: configuring client automatic mTLS
2024-04-05T14:52:00.303Z [INFO]  provider.terraform-provider-google-beta_v5.19.0_x5: configuring server automatic mTLS: timestamp=2024-04-05T14:52:00.302Z
2024-04-05T14:52:00.344Z [INFO]  provider: configuring client automatic mTLS
2024-04-05T14:52:00.417Z [INFO]  provider.terraform-provider-google_v5.19.0_x5: configuring server automatic mTLS: timestamp=2024-04-05T14:52:00.416Z
2024-04-05T14:52:00.654Z [INFO]  backend/local: plan calling Plan
2024-04-05T14:52:00.698Z [INFO]  provider: configuring client automatic mTLS
2024-04-05T14:52:00.715Z [INFO]  provider.terraform-provider-null_v3.2.2_x5: configuring server automatic mTLS: timestamp=2024-04-05T14:52:00.715Z
2024-04-05T14:52:00.758Z [INFO]  provider: configuring client automatic mTLS
2024-04-05T14:52:00.824Z [INFO]  provider.terraform-provider-google-beta_v5.19.0_x5: configuring server automatic mTLS: timestamp=2024-04-05T14:52:00.824Z
2024-04-05T14:52:00.879Z [INFO]  provider: configuring client automatic mTLS
2024-04-05T14:52:01.002Z [INFO]  provider.terraform-provider-google_v5.19.0_x5: configuring server automatic mTLS: timestamp=2024-04-05T14:52:01.002Z
2024-04-05T14:52:01.052Z [INFO]  provider.terraform-provider-google-beta_v5.19.0_x5: Authenticating using configured Google JSON 'access_token'...: tf_mux_provider="*proto5server.Server" tf_rpc=ConfigureProvider tf_req_id=2c16bad5-0b5f-c542-06a9-37abf387f425 @caller=github.com/hashicorp/terraform-provider-google-beta/google-beta/fwtransport/framework_config.go:1840 @module=google_beta tf_provider_addr=registry.terraform.io/hashicorp/google-beta timestamp=2024-04-05T14:52:01.052Z
2024-04-05T14:52:01.053Z [INFO]  provider.terraform-provider-google-beta_v5.19.0_x5:   -- Scopes: [https://www.googleapis.com/auth/cloud-platform https://www.googleapis.com/auth/userinfo.email]: tf_provider_addr=registry.terraform.io/hashicorp/google-beta @module=google_beta tf_mux_provider="*proto5server.Server" tf_req_id=2c16bad5-0b5f-c542-06a9-37abf387f425 tf_rpc=ConfigureProvider @caller=github.com/hashicorp/terraform-provider-google-beta/google-beta/fwtransport/framework_config.go:1841 timestamp=2024-04-05T14:52:01.053Z
2024-04-05T14:52:01.054Z [INFO]  provider.terraform-provider-google-beta_v5.19.0_x5: Authenticating using configured Google JSON 'access_token'...: @module=google_beta tf_provider_addr=registry.terraform.io/hashicorp/google-beta tf_rpc=ConfigureProvider tf_mux_provider="*proto5server.Server" tf_req_id=2c16bad5-0b5f-c542-06a9-37abf387f425 @caller=github.com/hashicorp/terraform-provider-google-beta/google-beta/fwtransport/framework_config.go:1840 timestamp=2024-04-05T14:52:01.054Z
2024-04-05T14:52:01.054Z [INFO]  provider.terraform-provider-google-beta_v5.19.0_x5:   -- Scopes: [https://www.googleapis.com/auth/cloud-platform https://www.googleapis.com/auth/userinfo.email]: tf_req_id=2c16bad5-0b5f-c542-06a9-37abf387f425 tf_rpc=ConfigureProvider @caller=github.com/hashicorp/terraform-provider-google-beta/google-beta/fwtransport/framework_config.go:1841 @module=google_beta tf_mux_provider="*proto5server.Server" tf_provider_addr=registry.terraform.io/hashicorp/google-beta timestamp=2024-04-05T14:52:01.054Z
2024-04-05T14:52:01.137Z [INFO]  provider.terraform-provider-google_v5.19.0_x5: Authenticating using configured Google JSON 'access_token'...: tf_provider_addr=registry.terraform.io/hashicorp/google tf_req_id=1f673258-846b-e938-3860-d597d01655bc tf_rpc=ConfigureProvider @caller=github.com/hashicorp/terraform-provider-google/google/fwtransport/framework_config.go:1701 @module=google tf_mux_provider="*proto5server.Server" timestamp=2024-04-05T14:52:01.137Z
2024-04-05T14:52:01.137Z [INFO]  provider.terraform-provider-google_v5.19.0_x5:   -- Scopes: [https://www.googleapis.com/auth/cloud-platform https://www.googleapis.com/auth/userinfo.email]: tf_mux_provider="*proto5server.Server" tf_provider_addr=registry.terraform.io/hashicorp/google tf_req_id=1f673258-846b-e938-3860-d597d01655bc tf_rpc=ConfigureProvider @caller=github.com/hashicorp/terraform-provider-google/google/fwtransport/framework_config.go:1702 @module=google timestamp=2024-04-05T14:52:01.137Z
2024-04-05T14:52:01.138Z [INFO]  provider.terraform-provider-google_v5.19.0_x5: Authenticating using configured Google JSON 'access_token'...: @caller=github.com/hashicorp/terraform-provider-google/google/fwtransport/framework_config.go:1701 tf_mux_provider="*proto5server.Server" @module=google tf_provider_addr=registry.terraform.io/hashicorp/google tf_req_id=1f673258-846b-e938-3860-d597d01655bc tf_rpc=ConfigureProvider timestamp=2024-04-05T14:52:01.137Z
2024-04-05T14:52:01.138Z [INFO]  provider.terraform-provider-google_v5.19.0_x5:   -- Scopes: [https://www.googleapis.com/auth/cloud-platform https://www.googleapis.com/auth/userinfo.email]: tf_rpc=ConfigureProvider tf_mux_provider="*proto5server.Server" tf_provider_addr=registry.terraform.io/hashicorp/google tf_req_id=1f673258-846b-e938-3860-d597d01655bc @caller=github.com/hashicorp/terraform-provider-google/google/fwtransport/framework_config.go:1702 @module=google timestamp=2024-04-05T14:52:01.137Z
2024-04-05T14:52:01.188Z [INFO]  provider.terraform-provider-google-beta_v5.19.0_x5: Terraform is using this identity: svc-cloudautomation@gcp-prj-inf-automation-prd-01.iam.gserviceaccount.com: @module=google_beta tf_provider_addr=registry.terraform.io/hashicorp/google-beta tf_rpc=ConfigureProvider @caller=github.com/hashicorp/terraform-provider-google-beta/google-beta/fwtransport/framework_config.go:1760 tf_mux_provider="*proto5server.Server" tf_req_id=2c16bad5-0b5f-c542-06a9-37abf387f425 timestamp=2024-04-05T14:52:01.188Z
2024-04-05T14:52:01.198Z [INFO]  provider.terraform-provider-google_v5.19.0_x5: Terraform is using this identity: svc-cloudautomation@gcp-prj-inf-automation-prd-01.iam.gserviceaccount.com: tf_mux_provider="*proto5server.Server" tf_provider_addr=registry.terraform.io/hashicorp/google tf_req_id=1f673258-846b-e938-3860-d597d01655bc @caller=github.com/hashicorp/terraform-provider-google/google/fwtransport/framework_config.go:1621 @module=google tf_rpc=ConfigureProvider timestamp=2024-04-05T14:52:01.197Z
2024-04-05T14:52:06.356Z [WARN]  Provider "registry.terraform.io/hashicorp/google" produced an invalid plan for module.project["gcp-prj-inf-networkhub-prd-1"].google_project.project, but we are tolerating it because it is using the legacy plugin SDK.
    The following problems may be the cause of any confusing errors from downstream operations:
      - .org_id: planned value cty.StringVal("") for a non-computed attribute
2024-04-05T14:52:06.378Z [WARN]  Provider "registry.terraform.io/hashicorp/google" produced an invalid plan for module.project["gcp-prj-inf-networkspk-stg-1"].google_project.project, but we are tolerating it because it is using the legacy plugin SDK.
    The following problems may be the cause of any confusing errors from downstream operations:
      - .org_id: planned value cty.StringVal("") for a non-computed attribute
2024-04-05T14:52:06.380Z [WARN]  Provider "registry.terraform.io/hashicorp/google" produced an invalid plan for module.project["gcp-prj-inf-networkspk-prd-1"].google_project.project, but we are tolerating it because it is using the legacy plugin SDK.
    The following problems may be the cause of any confusing errors from downstream operations:
      - .org_id: planned value cty.StringVal("") for a non-computed attribute
2024-04-05T14:52:06.382Z [WARN]  Provider "registry.terraform.io/hashicorp/google" produced an invalid plan for module.project["gcp-prj-inf-networkspk-dev-1"].google_project.project, but we are tolerating it because it is using the legacy plugin SDK.
    The following problems may be the cause of any confusing errors from downstream operations:
      - .org_id: planned value cty.StringVal("") for a non-computed attribute
2024-04-05T14:52:06.405Z [WARN]  Provider "registry.terraform.io/hashicorp/google" produced an invalid plan for module.project["gcp-prj-inf-networkspk-qa-1"].google_project.project, but we are tolerating it because it is using the legacy plugin SDK.
    The following problems may be the cause of any confusing errors from downstream operations:
      - .org_id: planned value cty.StringVal("") for a non-computed attribute
2024-04-05T14:52:21.006Z [WARN]  Provider "registry.terraform.io/hashicorp/google" produced an invalid plan for module.billing_budget["gcp-prj-inf-networkspk-dev-1-budget-01"].google_monitoring_notification_channel.budget_notify, but we are tolerating it because it is using the legacy plugin SDK.
    The following problems may be the cause of any confusing errors from downstream operations:
      - .description: planned value cty.StringVal("") for a non-computed attribute
      - .enabled: planned value cty.True for a non-computed attribute
      - .force_delete: planned value cty.False for a non-computed attribute
      - .user_labels: planned value cty.MapValEmpty(cty.String) for a non-computed attribute
2024-04-05T14:52:21.007Z [WARN]  Provider "registry.terraform.io/hashicorp/google" produced an invalid plan for module.billing_budget["gcp-prj-inf-networkspk-prd-1-budget-01"].google_monitoring_notification_channel.budget_notify, but we are tolerating it because it is using the legacy plugin SDK.
    The following problems may be the cause of any confusing errors from downstream operations:
      - .description: planned value cty.StringVal("") for a non-computed attribute
      - .enabled: planned value cty.True for a non-computed attribute
      - .user_labels: planned value cty.MapValEmpty(cty.String) for a non-computed attribute
      - .force_delete: planned value cty.False for a non-computed attribute
2024-04-05T14:52:21.278Z [WARN]  Provider "registry.terraform.io/hashicorp/google" produced an invalid plan for module.billing_budget["gcp-prj-inf-networkspk-qa-1-budget-01"].google_monitoring_notification_channel.budget_notify, but we are tolerating it because it is using the legacy plugin SDK.
    The following problems may be the cause of any confusing errors from downstream operations:
      - .description: planned value cty.StringVal("") for a non-computed attribute
      - .enabled: planned value cty.True for a non-computed attribute
      - .user_labels: planned value cty.MapValEmpty(cty.String) for a non-computed attribute
      - .force_delete: planned value cty.False for a non-computed attribute
2024-04-05T14:52:21.310Z [WARN]  Provider "registry.terraform.io/hashicorp/google" produced an invalid plan for module.billing_budget["gcp-prj-inf-networkspk-stg-1-budget-01"].google_monitoring_notification_channel.budget_notify, but we are tolerating it because it is using the legacy plugin SDK.
    The following problems may be the cause of any confusing errors from downstream operations:
      - .force_delete: planned value cty.False for a non-computed attribute
      - .user_labels: planned value cty.MapValEmpty(cty.String) for a non-computed attribute
      - .description: planned value cty.StringVal("") for a non-computed attribute
      - .enabled: planned value cty.True for a non-computed attribute
2024-04-05T14:52:21.550Z [WARN]  Provider "registry.terraform.io/hashicorp/google" produced an invalid plan for module.billing_budget["gcp-prj-inf-networkhub-prd-1-budget-01"].google_monitoring_notification_channel.budget_notify, but we are tolerating it because it is using the legacy plugin SDK.
    The following problems may be the cause of any confusing errors from downstream operations:
      - .force_delete: planned value cty.False for a non-computed attribute
      - .user_labels: planned value cty.MapValEmpty(cty.String) for a non-computed attribute
      - .description: planned value cty.StringVal("") for a non-computed attribute
      - .enabled: planned value cty.True for a non-computed attribute
2024-04-05T14:52:21.689Z [WARN]  Provider "registry.terraform.io/hashicorp/google" produced an invalid plan for module.vpc["gcp-vpc-npe-stg-shr-1"].google_compute_network.vpc, but we are tolerating it because it is using the legacy plugin SDK.
    The following problems may be the cause of any confusing errors from downstream operations:
      - .enable_ula_internal_ipv6: planned value cty.False for a non-computed attribute
      - .network_firewall_policy_enforcement_order: planned value cty.StringVal("AFTER_CLASSIC_FIREWALL") for a non-computed attribute
2024-04-05T14:52:21.824Z [WARN]  Provider "registry.terraform.io/hashicorp/google" produced an invalid plan for module.vpc["gcp-vpc-npe-qa-shr-1"].google_compute_network.vpc, but we are tolerating it because it is using the legacy plugin SDK.
    The following problems may be the cause of any confusing errors from downstream operations:
      - .enable_ula_internal_ipv6: planned value cty.False for a non-computed attribute
      - .network_firewall_policy_enforcement_order: planned value cty.StringVal("AFTER_CLASSIC_FIREWALL") for a non-computed attribute
2024-04-05T14:52:21.856Z [WARN]  Provider "registry.terraform.io/hashicorp/google" produced an invalid plan for module.vpc["gcp-vpc-npe-dev-shr-1"].google_compute_network.vpc, but we are tolerating it because it is using the legacy plugin SDK.
    The following problems may be the cause of any confusing errors from downstream operations:
      - .enable_ula_internal_ipv6: planned value cty.False for a non-computed attribute
      - .network_firewall_policy_enforcement_order: planned value cty.StringVal("AFTER_CLASSIC_FIREWALL") for a non-computed attribute
2024-04-05T14:52:21.870Z [WARN]  Provider "registry.terraform.io/hashicorp/google" produced an invalid plan for module.vpc["gcp-vpc-prd-shr-1"].google_compute_network.vpc, but we are tolerating it because it is using the legacy plugin SDK.
    The following problems may be the cause of any confusing errors from downstream operations:
      - .enable_ula_internal_ipv6: planned value cty.False for a non-computed attribute
      - .network_firewall_policy_enforcement_order: planned value cty.StringVal("AFTER_CLASSIC_FIREWALL") for a non-computed attribute
2024-04-05T14:52:21.881Z [WARN]  Provider "registry.terraform.io/hashicorp/google" produced an invalid plan for module.vpc["gcp-vpc-prd-mgmt-fw-1"].google_compute_network.vpc, but we are tolerating it because it is using the legacy plugin SDK.
    The following problems may be the cause of any confusing errors from downstream operations:
      - .network_firewall_policy_enforcement_order: planned value cty.StringVal("AFTER_CLASSIC_FIREWALL") for a non-computed attribute
      - .enable_ula_internal_ipv6: planned value cty.False for a non-computed attribute
2024-04-05T14:52:21.950Z [WARN]  Provider "registry.terraform.io/hashicorp/google" produced an invalid plan for module.vpc["gcp-vpc-prd-ha-fw-1"].google_compute_network.vpc, but we are tolerating it because it is using the legacy plugin SDK.
    The following problems may be the cause of any confusing errors from downstream operations:
      - .enable_ula_internal_ipv6: planned value cty.False for a non-computed attribute
      - .network_firewall_policy_enforcement_order: planned value cty.StringVal("AFTER_CLASSIC_FIREWALL") for a non-computed attribute
2024-04-05T14:52:22.113Z [WARN]  Provider "registry.terraform.io/hashicorp/google" produced an invalid plan for module.vpc["gcp-vpc-prd-out-fw-1"].google_compute_network.vpc, but we are tolerating it because it is using the legacy plugin SDK.
    The following problems may be the cause of any confusing errors from downstream operations:
      - .enable_ula_internal_ipv6: planned value cty.False for a non-computed attribute
      - .network_firewall_policy_enforcement_order: planned value cty.StringVal("AFTER_CLASSIC_FIREWALL") for a non-computed attribute
2024-04-05T14:52:22.217Z [WARN]  Provider "registry.terraform.io/hashicorp/google" produced an invalid plan for module.vpc["gcp-vpc-prd-hub-shr-1"].google_compute_network.vpc, but we are tolerating it because it is using the legacy plugin SDK.
    The following problems may be the cause of any confusing errors from downstream operations:
      - .network_firewall_policy_enforcement_order: planned value cty.StringVal("AFTER_CLASSIC_FIREWALL") for a non-computed attribute
      - .enable_ula_internal_ipv6: planned value cty.False for a non-computed attribute
2024-04-05T14:52:22.600Z [WARN]  Provider "registry.terraform.io/hashicorp/google" produced an invalid plan for module.route["gcp-vpc-prd-out-fw-1-rt-igw-01"].google_compute_route.route, but we are tolerating it because it is using the legacy plugin SDK.
    The following problems may be the cause of any confusing errors from downstream operations:
      - .next_hop_ilb: planned value cty.StringVal("") for a non-computed attribute
      - .next_hop_vpn_tunnel: planned value cty.StringVal("") for a non-computed attribute
      - .next_hop_instance: planned value cty.StringVal("") for a non-computed attribute
2024-04-05T14:52:22.947Z [WARN]  Provider "registry.terraform.io/hashicorp/google" produced an unexpected new value for module.billing_budget["gcp-prj-inf-networkspk-prd-1-budget-01"].google_billing_budget.budget during refresh.
      - .budget_filter[0].projects: planned set element cty.StringVal("projects/gcp-prj-inf-networkspk-prd-1") does not correlate with any element in actual
2024-04-05T14:52:22.955Z [WARN]  Provider "registry.terraform.io/hashicorp/google" produced an unexpected new value for module.billing_budget["gcp-prj-inf-networkspk-stg-1-budget-01"].google_billing_budget.budget during refresh.
      - .budget_filter[0].projects: planned set element cty.StringVal("projects/gcp-prj-inf-networkspk-stg-1") does not correlate with any element in actual
2024-04-05T14:52:22.958Z [WARN]  Provider "registry.terraform.io/hashicorp/google" produced an invalid plan for module.billing_budget["gcp-prj-inf-networkspk-prd-1-budget-01"].google_billing_budget.budget, but we are tolerating it because it is using the legacy plugin SDK.
    The following problems may be the cause of any confusing errors from downstream operations:
      - .all_updates_rule[0].pubsub_topic: planned value cty.StringVal("") for a non-computed attribute
      - .all_updates_rule[0].schema_version: planned value cty.StringVal("1.0") for a non-computed attribute
      - .amount[0].last_period_amount: planned value cty.False for a non-computed attribute
      - .amount[0].specified_amount[0].nanos: planned value cty.NumberIntVal(0) for a non-computed attribute
      - .budget_filter[0].resource_ancestors: planned value cty.SetValEmpty(cty.String) for a non-computed attribute
      - .budget_filter[0].calendar_period: planned value cty.StringVal("MONTH") for a non-computed attribute
      - .threshold_rules[0].spend_basis: planned value cty.StringVal("CURRENT_SPEND") for a non-computed attribute
      - .threshold_rules[1].spend_basis: planned value cty.StringVal("CURRENT_SPEND") for a non-computed attribute
      - .threshold_rules[2].spend_basis: planned value cty.StringVal("CURRENT_SPEND") for a non-computed attribute
      - .threshold_rules[3].spend_basis: planned value cty.StringVal("CURRENT_SPEND") for a non-computed attribute
2024-04-05T14:52:22.960Z [WARN]  Provider "registry.terraform.io/hashicorp/google" produced an invalid plan for module.route["gcp-vpc-prd-hub-shr-1-rt-fgtilb-internet-01"].google_compute_route.route, but we are tolerating it because it is using the legacy plugin SDK.
    The following problems may be the cause of any confusing errors from downstream operations:
      - .next_hop_gateway: planned value cty.StringVal("") for a non-computed attribute
      - .next_hop_instance: planned value cty.StringVal("") for a non-computed attribute
      - .next_hop_vpn_tunnel: planned value cty.StringVal("") for a non-computed attribute
2024-04-05T14:52:22.970Z [WARN]  Provider "registry.terraform.io/hashicorp/google" produced an invalid plan for module.billing_budget["gcp-prj-inf-networkspk-stg-1-budget-01"].google_billing_budget.budget, but we are tolerating it because it is using the legacy plugin SDK.
    The following problems may be the cause of any confusing errors from downstream operations:
      - .all_updates_rule[0].pubsub_topic: planned value cty.StringVal("") for a non-computed attribute
      - .all_updates_rule[0].schema_version: planned value cty.StringVal("1.0") for a non-computed attribute
      - .amount[0].last_period_amount: planned value cty.False for a non-computed attribute
      - .amount[0].specified_amount[0].nanos: planned value cty.NumberIntVal(0) for a non-computed attribute
      - .budget_filter[0].resource_ancestors: planned value cty.SetValEmpty(cty.String) for a non-computed attribute
      - .budget_filter[0].calendar_period: planned value cty.StringVal("MONTH") for a non-computed attribute
      - .threshold_rules[0].spend_basis: planned value cty.StringVal("CURRENT_SPEND") for a non-computed attribute
      - .threshold_rules[1].spend_basis: planned value cty.StringVal("CURRENT_SPEND") for a non-computed attribute
      - .threshold_rules[2].spend_basis: planned value cty.StringVal("CURRENT_SPEND") for a non-computed attribute
      - .threshold_rules[3].spend_basis: planned value cty.StringVal("CURRENT_SPEND") for a non-computed attribute
2024-04-05T14:52:22.972Z [WARN]  Provider "registry.terraform.io/hashicorp/google" produced an unexpected new value for module.billing_budget["gcp-prj-inf-networkspk-qa-1-budget-01"].google_billing_budget.budget during refresh.
      - .budget_filter[0].projects: planned set element cty.StringVal("projects/gcp-prj-inf-networkspk-qa-1") does not correlate with any element in actual
2024-04-05T14:52:22.993Z [WARN]  Provider "registry.terraform.io/hashicorp/google" produced an invalid plan for module.billing_budget["gcp-prj-inf-networkspk-qa-1-budget-01"].google_billing_budget.budget, but we are tolerating it because it is using the legacy plugin SDK.
    The following problems may be the cause of any confusing errors from downstream operations:
      - .all_updates_rule[0].pubsub_topic: planned value cty.StringVal("") for a non-computed attribute
      - .all_updates_rule[0].schema_version: planned value cty.StringVal("1.0") for a non-computed attribute
      - .amount[0].last_period_amount: planned value cty.False for a non-computed attribute
      - .amount[0].specified_amount[0].nanos: planned value cty.NumberIntVal(0) for a non-computed attribute
      - .budget_filter[0].resource_ancestors: planned value cty.SetValEmpty(cty.String) for a non-computed attribute
      - .budget_filter[0].calendar_period: planned value cty.StringVal("MONTH") for a non-computed attribute
      - .threshold_rules[0].spend_basis: planned value cty.StringVal("CURRENT_SPEND") for a non-computed attribute
      - .threshold_rules[1].spend_basis: planned value cty.StringVal("CURRENT_SPEND") for a non-computed attribute
      - .threshold_rules[2].spend_basis: planned value cty.StringVal("CURRENT_SPEND") for a non-computed attribute
      - .threshold_rules[3].spend_basis: planned value cty.StringVal("CURRENT_SPEND") for a non-computed attribute
2024-04-05T14:52:23.028Z [WARN]  Provider "registry.terraform.io/hashicorp/google" produced an unexpected new value for module.billing_budget["gcp-prj-inf-networkhub-prd-1-budget-01"].google_billing_budget.budget during refresh.
      - .budget_filter[0].projects: planned set element cty.StringVal("projects/gcp-prj-inf-networkhub-prd-1") does not correlate with any element in actual
2024-04-05T14:52:23.036Z [WARN]  Provider "registry.terraform.io/hashicorp/google" produced an invalid plan for module.billing_budget["gcp-prj-inf-networkhub-prd-1-budget-01"].google_billing_budget.budget, but we are tolerating it because it is using the legacy plugin SDK.
    The following problems may be the cause of any confusing errors from downstream operations:
      - .all_updates_rule[0].pubsub_topic: planned value cty.StringVal("") for a non-computed attribute
      - .all_updates_rule[0].schema_version: planned value cty.StringVal("1.0") for a non-computed attribute
      - .amount[0].last_period_amount: planned value cty.False for a non-computed attribute
      - .amount[0].specified_amount[0].nanos: planned value cty.NumberIntVal(0) for a non-computed attribute
      - .budget_filter[0].resource_ancestors: planned value cty.SetValEmpty(cty.String) for a non-computed attribute
      - .budget_filter[0].calendar_period: planned value cty.StringVal("MONTH") for a non-computed attribute
      - .threshold_rules[0].spend_basis: planned value cty.StringVal("CURRENT_SPEND") for a non-computed attribute
      - .threshold_rules[1].spend_basis: planned value cty.StringVal("CURRENT_SPEND") for a non-computed attribute
      - .threshold_rules[2].spend_basis: planned value cty.StringVal("CURRENT_SPEND") for a non-computed attribute
      - .threshold_rules[3].spend_basis: planned value cty.StringVal("CURRENT_SPEND") for a non-computed attribute
2024-04-05T14:52:23.180Z [WARN]  Provider "registry.terraform.io/hashicorp/google" produced an unexpected new value for module.billing_budget["gcp-prj-inf-networkspk-dev-1-budget-01"].google_billing_budget.budget during refresh.
      - .budget_filter[0].projects: planned set element cty.StringVal("projects/gcp-prj-inf-networkspk-dev-1") does not correlate with any element in actual
2024-04-05T14:52:23.208Z [WARN]  Provider "registry.terraform.io/hashicorp/google" produced an invalid plan for module.billing_budget["gcp-prj-inf-networkspk-dev-1-budget-01"].google_billing_budget.budget, but we are tolerating it because it is using the legacy plugin SDK.
    The following problems may be the cause of any confusing errors from downstream operations:
      - .budget_filter[0].resource_ancestors: planned value cty.SetValEmpty(cty.String) for a non-computed attribute
      - .budget_filter[0].calendar_period: planned value cty.StringVal("MONTH") for a non-computed attribute
      - .threshold_rules[0].spend_basis: planned value cty.StringVal("CURRENT_SPEND") for a non-computed attribute
      - .threshold_rules[1].spend_basis: planned value cty.StringVal("CURRENT_SPEND") for a non-computed attribute
      - .threshold_rules[2].spend_basis: planned value cty.StringVal("CURRENT_SPEND") for a non-computed attribute
      - .threshold_rules[3].spend_basis: planned value cty.StringVal("CURRENT_SPEND") for a non-computed attribute
      - .all_updates_rule[0].pubsub_topic: planned value cty.StringVal("") for a non-computed attribute
      - .all_updates_rule[0].schema_version: planned value cty.StringVal("1.0") for a non-computed attribute
      - .amount[0].last_period_amount: planned value cty.False for a non-computed attribute
      - .amount[0].specified_amount[0].nanos: planned value cty.NumberIntVal(0) for a non-computed attribute
2024-04-05T14:52:24.345Z [WARN]  Provider "registry.terraform.io/hashicorp/google" produced an invalid plan for module.vpc_subnets["gcp-vpc-prd-shr-1"].google_compute_subnetwork.subnetwork["northamerica-northeast2/gcp-vpc-prd-shr-1-yyz-digital-prv-tier-01"], but we are tolerating it because it is using the legacy plugin SDK.
    The following problems may be the cause of any confusing errors from downstream operations:
      - .description: planned value cty.StringVal("") for a non-computed attribute
      - .role: planned value cty.StringVal("") for a non-computed attribute
      - .ipv6_access_type: planned value cty.StringVal("") for a non-computed attribute
      - .log_config[0].metadata_fields: planned value cty.SetValEmpty(cty.String) for a non-computed attribute
2024-04-05T14:52:24.372Z [WARN]  Provider "registry.terraform.io/hashicorp/google" produced an invalid plan for module.vpc_subnets["gcp-vpc-npe-stg-shr-1"].google_compute_subnetwork.subnetwork["northamerica-northeast2/gcp-vpc-npe-stg-shr-1-yyz-digital-prv-tier-01"], but we are tolerating it because it is using the legacy plugin SDK.
    The following problems may be the cause of any confusing errors from downstream operations:
      - .role: planned value cty.StringVal("") for a non-computed attribute
      - .ipv6_access_type: planned value cty.StringVal("") for a non-computed attribute
      - .description: planned value cty.StringVal("") for a non-computed attribute
      - .log_config[0].metadata_fields: planned value cty.SetValEmpty(cty.String) for a non-computed attribute
2024-04-05T14:52:24.374Z [WARN]  Provider "registry.terraform.io/hashicorp/google" produced an invalid plan for module.vpc_subnets["gcp-vpc-prd-hub-shr-1"].google_compute_subnetwork.subnetwork["northamerica-northeast2/gcp-vpc-prd-hub-shr-1-yyz-inf-shr-mon-prv-tier-01"], but we are tolerating it because it is using the legacy plugin SDK.
    The following problems may be the cause of any confusing errors from downstream operations:
      - .ipv6_access_type: planned value cty.StringVal("") for a non-computed attribute
      - .description: planned value cty.StringVal("") for a non-computed attribute
      - .role: planned value cty.StringVal("") for a non-computed attribute
      - .log_config[0].metadata_fields: planned value cty.SetValEmpty(cty.String) for a non-computed attribute
2024-04-05T14:52:24.375Z [WARN]  Provider "registry.terraform.io/hashicorp/google" produced an invalid plan for module.vpc_subnets["gcp-vpc-prd-hub-shr-1"].google_compute_subnetwork.subnetwork["northamerica-northeast2/gcp-vpc-prd-hub-shr-1-yyz-inf-shr-cmn-prv-tier-01"], but we are tolerating it because it is using the legacy plugin SDK.
    The following problems may be the cause of any confusing errors from downstream operations:
      - .ipv6_access_type: planned value cty.StringVal("") for a non-computed attribute
      - .description: planned value cty.StringVal("") for a non-computed attribute
      - .role: planned value cty.StringVal("") for a non-computed attribute
      - .log_config[0].metadata_fields: planned value cty.SetValEmpty(cty.String) for a non-computed attribute
2024-04-05T14:52:24.396Z [WARN]  Provider "registry.terraform.io/hashicorp/google" produced an invalid plan for module.vpc_subnets["gcp-vpc-prd-ha-fw-1"].google_compute_subnetwork.subnetwork["northamerica-northeast2/gcp-vpc-prd-ha-fw-1-yyz-inf-prv-tier-01"], but we are tolerating it because it is using the legacy plugin SDK.
    The following problems may be the cause of any confusing errors from downstream operations:
      - .ipv6_access_type: planned value cty.StringVal("") for a non-computed attribute
      - .description: planned value cty.StringVal("") for a non-computed attribute
      - .role: planned value cty.StringVal("") for a non-computed attribute
      - .log_config[0].metadata_fields: planned value cty.SetValEmpty(cty.String) for a non-computed attribute
2024-04-05T14:52:24.539Z [WARN]  Provider "registry.terraform.io/hashicorp/google" produced an invalid plan for module.vpc_subnets["gcp-vpc-prd-out-fw-1"].google_compute_subnetwork.subnetwork["northamerica-northeast2/gcp-vpc-prd-out-fw-1-yyz-inf-pub-tier-01"], but we are tolerating it because it is using the legacy plugin SDK.
    The following problems may be the cause of any confusing errors from downstream operations:
      - .role: planned value cty.StringVal("") for a non-computed attribute
      - .ipv6_access_type: planned value cty.StringVal("") for a non-computed attribute
      - .description: planned value cty.StringVal("") for a non-computed attribute
      - .log_config[0].metadata_fields: planned value cty.SetValEmpty(cty.String) for a non-computed attribute
2024-04-05T14:52:25.473Z [WARN]  Provider "registry.terraform.io/hashicorp/google" produced an invalid plan for module.vpc_subnets["gcp-vpc-npe-qa-shr-1"].google_compute_subnetwork.subnetwork["northamerica-northeast2/gcp-vpc-npe-qa-shr-1-yyz-digital-prv-tier-01"], but we are tolerating it because it is using the legacy plugin SDK.
    The following problems may be the cause of any confusing errors from downstream operations:
      - .ipv6_access_type: planned value cty.StringVal("") for a non-computed attribute
      - .description: planned value cty.StringVal("") for a non-computed attribute
      - .role: planned value cty.StringVal("") for a non-computed attribute
      - .log_config[0].metadata_fields: planned value cty.SetValEmpty(cty.String) for a non-computed attribute
2024-04-05T14:52:25.621Z [WARN]  Provider "registry.terraform.io/hashicorp/google-beta" produced an invalid plan for module.vpc_peering_1_2["gcp-peering-03"].google_compute_network_peering.local_network_peering, but we are tolerating it because it is using the legacy plugin SDK.
    The following problems may be the cause of any confusing errors from downstream operations:
      - .stack_type: planned value cty.StringVal("IPV4_ONLY") for a non-computed attribute
      - .export_subnet_routes_with_public_ip: planned value cty.True for a non-computed attribute
      - .import_subnet_routes_with_public_ip: planned value cty.False for a non-computed attribute
2024-04-05T14:52:25.644Z [WARN]  Provider "registry.terraform.io/hashicorp/google" produced an invalid plan for module.vpc_subnets["gcp-vpc-prd-hub-shr-1"].google_compute_subnetwork.subnetwork["northamerica-northeast2/gcp-vpc-prd-hub-shr-1-yyz-inf-shr-log-prv-tier-01"], but we are tolerating it because it is using the legacy plugin SDK.
    The following problems may be the cause of any confusing errors from downstream operations:
      - .description: planned value cty.StringVal("") for a non-computed attribute
      - .role: planned value cty.StringVal("") for a non-computed attribute
      - .ipv6_access_type: planned value cty.StringVal("") for a non-computed attribute
      - .log_config[0].metadata_fields: planned value cty.SetValEmpty(cty.String) for a non-computed attribute
2024-04-05T14:52:25.690Z [WARN]  Provider "registry.terraform.io/hashicorp/google-beta" produced an invalid plan for module.vpc_peering_1_2["gcp-peering-02"].google_compute_network_peering.local_network_peering, but we are tolerating it because it is using the legacy plugin SDK.
    The following problems may be the cause of any confusing errors from downstream operations:
      - .export_subnet_routes_with_public_ip: planned value cty.True for a non-computed attribute
      - .import_subnet_routes_with_public_ip: planned value cty.False for a non-computed attribute
      - .stack_type: planned value cty.StringVal("IPV4_ONLY") for a non-computed attribute
2024-04-05T14:52:25.696Z [WARN]  Provider "registry.terraform.io/hashicorp/google" produced an invalid plan for module.vpc_subnets["gcp-vpc-npe-qa-shr-1"].google_compute_subnetwork.subnetwork["northamerica-northeast2/gcp-vpc-npe-qa-shr-1-yyz-digital-prv-tier-02"], but we are tolerating it because it is using the legacy plugin SDK.
    The following problems may be the cause of any confusing errors from downstream operations:
      - .ipv6_access_type: planned value cty.StringVal("") for a non-computed attribute
      - .description: planned value cty.StringVal("") for a non-computed attribute
      - .role: planned value cty.StringVal("") for a non-computed attribute
      - .log_config[0].metadata_fields: planned value cty.SetValEmpty(cty.String) for a non-computed attribute
2024-04-05T14:52:25.734Z [WARN]  Provider "registry.terraform.io/hashicorp/google" produced an invalid plan for module.vpc_subnets["gcp-vpc-npe-dev-shr-1"].google_compute_subnetwork.subnetwork["northamerica-northeast2/gcp-vpc-npe-dev-shr-1-yyz-digital-prv-tier-01"], but we are tolerating it because it is using the legacy plugin SDK.
    The following problems may be the cause of any confusing errors from downstream operations:
      - .description: planned value cty.StringVal("") for a non-computed attribute
      - .role: planned value cty.StringVal("") for a non-computed attribute
      - .ipv6_access_type: planned value cty.StringVal("") for a non-computed attribute
      - .log_config[0].metadata_fields: planned value cty.SetValEmpty(cty.String) for a non-computed attribute
2024-04-05T14:52:25.738Z [WARN]  Provider "registry.terraform.io/hashicorp/google" produced an invalid plan for module.vpc_subnets["gcp-vpc-prd-mgmt-fw-1"].google_compute_subnetwork.subnetwork["northamerica-northeast2/gcp-vpc-prd-mgmt-fw-1-yyz-inf-prv-tier-01"], but we are tolerating it because it is using the legacy plugin SDK.
    The following problems may be the cause of any confusing errors from downstream operations:
      - .ipv6_access_type: planned value cty.StringVal("") for a non-computed attribute
      - .description: planned value cty.StringVal("") for a non-computed attribute
      - .role: planned value cty.StringVal("") for a non-computed attribute
      - .log_config[0].metadata_fields: planned value cty.SetValEmpty(cty.String) for a non-computed attribute
2024-04-05T14:52:25.740Z [WARN]  Provider "registry.terraform.io/hashicorp/google" produced an invalid plan for module.vpc_subnets["gcp-vpc-npe-stg-shr-1"].google_compute_subnetwork.subnetwork["northamerica-northeast2/gcp-vpc-npe-stg-shr-1-yyz-digital-prv-tier-02"], but we are tolerating it because it is using the legacy plugin SDK.
    The following problems may be the cause of any confusing errors from downstream operations:
      - .ipv6_access_type: planned value cty.StringVal("") for a non-computed attribute
      - .description: planned value cty.StringVal("") for a non-computed attribute
      - .role: planned value cty.StringVal("") for a non-computed attribute
      - .log_config[0].metadata_fields: planned value cty.SetValEmpty(cty.String) for a non-computed attribute
2024-04-05T14:52:25.744Z [WARN]  Provider "registry.terraform.io/hashicorp/google" produced an invalid plan for module.vpc_subnets["gcp-vpc-prd-shr-1"].google_compute_subnetwork.subnetwork["northamerica-northeast2/gcp-vpc-prd-shr-1-yyz-digital-prv-tier-02"], but we are tolerating it because it is using the legacy plugin SDK.
    The following problems may be the cause of any confusing errors from downstream operations:
      - .description: planned value cty.StringVal("") for a non-computed attribute
      - .role: planned value cty.StringVal("") for a non-computed attribute
      - .ipv6_access_type: planned value cty.StringVal("") for a non-computed attribute
      - .log_config[0].metadata_fields: planned value cty.SetValEmpty(cty.String) for a non-computed attribute
2024-04-05T14:52:25.884Z [WARN]  Provider "registry.terraform.io/hashicorp/google" produced an invalid plan for module.vpc_subnets["gcp-vpc-npe-dev-shr-1"].google_compute_subnetwork.subnetwork["northamerica-northeast2/gcp-vpc-npe-dev-shr-1-yyz-digital-prv-tier-02"], but we are tolerating it because it is using the legacy plugin SDK.
    The following problems may be the cause of any confusing errors from downstream operations:
      - .role: planned value cty.StringVal("") for a non-computed attribute
      - .ipv6_access_type: planned value cty.StringVal("") for a non-computed attribute
      - .description: planned value cty.StringVal("") for a non-computed attribute
      - .log_config[0].metadata_fields: planned value cty.SetValEmpty(cty.String) for a non-computed attribute
2024-04-05T14:52:25.923Z [WARN]  Provider "registry.terraform.io/hashicorp/google-beta" produced an invalid plan for module.vpc_peering_1_2["gcp-peering-04"].google_compute_network_peering.local_network_peering, but we are tolerating it because it is using the legacy plugin SDK.
    The following problems may be the cause of any confusing errors from downstream operations:
      - .import_subnet_routes_with_public_ip: planned value cty.False for a non-computed attribute
      - .stack_type: planned value cty.StringVal("IPV4_ONLY") for a non-computed attribute
      - .export_subnet_routes_with_public_ip: planned value cty.True for a non-computed attribute
2024-04-05T14:52:25.988Z [WARN]  Provider "registry.terraform.io/hashicorp/google-beta" produced an invalid plan for module.vpc_peering_1_2["gcp-peering-01"].google_compute_network_peering.local_network_peering, but we are tolerating it because it is using the legacy plugin SDK.
    The following problems may be the cause of any confusing errors from downstream operations:
      - .import_subnet_routes_with_public_ip: planned value cty.False for a non-computed attribute
      - .stack_type: planned value cty.StringVal("IPV4_ONLY") for a non-computed attribute
      - .export_subnet_routes_with_public_ip: planned value cty.True for a non-computed attribute
2024-04-05T14:52:26.286Z [WARN]  Provider "registry.terraform.io/hashicorp/google" produced an invalid plan for module.vpc_firewall_rule["gcp-vpc-npe-stg-shr-1"].google_compute_firewall.rules["fw-stg-ingress-allow-22-3389-tcp-01"], but we are tolerating it because it is using the legacy plugin SDK.
    The following problems may be the cause of any confusing errors from downstream operations:
      - .disabled: planned value cty.False for a non-computed attribute
      - .source_service_accounts: planned value cty.SetValEmpty(cty.String) for a non-computed attribute
      - .target_service_accounts: planned value cty.SetValEmpty(cty.String) for a non-computed attribute
2024-04-05T14:52:26.314Z [WARN]  Provider "registry.terraform.io/hashicorp/google" produced an unexpected new value for module.vpc_firewall_rule["gcp-vpc-prd-out-fw-1"].google_compute_firewall.rules["fw-out-ingress-allow-fgt-01"] during refresh.
      - .source_tags: was null, but now cty.SetValEmpty(cty.String)
      - .target_tags: was null, but now cty.SetValEmpty(cty.String)
      - .source_service_accounts: was null, but now cty.SetValEmpty(cty.String)
      - .target_service_accounts: was null, but now cty.SetValEmpty(cty.String)
2024-04-05T14:52:26.340Z [WARN]  Provider "registry.terraform.io/hashicorp/google" produced an invalid plan for module.vpc_firewall_rule["gcp-vpc-prd-out-fw-1"].google_compute_firewall.rules["fw-out-ingress-allow-fgt-01"], but we are tolerating it because it is using the legacy plugin SDK.
    The following problems may be the cause of any confusing errors from downstream operations:
      - .target_service_accounts: planned value cty.SetValEmpty(cty.String) for a non-computed attribute
      - .disabled: planned value cty.False for a non-computed attribute
      - .source_service_accounts: planned value cty.SetValEmpty(cty.String) for a non-computed attribute
2024-04-05T14:52:26.350Z [WARN]  Provider "registry.terraform.io/hashicorp/google" produced an invalid plan for module.vpc_firewall_rule["gcp-vpc-prd-ha-fw-1"].google_compute_firewall.rules["fw-ha-ingress-allow-22-3389-tcp-01"], but we are tolerating it because it is using the legacy plugin SDK.
    The following problems may be the cause of any confusing errors from downstream operations:
      - .target_service_accounts: planned value cty.SetValEmpty(cty.String) for a non-computed attribute
      - .disabled: planned value cty.False for a non-computed attribute
      - .source_service_accounts: planned value cty.SetValEmpty(cty.String) for a non-computed attribute
2024-04-05T14:52:26.365Z [WARN]  Provider "registry.terraform.io/hashicorp/google" produced an invalid plan for module.vpc_firewall_rule["gcp-vpc-prd-ha-fw-1"].google_compute_firewall.rules["fw-ha-ingress-allow-80-443-8080-tcp-01"], but we are tolerating it because it is using the legacy plugin SDK.
    The following problems may be the cause of any confusing errors from downstream operations:
      - .target_service_accounts: planned value cty.SetValEmpty(cty.String) for a non-computed attribute
      - .disabled: planned value cty.False for a non-computed attribute
      - .source_service_accounts: planned value cty.SetValEmpty(cty.String) for a non-computed attribute
2024-04-05T14:52:26.369Z [WARN]  Provider "registry.terraform.io/hashicorp/google" produced an invalid plan for module.vpc_firewall_rule["gcp-vpc-prd-hub-shr-1"].google_compute_firewall.rules["fw-hub-ingress-allow-fgt-01"], but we are tolerating it because it is using the legacy plugin SDK.
    The following problems may be the cause of any confusing errors from downstream operations:
      - .target_service_accounts: planned value cty.SetValEmpty(cty.String) for a non-computed attribute
      - .disabled: planned value cty.False for a non-computed attribute
      - .source_service_accounts: planned value cty.SetValEmpty(cty.String) for a non-computed attribute
2024-04-05T14:52:26.370Z [WARN]  Provider "registry.terraform.io/hashicorp/google" produced an invalid plan for module.vpc_firewall_rule["gcp-vpc-npe-dev-shr-1"].google_compute_firewall.rules["fw-dev-ingress-allow-80-443-8080-tcp-01"], but we are tolerating it because it is using the legacy plugin SDK.
    The following problems may be the cause of any confusing errors from downstream operations:
      - .target_service_accounts: planned value cty.SetValEmpty(cty.String) for a non-computed attribute
      - .disabled: planned value cty.False for a non-computed attribute
      - .source_service_accounts: planned value cty.SetValEmpty(cty.String) for a non-computed attribute
2024-04-05T14:52:26.376Z [WARN]  Provider "registry.terraform.io/hashicorp/google" produced an invalid plan for module.vpc_firewall_rule["gcp-vpc-prd-out-fw-1"].google_compute_firewall.rules["fw-out-ingress-allow-80-443-8080-tcp-01"], but we are tolerating it because it is using the legacy plugin SDK.
    The following problems may be the cause of any confusing errors from downstream operations:
      - .disabled: planned value cty.False for a non-computed attribute
      - .source_service_accounts: planned value cty.SetValEmpty(cty.String) for a non-computed attribute
      - .target_service_accounts: planned value cty.SetValEmpty(cty.String) for a non-computed attribute
2024-04-05T14:52:26.393Z [WARN]  Provider "registry.terraform.io/hashicorp/google" produced an invalid plan for module.vpc_firewall_rule["gcp-vpc-npe-qa-shr-1"].google_compute_firewall.rules["fw-qa-ingress-allow-80-443-8080-tcp-01"], but we are tolerating it because it is using the legacy plugin SDK.
    The following problems may be the cause of any confusing errors from downstream operations:
      - .disabled: planned value cty.False for a non-computed attribute
      - .source_service_accounts: planned value cty.SetValEmpty(cty.String) for a non-computed attribute
      - .target_service_accounts: planned value cty.SetValEmpty(cty.String) for a non-computed attribute
2024-04-05T14:52:26.411Z [WARN]  Provider "registry.terraform.io/hashicorp/google" produced an invalid plan for module.vpc_firewall_rule["gcp-vpc-prd-mgmt-fw-1"].google_compute_firewall.rules["fw-mgmt-ingress-allow-80-443-8080-tcp-01"], but we are tolerating it because it is using the legacy plugin SDK.
    The following problems may be the cause of any confusing errors from downstream operations:
      - .source_service_accounts: planned value cty.SetValEmpty(cty.String) for a non-computed attribute
      - .target_service_accounts: planned value cty.SetValEmpty(cty.String) for a non-computed attribute
      - .disabled: planned value cty.False for a non-computed attribute
2024-04-05T14:52:26.426Z [WARN]  Provider "registry.terraform.io/hashicorp/google" produced an invalid plan for module.vpc_firewall_rule["gcp-vpc-npe-dev-shr-1"].google_compute_firewall.rules["fw-dev-ingress-allow-icmp-01"], but we are tolerating it because it is using the legacy plugin SDK.
    The following problems may be the cause of any confusing errors from downstream operations:
      - .disabled: planned value cty.False for a non-computed attribute
      - .source_service_accounts: planned value cty.SetValEmpty(cty.String) for a non-computed attribute
      - .target_service_accounts: planned value cty.SetValEmpty(cty.String) for a non-computed attribute
2024-04-05T14:52:26.723Z [WARN]  Provider "registry.terraform.io/hashicorp/google" produced an invalid plan for module.vpc_firewall_rule["gcp-vpc-npe-stg-shr-1"].google_compute_firewall.rules["fw-stg-ingress-allow-80-443-8080-tcp-01"], but we are tolerating it because it is using the legacy plugin SDK.
    The following problems may be the cause of any confusing errors from downstream operations:
      - .target_service_accounts: planned value cty.SetValEmpty(cty.String) for a non-computed attribute
      - .disabled: planned value cty.False for a non-computed attribute
      - .source_service_accounts: planned value cty.SetValEmpty(cty.String) for a non-computed attribute
2024-04-05T14:52:26.734Z [WARN]  Provider "registry.terraform.io/hashicorp/google" produced an invalid plan for module.vpc_firewall_rule["gcp-vpc-prd-shr-1"].google_compute_firewall.rules["fw-prd-ingress-allow-22-3389-tcp-01"], but we are tolerating it because it is using the legacy plugin SDK.
    The following problems may be the cause of any confusing errors from downstream operations:
      - .disabled: planned value cty.False for a non-computed attribute
      - .source_service_accounts: planned value cty.SetValEmpty(cty.String) for a non-computed attribute
      - .target_service_accounts: planned value cty.SetValEmpty(cty.String) for a non-computed attribute
2024-04-05T14:52:26.784Z [WARN]  Provider "registry.terraform.io/hashicorp/google" produced an invalid plan for module.vpc_firewall_rule["gcp-vpc-prd-out-fw-1"].google_compute_firewall.rules["fw-out-ingress-allow-icmp-01"], but we are tolerating it because it is using the legacy plugin SDK.
    The following problems may be the cause of any confusing errors from downstream operations:
      - .source_service_accounts: planned value cty.SetValEmpty(cty.String) for a non-computed attribute
      - .target_service_accounts: planned value cty.SetValEmpty(cty.String) for a non-computed attribute
      - .disabled: planned value cty.False for a non-computed attribute
2024-04-05T14:52:26.791Z [WARN]  Provider "registry.terraform.io/hashicorp/google" produced an invalid plan for module.vpc_firewall_rule["gcp-vpc-prd-shr-1"].google_compute_firewall.rules["fw-prd-ingress-allow-80-443-8080-tcp-01"], but we are tolerating it because it is using the legacy plugin SDK.
    The following problems may be the cause of any confusing errors from downstream operations:
      - .disabled: planned value cty.False for a non-computed attribute
      - .source_service_accounts: planned value cty.SetValEmpty(cty.String) for a non-computed attribute
      - .target_service_accounts: planned value cty.SetValEmpty(cty.String) for a non-computed attribute
2024-04-05T14:52:26.813Z [WARN]  Provider "registry.terraform.io/hashicorp/google" produced an invalid plan for module.vpc_firewall_rule["gcp-vpc-prd-out-fw-1"].google_compute_firewall.rules["fw-out-ingress-allow-22-3389-tcp-01"], but we are tolerating it because it is using the legacy plugin SDK.
    The following problems may be the cause of any confusing errors from downstream operations:
      - .disabled: planned value cty.False for a non-computed attribute
      - .source_service_accounts: planned value cty.SetValEmpty(cty.String) for a non-computed attribute
      - .target_service_accounts: planned value cty.SetValEmpty(cty.String) for a non-computed attribute
2024-04-05T14:52:26.822Z [WARN]  Provider "registry.terraform.io/hashicorp/google" produced an invalid plan for module.vpc_firewall_rule["gcp-vpc-npe-dev-shr-1"].google_compute_firewall.rules["fw-dev-ingress-allow-22-3389-tcp-01"], but we are tolerating it because it is using the legacy plugin SDK.
    The following problems may be the cause of any confusing errors from downstream operations:
      - .source_service_accounts: planned value cty.SetValEmpty(cty.String) for a non-computed attribute
      - .target_service_accounts: planned value cty.SetValEmpty(cty.String) for a non-computed attribute
      - .disabled: planned value cty.False for a non-computed attribute
2024-04-05T14:52:26.824Z [WARN]  Provider "registry.terraform.io/hashicorp/google" produced an invalid plan for module.vpc_firewall_rule["gcp-vpc-npe-qa-shr-1"].google_compute_firewall.rules["fw-qa-ingress-allow-22-3389-tcp-01"], but we are tolerating it because it is using the legacy plugin SDK.
    The following problems may be the cause of any confusing errors from downstream operations:
      - .disabled: planned value cty.False for a non-computed attribute
      - .source_service_accounts: planned value cty.SetValEmpty(cty.String) for a non-computed attribute
      - .target_service_accounts: planned value cty.SetValEmpty(cty.String) for a non-computed attribute
2024-04-05T14:52:26.826Z [WARN]  Provider "registry.terraform.io/hashicorp/google" produced an invalid plan for module.vpc_firewall_rule["gcp-vpc-prd-ha-fw-1"].google_compute_firewall.rules["fw-ha-ingress-allow-icmp-01"], but we are tolerating it because it is using the legacy plugin SDK.
    The following problems may be the cause of any confusing errors from downstream operations:
      - .source_service_accounts: planned value cty.SetValEmpty(cty.String) for a non-computed attribute
      - .target_service_accounts: planned value cty.SetValEmpty(cty.String) for a non-computed attribute
      - .disabled: planned value cty.False for a non-computed attribute
2024-04-05T14:52:26.827Z [WARN]  Provider "registry.terraform.io/hashicorp/google" produced an invalid plan for module.vpc_firewall_rule["gcp-vpc-npe-qa-shr-1"].google_compute_firewall.rules["fw-qa-ingress-allow-icmp-01"], but we are tolerating it because it is using the legacy plugin SDK.
    The following problems may be the cause of any confusing errors from downstream operations:
      - .target_service_accounts: planned value cty.SetValEmpty(cty.String) for a non-computed attribute
      - .disabled: planned value cty.False for a non-computed attribute
      - .source_service_accounts: planned value cty.SetValEmpty(cty.String) for a non-computed attribute
2024-04-05T14:52:26.880Z [WARN]  Provider "registry.terraform.io/hashicorp/google" produced an invalid plan for module.vpc_firewall_rule["gcp-vpc-prd-hub-shr-1"].google_compute_firewall.rules["fw-hub-ingress-allow-22-3389-tcp-01"], but we are tolerating it because it is using the legacy plugin SDK.
    The following problems may be the cause of any confusing errors from downstream operations:
      - .source_service_accounts: planned value cty.SetValEmpty(cty.String) for a non-computed attribute
      - .target_service_accounts: planned value cty.SetValEmpty(cty.String) for a non-computed attribute
      - .disabled: planned value cty.False for a non-computed attribute
2024-04-05T14:52:27.122Z [WARN]  Provider "registry.terraform.io/hashicorp/google" produced an invalid plan for module.vpc_firewall_rule["gcp-vpc-npe-stg-shr-1"].google_compute_firewall.rules["fw-stg-ingress-allow-icmp-01"], but we are tolerating it because it is using the legacy plugin SDK.
    The following problems may be the cause of any confusing errors from downstream operations:
      - .target_service_accounts: planned value cty.SetValEmpty(cty.String) for a non-computed attribute
      - .disabled: planned value cty.False for a non-computed attribute
      - .source_service_accounts: planned value cty.SetValEmpty(cty.String) for a non-computed attribute
2024-04-05T14:52:27.137Z [WARN]  Provider "registry.terraform.io/hashicorp/google" produced an invalid plan for module.vpc_firewall_rule["gcp-vpc-prd-shr-1"].google_compute_firewall.rules["fw-prd-ingress-allow-icmp-01"], but we are tolerating it because it is using the legacy plugin SDK.
    The following problems may be the cause of any confusing errors from downstream operations:
      - .target_service_accounts: planned value cty.SetValEmpty(cty.String) for a non-computed attribute
      - .disabled: planned value cty.False for a non-computed attribute
      - .source_service_accounts: planned value cty.SetValEmpty(cty.String) for a non-computed attribute
2024-04-05T14:52:27.145Z [WARN]  Provider "registry.terraform.io/hashicorp/google" produced an invalid plan for module.vpc_firewall_rule["gcp-vpc-prd-hub-shr-1"].google_compute_firewall.rules["fw-hub-ingress-allow-80-443-8080-tcp-01"], but we are tolerating it because it is using the legacy plugin SDK.
    The following problems may be the cause of any confusing errors from downstream operations:
      - .target_service_accounts: planned value cty.SetValEmpty(cty.String) for a non-computed attribute
      - .disabled: planned value cty.False for a non-computed attribute
      - .source_service_accounts: planned value cty.SetValEmpty(cty.String) for a non-computed attribute
2024-04-05T14:52:27.182Z [WARN]  Provider "registry.terraform.io/hashicorp/google" produced an unexpected new value for module.vpc_firewall_rule["gcp-vpc-prd-mgmt-fw-1"].google_compute_firewall.rules["fw-mgmt-ingress-allow-fgt-01"] during refresh.
      - .source_service_accounts: was null, but now cty.SetValEmpty(cty.String)
      - .source_tags: was null, but now cty.SetValEmpty(cty.String)
      - .target_service_accounts: was null, but now cty.SetValEmpty(cty.String)
2024-04-05T14:52:27.191Z [WARN]  Provider "registry.terraform.io/hashicorp/google" produced an invalid plan for module.vpc_firewall_rule["gcp-vpc-prd-mgmt-fw-1"].google_compute_firewall.rules["fw-mgmt-ingress-allow-fgt-01"], but we are tolerating it because it is using the legacy plugin SDK.
    The following problems may be the cause of any confusing errors from downstream operations:
      - .source_service_accounts: planned value cty.SetValEmpty(cty.String) for a non-computed attribute
      - .target_service_accounts: planned value cty.SetValEmpty(cty.String) for a non-computed attribute
      - .disabled: planned value cty.False for a non-computed attribute
2024-04-05T14:52:27.246Z [WARN]  Provider "registry.terraform.io/hashicorp/google" produced an unexpected new value for module.vpc_firewall_rule["gcp-vpc-prd-ha-fw-1"].google_compute_firewall.rules["fw-ha-ingress-allow-fgt-01"] during refresh.
      - .target_service_accounts: was null, but now cty.SetValEmpty(cty.String)
      - .source_ranges: was null, but now cty.SetValEmpty(cty.String)
      - .source_service_accounts: was null, but now cty.SetValEmpty(cty.String)
2024-04-05T14:52:27.248Z [WARN]  Provider "registry.terraform.io/hashicorp/google" produced an invalid plan for module.vpc_firewall_rule["gcp-vpc-prd-hub-shr-1"].google_compute_firewall.rules["fw-hub-ingress-allow-icmp-01"], but we are tolerating it because it is using the legacy plugin SDK.
    The following problems may be the cause of any confusing errors from downstream operations:
      - .disabled: planned value cty.False for a non-computed attribute
      - .source_service_accounts: planned value cty.SetValEmpty(cty.String) for a non-computed attribute
      - .target_service_accounts: planned value cty.SetValEmpty(cty.String) for a non-computed attribute
2024-04-05T14:52:27.263Z [WARN]  Provider "registry.terraform.io/hashicorp/google" produced an invalid plan for module.vpc_firewall_rule["gcp-vpc-prd-mgmt-fw-1"].google_compute_firewall.rules["fw-mgmt-ingress-allow-22-3389-tcp-01"], but we are tolerating it because it is using the legacy plugin SDK.
    The following problems may be the cause of any confusing errors from downstream operations:
      - .source_service_accounts: planned value cty.SetValEmpty(cty.String) for a non-computed attribute
      - .target_service_accounts: planned value cty.SetValEmpty(cty.String) for a non-computed attribute
      - .disabled: planned value cty.False for a non-computed attribute
2024-04-05T14:52:27.267Z [WARN]  Provider "registry.terraform.io/hashicorp/google" produced an invalid plan for module.vpc_firewall_rule["gcp-vpc-prd-mgmt-fw-1"].google_compute_firewall.rules["fw-mgmt-ingress-allow-icmp-01"], but we are tolerating it because it is using the legacy plugin SDK.
    The following problems may be the cause of any confusing errors from downstream operations:
      - .target_service_accounts: planned value cty.SetValEmpty(cty.String) for a non-computed attribute
      - .disabled: planned value cty.False for a non-computed attribute
      - .source_service_accounts: planned value cty.SetValEmpty(cty.String) for a non-computed attribute
2024-04-05T14:52:27.275Z [WARN]  Provider "registry.terraform.io/hashicorp/google" produced an invalid plan for module.vpc_firewall_rule["gcp-vpc-prd-ha-fw-1"].google_compute_firewall.rules["fw-ha-ingress-allow-fgt-01"], but we are tolerating it because it is using the legacy plugin SDK.
    The following problems may be the cause of any confusing errors from downstream operations:
      - .target_service_accounts: planned value cty.SetValEmpty(cty.String) for a non-computed attribute
      - .disabled: planned value cty.False for a non-computed attribute
      - .source_service_accounts: planned value cty.SetValEmpty(cty.String) for a non-computed attribute
2024-04-05T14:52:27.286Z [WARN]  Provider "registry.terraform.io/hashicorp/google" produced an invalid plan for module.vpc_firewall_rule["gcp-vpc-prd-hub-shr-1"].google_compute_firewall.rules["fw-hub-ingress-allow-53-80-389-443-636-8080-01"], but we are tolerating it because it is using the legacy plugin SDK.
    The following problems may be the cause of any confusing errors from downstream operations:
      - .target_service_accounts: planned value cty.SetValEmpty(cty.String) for a non-computed attribute
      - .disabled: planned value cty.False for a non-computed attribute
      - .source_service_accounts: planned value cty.SetValEmpty(cty.String) for a non-computed attribute
2024-04-05T14:52:27.288Z [WARN]  Provider "registry.terraform.io/hashicorp/google-beta" produced an invalid plan for module.vpc_peering_1_2["gcp-peering-02"].google_compute_network_peering.peer_network_peering, but we are tolerating it because it is using the legacy plugin SDK.
    The following problems may be the cause of any confusing errors from downstream operations:
      - .export_subnet_routes_with_public_ip: planned value cty.True for a non-computed attribute
      - .import_subnet_routes_with_public_ip: planned value cty.False for a non-computed attribute
      - .stack_type: planned value cty.StringVal("IPV4_ONLY") for a non-computed attribute
2024-04-05T14:52:27.465Z [WARN]  Provider "registry.terraform.io/hashicorp/google-beta" produced an invalid plan for module.vpc_peering_1_2["gcp-peering-03"].google_compute_network_peering.peer_network_peering, but we are tolerating it because it is using the legacy plugin SDK.
    The following problems may be the cause of any confusing errors from downstream operations:
      - .import_subnet_routes_with_public_ip: planned value cty.False for a non-computed attribute
      - .stack_type: planned value cty.StringVal("IPV4_ONLY") for a non-computed attribute
      - .export_subnet_routes_with_public_ip: planned value cty.True for a non-computed attribute
2024-04-05T14:52:27.501Z [WARN]  Provider "registry.terraform.io/hashicorp/google-beta" produced an invalid plan for module.vpc_peering_1_2["gcp-peering-04"].google_compute_network_peering.peer_network_peering, but we are tolerating it because it is using the legacy plugin SDK.
    The following problems may be the cause of any confusing errors from downstream operations:
      - .stack_type: planned value cty.StringVal("IPV4_ONLY") for a non-computed attribute
      - .export_subnet_routes_with_public_ip: planned value cty.True for a non-computed attribute
      - .import_subnet_routes_with_public_ip: planned value cty.False for a non-computed attribute
2024-04-05T14:52:27.587Z [WARN]  Provider "registry.terraform.io/hashicorp/google-beta" produced an invalid plan for module.vpc_peering_1_2["gcp-peering-01"].google_compute_network_peering.peer_network_peering, but we are tolerating it because it is using the legacy plugin SDK.
    The following problems may be the cause of any confusing errors from downstream operations:
      - .export_subnet_routes_with_public_ip: planned value cty.True for a non-computed attribute
      - .import_subnet_routes_with_public_ip: planned value cty.False for a non-computed attribute
      - .stack_type: planned value cty.StringVal("IPV4_ONLY") for a non-computed attribute
2024-04-05T14:52:27.973Z [WARN]  Provider "registry.terraform.io/hashicorp/google-beta" produced an invalid plan for module.vpc_peering_2_1["gcp-peering-03"].google_compute_network_peering.local_network_peering, but we are tolerating it because it is using the legacy plugin SDK.
    The following problems may be the cause of any confusing errors from downstream operations:
      - .export_subnet_routes_with_public_ip: planned value cty.True for a non-computed attribute
      - .import_subnet_routes_with_public_ip: planned value cty.False for a non-computed attribute
      - .stack_type: planned value cty.StringVal("IPV4_ONLY") for a non-computed attribute
2024-04-05T14:52:28.054Z [WARN]  Provider "registry.terraform.io/hashicorp/google-beta" produced an invalid plan for module.vpc_peering_2_1["gcp-peering-02"].google_compute_network_peering.local_network_peering, but we are tolerating it because it is using the legacy plugin SDK.
    The following problems may be the cause of any confusing errors from downstream operations:
      - .import_subnet_routes_with_public_ip: planned value cty.False for a non-computed attribute
      - .stack_type: planned value cty.StringVal("IPV4_ONLY") for a non-computed attribute
      - .export_subnet_routes_with_public_ip: planned value cty.True for a non-computed attribute
2024-04-05T14:52:28.055Z [WARN]  Provider "registry.terraform.io/hashicorp/google-beta" produced an invalid plan for module.vpc_peering_2_1["gcp-peering-01"].google_compute_network_peering.local_network_peering, but we are tolerating it because it is using the legacy plugin SDK.
    The following problems may be the cause of any confusing errors from downstream operations:
      - .export_subnet_routes_with_public_ip: planned value cty.True for a non-computed attribute
      - .import_subnet_routes_with_public_ip: planned value cty.False for a non-computed attribute
      - .stack_type: planned value cty.StringVal("IPV4_ONLY") for a non-computed attribute
2024-04-05T14:52:28.133Z [WARN]  Provider "registry.terraform.io/hashicorp/google-beta" produced an invalid plan for module.vpc_peering_2_1["gcp-peering-04"].google_compute_network_peering.local_network_peering, but we are tolerating it because it is using the legacy plugin SDK.
    The following problems may be the cause of any confusing errors from downstream operations:
      - .import_subnet_routes_with_public_ip: planned value cty.False for a non-computed attribute
      - .stack_type: planned value cty.StringVal("IPV4_ONLY") for a non-computed attribute
      - .export_subnet_routes_with_public_ip: planned value cty.True for a non-computed attribute
2024-04-05T14:52:28.552Z [WARN]  Provider "registry.terraform.io/hashicorp/google-beta" produced an invalid plan for module.vpc_peering_2_1["gcp-peering-04"].google_compute_network_peering.peer_network_peering, but we are tolerating it because it is using the legacy plugin SDK.
    The following problems may be the cause of any confusing errors from downstream operations:
      - .import_subnet_routes_with_public_ip: planned value cty.False for a non-computed attribute
      - .stack_type: planned value cty.StringVal("IPV4_ONLY") for a non-computed attribute
      - .export_subnet_routes_with_public_ip: planned value cty.True for a non-computed attribute
2024-04-05T14:52:28.555Z [WARN]  Provider "registry.terraform.io/hashicorp/google-beta" produced an invalid plan for module.vpc_peering_2_1["gcp-peering-01"].google_compute_network_peering.peer_network_peering, but we are tolerating it because it is using the legacy plugin SDK.
    The following problems may be the cause of any confusing errors from downstream operations:
      - .export_subnet_routes_with_public_ip: planned value cty.True for a non-computed attribute
      - .import_subnet_routes_with_public_ip: planned value cty.False for a non-computed attribute
      - .stack_type: planned value cty.StringVal("IPV4_ONLY") for a non-computed attribute
2024-04-05T14:52:28.566Z [WARN]  Provider "registry.terraform.io/hashicorp/google-beta" produced an invalid plan for module.vpc_peering_2_1["gcp-peering-03"].google_compute_network_peering.peer_network_peering, but we are tolerating it because it is using the legacy plugin SDK.
    The following problems may be the cause of any confusing errors from downstream operations:
      - .export_subnet_routes_with_public_ip: planned value cty.True for a non-computed attribute
      - .import_subnet_routes_with_public_ip: planned value cty.False for a non-computed attribute
      - .stack_type: planned value cty.StringVal("IPV4_ONLY") for a non-computed attribute
2024-04-05T14:52:28.576Z [WARN]  Provider "registry.terraform.io/hashicorp/google-beta" produced an invalid plan for module.vpc_peering_2_1["gcp-peering-02"].google_compute_network_peering.peer_network_peering, but we are tolerating it because it is using the legacy plugin SDK.
    The following problems may be the cause of any confusing errors from downstream operations:
      - .stack_type: planned value cty.StringVal("IPV4_ONLY") for a non-computed attribute
      - .export_subnet_routes_with_public_ip: planned value cty.True for a non-computed attribute
      - .import_subnet_routes_with_public_ip: planned value cty.False for a non-computed attribute
2024-04-05T14:52:28.692Z [INFO]  backend/local: plan operation completed
2024-04-05T14:52:28.692Z [INFO]  backend/local: writing plan output to: ../plan-file/network-tf-plan.json
2024-04-05T14:53:09.314Z [INFO]  Terraform version: 1.7.5
2024-04-05T14:53:09.314Z [INFO]  Go runtime version: go1.21.8
2024-04-05T14:53:09.314Z [INFO]  CLI args: []string{"terraform", "apply", "../plan-file/network-tf-plan.json"}
2024-04-05T14:53:09.315Z [INFO]  CLI command args: []string{"apply", "../plan-file/network-tf-plan.json"}
2024-04-05T14:53:10.230Z [INFO]  backend/local: starting Apply operation
2024-04-05T14:53:13.937Z [INFO]  provider: configuring client automatic mTLS
2024-04-05T14:53:14.010Z [INFO]  provider.terraform-provider-google_v5.19.0_x5: configuring server automatic mTLS: timestamp=2024-04-05T14:53:14.010Z
2024-04-05T14:53:14.356Z [INFO]  provider: configuring client automatic mTLS
2024-04-05T14:53:14.424Z [INFO]  provider.terraform-provider-google-beta_v5.19.0_x5: configuring server automatic mTLS: timestamp=2024-04-05T14:53:14.424Z
2024-04-05T14:53:14.847Z [INFO]  provider: configuring client automatic mTLS
2024-04-05T14:53:14.860Z [INFO]  provider.terraform-provider-null_v3.2.2_x5: configuring server automatic mTLS: timestamp=2024-04-05T14:53:14.860Z
2024-04-05T14:53:14.907Z [INFO]  backend/local: apply calling Apply
2024-04-05T14:53:14.960Z [INFO]  provider: configuring client automatic mTLS
2024-04-05T14:53:15.038Z [INFO]  provider.terraform-provider-google-beta_v5.19.0_x5: configuring server automatic mTLS: timestamp=2024-04-05T14:53:15.038Z
2024-04-05T14:53:15.083Z [INFO]  provider: configuring client automatic mTLS
2024-04-05T14:53:15.101Z [INFO]  provider.terraform-provider-null_v3.2.2_x5: configuring server automatic mTLS: timestamp=2024-04-05T14:53:15.100Z
2024-04-05T14:53:15.165Z [INFO]  provider: configuring client automatic mTLS
2024-04-05T14:53:15.264Z [INFO]  provider.terraform-provider-google_v5.19.0_x5: configuring server automatic mTLS: timestamp=2024-04-05T14:53:15.264Z
2024-04-05T14:53:15.316Z [INFO]  provider.terraform-provider-google-beta_v5.19.0_x5: Authenticating using configured Google JSON 'access_token'...: tf_mux_provider="*proto5server.Server" tf_rpc=ConfigureProvider @caller=github.com/hashicorp/terraform-provider-google-beta/google-beta/fwtransport/framework_config.go:1840 @module=google_beta tf_provider_addr=registry.terraform.io/hashicorp/google-beta tf_req_id=7b65c9b4-80b1-5269-58ac-14e24efc8f9f timestamp=2024-04-05T14:53:15.316Z
2024-04-05T14:53:15.316Z [INFO]  provider.terraform-provider-google-beta_v5.19.0_x5:   -- Scopes: [https://www.googleapis.com/auth/cloud-platform https://www.googleapis.com/auth/userinfo.email]: @caller=github.com/hashicorp/terraform-provider-google-beta/google-beta/fwtransport/framework_config.go:1841 tf_mux_provider="*proto5server.Server" @module=google_beta tf_provider_addr=registry.terraform.io/hashicorp/google-beta tf_req_id=7b65c9b4-80b1-5269-58ac-14e24efc8f9f tf_rpc=ConfigureProvider timestamp=2024-04-05T14:53:15.316Z
2024-04-05T14:53:15.316Z [INFO]  provider.terraform-provider-google-beta_v5.19.0_x5: Authenticating using configured Google JSON 'access_token'...: @caller=github.com/hashicorp/terraform-provider-google-beta/google-beta/fwtransport/framework_config.go:1840 tf_mux_provider="*proto5server.Server" tf_provider_addr=registry.terraform.io/hashicorp/google-beta tf_rpc=ConfigureProvider @module=google_beta tf_req_id=7b65c9b4-80b1-5269-58ac-14e24efc8f9f timestamp=2024-04-05T14:53:15.316Z
2024-04-05T14:53:15.316Z [INFO]  provider.terraform-provider-google-beta_v5.19.0_x5:   -- Scopes: [https://www.googleapis.com/auth/cloud-platform https://www.googleapis.com/auth/userinfo.email]: tf_mux_provider="*proto5server.Server" tf_provider_addr=registry.terraform.io/hashicorp/google-beta tf_req_id=7b65c9b4-80b1-5269-58ac-14e24efc8f9f tf_rpc=ConfigureProvider @caller=github.com/hashicorp/terraform-provider-google-beta/google-beta/fwtransport/framework_config.go:1841 @module=google_beta timestamp=2024-04-05T14:53:15.316Z
2024-04-05T14:53:15.393Z [INFO]  provider.terraform-provider-google_v5.19.0_x5: Authenticating using configured Google JSON 'access_token'...: @module=google tf_provider_addr=registry.terraform.io/hashicorp/google tf_req_id=39a5a369-db39-8ee0-6506-35cf671aa426 tf_mux_provider="*proto5server.Server" tf_rpc=ConfigureProvider @caller=github.com/hashicorp/terraform-provider-google/google/fwtransport/framework_config.go:1701 timestamp=2024-04-05T14:53:15.392Z
2024-04-05T14:53:15.393Z [INFO]  provider.terraform-provider-google_v5.19.0_x5:   -- Scopes: [https://www.googleapis.com/auth/cloud-platform https://www.googleapis.com/auth/userinfo.email]: tf_rpc=ConfigureProvider tf_mux_provider="*proto5server.Server" tf_req_id=39a5a369-db39-8ee0-6506-35cf671aa426 @module=google tf_provider_addr=registry.terraform.io/hashicorp/google @caller=github.com/hashicorp/terraform-provider-google/google/fwtransport/framework_config.go:1702 timestamp=2024-04-05T14:53:15.392Z
2024-04-05T14:53:15.393Z [INFO]  provider.terraform-provider-google_v5.19.0_x5: Authenticating using configured Google JSON 'access_token'...: tf_rpc=ConfigureProvider tf_mux_provider="*proto5server.Server" @module=google tf_provider_addr=registry.terraform.io/hashicorp/google tf_req_id=39a5a369-db39-8ee0-6506-35cf671aa426 @caller=github.com/hashicorp/terraform-provider-google/google/fwtransport/framework_config.go:1701 timestamp=2024-04-05T14:53:15.392Z
2024-04-05T14:53:15.393Z [INFO]  provider.terraform-provider-google_v5.19.0_x5:   -- Scopes: [https://www.googleapis.com/auth/cloud-platform https://www.googleapis.com/auth/userinfo.email]: tf_req_id=39a5a369-db39-8ee0-6506-35cf671aa426 tf_rpc=ConfigureProvider tf_provider_addr=registry.terraform.io/hashicorp/google @caller=github.com/hashicorp/terraform-provider-google/google/fwtransport/framework_config.go:1702 @module=google tf_mux_provider="*proto5server.Server" timestamp=2024-04-05T14:53:15.392Z
2024-04-05T14:53:15.405Z [INFO]  provider.terraform-provider-google-beta_v5.19.0_x5: Terraform is using this identity: svc-cloudautomation@gcp-prj-inf-automation-prd-01.iam.gserviceaccount.com: tf_mux_provider="*proto5server.Server" tf_provider_addr=registry.terraform.io/hashicorp/google-beta tf_rpc=ConfigureProvider @caller=github.com/hashicorp/terraform-provider-google-beta/google-beta/fwtransport/framework_config.go:1760 tf_req_id=7b65c9b4-80b1-5269-58ac-14e24efc8f9f @module=google_beta timestamp=2024-04-05T14:53:15.404Z
2024-04-05T14:53:15.510Z [INFO]  provider.terraform-provider-google_v5.19.0_x5: Terraform is using this identity: svc-cloudautomation@gcp-prj-inf-automation-prd-01.iam.gserviceaccount.com: tf_provider_addr=registry.terraform.io/hashicorp/google tf_req_id=39a5a369-db39-8ee0-6506-35cf671aa426 @caller=github.com/hashicorp/terraform-provider-google/google/fwtransport/framework_config.go:1621 @module=google tf_mux_provider="*proto5server.Server" tf_rpc=ConfigureProvider timestamp=2024-04-05T14:53:15.510Z
2024-04-05T14:53:15.634Z [WARN]  Provider "registry.terraform.io/hashicorp/google" produced an invalid plan for module.billing_budget["gcp-prj-inf-networkspk-dev-1-budget-01"].google_billing_budget.budget, but we are tolerating it because it is using the legacy plugin SDK.
    The following problems may be the cause of any confusing errors from downstream operations:
      - .threshold_rules[0].spend_basis: planned value cty.StringVal("CURRENT_SPEND") for a non-computed attribute
      - .threshold_rules[1].spend_basis: planned value cty.StringVal("CURRENT_SPEND") for a non-computed attribute
      - .threshold_rules[2].spend_basis: planned value cty.StringVal("CURRENT_SPEND") for a non-computed attribute
      - .threshold_rules[3].spend_basis: planned value cty.StringVal("CURRENT_SPEND") for a non-computed attribute
      - .all_updates_rule[0].pubsub_topic: planned value cty.StringVal("") for a non-computed attribute
      - .all_updates_rule[0].schema_version: planned value cty.StringVal("1.0") for a non-computed attribute
      - .amount[0].last_period_amount: planned value cty.False for a non-computed attribute
      - .amount[0].specified_amount[0].nanos: planned value cty.NumberIntVal(0) for a non-computed attribute
      - .budget_filter[0].resource_ancestors: planned value cty.SetValEmpty(cty.String) for a non-computed attribute
      - .budget_filter[0].calendar_period: planned value cty.StringVal("MONTH") for a non-computed attribute
2024-04-05T14:53:15.635Z [INFO]  Starting apply for module.billing_budget["gcp-prj-inf-networkspk-dev-1-budget-01"].google_billing_budget.budget
2024-04-05T14:53:15.643Z [WARN]  Provider "registry.terraform.io/hashicorp/google" produced an invalid plan for module.billing_budget["gcp-prj-inf-networkspk-qa-1-budget-01"].google_billing_budget.budget, but we are tolerating it because it is using the legacy plugin SDK.
    The following problems may be the cause of any confusing errors from downstream operations:
      - .all_updates_rule[0].schema_version: planned value cty.StringVal("1.0") for a non-computed attribute
      - .all_updates_rule[0].pubsub_topic: planned value cty.StringVal("") for a non-computed attribute
      - .amount[0].last_period_amount: planned value cty.False for a non-computed attribute
      - .amount[0].specified_amount[0].nanos: planned value cty.NumberIntVal(0) for a non-computed attribute
      - .budget_filter[0].resource_ancestors: planned value cty.SetValEmpty(cty.String) for a non-computed attribute
      - .budget_filter[0].calendar_period: planned value cty.StringVal("MONTH") for a non-computed attribute
      - .threshold_rules[0].spend_basis: planned value cty.StringVal("CURRENT_SPEND") for a non-computed attribute
      - .threshold_rules[1].spend_basis: planned value cty.StringVal("CURRENT_SPEND") for a non-computed attribute
      - .threshold_rules[2].spend_basis: planned value cty.StringVal("CURRENT_SPEND") for a non-computed attribute
      - .threshold_rules[3].spend_basis: planned value cty.StringVal("CURRENT_SPEND") for a non-computed attribute
2024-04-05T14:53:15.644Z [INFO]  Starting apply for module.billing_budget["gcp-prj-inf-networkspk-qa-1-budget-01"].google_billing_budget.budget
2024-04-05T14:53:15.649Z [WARN]  Provider "registry.terraform.io/hashicorp/google" produced an invalid plan for module.billing_budget["gcp-prj-inf-networkhub-prd-1-budget-01"].google_billing_budget.budget, but we are tolerating it because it is using the legacy plugin SDK.
    The following problems may be the cause of any confusing errors from downstream operations:
      - .all_updates_rule[0].pubsub_topic: planned value cty.StringVal("") for a non-computed attribute
      - .all_updates_rule[0].schema_version: planned value cty.StringVal("1.0") for a non-computed attribute
      - .amount[0].last_period_amount: planned value cty.False for a non-computed attribute
      - .amount[0].specified_amount[0].nanos: planned value cty.NumberIntVal(0) for a non-computed attribute
      - .budget_filter[0].resource_ancestors: planned value cty.SetValEmpty(cty.String) for a non-computed attribute
      - .budget_filter[0].calendar_period: planned value cty.StringVal("MONTH") for a non-computed attribute
      - .threshold_rules[0].spend_basis: planned value cty.StringVal("CURRENT_SPEND") for a non-computed attribute
      - .threshold_rules[1].spend_basis: planned value cty.StringVal("CURRENT_SPEND") for a non-computed attribute
      - .threshold_rules[2].spend_basis: planned value cty.StringVal("CURRENT_SPEND") for a non-computed attribute
      - .threshold_rules[3].spend_basis: planned value cty.StringVal("CURRENT_SPEND") for a non-computed attribute
2024-04-05T14:53:15.650Z [INFO]  Starting apply for module.billing_budget["gcp-prj-inf-networkhub-prd-1-budget-01"].google_billing_budget.budget
2024-04-05T14:53:15.687Z [WARN]  Provider "registry.terraform.io/hashicorp/google" produced an invalid plan for module.billing_budget["gcp-prj-inf-networkspk-stg-1-budget-01"].google_billing_budget.budget, but we are tolerating it because it is using the legacy plugin SDK.
    The following problems may be the cause of any confusing errors from downstream operations:
      - .all_updates_rule[0].pubsub_topic: planned value cty.StringVal("") for a non-computed attribute
      - .all_updates_rule[0].schema_version: planned value cty.StringVal("1.0") for a non-computed attribute
      - .amount[0].last_period_amount: planned value cty.False for a non-computed attribute
      - .amount[0].specified_amount[0].nanos: planned value cty.NumberIntVal(0) for a non-computed attribute
      - .budget_filter[0].calendar_period: planned value cty.StringVal("MONTH") for a non-computed attribute
      - .budget_filter[0].resource_ancestors: planned value cty.SetValEmpty(cty.String) for a non-computed attribute
      - .threshold_rules[0].spend_basis: planned value cty.StringVal("CURRENT_SPEND") for a non-computed attribute
      - .threshold_rules[1].spend_basis: planned value cty.StringVal("CURRENT_SPEND") for a non-computed attribute
      - .threshold_rules[2].spend_basis: planned value cty.StringVal("CURRENT_SPEND") for a non-computed attribute
      - .threshold_rules[3].spend_basis: planned value cty.StringVal("CURRENT_SPEND") for a non-computed attribute
2024-04-05T14:53:15.689Z [INFO]  Starting apply for module.billing_budget["gcp-prj-inf-networkspk-stg-1-budget-01"].google_billing_budget.budget
2024-04-05T14:53:15.698Z [WARN]  Provider "registry.terraform.io/hashicorp/google" produced an invalid plan for module.billing_budget["gcp-prj-inf-networkspk-prd-1-budget-01"].google_billing_budget.budget, but we are tolerating it because it is using the legacy plugin SDK.
    The following problems may be the cause of any confusing errors from downstream operations:
      - .budget_filter[0].calendar_period: planned value cty.StringVal("MONTH") for a non-computed attribute
      - .budget_filter[0].resource_ancestors: planned value cty.SetValEmpty(cty.String) for a non-computed attribute
      - .threshold_rules[0].spend_basis: planned value cty.StringVal("CURRENT_SPEND") for a non-computed attribute
      - .threshold_rules[1].spend_basis: planned value cty.StringVal("CURRENT_SPEND") for a non-computed attribute
      - .threshold_rules[2].spend_basis: planned value cty.StringVal("CURRENT_SPEND") for a non-computed attribute
      - .threshold_rules[3].spend_basis: planned value cty.StringVal("CURRENT_SPEND") for a non-computed attribute
      - .all_updates_rule[0].pubsub_topic: planned value cty.StringVal("") for a non-computed attribute
      - .all_updates_rule[0].schema_version: planned value cty.StringVal("1.0") for a non-computed attribute
      - .amount[0].last_period_amount: planned value cty.False for a non-computed attribute
      - .amount[0].specified_amount[0].nanos: planned value cty.NumberIntVal(0) for a non-computed attribute
2024-04-05T14:53:15.707Z [INFO]  Starting apply for module.billing_budget["gcp-prj-inf-networkspk-prd-1-budget-01"].google_billing_budget.budget
2024-04-05T14:53:15.751Z [WARN]  Provider "registry.terraform.io/hashicorp/google" produced an invalid plan for module.vpc_firewall_rule["gcp-vpc-prd-out-fw-1"].google_compute_firewall.rules["fw-out-ingress-allow-fgt-01"], but we are tolerating it because it is using the legacy plugin SDK.
    The following problems may be the cause of any confusing errors from downstream operations:
      - .disabled: planned value cty.False for a non-computed attribute
      - .source_service_accounts: planned value cty.SetValEmpty(cty.String) for a non-computed attribute
      - .target_service_accounts: planned value cty.SetValEmpty(cty.String) for a non-computed attribute
2024-04-05T14:53:15.751Z [INFO]  Starting apply for module.vpc_firewall_rule["gcp-vpc-prd-out-fw-1"].google_compute_firewall.rules["fw-out-ingress-allow-fgt-01"]
2024-04-05T14:53:30.435Z [INFO]  Terraform version: 1.7.5
2024-04-05T14:53:30.436Z [INFO]  Go runtime version: go1.21.8
2024-04-05T14:53:30.436Z [INFO]  CLI args: []string{"terraform", "output", "-json"}
2024-04-05T14:53:30.437Z [INFO]  CLI command args: []string{"output", "-json"}
