2024-03-30T08:02:32.676Z [INFO]  Terraform version: 1.7.5
2024-03-30T08:02:32.676Z [INFO]  Go runtime version: go1.21.8
2024-03-30T08:02:32.676Z [INFO]  CLI args: []string{"terraform", "init", "-upgrade", "-backend-config=bucket=gcp-yyz-prd-inf-cloudautomation-sbuc-01", "-backend-config=prefix=network/state-file"}
2024-03-30T08:02:32.677Z [INFO]  CLI command args: []string{"init", "-upgrade", "-backend-config=bucket=gcp-yyz-prd-inf-cloudautomation-sbuc-01", "-backend-config=prefix=network/state-file"}
2024-03-30T08:02:49.056Z [INFO]  Terraform version: 1.7.5
2024-03-30T08:02:49.056Z [INFO]  Go runtime version: go1.21.8
2024-03-30T08:02:49.056Z [INFO]  CLI args: []string{"terraform", "plan", "-var=access_token=ya29.c.c0AY_VpZihHO77afYCR2OLoy9vrV1CP8Zx21V18Xi30cbtVUZahpVOp7VsKPT6zC-KQhvujRF94Gfn-n_H32RZnKSdI8qh4XeHAm6yaVP0TNXsM4dlN2O2uKCuoHYwUHOp8yCOFLyDdPufRvWYeqYGl1FLTX0ySqjKPp9J0ult2nLqNH_P2FSuCjO8df-wN1IktzV-WiItNnuz0EC2xMR5PnrQrAXBB1-aogQwrwuPXOo9lYUIml8mjplIM55_0Mw9oW-5JUcPb9rtBxbcOP4ZlA5aGO0PlZ11rmi-oolboZPlde9n9NOen_n_roEWUAG5IBroRhF5CTiP8aTRVaHlvSclWlBMU_s-EjfQ9s2TYSI4uElPsAJ-XYuwIATZvwK7uAKgoxeE4E5n4XlqGx8Ew6VXwOjo8ar6lzxUaJzEPtJLfpeE2hVYiAMp20OtkZh9XbQcegOB2VvNUZ65lzbDip9_py-G7HJzGH71QOXvn4aGqhKyslrO5ftFp3_uVuvgFzRpbRvkOOn_sBGRyMNaEgn6ffEexfBWygxlhO1S_Sp9dZlupgCzpjcNPDc9lPLKMM-kJngSv43DNVPx4pjxeAWZ_eUvqzZw7CRW6-nfWxR29R4hW_U9hZhzI21Aq6Sz03s1NAcxDIngjyFOpqzEAwR4Dny3E-3cYzRuSqkrE689C6runXY8f6aYXqw16-buJajQzjQYVS49Zs8QjBdohU4h500rltYy3x_BaIeny8wVZlXk7IfzXnIQaQtU806f4VRbe-Q6O0XMBbwFIM7BxyvsktQUsJIdQftwscowb3vqstYrgnYnOciy0IO2Wj7Jp6a9IpUVd72Unit01qzrltsur-xhex1ZR9x3nl8Mndv2i4OBRilfWoyjJ_52Fu4fQvmUjJ7m4y_3batF218ptX21goxxxIpZF510iOSa-6Zdt9i0aqxYw3c-frZF30Ohtjgb2aM6itcMo5xQSoMBt3xt5BU5BZ8V0qd0c-7tu6ZaJ8RdBahZMb1", "-var=project_id=gcp-prj-inf-automation-prd-01", "-var-file=../input-file/project.tfvars", "-var-file=../input-file/budget.tfvars", "-var-file=../input-file/api.tfvars", "-var-file=../input-file/vpc.tfvars", "-var-file=../input-file/subnet.tfvars", "-var-file=../input-file/firewall.tfvars", "-var-file=../input-file/peering.tfvars", "-out=../plan-file/network-tf-plan.json"}
2024-03-30T08:02:49.057Z [INFO]  CLI command args: []string{"plan", "-var=access_token=ya29.c.c0AY_VpZihHO77afYCR2OLoy9vrV1CP8Zx21V18Xi30cbtVUZahpVOp7VsKPT6zC-KQhvujRF94Gfn-n_H32RZnKSdI8qh4XeHAm6yaVP0TNXsM4dlN2O2uKCuoHYwUHOp8yCOFLyDdPufRvWYeqYGl1FLTX0ySqjKPp9J0ult2nLqNH_P2FSuCjO8df-wN1IktzV-WiItNnuz0EC2xMR5PnrQrAXBB1-aogQwrwuPXOo9lYUIml8mjplIM55_0Mw9oW-5JUcPb9rtBxbcOP4ZlA5aGO0PlZ11rmi-oolboZPlde9n9NOen_n_roEWUAG5IBroRhF5CTiP8aTRVaHlvSclWlBMU_s-EjfQ9s2TYSI4uElPsAJ-XYuwIATZvwK7uAKgoxeE4E5n4XlqGx8Ew6VXwOjo8ar6lzxUaJzEPtJLfpeE2hVYiAMp20OtkZh9XbQcegOB2VvNUZ65lzbDip9_py-G7HJzGH71QOXvn4aGqhKyslrO5ftFp3_uVuvgFzRpbRvkOOn_sBGRyMNaEgn6ffEexfBWygxlhO1S_Sp9dZlupgCzpjcNPDc9lPLKMM-kJngSv43DNVPx4pjxeAWZ_eUvqzZw7CRW6-nfWxR29R4hW_U9hZhzI21Aq6Sz03s1NAcxDIngjyFOpqzEAwR4Dny3E-3cYzRuSqkrE689C6runXY8f6aYXqw16-buJajQzjQYVS49Zs8QjBdohU4h500rltYy3x_BaIeny8wVZlXk7IfzXnIQaQtU806f4VRbe-Q6O0XMBbwFIM7BxyvsktQUsJIdQftwscowb3vqstYrgnYnOciy0IO2Wj7Jp6a9IpUVd72Unit01qzrltsur-xhex1ZR9x3nl8Mndv2i4OBRilfWoyjJ_52Fu4fQvmUjJ7m4y_3batF218ptX21goxxxIpZF510iOSa-6Zdt9i0aqxYw3c-frZF30Ohtjgb2aM6itcMo5xQSoMBt3xt5BU5BZ8V0qd0c-7tu6ZaJ8RdBahZMb1", "-var=project_id=gcp-prj-inf-automation-prd-01", "-var-file=../input-file/project.tfvars", "-var-file=../input-file/budget.tfvars", "-var-file=../input-file/api.tfvars", "-var-file=../input-file/vpc.tfvars", "-var-file=../input-file/subnet.tfvars", "-var-file=../input-file/firewall.tfvars", "-var-file=../input-file/peering.tfvars", "-out=../plan-file/network-tf-plan.json"}
2024-03-30T08:02:50.136Z [INFO]  backend/local: starting Plan operation
2024-03-30T08:02:52.937Z [INFO]  provider: configuring client automatic mTLS
2024-03-30T08:02:53.018Z [INFO]  provider.terraform-provider-google_v5.20.0_x5: configuring server automatic mTLS: timestamp=2024-03-30T08:02:53.018Z
2024-03-30T08:02:53.617Z [INFO]  provider: configuring client automatic mTLS
2024-03-30T08:02:53.830Z [INFO]  provider.terraform-provider-google-beta_v5.20.0_x5: configuring server automatic mTLS: timestamp=2024-03-30T08:02:53.829Z
2024-03-30T08:02:54.470Z [INFO]  provider: configuring client automatic mTLS
2024-03-30T08:02:54.490Z [INFO]  provider.terraform-provider-null_v3.2.2_x5: configuring server automatic mTLS: timestamp=2024-03-30T08:02:54.490Z
2024-03-30T08:02:54.615Z [INFO]  provider: configuring client automatic mTLS
2024-03-30T08:02:54.639Z [INFO]  provider.terraform-provider-null_v3.2.2_x5: configuring server automatic mTLS: timestamp=2024-03-30T08:02:54.639Z
2024-03-30T08:02:54.712Z [INFO]  provider: configuring client automatic mTLS
2024-03-30T08:02:54.855Z [INFO]  provider.terraform-provider-google-beta_v5.20.0_x5: configuring server automatic mTLS: timestamp=2024-03-30T08:02:54.855Z
2024-03-30T08:02:54.922Z [INFO]  provider: configuring client automatic mTLS
2024-03-30T08:02:55.065Z [INFO]  provider.terraform-provider-google_v5.20.0_x5: configuring server automatic mTLS: timestamp=2024-03-30T08:02:55.064Z
2024-03-30T08:02:55.528Z [INFO]  backend/local: plan calling Plan
2024-03-30T08:02:55.566Z [INFO]  provider: configuring client automatic mTLS
2024-03-30T08:02:55.589Z [INFO]  provider.terraform-provider-null_v3.2.2_x5: configuring server automatic mTLS: timestamp=2024-03-30T08:02:55.589Z
2024-03-30T08:02:55.654Z [INFO]  provider: configuring client automatic mTLS
2024-03-30T08:02:55.788Z [INFO]  provider.terraform-provider-google-beta_v5.20.0_x5: configuring server automatic mTLS: timestamp=2024-03-30T08:02:55.787Z
2024-03-30T08:02:55.860Z [INFO]  provider: configuring client automatic mTLS
2024-03-30T08:02:56.026Z [INFO]  provider.terraform-provider-google_v5.20.0_x5: configuring server automatic mTLS: timestamp=2024-03-30T08:02:56.026Z
2024-03-30T08:02:56.124Z [INFO]  provider.terraform-provider-google-beta_v5.20.0_x5: Authenticating using configured Google JSON 'access_token'...: tf_mux_provider="*proto5server.Server" tf_provider_addr=registry.terraform.io/hashicorp/google-beta tf_rpc=ConfigureProvider @caller=github.com/hashicorp/terraform-provider-google-beta/google-beta/fwtransport/framework_config.go:1840 @module=google_beta tf_req_id=81ede812-afcd-108e-bd50-aa6bda04ea09 timestamp=2024-03-30T08:02:56.122Z
2024-03-30T08:02:56.124Z [INFO]  provider.terraform-provider-google-beta_v5.20.0_x5:   -- Scopes: [https://www.googleapis.com/auth/cloud-platform https://www.googleapis.com/auth/userinfo.email]: @caller=github.com/hashicorp/terraform-provider-google-beta/google-beta/fwtransport/framework_config.go:1841 @module=google_beta tf_mux_provider="*proto5server.Server" tf_provider_addr=registry.terraform.io/hashicorp/google-beta tf_req_id=81ede812-afcd-108e-bd50-aa6bda04ea09 tf_rpc=ConfigureProvider timestamp=2024-03-30T08:02:56.122Z
2024-03-30T08:02:56.124Z [INFO]  provider.terraform-provider-google-beta_v5.20.0_x5: Authenticating using configured Google JSON 'access_token'...: @module=google_beta tf_mux_provider="*proto5server.Server" tf_req_id=81ede812-afcd-108e-bd50-aa6bda04ea09 tf_rpc=ConfigureProvider @caller=github.com/hashicorp/terraform-provider-google-beta/google-beta/fwtransport/framework_config.go:1840 tf_provider_addr=registry.terraform.io/hashicorp/google-beta timestamp=2024-03-30T08:02:56.122Z
2024-03-30T08:02:56.124Z [INFO]  provider.terraform-provider-google-beta_v5.20.0_x5:   -- Scopes: [https://www.googleapis.com/auth/cloud-platform https://www.googleapis.com/auth/userinfo.email]: @module=google_beta tf_provider_addr=registry.terraform.io/hashicorp/google-beta tf_req_id=81ede812-afcd-108e-bd50-aa6bda04ea09 @caller=github.com/hashicorp/terraform-provider-google-beta/google-beta/fwtransport/framework_config.go:1841 tf_mux_provider="*proto5server.Server" tf_rpc=ConfigureProvider timestamp=2024-03-30T08:02:56.122Z
2024-03-30T08:02:56.239Z [INFO]  provider.terraform-provider-google-beta_v5.20.0_x5: Terraform is using this identity: svc-cloudautomation@gcp-prj-inf-automation-prd-01.iam.gserviceaccount.com: @module=google_beta tf_provider_addr=registry.terraform.io/hashicorp/google-beta tf_req_id=81ede812-afcd-108e-bd50-aa6bda04ea09 tf_rpc=ConfigureProvider @caller=github.com/hashicorp/terraform-provider-google-beta/google-beta/fwtransport/framework_config.go:1760 tf_mux_provider="*proto5server.Server" timestamp=2024-03-30T08:02:56.235Z
2024-03-30T08:02:56.269Z [INFO]  provider.terraform-provider-google_v5.20.0_x5: Authenticating using configured Google JSON 'access_token'...: tf_mux_provider="*proto5server.Server" tf_req_id=f26bc3a0-04a1-1da7-b37a-9e8896db4e95 @caller=github.com/hashicorp/terraform-provider-google/google/fwtransport/framework_config.go:1701 @module=google tf_provider_addr=registry.terraform.io/hashicorp/google tf_rpc=ConfigureProvider timestamp=2024-03-30T08:02:56.269Z
2024-03-30T08:02:56.270Z [INFO]  provider.terraform-provider-google_v5.20.0_x5:   -- Scopes: [https://www.googleapis.com/auth/cloud-platform https://www.googleapis.com/auth/userinfo.email]: tf_req_id=f26bc3a0-04a1-1da7-b37a-9e8896db4e95 tf_rpc=ConfigureProvider @module=google tf_mux_provider="*proto5server.Server" tf_provider_addr=registry.terraform.io/hashicorp/google @caller=github.com/hashicorp/terraform-provider-google/google/fwtransport/framework_config.go:1702 timestamp=2024-03-30T08:02:56.270Z
2024-03-30T08:02:56.271Z [INFO]  provider.terraform-provider-google_v5.20.0_x5: Authenticating using configured Google JSON 'access_token'...: tf_mux_provider="*proto5server.Server" tf_provider_addr=registry.terraform.io/hashicorp/google tf_req_id=f26bc3a0-04a1-1da7-b37a-9e8896db4e95 @caller=github.com/hashicorp/terraform-provider-google/google/fwtransport/framework_config.go:1701 @module=google tf_rpc=ConfigureProvider timestamp=2024-03-30T08:02:56.271Z
2024-03-30T08:02:56.271Z [INFO]  provider.terraform-provider-google_v5.20.0_x5:   -- Scopes: [https://www.googleapis.com/auth/cloud-platform https://www.googleapis.com/auth/userinfo.email]: tf_provider_addr=registry.terraform.io/hashicorp/google tf_rpc=ConfigureProvider @caller=github.com/hashicorp/terraform-provider-google/google/fwtransport/framework_config.go:1702 tf_mux_provider="*proto5server.Server" tf_req_id=f26bc3a0-04a1-1da7-b37a-9e8896db4e95 @module=google timestamp=2024-03-30T08:02:56.271Z
2024-03-30T08:02:56.333Z [INFO]  provider.terraform-provider-google_v5.20.0_x5: Terraform is using this identity: svc-cloudautomation@gcp-prj-inf-automation-prd-01.iam.gserviceaccount.com: @caller=github.com/hashicorp/terraform-provider-google/google/fwtransport/framework_config.go:1621 tf_provider_addr=registry.terraform.io/hashicorp/google tf_req_id=f26bc3a0-04a1-1da7-b37a-9e8896db4e95 tf_rpc=ConfigureProvider @module=google tf_mux_provider="*proto5server.Server" timestamp=2024-03-30T08:02:56.332Z
2024-03-30T08:03:01.500Z [WARN]  Provider "registry.terraform.io/hashicorp/google" produced an invalid plan for module.project["gcp-prj-inf-networkspk-stg-01"].google_project.project, but we are tolerating it because it is using the legacy plugin SDK.
    The following problems may be the cause of any confusing errors from downstream operations:
      - .org_id: planned value cty.StringVal("") for a non-computed attribute
2024-03-30T08:03:01.502Z [WARN]  Provider "registry.terraform.io/hashicorp/google" produced an invalid plan for module.project["gcp-prj-inf-networkspk-qa-01"].google_project.project, but we are tolerating it because it is using the legacy plugin SDK.
    The following problems may be the cause of any confusing errors from downstream operations:
      - .org_id: planned value cty.StringVal("") for a non-computed attribute
2024-03-30T08:03:01.506Z [WARN]  Provider "registry.terraform.io/hashicorp/google" produced an invalid plan for module.project["gcp-prj-inf-networkspk-prd-01"].google_project.project, but we are tolerating it because it is using the legacy plugin SDK.
    The following problems may be the cause of any confusing errors from downstream operations:
      - .org_id: planned value cty.StringVal("") for a non-computed attribute
2024-03-30T08:03:01.533Z [WARN]  Provider "registry.terraform.io/hashicorp/google" produced an invalid plan for module.billing_budget["gcp-prj-inf-networkspk-dev-01-budget-01"].google_monitoring_notification_channel.budget_notify, but we are tolerating it because it is using the legacy plugin SDK.
    The following problems may be the cause of any confusing errors from downstream operations:
      - .force_delete: planned value cty.False for a non-computed attribute
      - .enabled: planned value cty.True for a non-computed attribute
2024-03-30T08:03:01.548Z [WARN]  Provider "registry.terraform.io/hashicorp/google" produced an invalid plan for module.billing_budget["gcp-prj-inf-networkhub-prd-01-budget-01"].google_monitoring_notification_channel.budget_notify, but we are tolerating it because it is using the legacy plugin SDK.
    The following problems may be the cause of any confusing errors from downstream operations:
      - .force_delete: planned value cty.False for a non-computed attribute
      - .enabled: planned value cty.True for a non-computed attribute
2024-03-30T08:03:01.580Z [WARN]  Provider "registry.terraform.io/hashicorp/google" produced an invalid plan for module.vpc["gcp-vpc-prd-mgmt-fw-1"].google_compute_network.vpc, but we are tolerating it because it is using the legacy plugin SDK.
    The following problems may be the cause of any confusing errors from downstream operations:
      - .network_firewall_policy_enforcement_order: planned value cty.StringVal("AFTER_CLASSIC_FIREWALL") for a non-computed attribute
2024-03-30T08:03:01.585Z [WARN]  Provider "registry.terraform.io/hashicorp/google" produced an invalid plan for module.vpc["gcp-vpc-prd-ha-fw-1"].google_compute_network.vpc, but we are tolerating it because it is using the legacy plugin SDK.
    The following problems may be the cause of any confusing errors from downstream operations:
      - .network_firewall_policy_enforcement_order: planned value cty.StringVal("AFTER_CLASSIC_FIREWALL") for a non-computed attribute
2024-03-30T08:03:01.591Z [WARN]  Provider "registry.terraform.io/hashicorp/google" produced an invalid plan for module.vpc["gcp-vpc-prd-hub-shr-1"].google_compute_network.vpc, but we are tolerating it because it is using the legacy plugin SDK.
    The following problems may be the cause of any confusing errors from downstream operations:
      - .network_firewall_policy_enforcement_order: planned value cty.StringVal("AFTER_CLASSIC_FIREWALL") for a non-computed attribute
2024-03-30T08:03:01.591Z [WARN]  Provider "registry.terraform.io/hashicorp/google" produced an invalid plan for module.vpc["gcp-vpc-npe-dev-shr-1"].google_compute_network.vpc, but we are tolerating it because it is using the legacy plugin SDK.
    The following problems may be the cause of any confusing errors from downstream operations:
      - .network_firewall_policy_enforcement_order: planned value cty.StringVal("AFTER_CLASSIC_FIREWALL") for a non-computed attribute
2024-03-30T08:03:01.592Z [WARN]  Provider "registry.terraform.io/hashicorp/google" produced an invalid plan for module.vpc["gcp-vpc-prd-out-fw-1"].google_compute_network.vpc, but we are tolerating it because it is using the legacy plugin SDK.
    The following problems may be the cause of any confusing errors from downstream operations:
      - .network_firewall_policy_enforcement_order: planned value cty.StringVal("AFTER_CLASSIC_FIREWALL") for a non-computed attribute
2024-03-30T08:03:01.670Z [WARN]  Provider "registry.terraform.io/hashicorp/google" produced an invalid plan for module.billing_budget["gcp-prj-inf-networkhub-prd-01-budget-01"].google_billing_budget.budget, but we are tolerating it because it is using the legacy plugin SDK.
    The following problems may be the cause of any confusing errors from downstream operations:
      - .all_updates_rule[0].schema_version: planned value cty.StringVal("1.0") for a non-computed attribute
      - .all_updates_rule[0].monitoring_notification_channels: planned value cty.UnknownVal(cty.List(cty.String)) does not match config value cty.ListVal([]cty.Value{cty.UnknownVal(cty.String)})
      - .threshold_rules[0].spend_basis: planned value cty.StringVal("CURRENT_SPEND") for a non-computed attribute
      - .threshold_rules[1].spend_basis: planned value cty.StringVal("CURRENT_SPEND") for a non-computed attribute
      - .threshold_rules[2].spend_basis: planned value cty.StringVal("CURRENT_SPEND") for a non-computed attribute
      - .threshold_rules[3].spend_basis: planned value cty.StringVal("CURRENT_SPEND") for a non-computed attribute
2024-03-30T08:03:01.672Z [WARN]  Provider "registry.terraform.io/hashicorp/google" produced an invalid plan for module.billing_budget["gcp-prj-inf-networkspk-dev-01-budget-01"].google_billing_budget.budget, but we are tolerating it because it is using the legacy plugin SDK.
    The following problems may be the cause of any confusing errors from downstream operations:
      - .all_updates_rule[0].monitoring_notification_channels: planned value cty.UnknownVal(cty.List(cty.String)) does not match config value cty.ListVal([]cty.Value{cty.UnknownVal(cty.String)})
      - .all_updates_rule[0].schema_version: planned value cty.StringVal("1.0") for a non-computed attribute
      - .threshold_rules[0].spend_basis: planned value cty.StringVal("CURRENT_SPEND") for a non-computed attribute
      - .threshold_rules[1].spend_basis: planned value cty.StringVal("CURRENT_SPEND") for a non-computed attribute
      - .threshold_rules[2].spend_basis: planned value cty.StringVal("CURRENT_SPEND") for a non-computed attribute
      - .threshold_rules[3].spend_basis: planned value cty.StringVal("CURRENT_SPEND") for a non-computed attribute
2024-03-30T08:03:01.709Z [WARN]  Provider "registry.terraform.io/hashicorp/google-beta" produced an invalid plan for module.vpc_peering_1_2["gcp-peering-02"].google_compute_network_peering.local_network_peering, but we are tolerating it because it is using the legacy plugin SDK.
    The following problems may be the cause of any confusing errors from downstream operations:
      - .export_subnet_routes_with_public_ip: planned value cty.True for a non-computed attribute
      - .stack_type: planned value cty.StringVal("IPV4_ONLY") for a non-computed attribute
2024-03-30T08:03:01.731Z [WARN]  Provider "registry.terraform.io/hashicorp/google-beta" produced an invalid plan for module.vpc_peering_1_2["gcp-peering-02"].google_compute_network_peering.peer_network_peering, but we are tolerating it because it is using the legacy plugin SDK.
    The following problems may be the cause of any confusing errors from downstream operations:
      - .stack_type: planned value cty.StringVal("IPV4_ONLY") for a non-computed attribute
      - .export_subnet_routes_with_public_ip: planned value cty.True for a non-computed attribute
2024-03-30T08:03:01.755Z [WARN]  Provider "registry.terraform.io/hashicorp/google-beta" produced an invalid plan for module.vpc_peering_2_1["gcp-peering-02"].google_compute_network_peering.local_network_peering, but we are tolerating it because it is using the legacy plugin SDK.
    The following problems may be the cause of any confusing errors from downstream operations:
      - .export_subnet_routes_with_public_ip: planned value cty.True for a non-computed attribute
      - .stack_type: planned value cty.StringVal("IPV4_ONLY") for a non-computed attribute
2024-03-30T08:03:01.783Z [WARN]  Provider "registry.terraform.io/hashicorp/google" produced an invalid plan for module.vpc_firewall_rule["gcp-vpc-prd-ha-fw-1"].google_compute_firewall.rules["fw-ha-ingress-allow-22-3389-tcp-01"], but we are tolerating it because it is using the legacy plugin SDK.
    The following problems may be the cause of any confusing errors from downstream operations:
      - .target_tags: planned value cty.NullVal(cty.Set(cty.String)) does not match config value cty.SetValEmpty(cty.String)
      - .source_tags: planned value cty.NullVal(cty.Set(cty.String)) does not match config value cty.SetValEmpty(cty.String)
2024-03-30T08:03:01.805Z [WARN]  Provider "registry.terraform.io/hashicorp/google" produced an invalid plan for module.vpc_firewall_rule["gcp-vpc-prd-ha-fw-1"].google_compute_firewall.rules["fw-ha-ingress-allow-fgt-01"], but we are tolerating it because it is using the legacy plugin SDK.
    The following problems may be the cause of any confusing errors from downstream operations:
      - .source_ranges: planned value cty.NullVal(cty.Set(cty.String)) does not match config value cty.SetValEmpty(cty.String)
2024-03-30T08:03:01.806Z [WARN]  Provider "registry.terraform.io/hashicorp/google" produced an invalid plan for module.vpc_firewall_rule["gcp-vpc-prd-ha-fw-1"].google_compute_firewall.rules["fw-ha-ingress-allow-80-443-8080-tcp-01"], but we are tolerating it because it is using the legacy plugin SDK.
    The following problems may be the cause of any confusing errors from downstream operations:
      - .source_tags: planned value cty.NullVal(cty.Set(cty.String)) does not match config value cty.SetValEmpty(cty.String)
2024-03-30T08:03:01.806Z [WARN]  Provider "registry.terraform.io/hashicorp/google" produced an invalid plan for module.vpc_firewall_rule["gcp-vpc-prd-out-fw-1"].google_compute_firewall.rules["fw-out-ingress-allow-icmp-01"], but we are tolerating it because it is using the legacy plugin SDK.
    The following problems may be the cause of any confusing errors from downstream operations:
      - .target_tags: planned value cty.NullVal(cty.Set(cty.String)) does not match config value cty.SetValEmpty(cty.String)
      - .source_tags: planned value cty.NullVal(cty.Set(cty.String)) does not match config value cty.SetValEmpty(cty.String)
2024-03-30T08:03:01.809Z [WARN]  Provider "registry.terraform.io/hashicorp/google" produced an invalid plan for module.vpc_firewall_rule["gcp-vpc-prd-ha-fw-1"].google_compute_firewall.rules["fw-ha-ingress-allow-icmp-01"], but we are tolerating it because it is using the legacy plugin SDK.
    The following problems may be the cause of any confusing errors from downstream operations:
      - .source_tags: planned value cty.NullVal(cty.Set(cty.String)) does not match config value cty.SetValEmpty(cty.String)
      - .target_tags: planned value cty.NullVal(cty.Set(cty.String)) does not match config value cty.SetValEmpty(cty.String)
2024-03-30T08:03:01.810Z [WARN]  Provider "registry.terraform.io/hashicorp/google" produced an invalid plan for module.vpc_firewall_rule["gcp-vpc-prd-hub-shr-1"].google_compute_firewall.rules["fw-hub-ingress-allow-icmp-01"], but we are tolerating it because it is using the legacy plugin SDK.
    The following problems may be the cause of any confusing errors from downstream operations:
      - .target_tags: planned value cty.NullVal(cty.Set(cty.String)) does not match config value cty.SetValEmpty(cty.String)
      - .source_tags: planned value cty.NullVal(cty.Set(cty.String)) does not match config value cty.SetValEmpty(cty.String)
2024-03-30T08:03:01.811Z [WARN]  Provider "registry.terraform.io/hashicorp/google" produced an invalid plan for module.vpc_firewall_rule["gcp-vpc-prd-hub-shr-1"].google_compute_firewall.rules["fw-hub-ingress-allow-fgt-01"], but we are tolerating it because it is using the legacy plugin SDK.
    The following problems may be the cause of any confusing errors from downstream operations:
      - .target_tags: planned value cty.NullVal(cty.Set(cty.String)) does not match config value cty.SetValEmpty(cty.String)
2024-03-30T08:03:01.812Z [WARN]  Provider "registry.terraform.io/hashicorp/google" produced an invalid plan for module.vpc_firewall_rule["gcp-vpc-prd-mgmt-fw-1"].google_compute_firewall.rules["fw-mgmt-ingress-allow-icmp-01"], but we are tolerating it because it is using the legacy plugin SDK.
    The following problems may be the cause of any confusing errors from downstream operations:
      - .target_tags: planned value cty.NullVal(cty.Set(cty.String)) does not match config value cty.SetValEmpty(cty.String)
      - .source_tags: planned value cty.NullVal(cty.Set(cty.String)) does not match config value cty.SetValEmpty(cty.String)
2024-03-30T08:03:01.815Z [WARN]  Provider "registry.terraform.io/hashicorp/google" produced an invalid plan for module.vpc_firewall_rule["gcp-vpc-npe-dev-shr-1"].google_compute_firewall.rules["fw-dev-ingress-allow-80-443-8080-tcp-01"], but we are tolerating it because it is using the legacy plugin SDK.
    The following problems may be the cause of any confusing errors from downstream operations:
      - .source_tags: planned value cty.NullVal(cty.Set(cty.String)) does not match config value cty.SetValEmpty(cty.String)
2024-03-30T08:03:01.823Z [WARN]  Provider "registry.terraform.io/hashicorp/google" produced an invalid plan for module.vpc_firewall_rule["gcp-vpc-npe-dev-shr-1"].google_compute_firewall.rules["fw-dev-ingress-allow-22-3389-tcp-01"], but we are tolerating it because it is using the legacy plugin SDK.
    The following problems may be the cause of any confusing errors from downstream operations:
      - .source_tags: planned value cty.NullVal(cty.Set(cty.String)) does not match config value cty.SetValEmpty(cty.String)
      - .target_tags: planned value cty.NullVal(cty.Set(cty.String)) does not match config value cty.SetValEmpty(cty.String)
2024-03-30T08:03:01.837Z [WARN]  Provider "registry.terraform.io/hashicorp/google" produced an invalid plan for module.vpc_firewall_rule["gcp-vpc-prd-hub-shr-1"].google_compute_firewall.rules["fw-hub-ingress-allow-22-3389-tcp-01"], but we are tolerating it because it is using the legacy plugin SDK.
    The following problems may be the cause of any confusing errors from downstream operations:
      - .target_tags: planned value cty.NullVal(cty.Set(cty.String)) does not match config value cty.SetValEmpty(cty.String)
      - .source_tags: planned value cty.NullVal(cty.Set(cty.String)) does not match config value cty.SetValEmpty(cty.String)
2024-03-30T08:03:01.857Z [WARN]  Provider "registry.terraform.io/hashicorp/google-beta" produced an invalid plan for module.vpc_peering_2_1["gcp-peering-02"].google_compute_network_peering.peer_network_peering, but we are tolerating it because it is using the legacy plugin SDK.
    The following problems may be the cause of any confusing errors from downstream operations:
      - .export_subnet_routes_with_public_ip: planned value cty.True for a non-computed attribute
      - .stack_type: planned value cty.StringVal("IPV4_ONLY") for a non-computed attribute
2024-03-30T08:03:01.885Z [WARN]  Provider "registry.terraform.io/hashicorp/google" produced an invalid plan for module.vpc_firewall_rule["gcp-vpc-prd-out-fw-1"].google_compute_firewall.rules["fw-out-ingress-allow-22-3389-tcp-01"], but we are tolerating it because it is using the legacy plugin SDK.
    The following problems may be the cause of any confusing errors from downstream operations:
      - .target_tags: planned value cty.NullVal(cty.Set(cty.String)) does not match config value cty.SetValEmpty(cty.String)
      - .source_tags: planned value cty.NullVal(cty.Set(cty.String)) does not match config value cty.SetValEmpty(cty.String)
2024-03-30T08:03:01.889Z [WARN]  Provider "registry.terraform.io/hashicorp/google" produced an invalid plan for module.vpc_firewall_rule["gcp-vpc-prd-out-fw-1"].google_compute_firewall.rules["fw-out-ingress-allow-80-443-8080-tcp-01"], but we are tolerating it because it is using the legacy plugin SDK.
    The following problems may be the cause of any confusing errors from downstream operations:
      - .source_tags: planned value cty.NullVal(cty.Set(cty.String)) does not match config value cty.SetValEmpty(cty.String)
2024-03-30T08:03:01.891Z [WARN]  Provider "registry.terraform.io/hashicorp/google" produced an invalid plan for module.vpc_firewall_rule["gcp-vpc-prd-mgmt-fw-1"].google_compute_firewall.rules["fw-mgmt-ingress-allow-22-3389-tcp-01"], but we are tolerating it because it is using the legacy plugin SDK.
    The following problems may be the cause of any confusing errors from downstream operations:
      - .target_tags: planned value cty.NullVal(cty.Set(cty.String)) does not match config value cty.SetValEmpty(cty.String)
      - .source_tags: planned value cty.NullVal(cty.Set(cty.String)) does not match config value cty.SetValEmpty(cty.String)
2024-03-30T08:03:01.907Z [WARN]  Provider "registry.terraform.io/hashicorp/google" produced an invalid plan for module.vpc_firewall_rule["gcp-vpc-prd-mgmt-fw-1"].google_compute_firewall.rules["fw-mgmt-ingress-allow-80-443-8080-tcp-01"], but we are tolerating it because it is using the legacy plugin SDK.
    The following problems may be the cause of any confusing errors from downstream operations:
      - .source_tags: planned value cty.NullVal(cty.Set(cty.String)) does not match config value cty.SetValEmpty(cty.String)
2024-03-30T08:03:01.909Z [WARN]  Provider "registry.terraform.io/hashicorp/google" produced an invalid plan for module.vpc_firewall_rule["gcp-vpc-npe-dev-shr-1"].google_compute_firewall.rules["fw-dev-ingress-allow-icmp-01"], but we are tolerating it because it is using the legacy plugin SDK.
    The following problems may be the cause of any confusing errors from downstream operations:
      - .target_tags: planned value cty.NullVal(cty.Set(cty.String)) does not match config value cty.SetValEmpty(cty.String)
      - .source_tags: planned value cty.NullVal(cty.Set(cty.String)) does not match config value cty.SetValEmpty(cty.String)
2024-03-30T08:03:01.910Z [WARN]  Provider "registry.terraform.io/hashicorp/google" produced an invalid plan for module.vpc_firewall_rule["gcp-vpc-prd-mgmt-fw-1"].google_compute_firewall.rules["fw-mgmt-ingress-allow-fgt-01"], but we are tolerating it because it is using the legacy plugin SDK.
    The following problems may be the cause of any confusing errors from downstream operations:
      - .source_tags: planned value cty.NullVal(cty.Set(cty.String)) does not match config value cty.SetValEmpty(cty.String)
2024-03-30T08:03:01.911Z [WARN]  Provider "registry.terraform.io/hashicorp/google" produced an invalid plan for module.vpc_firewall_rule["gcp-vpc-prd-hub-shr-1"].google_compute_firewall.rules["fw-hub-ingress-allow-80-443-8080-tcp-01"], but we are tolerating it because it is using the legacy plugin SDK.
    The following problems may be the cause of any confusing errors from downstream operations:
      - .source_tags: planned value cty.NullVal(cty.Set(cty.String)) does not match config value cty.SetValEmpty(cty.String)
2024-03-30T08:03:01.916Z [WARN]  Provider "registry.terraform.io/hashicorp/google" produced an invalid plan for module.vpc_firewall_rule["gcp-vpc-prd-out-fw-1"].google_compute_firewall.rules["fw-out-ingress-allow-fgt-01"], but we are tolerating it because it is using the legacy plugin SDK.
    The following problems may be the cause of any confusing errors from downstream operations:
      - .target_tags: planned value cty.NullVal(cty.Set(cty.String)) does not match config value cty.SetValEmpty(cty.String)
      - .source_tags: planned value cty.NullVal(cty.Set(cty.String)) does not match config value cty.SetValEmpty(cty.String)
2024-03-30T08:03:02.057Z [INFO]  backend/local: plan operation completed
2024-03-30T08:03:02.058Z [INFO]  backend/local: writing plan output to: ../plan-file/network-tf-plan.json
2024-03-30T08:03:15.819Z [INFO]  Terraform version: 1.7.5
2024-03-30T08:03:15.819Z [INFO]  Go runtime version: go1.21.8
2024-03-30T08:03:15.819Z [INFO]  CLI args: []string{"terraform", "apply", "../plan-file/network-tf-plan.json"}
2024-03-30T08:03:15.819Z [INFO]  CLI command args: []string{"apply", "../plan-file/network-tf-plan.json"}
2024-03-30T08:03:16.612Z [INFO]  backend/local: starting Apply operation
2024-03-30T08:03:20.162Z [INFO]  provider: configuring client automatic mTLS
2024-03-30T08:03:20.244Z [INFO]  provider.terraform-provider-google_v5.20.0_x5: configuring server automatic mTLS: timestamp=2024-03-30T08:03:20.244Z
2024-03-30T08:03:20.621Z [INFO]  provider: configuring client automatic mTLS
2024-03-30T08:03:20.699Z [INFO]  provider.terraform-provider-google-beta_v5.20.0_x5: configuring server automatic mTLS: timestamp=2024-03-30T08:03:20.699Z
2024-03-30T08:03:21.153Z [INFO]  provider: configuring client automatic mTLS
2024-03-30T08:03:21.167Z [INFO]  provider.terraform-provider-null_v3.2.2_x5: configuring server automatic mTLS: timestamp=2024-03-30T08:03:21.167Z
2024-03-30T08:03:21.215Z [INFO]  backend/local: apply calling Apply
2024-03-30T08:03:21.301Z [INFO]  provider: configuring client automatic mTLS
2024-03-30T08:03:21.317Z [INFO]  provider.terraform-provider-null_v3.2.2_x5: configuring server automatic mTLS: timestamp=2024-03-30T08:03:21.317Z
2024-03-30T08:03:21.362Z [INFO]  provider: configuring client automatic mTLS
2024-03-30T08:03:21.434Z [INFO]  provider.terraform-provider-google-beta_v5.20.0_x5: configuring server automatic mTLS: timestamp=2024-03-30T08:03:21.434Z
2024-03-30T08:03:21.479Z [INFO]  provider: configuring client automatic mTLS
2024-03-30T08:03:21.632Z [INFO]  provider.terraform-provider-google_v5.20.0_x5: configuring server automatic mTLS: timestamp=2024-03-30T08:03:21.632Z
2024-03-30T08:03:21.688Z [INFO]  provider.terraform-provider-google-beta_v5.20.0_x5: Authenticating using configured Google JSON 'access_token'...: tf_req_id=31c289c1-acaf-66b8-1a6a-771be3ee5ce8 tf_rpc=ConfigureProvider @module=google_beta tf_mux_provider="*proto5server.Server" tf_provider_addr=registry.terraform.io/hashicorp/google-beta @caller=github.com/hashicorp/terraform-provider-google-beta/google-beta/fwtransport/framework_config.go:1840 timestamp=2024-03-30T08:03:21.686Z
2024-03-30T08:03:21.688Z [INFO]  provider.terraform-provider-google-beta_v5.20.0_x5:   -- Scopes: [https://www.googleapis.com/auth/cloud-platform https://www.googleapis.com/auth/userinfo.email]: @module=google_beta tf_provider_addr=registry.terraform.io/hashicorp/google-beta tf_req_id=31c289c1-acaf-66b8-1a6a-771be3ee5ce8 @caller=github.com/hashicorp/terraform-provider-google-beta/google-beta/fwtransport/framework_config.go:1841 tf_mux_provider="*proto5server.Server" tf_rpc=ConfigureProvider timestamp=2024-03-30T08:03:21.686Z
2024-03-30T08:03:21.688Z [INFO]  provider.terraform-provider-google-beta_v5.20.0_x5: Authenticating using configured Google JSON 'access_token'...: tf_rpc=ConfigureProvider @caller=github.com/hashicorp/terraform-provider-google-beta/google-beta/fwtransport/framework_config.go:1840 @module=google_beta tf_mux_provider="*proto5server.Server" tf_provider_addr=registry.terraform.io/hashicorp/google-beta tf_req_id=31c289c1-acaf-66b8-1a6a-771be3ee5ce8 timestamp=2024-03-30T08:03:21.686Z
2024-03-30T08:03:21.688Z [INFO]  provider.terraform-provider-google-beta_v5.20.0_x5:   -- Scopes: [https://www.googleapis.com/auth/cloud-platform https://www.googleapis.com/auth/userinfo.email]: tf_mux_provider="*proto5server.Server" tf_req_id=31c289c1-acaf-66b8-1a6a-771be3ee5ce8 tf_rpc=ConfigureProvider @module=google_beta tf_provider_addr=registry.terraform.io/hashicorp/google-beta @caller=github.com/hashicorp/terraform-provider-google-beta/google-beta/fwtransport/framework_config.go:1841 timestamp=2024-03-30T08:03:21.686Z
2024-03-30T08:03:21.785Z [INFO]  provider.terraform-provider-google-beta_v5.20.0_x5: Terraform is using this identity: svc-cloudautomation@gcp-prj-inf-automation-prd-01.iam.gserviceaccount.com: tf_mux_provider="*proto5server.Server" @module=google_beta tf_provider_addr=registry.terraform.io/hashicorp/google-beta tf_req_id=31c289c1-acaf-66b8-1a6a-771be3ee5ce8 tf_rpc=ConfigureProvider @caller=github.com/hashicorp/terraform-provider-google-beta/google-beta/fwtransport/framework_config.go:1760 timestamp=2024-03-30T08:03:21.785Z
2024-03-30T08:03:21.804Z [INFO]  provider.terraform-provider-google_v5.20.0_x5: Authenticating using configured Google JSON 'access_token'...: @caller=github.com/hashicorp/terraform-provider-google/google/fwtransport/framework_config.go:1701 tf_mux_provider="*proto5server.Server" tf_req_id=4865cfa1-25cc-9c24-a426-fa4dcd9d6330 @module=google tf_provider_addr=registry.terraform.io/hashicorp/google tf_rpc=ConfigureProvider timestamp=2024-03-30T08:03:21.804Z
2024-03-30T08:03:21.804Z [INFO]  provider.terraform-provider-google_v5.20.0_x5:   -- Scopes: [https://www.googleapis.com/auth/cloud-platform https://www.googleapis.com/auth/userinfo.email]: tf_req_id=4865cfa1-25cc-9c24-a426-fa4dcd9d6330 tf_rpc=ConfigureProvider @caller=github.com/hashicorp/terraform-provider-google/google/fwtransport/framework_config.go:1702 tf_provider_addr=registry.terraform.io/hashicorp/google @module=google tf_mux_provider="*proto5server.Server" timestamp=2024-03-30T08:03:21.804Z
2024-03-30T08:03:21.804Z [INFO]  provider.terraform-provider-google_v5.20.0_x5: Authenticating using configured Google JSON 'access_token'...: @caller=github.com/hashicorp/terraform-provider-google/google/fwtransport/framework_config.go:1701 @module=google tf_mux_provider="*proto5server.Server" tf_provider_addr=registry.terraform.io/hashicorp/google tf_req_id=4865cfa1-25cc-9c24-a426-fa4dcd9d6330 tf_rpc=ConfigureProvider timestamp=2024-03-30T08:03:21.804Z
2024-03-30T08:03:21.804Z [INFO]  provider.terraform-provider-google_v5.20.0_x5:   -- Scopes: [https://www.googleapis.com/auth/cloud-platform https://www.googleapis.com/auth/userinfo.email]: @module=google tf_mux_provider="*proto5server.Server" tf_req_id=4865cfa1-25cc-9c24-a426-fa4dcd9d6330 tf_provider_addr=registry.terraform.io/hashicorp/google tf_rpc=ConfigureProvider @caller=github.com/hashicorp/terraform-provider-google/google/fwtransport/framework_config.go:1702 timestamp=2024-03-30T08:03:21.804Z
2024-03-30T08:03:21.861Z [INFO]  provider.terraform-provider-google_v5.20.0_x5: Terraform is using this identity: svc-cloudautomation@gcp-prj-inf-automation-prd-01.iam.gserviceaccount.com: @module=google tf_req_id=4865cfa1-25cc-9c24-a426-fa4dcd9d6330 tf_mux_provider="*proto5server.Server" tf_provider_addr=registry.terraform.io/hashicorp/google tf_rpc=ConfigureProvider @caller=github.com/hashicorp/terraform-provider-google/google/fwtransport/framework_config.go:1621 timestamp=2024-03-30T08:03:21.860Z
2024-03-30T08:03:21.911Z [INFO]  Starting apply for module.project["gcp-prj-inf-networkspk-dev-01"].google_project.project
2024-03-30T08:03:21.913Z [INFO]  Starting apply for module.project["gcp-prj-inf-networkhub-prd-01"].google_project.project
2024-03-30T08:03:25.841Z [ERROR] provider.terraform-provider-google_v5.20.0_x5: Response contains error diagnostic: diagnostic_summary="error creating project gcp-prj-inf-networkspk-dev-01 (NetworkSpokeDev): googleapi: Error 409: Requested entity already exists, alreadyExists. If you received a 403 error, make sure you have the `roles/resourcemanager.projectCreator` permission" @caller=github.com/hashicorp/terraform-plugin-go@v0.20.0/tfprotov5/internal/diag/diagnostics.go:62 @module=sdk.proto tf_resource_type=google_project tf_proto_version=5.4 tf_provider_addr=registry.terraform.io/hashicorp/google tf_rpc=ApplyResourceChange diagnostic_detail="" diagnostic_severity=ERROR tf_req_id=d030c521-9d51-823c-f5c6-5f8b2fdba726 timestamp=2024-03-30T08:03:25.841Z
2024-03-30T08:03:25.842Z [ERROR] vertex "module.project[\"gcp-prj-inf-networkspk-dev-01\"].google_project.project" error: error creating project gcp-prj-inf-networkspk-dev-01 (NetworkSpokeDev): googleapi: Error 409: Requested entity already exists, alreadyExists. If you received a 403 error, make sure you have the `roles/resourcemanager.projectCreator` permission
2024-03-30T08:03:25.944Z [ERROR] provider.terraform-provider-google_v5.20.0_x5: Response contains error diagnostic: tf_resource_type=google_project tf_proto_version=5.4 @module=sdk.proto diagnostic_severity=ERROR diagnostic_summary="error creating project gcp-prj-inf-networkhub-prd-01 (NetworkHub): googleapi: Error 409: Requested entity already exists, alreadyExists. If you received a 403 error, make sure you have the `roles/resourcemanager.projectCreator` permission" tf_provider_addr=registry.terraform.io/hashicorp/google @caller=github.com/hashicorp/terraform-plugin-go@v0.20.0/tfprotov5/internal/diag/diagnostics.go:62 diagnostic_detail="" tf_req_id=cf3c51ef-1def-b7cf-0d9b-ec1bc6e8cb99 tf_rpc=ApplyResourceChange timestamp=2024-03-30T08:03:25.944Z
2024-03-30T08:03:25.945Z [ERROR] vertex "module.project[\"gcp-prj-inf-networkhub-prd-01\"].google_project.project" error: error creating project gcp-prj-inf-networkhub-prd-01 (NetworkHub): googleapi: Error 409: Requested entity already exists, alreadyExists. If you received a 403 error, make sure you have the `roles/resourcemanager.projectCreator` permission
2024-03-30T08:03:27.437Z [INFO]  Terraform version: 1.7.5
2024-03-30T08:03:27.437Z [INFO]  Go runtime version: go1.21.8
2024-03-30T08:03:27.437Z [INFO]  CLI args: []string{"terraform", "output", "-json"}
2024-03-30T08:03:27.438Z [INFO]  CLI command args: []string{"output", "-json"}
