2024-03-30T16:10:42.073Z [INFO]  Terraform version: 1.7.5
2024-03-30T16:10:42.073Z [INFO]  Go runtime version: go1.21.8
2024-03-30T16:10:42.073Z [INFO]  CLI args: []string{"terraform", "init", "-upgrade", "-backend-config=bucket=gcp-yyz-prd-inf-cloudautomation-sbuc-01", "-backend-config=prefix=billing/state-file"}
2024-03-30T16:10:42.074Z [INFO]  CLI command args: []string{"init", "-upgrade", "-backend-config=bucket=gcp-yyz-prd-inf-cloudautomation-sbuc-01", "-backend-config=prefix=billing/state-file"}
2024-03-30T16:10:49.752Z [INFO]  Terraform version: 1.7.5
2024-03-30T16:10:49.753Z [INFO]  Go runtime version: go1.21.8
2024-03-30T16:10:49.753Z [INFO]  CLI args: []string{"terraform", "plan", "-var=access_token=ya29.c.c0AY_VpZj7bteTbnLQajcL_UaiFRGE5li2H1aPaMLfDVRx26u9WyFHBa9CD45C4sskxouPAFaymzvOEz6fkqnxdg7FBN2PlPWrePFpfCisr4Ns9wV2s8C6N3ad5HZW0dwKyRANhFgnh12pwkSTadNHZ_0pTHUqP5sxdJ2Uz0PT2yc-l1auCGyMmo5ks4_Cc9zS8wcajnCafnB1MnSQDj2A8V6abQ-4IXrWT2w-laGJHspEbv28nqS90PIsHgb6UqlRrALe86oC1XocrHhCtSvLiaNbfWZWS8KNC0fqxA6VXQfdwKTLiWzHtjCYtMHg6ND32eWP-bNglU3hmxG8b9KgYm28YiPlZvvYXgV79bBJwEv9d0l8wHrOhLZDbcTKm8u4BbZk9kn_IZUlEPphOAd42YGDlDSt1LS3uh4dPceLbHX5ROJVIy41K6nYx9GiNdg_A6MjymX42KW1dFxPoVfNedTSdepvvZAHS54dn88nn3CMxneUX1nC9cF-aer4kqrPFHn8ay2uSP8R_ORHlW3AvPH3tmhdeAtZuNa45VsfQDVEDXkwGLMI88ajUgw3gx_niV7J5ugZ2M3BqZCEuqNT2bsWomRmEbfhfP1JA58XSQm2IEaeNwHnc0Zc7lx-p_gGcynZ5ai_rE-4jSzmJWYfrTFW65wus04aMljoBPYiN689PUr5ukQczwQgxxwUge_jR2gd5URzcvl8thrSx4Y8VBzq0pVoZuhzRsiuVRtfjV28w0xiIMbeiQmJ68c73u-vxydW7OmWhc4niroUul30pfdIJkwQYutfjklcwqWoROjsU5orZ4bOOx0sxebam7Uw6rcnb02epMaVMwlyzapxwvj7enbQ53fFlpSl7I7SpqRZ7RkZu4viOenajvmqo47-bSnVg-zsRnr55gS4_2_cMwjFsUjxUJ-JZ0XcFIjFx8Jyd8BgQaufaziRwOz21vsmcfZVU9hzuXn89Ou2b_51rnQBeeSVS9k8jWQxuzkp5R4yfuQyWyayFb7", "-var=project_id=gcp-prj-inf-automation-prd-01", "-var-file=../input-file/project.tfvars", "-var-file=../input-file/budget.tfvars", "-var-file=../input-file/api.tfvars", "-var-file=../input-file/dataset.tfvars", "-out=../plan-file/billing-tf-plan.json"}
2024-03-30T16:10:49.754Z [INFO]  CLI command args: []string{"plan", "-var=access_token=ya29.c.c0AY_VpZj7bteTbnLQajcL_UaiFRGE5li2H1aPaMLfDVRx26u9WyFHBa9CD45C4sskxouPAFaymzvOEz6fkqnxdg7FBN2PlPWrePFpfCisr4Ns9wV2s8C6N3ad5HZW0dwKyRANhFgnh12pwkSTadNHZ_0pTHUqP5sxdJ2Uz0PT2yc-l1auCGyMmo5ks4_Cc9zS8wcajnCafnB1MnSQDj2A8V6abQ-4IXrWT2w-laGJHspEbv28nqS90PIsHgb6UqlRrALe86oC1XocrHhCtSvLiaNbfWZWS8KNC0fqxA6VXQfdwKTLiWzHtjCYtMHg6ND32eWP-bNglU3hmxG8b9KgYm28YiPlZvvYXgV79bBJwEv9d0l8wHrOhLZDbcTKm8u4BbZk9kn_IZUlEPphOAd42YGDlDSt1LS3uh4dPceLbHX5ROJVIy41K6nYx9GiNdg_A6MjymX42KW1dFxPoVfNedTSdepvvZAHS54dn88nn3CMxneUX1nC9cF-aer4kqrPFHn8ay2uSP8R_ORHlW3AvPH3tmhdeAtZuNa45VsfQDVEDXkwGLMI88ajUgw3gx_niV7J5ugZ2M3BqZCEuqNT2bsWomRmEbfhfP1JA58XSQm2IEaeNwHnc0Zc7lx-p_gGcynZ5ai_rE-4jSzmJWYfrTFW65wus04aMljoBPYiN689PUr5ukQczwQgxxwUge_jR2gd5URzcvl8thrSx4Y8VBzq0pVoZuhzRsiuVRtfjV28w0xiIMbeiQmJ68c73u-vxydW7OmWhc4niroUul30pfdIJkwQYutfjklcwqWoROjsU5orZ4bOOx0sxebam7Uw6rcnb02epMaVMwlyzapxwvj7enbQ53fFlpSl7I7SpqRZ7RkZu4viOenajvmqo47-bSnVg-zsRnr55gS4_2_cMwjFsUjxUJ-JZ0XcFIjFx8Jyd8BgQaufaziRwOz21vsmcfZVU9hzuXn89Ou2b_51rnQBeeSVS9k8jWQxuzkp5R4yfuQyWyayFb7", "-var=project_id=gcp-prj-inf-automation-prd-01", "-var-file=../input-file/project.tfvars", "-var-file=../input-file/budget.tfvars", "-var-file=../input-file/api.tfvars", "-var-file=../input-file/dataset.tfvars", "-out=../plan-file/billing-tf-plan.json"}
2024-03-30T16:10:50.493Z [INFO]  backend/local: starting Plan operation
2024-03-30T16:10:52.548Z [INFO]  provider: configuring client automatic mTLS
2024-03-30T16:10:52.622Z [INFO]  provider.terraform-provider-google_v5.22.0_x5: configuring server automatic mTLS: timestamp=2024-03-30T16:10:52.621Z
2024-03-30T16:10:52.938Z [INFO]  provider: configuring client automatic mTLS
2024-03-30T16:10:53.006Z [INFO]  provider.terraform-provider-google-beta_v5.22.0_x5: configuring server automatic mTLS: timestamp=2024-03-30T16:10:53.006Z
2024-03-30T16:10:53.322Z [INFO]  provider: configuring client automatic mTLS
2024-03-30T16:10:53.386Z [INFO]  provider.terraform-provider-google_v5.22.0_x5: configuring server automatic mTLS: timestamp=2024-03-30T16:10:53.385Z
2024-03-30T16:10:53.489Z [INFO]  backend/local: plan calling Plan
2024-03-30T16:10:53.501Z [INFO]  provider: configuring client automatic mTLS
2024-03-30T16:10:53.566Z [INFO]  provider.terraform-provider-google_v5.22.0_x5: configuring server automatic mTLS: timestamp=2024-03-30T16:10:53.566Z
2024-03-30T16:10:53.653Z [INFO]  provider.terraform-provider-google_v5.22.0_x5: Authenticating using configured Google JSON 'access_token'...: @module=google tf_req_id=3f99794b-8c95-f3fa-9fff-57927c18e9b8 tf_rpc=ConfigureProvider tf_provider_addr=registry.terraform.io/hashicorp/google @caller=github.com/hashicorp/terraform-provider-google/google/fwtransport/framework_config.go:1721 tf_mux_provider="*proto5server.Server" timestamp=2024-03-30T16:10:53.653Z
2024-03-30T16:10:53.653Z [INFO]  provider.terraform-provider-google_v5.22.0_x5:   -- Scopes: [https://www.googleapis.com/auth/cloud-platform https://www.googleapis.com/auth/userinfo.email]: tf_mux_provider="*proto5server.Server" tf_provider_addr=registry.terraform.io/hashicorp/google tf_rpc=ConfigureProvider @caller=github.com/hashicorp/terraform-provider-google/google/fwtransport/framework_config.go:1722 @module=google tf_req_id=3f99794b-8c95-f3fa-9fff-57927c18e9b8 timestamp=2024-03-30T16:10:53.653Z
2024-03-30T16:10:53.654Z [INFO]  provider.terraform-provider-google_v5.22.0_x5: Authenticating using configured Google JSON 'access_token'...: @module=google tf_provider_addr=registry.terraform.io/hashicorp/google @caller=github.com/hashicorp/terraform-provider-google/google/fwtransport/framework_config.go:1721 tf_mux_provider="*proto5server.Server" tf_req_id=3f99794b-8c95-f3fa-9fff-57927c18e9b8 tf_rpc=ConfigureProvider timestamp=2024-03-30T16:10:53.653Z
2024-03-30T16:10:53.654Z [INFO]  provider.terraform-provider-google_v5.22.0_x5:   -- Scopes: [https://www.googleapis.com/auth/cloud-platform https://www.googleapis.com/auth/userinfo.email]: @module=google tf_provider_addr=registry.terraform.io/hashicorp/google tf_req_id=3f99794b-8c95-f3fa-9fff-57927c18e9b8 tf_rpc=ConfigureProvider @caller=github.com/hashicorp/terraform-provider-google/google/fwtransport/framework_config.go:1722 tf_mux_provider="*proto5server.Server" timestamp=2024-03-30T16:10:53.653Z
2024-03-30T16:10:53.707Z [INFO]  provider.terraform-provider-google_v5.22.0_x5: Terraform is using this identity: svc-cloudautomation@gcp-prj-inf-automation-prd-01.iam.gserviceaccount.com: @caller=github.com/hashicorp/terraform-provider-google/google/fwtransport/framework_config.go:1641 tf_mux_provider="*proto5server.Server" tf_provider_addr=registry.terraform.io/hashicorp/google tf_req_id=3f99794b-8c95-f3fa-9fff-57927c18e9b8 tf_rpc=ConfigureProvider @module=google timestamp=2024-03-30T16:10:53.706Z
2024-03-30T16:10:53.753Z [WARN]  Provider "registry.terraform.io/hashicorp/google" produced an invalid plan for module.dataset["gcp_yyz_prd_inf_bgqr_01"].google_bigquery_dataset.dataset, but we are tolerating it because it is using the legacy plugin SDK.
    The following problems may be the cause of any confusing errors from downstream operations:
      - .delete_contents_on_destroy: planned value cty.False for a non-computed attribute
      - .access: attribute representing nested block must not be unknown itself; set nested attribute values to unknown instead
2024-03-30T16:10:58.831Z [WARN]  Provider "registry.terraform.io/hashicorp/google" produced an invalid plan for module.project["gcp-prj-inf-billing-prd-01"].google_project.project, but we are tolerating it because it is using the legacy plugin SDK.
    The following problems may be the cause of any confusing errors from downstream operations:
      - .org_id: planned value cty.StringVal("") for a non-computed attribute
2024-03-30T16:10:59.151Z [WARN]  Provider "registry.terraform.io/hashicorp/google" produced an invalid plan for module.billing_budget["gcp-prj-inf-billing-prd-01-budget-01"].google_monitoring_notification_channel.budget_notify, but we are tolerating it because it is using the legacy plugin SDK.
    The following problems may be the cause of any confusing errors from downstream operations:
      - .enabled: planned value cty.True for a non-computed attribute
      - .force_delete: planned value cty.False for a non-computed attribute
      - .user_labels: planned value cty.MapValEmpty(cty.String) for a non-computed attribute
      - .description: planned value cty.StringVal("") for a non-computed attribute
2024-03-30T16:11:00.239Z [WARN]  Provider "registry.terraform.io/hashicorp/google" produced an unexpected new value for module.billing_budget["gcp-prj-inf-billing-prd-01-budget-01"].google_billing_budget.budget during refresh.
      - .budget_filter[0].projects: planned set element cty.StringVal("projects/gcp-prj-inf-billing-prd-01") does not correlate with any element in actual
      - .budget_filter[0].resource_ancestors: was null, but now cty.SetValEmpty(cty.String)
2024-03-30T16:11:00.247Z [WARN]  Provider "registry.terraform.io/hashicorp/google" produced an invalid plan for module.billing_budget["gcp-prj-inf-billing-prd-01-budget-01"].google_billing_budget.budget, but we are tolerating it because it is using the legacy plugin SDK.
    The following problems may be the cause of any confusing errors from downstream operations:
      - .all_updates_rule[0].schema_version: planned value cty.StringVal("1.0") for a non-computed attribute
      - .all_updates_rule[0].pubsub_topic: planned value cty.StringVal("") for a non-computed attribute
      - .amount[0].last_period_amount: planned value cty.False for a non-computed attribute
      - .amount[0].specified_amount[0].nanos: planned value cty.NumberIntVal(0) for a non-computed attribute
      - .budget_filter[0].resource_ancestors: planned value cty.SetValEmpty(cty.String) for a non-computed attribute
      - .budget_filter[0].calendar_period: planned value cty.StringVal("MONTH") for a non-computed attribute
      - .threshold_rules[0].spend_basis: planned value cty.StringVal("CURRENT_SPEND") for a non-computed attribute
      - .threshold_rules[1].spend_basis: planned value cty.StringVal("CURRENT_SPEND") for a non-computed attribute
      - .threshold_rules[2].spend_basis: planned value cty.StringVal("CURRENT_SPEND") for a non-computed attribute
      - .threshold_rules[3].spend_basis: planned value cty.StringVal("CURRENT_SPEND") for a non-computed attribute
2024-03-30T16:11:03.671Z [INFO]  backend/local: plan operation completed
2024-03-30T16:11:03.671Z [INFO]  backend/local: writing plan output to: ../plan-file/billing-tf-plan.json
2024-03-30T16:11:30.617Z [INFO]  Terraform version: 1.7.5
2024-03-30T16:11:30.617Z [INFO]  Go runtime version: go1.21.8
2024-03-30T16:11:30.617Z [INFO]  CLI args: []string{"terraform", "apply", "../plan-file/billing-tf-plan.json"}
2024-03-30T16:11:30.619Z [INFO]  CLI command args: []string{"apply", "../plan-file/billing-tf-plan.json"}
2024-03-30T16:11:31.341Z [INFO]  backend/local: starting Apply operation
2024-03-30T16:11:32.643Z [INFO]  provider: configuring client automatic mTLS
2024-03-30T16:11:32.713Z [INFO]  provider.terraform-provider-google_v5.22.0_x5: configuring server automatic mTLS: timestamp=2024-03-30T16:11:32.713Z
2024-03-30T16:11:32.986Z [INFO]  provider: configuring client automatic mTLS
2024-03-30T16:11:33.052Z [INFO]  provider.terraform-provider-google-beta_v5.22.0_x5: configuring server automatic mTLS: timestamp=2024-03-30T16:11:33.052Z
2024-03-30T16:11:33.342Z [INFO]  backend/local: apply calling Apply
2024-03-30T16:11:33.361Z [INFO]  provider: configuring client automatic mTLS
2024-03-30T16:11:33.423Z [INFO]  provider.terraform-provider-google_v5.22.0_x5: configuring server automatic mTLS: timestamp=2024-03-30T16:11:33.422Z
2024-03-30T16:11:33.509Z [INFO]  provider.terraform-provider-google_v5.22.0_x5: Authenticating using configured Google JSON 'access_token'...: @module=google tf_provider_addr=registry.terraform.io/hashicorp/google tf_req_id=07008992-6965-298d-b5e2-89f6b3f68af2 tf_rpc=ConfigureProvider @caller=github.com/hashicorp/terraform-provider-google/google/fwtransport/framework_config.go:1721 tf_mux_provider="*proto5server.Server" timestamp=2024-03-30T16:11:33.509Z
2024-03-30T16:11:33.509Z [INFO]  provider.terraform-provider-google_v5.22.0_x5:   -- Scopes: [https://www.googleapis.com/auth/cloud-platform https://www.googleapis.com/auth/userinfo.email]: tf_mux_provider="*proto5server.Server" tf_provider_addr=registry.terraform.io/hashicorp/google @caller=github.com/hashicorp/terraform-provider-google/google/fwtransport/framework_config.go:1722 @module=google tf_req_id=07008992-6965-298d-b5e2-89f6b3f68af2 tf_rpc=ConfigureProvider timestamp=2024-03-30T16:11:33.509Z
2024-03-30T16:11:33.509Z [INFO]  provider.terraform-provider-google_v5.22.0_x5: Authenticating using configured Google JSON 'access_token'...: tf_req_id=07008992-6965-298d-b5e2-89f6b3f68af2 tf_rpc=ConfigureProvider @module=google tf_mux_provider="*proto5server.Server" tf_provider_addr=registry.terraform.io/hashicorp/google @caller=github.com/hashicorp/terraform-provider-google/google/fwtransport/framework_config.go:1721 timestamp=2024-03-30T16:11:33.509Z
2024-03-30T16:11:33.509Z [INFO]  provider.terraform-provider-google_v5.22.0_x5:   -- Scopes: [https://www.googleapis.com/auth/cloud-platform https://www.googleapis.com/auth/userinfo.email]: @caller=github.com/hashicorp/terraform-provider-google/google/fwtransport/framework_config.go:1722 tf_mux_provider="*proto5server.Server" tf_provider_addr=registry.terraform.io/hashicorp/google tf_req_id=07008992-6965-298d-b5e2-89f6b3f68af2 tf_rpc=ConfigureProvider @module=google timestamp=2024-03-30T16:11:33.509Z
2024-03-30T16:11:33.561Z [INFO]  provider.terraform-provider-google_v5.22.0_x5: Terraform is using this identity: svc-cloudautomation@gcp-prj-inf-automation-prd-01.iam.gserviceaccount.com: @caller=github.com/hashicorp/terraform-provider-google/google/fwtransport/framework_config.go:1641 @module=google tf_mux_provider="*proto5server.Server" tf_provider_addr=registry.terraform.io/hashicorp/google tf_req_id=07008992-6965-298d-b5e2-89f6b3f68af2 tf_rpc=ConfigureProvider timestamp=2024-03-30T16:11:33.561Z
2024-03-30T16:11:33.601Z [WARN]  Provider "registry.terraform.io/hashicorp/google" produced an invalid plan for module.dataset["gcp_yyz_prd_inf_bgqr_01"].google_bigquery_dataset.dataset, but we are tolerating it because it is using the legacy plugin SDK.
    The following problems may be the cause of any confusing errors from downstream operations:
      - .delete_contents_on_destroy: planned value cty.False for a non-computed attribute
      - .access: attribute representing nested block must not be unknown itself; set nested attribute values to unknown instead
2024-03-30T16:11:33.602Z [INFO]  Starting apply for module.dataset["gcp_yyz_prd_inf_bgqr_01"].google_bigquery_dataset.dataset
2024-03-30T16:11:33.606Z [WARN]  Provider "registry.terraform.io/hashicorp/google" produced an invalid plan for module.billing_budget["gcp-prj-inf-billing-prd-01-budget-01"].google_billing_budget.budget, but we are tolerating it because it is using the legacy plugin SDK.
    The following problems may be the cause of any confusing errors from downstream operations:
      - .all_updates_rule[0].pubsub_topic: planned value cty.StringVal("") for a non-computed attribute
      - .all_updates_rule[0].schema_version: planned value cty.StringVal("1.0") for a non-computed attribute
      - .amount[0].last_period_amount: planned value cty.False for a non-computed attribute
      - .amount[0].specified_amount[0].nanos: planned value cty.NumberIntVal(0) for a non-computed attribute
      - .budget_filter[0].resource_ancestors: planned value cty.SetValEmpty(cty.String) for a non-computed attribute
      - .budget_filter[0].calendar_period: planned value cty.StringVal("MONTH") for a non-computed attribute
      - .threshold_rules[0].spend_basis: planned value cty.StringVal("CURRENT_SPEND") for a non-computed attribute
      - .threshold_rules[1].spend_basis: planned value cty.StringVal("CURRENT_SPEND") for a non-computed attribute
      - .threshold_rules[2].spend_basis: planned value cty.StringVal("CURRENT_SPEND") for a non-computed attribute
      - .threshold_rules[3].spend_basis: planned value cty.StringVal("CURRENT_SPEND") for a non-computed attribute
2024-03-30T16:11:33.606Z [INFO]  Starting apply for module.billing_budget["gcp-prj-inf-billing-prd-01-budget-01"].google_billing_budget.budget
2024-03-30T16:11:35.230Z [WARN]  Provider "provider[\"registry.terraform.io/hashicorp/google\"]" produced an unexpected new value for module.dataset["gcp_yyz_prd_inf_bgqr_01"].google_bigquery_dataset.dataset, but we are tolerating it because it is using the legacy plugin SDK.
    The following problems may be the cause of any confusing errors from downstream operations:
      - .default_table_expiration_ms: was null, but now cty.NumberIntVal(0)
      - .default_partition_expiration_ms: was null, but now cty.NumberIntVal(0)
2024-03-30T16:11:36.831Z [INFO]  Terraform version: 1.7.5
2024-03-30T16:11:36.831Z [INFO]  Go runtime version: go1.21.8
2024-03-30T16:11:36.831Z [INFO]  CLI args: []string{"terraform", "output", "-json"}
2024-03-30T16:11:36.832Z [INFO]  CLI command args: []string{"output", "-json"}
